2024-11-24 22:13:45 - FewShotSeg - INFO - Epoch: 0
2024-11-24 22:13:45 - FewShotSeg - INFO - Epoch: 0
2024-11-24 22:13:45 - FewShotSeg - INFO - Loss: 0.0934312716126442
2024-11-24 22:13:45 - FewShotSeg - INFO - Mean_iou: 0.582627368620927
2024-11-24 22:13:45 - FewShotSeg - INFO - Mean accuracy: 0.8990528228857385
2024-11-24 22:13:54 - FewShotSeg - INFO - Validation Loss: 0.043089708779007196
2024-11-24 22:13:54 - FewShotSeg - INFO - Validation Mean IoU: 0.5383157874091129
2024-11-24 22:13:54 - FewShotSeg - INFO - Validation Mean Accuracy: 0.8489936239259698
2024-11-24 22:13:54 - FewShotSeg - INFO - Model saved!
2024-11-24 22:13:54 - FewShotSeg - INFO - Epoch: 1
2024-11-24 22:13:55 - FewShotSeg - INFO - Epoch: 1
2024-11-24 22:13:55 - FewShotSeg - INFO - Loss: 0.037570659071207047
2024-11-24 22:13:55 - FewShotSeg - INFO - Mean_iou: 0.7152054823545161
2024-11-24 22:13:55 - FewShotSeg - INFO - Mean accuracy: 0.7597380244709608
2024-11-24 22:14:03 - FewShotSeg - INFO - Validation Loss: 0.02429480222053826
2024-11-24 22:14:03 - FewShotSeg - INFO - Validation Mean IoU: 0.6950743793957144
2024-11-24 22:14:03 - FewShotSeg - INFO - Validation Mean Accuracy: 0.9025812132407746
2024-11-24 22:14:03 - FewShotSeg - INFO - Model saved!
2024-11-24 22:14:03 - FewShotSeg - INFO - Epoch: 2
2024-11-24 22:14:04 - FewShotSeg - INFO - Epoch: 2
2024-11-24 22:14:04 - FewShotSeg - INFO - Loss: 0.02557949721813202
2024-11-24 22:14:04 - FewShotSeg - INFO - Mean_iou: 0.5962651641497224
2024-11-24 22:14:04 - FewShotSeg - INFO - Mean accuracy: 0.8440918235181226
2024-11-24 22:14:12 - FewShotSeg - INFO - Validation Loss: 0.01669436413794756
2024-11-24 22:14:12 - FewShotSeg - INFO - Validation Mean IoU: 0.7833720822693766
2024-11-24 22:14:12 - FewShotSeg - INFO - Validation Mean Accuracy: 0.9052100542439079
2024-11-24 22:14:12 - FewShotSeg - INFO - Model saved!
2024-11-24 22:14:12 - FewShotSeg - INFO - Epoch: 3
2024-11-24 22:14:13 - FewShotSeg - INFO - Epoch: 3
2024-11-24 22:14:13 - FewShotSeg - INFO - Loss: 0.017038751393556595
2024-11-24 22:14:13 - FewShotSeg - INFO - Mean_iou: 0.8872975652115624
2024-11-24 22:14:13 - FewShotSeg - INFO - Mean accuracy: 0.9048041782158107
2024-11-24 22:14:22 - FewShotSeg - INFO - Validation Loss: 0.012650294112972915
2024-11-24 22:14:22 - FewShotSeg - INFO - Validation Mean IoU: 0.7553503880323402
2024-11-24 22:14:22 - FewShotSeg - INFO - Validation Mean Accuracy: 0.9038535594457676
2024-11-24 22:14:22 - FewShotSeg - INFO - Epoch: 4
2024-11-24 22:14:22 - FewShotSeg - INFO - Epoch: 4
2024-11-24 22:14:22 - FewShotSeg - INFO - Loss: 0.012925337068736553
2024-11-24 22:14:22 - FewShotSeg - INFO - Mean_iou: 0.8081912290480724
2024-11-24 22:14:22 - FewShotSeg - INFO - Mean accuracy: 0.8789405550450805
2024-11-24 22:14:31 - FewShotSeg - INFO - Validation Loss: 0.010114515316672623
2024-11-24 22:14:31 - FewShotSeg - INFO - Validation Mean IoU: 0.7000053024423177
2024-11-24 22:14:31 - FewShotSeg - INFO - Validation Mean Accuracy: 0.9102634899773816
2024-11-24 22:14:31 - FewShotSeg - INFO - Epoch: 5
2024-11-24 22:14:31 - FewShotSeg - INFO - Epoch: 5
2024-11-24 22:14:31 - FewShotSeg - INFO - Loss: 0.01005756575614214
2024-11-24 22:14:31 - FewShotSeg - INFO - Mean_iou: 0.9028541024867184
2024-11-24 22:14:31 - FewShotSeg - INFO - Mean accuracy: 0.9373627569998839
2024-11-24 22:14:40 - FewShotSeg - INFO - Validation Loss: 0.008643432753160596
2024-11-24 22:14:40 - FewShotSeg - INFO - Validation Mean IoU: 0.7793746198540129
2024-11-24 22:14:40 - FewShotSeg - INFO - Validation Mean Accuracy: 0.9417218364098345
2024-11-24 22:14:40 - FewShotSeg - INFO - Epoch: 6
2024-11-24 22:14:40 - FewShotSeg - INFO - Epoch: 6
2024-11-24 22:14:40 - FewShotSeg - INFO - Loss: 0.00781935639679432
2024-11-24 22:14:40 - FewShotSeg - INFO - Mean_iou: 0.8516607867975013
2024-11-24 22:14:40 - FewShotSeg - INFO - Mean accuracy: 0.9796465706893128
2024-11-24 22:14:49 - FewShotSeg - INFO - Validation Loss: 0.007689151680096984
2024-11-24 22:14:49 - FewShotSeg - INFO - Validation Mean IoU: 0.8049412077252514
2024-11-24 22:14:49 - FewShotSeg - INFO - Validation Mean Accuracy: 0.9237469724831717
2024-11-24 22:14:49 - FewShotSeg - INFO - Model saved!
2024-11-24 22:14:49 - FewShotSeg - INFO - Epoch: 7
2024-11-24 22:14:49 - FewShotSeg - INFO - Epoch: 7
2024-11-24 22:14:49 - FewShotSeg - INFO - Loss: 0.005015943665057421
2024-11-24 22:14:49 - FewShotSeg - INFO - Mean_iou: 0.8783519117316999
2024-11-24 22:14:49 - FewShotSeg - INFO - Mean accuracy: 0.982687891933861
2024-11-24 22:14:58 - FewShotSeg - INFO - Validation Loss: 0.006655653414782137
2024-11-24 22:14:58 - FewShotSeg - INFO - Validation Mean IoU: 0.7787925889866065
2024-11-24 22:14:58 - FewShotSeg - INFO - Validation Mean Accuracy: 0.9381007914346515
2024-11-24 22:14:58 - FewShotSeg - INFO - Epoch: 8
2024-11-24 22:14:58 - FewShotSeg - INFO - Epoch: 8
2024-11-24 22:14:58 - FewShotSeg - INFO - Loss: 0.006102970335632563
2024-11-24 22:14:58 - FewShotSeg - INFO - Mean_iou: 0.9089127301522346
2024-11-24 22:14:58 - FewShotSeg - INFO - Mean accuracy: 0.9711889061606058
2024-11-24 22:15:07 - FewShotSeg - INFO - Validation Loss: 0.006445067410822958
2024-11-24 22:15:07 - FewShotSeg - INFO - Validation Mean IoU: 0.8522274035111019
2024-11-24 22:15:07 - FewShotSeg - INFO - Validation Mean Accuracy: 0.9412329969752028
2024-11-24 22:15:07 - FewShotSeg - INFO - Model saved!
2024-11-24 22:15:07 - FewShotSeg - INFO - Epoch: 9
2024-11-24 22:15:07 - FewShotSeg - INFO - Epoch: 9
2024-11-24 22:15:07 - FewShotSeg - INFO - Loss: 0.00577743211761117
2024-11-24 22:15:07 - FewShotSeg - INFO - Mean_iou: 0.9210578581967989
2024-11-24 22:15:07 - FewShotSeg - INFO - Mean accuracy: 0.9541395134713974
2024-11-24 22:15:16 - FewShotSeg - INFO - Validation Loss: 0.0057921744883060455
2024-11-24 22:15:16 - FewShotSeg - INFO - Validation Mean IoU: 0.7771948564500213
2024-11-24 22:15:16 - FewShotSeg - INFO - Validation Mean Accuracy: 0.918572514652634
2024-11-24 22:15:16 - FewShotSeg - INFO - Epoch: 10
2024-11-24 22:15:17 - FewShotSeg - INFO - Epoch: 10
2024-11-24 22:15:17 - FewShotSeg - INFO - Loss: 0.004659892525523901
2024-11-24 22:15:17 - FewShotSeg - INFO - Mean_iou: 0.9304497946189373
2024-11-24 22:15:17 - FewShotSeg - INFO - Mean accuracy: 0.9747891903502768
2024-11-24 22:15:26 - FewShotSeg - INFO - Validation Loss: 0.005503737134858966
2024-11-24 22:15:26 - FewShotSeg - INFO - Validation Mean IoU: 0.8206332663751055
2024-11-24 22:15:26 - FewShotSeg - INFO - Validation Mean Accuracy: 0.939115369090918
2024-11-24 22:15:26 - FewShotSeg - INFO - Epoch: 11
2024-11-24 22:15:26 - FewShotSeg - INFO - Epoch: 11
2024-11-24 22:15:26 - FewShotSeg - INFO - Loss: 0.004257443826645613
2024-11-24 22:15:26 - FewShotSeg - INFO - Mean_iou: 0.9046052981771768
2024-11-24 22:15:26 - FewShotSeg - INFO - Mean accuracy: 0.9581460406123455
2024-11-24 22:15:35 - FewShotSeg - INFO - Validation Loss: 0.005103762203361839
2024-11-24 22:15:35 - FewShotSeg - INFO - Validation Mean IoU: 0.8239370516819355
2024-11-24 22:15:35 - FewShotSeg - INFO - Validation Mean Accuracy: 0.938112087283513
2024-11-24 22:15:35 - FewShotSeg - INFO - Epoch: 12
2024-11-24 22:15:35 - FewShotSeg - INFO - Epoch: 12
2024-11-24 22:15:35 - FewShotSeg - INFO - Loss: 0.0026289799716323614
2024-11-24 22:15:35 - FewShotSeg - INFO - Mean_iou: 0.9256263025954627
2024-11-24 22:15:35 - FewShotSeg - INFO - Mean accuracy: 0.9619869263942932
2024-11-24 22:15:44 - FewShotSeg - INFO - Validation Loss: 0.00460231036413461
2024-11-24 22:15:44 - FewShotSeg - INFO - Validation Mean IoU: 0.8214626604673856
2024-11-24 22:15:44 - FewShotSeg - INFO - Validation Mean Accuracy: 0.924565310798674
2024-11-24 22:15:44 - FewShotSeg - INFO - Epoch: 13
2024-11-24 22:15:44 - FewShotSeg - INFO - Epoch: 13
2024-11-24 22:15:44 - FewShotSeg - INFO - Loss: 0.0035884070675820112
2024-11-24 22:15:44 - FewShotSeg - INFO - Mean_iou: 0.9289847285556333
2024-11-24 22:15:44 - FewShotSeg - INFO - Mean accuracy: 0.9628860689963558
2024-11-24 22:15:53 - FewShotSeg - INFO - Validation Loss: 0.004479526687646285
2024-11-24 22:15:53 - FewShotSeg - INFO - Validation Mean IoU: 0.8719304814855764
2024-11-24 22:15:53 - FewShotSeg - INFO - Validation Mean Accuracy: 0.9434411574426317
2024-11-24 22:15:53 - FewShotSeg - INFO - Model saved!
2024-11-24 22:15:53 - FewShotSeg - INFO - Epoch: 14
2024-11-24 22:15:54 - FewShotSeg - INFO - Epoch: 14
2024-11-24 22:15:54 - FewShotSeg - INFO - Loss: 0.0038696504198014736
2024-11-24 22:15:54 - FewShotSeg - INFO - Mean_iou: 0.9169062596139731
2024-11-24 22:15:54 - FewShotSeg - INFO - Mean accuracy: 0.9619710495656233
2024-11-24 22:16:03 - FewShotSeg - INFO - Validation Loss: 0.004192198335658759
2024-11-24 22:16:03 - FewShotSeg - INFO - Validation Mean IoU: 0.8680101193629675
2024-11-24 22:16:03 - FewShotSeg - INFO - Validation Mean Accuracy: 0.9390570019730697
2024-11-24 22:16:03 - FewShotSeg - INFO - Epoch: 15
2024-11-24 22:16:03 - FewShotSeg - INFO - Epoch: 15
2024-11-24 22:16:03 - FewShotSeg - INFO - Loss: 0.004060241859406233
2024-11-24 22:16:03 - FewShotSeg - INFO - Mean_iou: 0.8949366210370723
2024-11-24 22:16:03 - FewShotSeg - INFO - Mean accuracy: 0.9117093467079332
2024-11-24 22:16:12 - FewShotSeg - INFO - Validation Loss: 0.004092165385372937
2024-11-24 22:16:12 - FewShotSeg - INFO - Validation Mean IoU: 0.7923382191566058
2024-11-24 22:16:12 - FewShotSeg - INFO - Validation Mean Accuracy: 0.9458043490361376
2024-11-24 22:16:12 - FewShotSeg - INFO - Epoch: 16
2024-11-24 22:16:12 - FewShotSeg - INFO - Epoch: 16
2024-11-24 22:16:12 - FewShotSeg - INFO - Loss: 0.0026536802761256695
2024-11-24 22:16:12 - FewShotSeg - INFO - Mean_iou: 0.9520137493731297
2024-11-24 22:16:12 - FewShotSeg - INFO - Mean accuracy: 0.994999653708087
2024-11-24 22:16:21 - FewShotSeg - INFO - Validation Loss: 0.004169042105786502
2024-11-24 22:16:21 - FewShotSeg - INFO - Validation Mean IoU: 0.800027172251254
2024-11-24 22:16:21 - FewShotSeg - INFO - Validation Mean Accuracy: 0.9440624968033406
2024-11-24 22:16:21 - FewShotSeg - INFO - Epoch: 17
2024-11-24 22:16:22 - FewShotSeg - INFO - Epoch: 17
2024-11-24 22:16:22 - FewShotSeg - INFO - Loss: 0.0037782753352075815
2024-11-24 22:16:22 - FewShotSeg - INFO - Mean_iou: 0.914922037921384
2024-11-24 22:16:22 - FewShotSeg - INFO - Mean accuracy: 0.9764578073487412
2024-11-24 22:17:08 - FewShotSeg - INFO - Epoch: 0
2024-11-24 22:17:08 - FewShotSeg - INFO - Epoch: 0
2024-11-24 22:17:08 - FewShotSeg - INFO - Loss: 0.0027527695056051016
2024-11-24 22:17:08 - FewShotSeg - INFO - Mean_iou: 0.9384517511960176
2024-11-24 22:17:08 - FewShotSeg - INFO - Mean accuracy: 0.9842771843897548
2024-11-24 22:17:17 - FewShotSeg - INFO - Validation Loss: 0.003331974075990729
2024-11-24 22:17:17 - FewShotSeg - INFO - Validation Mean IoU: 0.835458375306545
2024-11-24 22:17:17 - FewShotSeg - INFO - Validation Mean Accuracy: 0.9562263373281027
2024-11-24 22:17:17 - FewShotSeg - INFO - Model saved!
2024-11-24 22:17:17 - FewShotSeg - INFO - Epoch: 1
2024-11-24 22:17:18 - FewShotSeg - INFO - Epoch: 1
2024-11-24 22:17:18 - FewShotSeg - INFO - Loss: 0.0016756432596594095
2024-11-24 22:17:18 - FewShotSeg - INFO - Mean_iou: 0.9522156879373366
2024-11-24 22:17:18 - FewShotSeg - INFO - Mean accuracy: 0.9811944718049518
2024-11-24 22:17:26 - FewShotSeg - INFO - Validation Loss: 0.004179917406872846
2024-11-24 22:17:26 - FewShotSeg - INFO - Validation Mean IoU: 0.7743321835878837
2024-11-24 22:17:26 - FewShotSeg - INFO - Validation Mean Accuracy: 0.9352690879463259
2024-11-24 22:17:26 - FewShotSeg - INFO - Epoch: 2
2024-11-24 22:17:27 - FewShotSeg - INFO - Epoch: 2
2024-11-24 22:17:27 - FewShotSeg - INFO - Loss: 0.0022049935068935156
2024-11-24 22:17:27 - FewShotSeg - INFO - Mean_iou: 0.9488420479724695
2024-11-24 22:17:27 - FewShotSeg - INFO - Mean accuracy: 0.9802599671106181
2024-11-24 22:17:36 - FewShotSeg - INFO - Validation Loss: 0.00293943690485321
2024-11-24 22:17:36 - FewShotSeg - INFO - Validation Mean IoU: 0.8747104498016366
2024-11-24 22:17:36 - FewShotSeg - INFO - Validation Mean Accuracy: 0.9461724388947835
2024-11-24 22:17:36 - FewShotSeg - INFO - Model saved!
2024-11-24 22:17:36 - FewShotSeg - INFO - Epoch: 3
2024-11-24 22:17:36 - FewShotSeg - INFO - Epoch: 3
2024-11-24 22:17:36 - FewShotSeg - INFO - Loss: 0.001517362310551107
2024-11-24 22:17:36 - FewShotSeg - INFO - Mean_iou: 0.9542749440432277
2024-11-24 22:17:36 - FewShotSeg - INFO - Mean accuracy: 0.9567024792018015
2024-11-24 22:17:45 - FewShotSeg - INFO - Validation Loss: 0.005781332962214947
2024-11-24 22:17:45 - FewShotSeg - INFO - Validation Mean IoU: 0.775554266659303
2024-11-24 22:17:45 - FewShotSeg - INFO - Validation Mean Accuracy: 0.8747820916940777
2024-11-24 22:17:45 - FewShotSeg - INFO - Epoch: 4
2024-11-24 22:17:46 - FewShotSeg - INFO - Epoch: 4
2024-11-24 22:17:46 - FewShotSeg - INFO - Loss: 0.003026578575372696
2024-11-24 22:17:46 - FewShotSeg - INFO - Mean_iou: 0.9155772741870819
2024-11-24 22:17:46 - FewShotSeg - INFO - Mean accuracy: 0.9265830964418956
2024-11-24 22:17:54 - FewShotSeg - INFO - Validation Loss: 0.0030949373031035066
2024-11-24 22:17:54 - FewShotSeg - INFO - Validation Mean IoU: 0.8396127423914069
2024-11-24 22:17:54 - FewShotSeg - INFO - Validation Mean Accuracy: 0.9463548484303838
2024-11-24 22:17:54 - FewShotSeg - INFO - Epoch: 5
2024-11-24 22:17:55 - FewShotSeg - INFO - Epoch: 5
2024-11-24 22:17:55 - FewShotSeg - INFO - Loss: 0.002916880650445819
2024-11-24 22:17:55 - FewShotSeg - INFO - Mean_iou: 0.9077384640107858
2024-11-24 22:17:55 - FewShotSeg - INFO - Mean accuracy: 0.9441671493831475
2024-11-24 22:18:04 - FewShotSeg - INFO - Validation Loss: 0.0025258911191485822
2024-11-24 22:18:04 - FewShotSeg - INFO - Validation Mean IoU: 0.9237731364480817
2024-11-24 22:18:04 - FewShotSeg - INFO - Validation Mean Accuracy: 0.9556265282085711
2024-11-24 22:18:04 - FewShotSeg - INFO - Model saved!
2024-11-24 22:18:04 - FewShotSeg - INFO - Epoch: 6
2024-11-24 22:18:04 - FewShotSeg - INFO - Epoch: 6
2024-11-24 22:18:04 - FewShotSeg - INFO - Loss: 0.0014208166394382715
2024-11-24 22:18:04 - FewShotSeg - INFO - Mean_iou: 0.9348869041409102
2024-11-24 22:18:04 - FewShotSeg - INFO - Mean accuracy: 0.9635890398504534
2024-11-24 22:18:13 - FewShotSeg - INFO - Validation Loss: 0.0024072528904071078
2024-11-24 22:18:13 - FewShotSeg - INFO - Validation Mean IoU: 0.8856803830567861
2024-11-24 22:18:13 - FewShotSeg - INFO - Validation Mean Accuracy: 0.9529180300502966
2024-11-24 22:18:13 - FewShotSeg - INFO - Epoch: 7
2024-11-24 22:18:13 - FewShotSeg - INFO - Epoch: 7
2024-11-24 22:18:13 - FewShotSeg - INFO - Loss: 0.001366139156743884
2024-11-24 22:18:13 - FewShotSeg - INFO - Mean_iou: 0.9702994641469295
2024-11-24 22:18:13 - FewShotSeg - INFO - Mean accuracy: 0.9925360740865674
2024-11-24 22:18:22 - FewShotSeg - INFO - Validation Loss: 0.0021982486214255914
2024-11-24 22:18:22 - FewShotSeg - INFO - Validation Mean IoU: 0.8926534742315068
2024-11-24 22:18:22 - FewShotSeg - INFO - Validation Mean Accuracy: 0.9628982657840085
2024-11-24 22:18:22 - FewShotSeg - INFO - Epoch: 8
2024-11-24 22:18:23 - FewShotSeg - INFO - Epoch: 8
2024-11-24 22:18:23 - FewShotSeg - INFO - Loss: 0.002231266815215349
2024-11-24 22:18:23 - FewShotSeg - INFO - Mean_iou: 0.9473578179484116
2024-11-24 22:18:23 - FewShotSeg - INFO - Mean accuracy: 0.98491739667206
2024-11-24 22:18:31 - FewShotSeg - INFO - Validation Loss: 0.0023982386337593198
2024-11-24 22:18:31 - FewShotSeg - INFO - Validation Mean IoU: 0.9217666166873617
2024-11-24 22:18:31 - FewShotSeg - INFO - Validation Mean Accuracy: 0.9414388747660489
2024-11-24 22:18:31 - FewShotSeg - INFO - Epoch: 9
2024-11-24 22:18:32 - FewShotSeg - INFO - Epoch: 9
2024-11-24 22:18:32 - FewShotSeg - INFO - Loss: 0.002459730952978134
2024-11-24 22:18:32 - FewShotSeg - INFO - Mean_iou: 0.9336594364457815
2024-11-24 22:18:32 - FewShotSeg - INFO - Mean accuracy: 0.9402734152574972
2024-11-24 22:18:41 - FewShotSeg - INFO - Validation Loss: 0.002375103664235212
2024-11-24 22:18:41 - FewShotSeg - INFO - Validation Mean IoU: 0.9230019548644486
2024-11-24 22:18:41 - FewShotSeg - INFO - Validation Mean Accuracy: 0.9428963125829103
2024-11-24 22:18:41 - FewShotSeg - INFO - Epoch: 10
2024-11-24 22:18:41 - FewShotSeg - INFO - Epoch: 10
2024-11-24 22:18:41 - FewShotSeg - INFO - Loss: 0.0008827279089018703
2024-11-24 22:18:41 - FewShotSeg - INFO - Mean_iou: 0.9388181291398583
2024-11-24 22:18:41 - FewShotSeg - INFO - Mean accuracy: 0.9776318383281937
2024-11-24 22:18:50 - FewShotSeg - INFO - Validation Loss: 0.0022345534525811672
2024-11-24 22:18:50 - FewShotSeg - INFO - Validation Mean IoU: 0.9310710899420789
2024-11-24 22:18:50 - FewShotSeg - INFO - Validation Mean Accuracy: 0.9629724792329358
2024-11-24 22:18:50 - FewShotSeg - INFO - Model saved!
2024-11-24 22:18:50 - FewShotSeg - INFO - Epoch: 11
2024-11-24 22:18:50 - FewShotSeg - INFO - Epoch: 11
2024-11-24 22:18:50 - FewShotSeg - INFO - Loss: 0.0019051686394959688
2024-11-24 22:18:50 - FewShotSeg - INFO - Mean_iou: 0.9574684101474551
2024-11-24 22:18:50 - FewShotSeg - INFO - Mean accuracy: 0.9858514072501219
2024-11-24 22:18:59 - FewShotSeg - INFO - Validation Loss: 0.002172271480958443
2024-11-24 22:18:59 - FewShotSeg - INFO - Validation Mean IoU: 0.9270706302261353
2024-11-24 22:18:59 - FewShotSeg - INFO - Validation Mean Accuracy: 0.9524202563683051
2024-11-24 22:18:59 - FewShotSeg - INFO - Epoch: 12
2024-11-24 22:19:00 - FewShotSeg - INFO - Epoch: 12
2024-11-24 22:19:00 - FewShotSeg - INFO - Loss: 0.002082121092826128
2024-11-24 22:19:00 - FewShotSeg - INFO - Mean_iou: 0.9424774855232152
2024-11-24 22:19:00 - FewShotSeg - INFO - Mean accuracy: 0.9656775558728317
2024-11-24 22:19:09 - FewShotSeg - INFO - Validation Loss: 0.0022656748988083564
2024-11-24 22:19:09 - FewShotSeg - INFO - Validation Mean IoU: 0.9275847330383572
2024-11-24 22:19:09 - FewShotSeg - INFO - Validation Mean Accuracy: 0.9493894456632912
2024-11-24 22:19:09 - FewShotSeg - INFO - Epoch: 13
2024-11-24 22:19:09 - FewShotSeg - INFO - Epoch: 13
2024-11-24 22:19:09 - FewShotSeg - INFO - Loss: 0.0011144868331030011
2024-11-24 22:19:09 - FewShotSeg - INFO - Mean_iou: 0.9670870841739726
2024-11-24 22:19:09 - FewShotSeg - INFO - Mean accuracy: 0.9843725534827149
2024-11-24 22:19:18 - FewShotSeg - INFO - Validation Loss: 0.002459718452882953
2024-11-24 22:19:18 - FewShotSeg - INFO - Validation Mean IoU: 0.9262641481584827
2024-11-24 22:19:18 - FewShotSeg - INFO - Validation Mean Accuracy: 0.949257906703763
2024-11-24 22:19:18 - FewShotSeg - INFO - Epoch: 14
2024-11-24 22:19:18 - FewShotSeg - INFO - Epoch: 14
2024-11-24 22:19:18 - FewShotSeg - INFO - Loss: 0.0008957039099186659
2024-11-24 22:19:18 - FewShotSeg - INFO - Mean_iou: 0.962427614136154
2024-11-24 22:19:18 - FewShotSeg - INFO - Mean accuracy: 0.981422923287818
2024-11-24 22:19:27 - FewShotSeg - INFO - Validation Loss: 0.0022782399610150605
2024-11-24 22:19:27 - FewShotSeg - INFO - Validation Mean IoU: 0.9286687178782825
2024-11-24 22:19:27 - FewShotSeg - INFO - Validation Mean Accuracy: 0.9490136083715623
2024-11-24 22:19:27 - FewShotSeg - INFO - Epoch: 15
2024-11-24 22:19:27 - FewShotSeg - INFO - Epoch: 15
2024-11-24 22:19:27 - FewShotSeg - INFO - Loss: 0.0014011117164045572
2024-11-24 22:19:27 - FewShotSeg - INFO - Mean_iou: 0.9566063869207099
2024-11-24 22:19:27 - FewShotSeg - INFO - Mean accuracy: 0.9715281466855955
2024-11-24 22:19:36 - FewShotSeg - INFO - Validation Loss: 0.0025197385402861983
2024-11-24 22:19:36 - FewShotSeg - INFO - Validation Mean IoU: 0.9242645498009564
2024-11-24 22:19:36 - FewShotSeg - INFO - Validation Mean Accuracy: 0.9429386135852118
2024-11-24 22:19:36 - FewShotSeg - INFO - Epoch: 16
2024-11-24 22:19:36 - FewShotSeg - INFO - Epoch: 16
2024-11-24 22:19:36 - FewShotSeg - INFO - Loss: 0.0010392706608399749
2024-11-24 22:19:36 - FewShotSeg - INFO - Mean_iou: 0.9443454009790823
2024-11-24 22:19:36 - FewShotSeg - INFO - Mean accuracy: 0.9548960690223968
2024-11-24 22:19:45 - FewShotSeg - INFO - Validation Loss: 0.0022751827928004786
2024-11-24 22:19:45 - FewShotSeg - INFO - Validation Mean IoU: 0.9303489990985098
2024-11-24 22:19:45 - FewShotSeg - INFO - Validation Mean Accuracy: 0.9565145839583068
2024-11-24 22:19:45 - FewShotSeg - INFO - Epoch: 17
2024-11-24 22:19:45 - FewShotSeg - INFO - Epoch: 17
2024-11-24 22:19:45 - FewShotSeg - INFO - Loss: 0.0005391580634750426
2024-11-24 22:19:45 - FewShotSeg - INFO - Mean_iou: 0.9613046584476758
2024-11-24 22:19:45 - FewShotSeg - INFO - Mean accuracy: 0.9905547909352119
2024-11-24 22:19:54 - FewShotSeg - INFO - Validation Loss: 0.002182841519243084
2024-11-24 22:19:54 - FewShotSeg - INFO - Validation Mean IoU: 0.9328617315627209
2024-11-24 22:19:54 - FewShotSeg - INFO - Validation Mean Accuracy: 0.9598316779098909
2024-11-24 22:19:55 - FewShotSeg - INFO - Model saved!
2024-11-24 22:19:55 - FewShotSeg - INFO - Epoch: 18
2024-11-24 22:19:55 - FewShotSeg - INFO - Epoch: 18
2024-11-24 22:19:55 - FewShotSeg - INFO - Loss: 0.0015254684258252382
2024-11-24 22:19:55 - FewShotSeg - INFO - Mean_iou: 0.9600781540182622
2024-11-24 22:19:55 - FewShotSeg - INFO - Mean accuracy: 0.9791239615191033
2024-11-24 22:20:04 - FewShotSeg - INFO - Validation Loss: 0.00215123183443211
2024-11-24 22:20:04 - FewShotSeg - INFO - Validation Mean IoU: 0.9344694313489061
2024-11-24 22:20:04 - FewShotSeg - INFO - Validation Mean Accuracy: 0.9612868100118654
2024-11-24 22:20:04 - FewShotSeg - INFO - Model saved!
2024-11-24 22:20:04 - FewShotSeg - INFO - Epoch: 19
2024-11-24 22:20:05 - FewShotSeg - INFO - Epoch: 19
2024-11-24 22:20:05 - FewShotSeg - INFO - Loss: 0.0008883769623935223
2024-11-24 22:20:05 - FewShotSeg - INFO - Mean_iou: 0.9594390735808404
2024-11-24 22:20:05 - FewShotSeg - INFO - Mean accuracy: 0.9880611252996311
2024-11-24 22:20:14 - FewShotSeg - INFO - Validation Loss: 0.00238645427452866
2024-11-24 22:20:14 - FewShotSeg - INFO - Validation Mean IoU: 0.9313188977214213
2024-11-24 22:20:14 - FewShotSeg - INFO - Validation Mean Accuracy: 0.9606968285857547
2024-11-24 22:20:14 - FewShotSeg - INFO - Epoch: 20
2024-11-24 22:20:14 - FewShotSeg - INFO - Epoch: 20
2024-11-24 22:20:14 - FewShotSeg - INFO - Loss: 0.0011070618638768792
2024-11-24 22:20:14 - FewShotSeg - INFO - Mean_iou: 0.9713567848299971
2024-11-24 22:20:14 - FewShotSeg - INFO - Mean accuracy: 0.9868060723810584
2024-11-24 22:20:23 - FewShotSeg - INFO - Validation Loss: 0.0024117842913256027
2024-11-24 22:20:23 - FewShotSeg - INFO - Validation Mean IoU: 0.9297375271329591
2024-11-24 22:20:23 - FewShotSeg - INFO - Validation Mean Accuracy: 0.9493400047581271
2024-11-24 22:20:23 - FewShotSeg - INFO - Epoch: 21
2024-11-24 22:20:23 - FewShotSeg - INFO - Epoch: 21
2024-11-24 22:20:23 - FewShotSeg - INFO - Loss: 0.0007025701925158501
2024-11-24 22:20:23 - FewShotSeg - INFO - Mean_iou: 0.9439248156237742
2024-11-24 22:20:23 - FewShotSeg - INFO - Mean accuracy: 0.9785647449544902
2024-11-24 22:20:32 - FewShotSeg - INFO - Validation Loss: 0.0023145416416809894
2024-11-24 22:20:32 - FewShotSeg - INFO - Validation Mean IoU: 0.9329061531342213
2024-11-24 22:20:32 - FewShotSeg - INFO - Validation Mean Accuracy: 0.9557268154686298
2024-11-24 22:20:32 - FewShotSeg - INFO - Epoch: 22
2024-11-24 22:20:32 - FewShotSeg - INFO - Epoch: 22
2024-11-24 22:20:32 - FewShotSeg - INFO - Loss: 0.0008732028654776514
2024-11-24 22:20:32 - FewShotSeg - INFO - Mean_iou: 0.959818290006995
2024-11-24 22:20:32 - FewShotSeg - INFO - Mean accuracy: 0.980844315214254
2024-11-24 22:20:41 - FewShotSeg - INFO - Validation Loss: 0.0026553886564215645
2024-11-24 22:20:41 - FewShotSeg - INFO - Validation Mean IoU: 0.9132517055796306
2024-11-24 22:20:41 - FewShotSeg - INFO - Validation Mean Accuracy: 0.9313884519305029
2024-11-24 22:20:41 - FewShotSeg - INFO - Epoch: 23
2024-11-24 22:20:41 - FewShotSeg - INFO - Epoch: 23
2024-11-24 22:20:41 - FewShotSeg - INFO - Loss: 0.000905472959857434
2024-11-24 22:20:41 - FewShotSeg - INFO - Mean_iou: 0.9339602003301155
2024-11-24 22:20:41 - FewShotSeg - INFO - Mean accuracy: 0.9517020737851931
2024-11-24 22:20:50 - FewShotSeg - INFO - Validation Loss: 0.0022548573615495116
2024-11-24 22:20:50 - FewShotSeg - INFO - Validation Mean IoU: 0.9311386466825906
2024-11-24 22:20:50 - FewShotSeg - INFO - Validation Mean Accuracy: 0.9577205793380212
2024-11-24 22:20:50 - FewShotSeg - INFO - Epoch: 24
2024-11-24 22:20:51 - FewShotSeg - INFO - Epoch: 24
2024-11-24 22:20:51 - FewShotSeg - INFO - Loss: 0.0014847370330244303
2024-11-24 22:20:51 - FewShotSeg - INFO - Mean_iou: 0.9598666711434091
2024-11-24 22:20:51 - FewShotSeg - INFO - Mean accuracy: 0.9873106030121356
2024-11-24 22:21:00 - FewShotSeg - INFO - Validation Loss: 0.002096843374602031
2024-11-24 22:21:00 - FewShotSeg - INFO - Validation Mean IoU: 0.9369658761783601
2024-11-24 22:21:00 - FewShotSeg - INFO - Validation Mean Accuracy: 0.9624406808684569
2024-11-24 22:21:00 - FewShotSeg - INFO - Model saved!
2024-11-24 22:21:00 - FewShotSeg - INFO - Epoch: 25
2024-11-24 22:21:00 - FewShotSeg - INFO - Epoch: 25
2024-11-24 22:21:00 - FewShotSeg - INFO - Loss: 0.0005218909936957061
2024-11-24 22:21:00 - FewShotSeg - INFO - Mean_iou: 0.9622189251766141
2024-11-24 22:21:00 - FewShotSeg - INFO - Mean accuracy: 0.9932650976010775
2024-11-24 22:21:09 - FewShotSeg - INFO - Validation Loss: 0.00215130829019472
2024-11-24 22:21:09 - FewShotSeg - INFO - Validation Mean IoU: 0.8969520232098103
2024-11-24 22:21:09 - FewShotSeg - INFO - Validation Mean Accuracy: 0.9703775734201546
2024-11-24 22:21:09 - FewShotSeg - INFO - Epoch: 26
2024-11-24 22:21:10 - FewShotSeg - INFO - Epoch: 26
2024-11-24 22:21:10 - FewShotSeg - INFO - Loss: 0.001085326774045825
2024-11-24 22:21:10 - FewShotSeg - INFO - Mean_iou: 0.9539653455305338
2024-11-24 22:21:10 - FewShotSeg - INFO - Mean accuracy: 0.9934867347475561
2024-11-24 22:21:18 - FewShotSeg - INFO - Validation Loss: 0.0022410245146602392
2024-11-24 22:21:18 - FewShotSeg - INFO - Validation Mean IoU: 0.9356232817415037
2024-11-24 22:21:18 - FewShotSeg - INFO - Validation Mean Accuracy: 0.9639601863493755
2024-11-24 22:21:18 - FewShotSeg - INFO - Epoch: 27
2024-11-24 22:21:19 - FewShotSeg - INFO - Epoch: 27
2024-11-24 22:21:19 - FewShotSeg - INFO - Loss: 0.0008644978515803814
2024-11-24 22:21:19 - FewShotSeg - INFO - Mean_iou: 0.9522833327866981
2024-11-24 22:21:19 - FewShotSeg - INFO - Mean accuracy: 0.9835160746738265
2024-11-24 22:21:28 - FewShotSeg - INFO - Validation Loss: 0.0021237274340819567
2024-11-24 22:21:28 - FewShotSeg - INFO - Validation Mean IoU: 0.9385192912003335
2024-11-24 22:21:28 - FewShotSeg - INFO - Validation Mean Accuracy: 0.9739312777070142
2024-11-24 22:21:28 - FewShotSeg - INFO - Model saved!
2024-11-24 22:21:28 - FewShotSeg - INFO - Epoch: 28
2024-11-24 22:21:28 - FewShotSeg - INFO - Epoch: 28
2024-11-24 22:21:28 - FewShotSeg - INFO - Loss: 0.001080862944945693
2024-11-24 22:21:28 - FewShotSeg - INFO - Mean_iou: 0.9729728778877564
2024-11-24 22:21:28 - FewShotSeg - INFO - Mean accuracy: 0.9910556462738558
2024-11-24 22:21:37 - FewShotSeg - INFO - Validation Loss: 0.0021162280172575265
2024-11-24 22:21:37 - FewShotSeg - INFO - Validation Mean IoU: 0.9373263630386148
2024-11-24 22:21:37 - FewShotSeg - INFO - Validation Mean Accuracy: 0.969320575481024
2024-11-24 22:21:37 - FewShotSeg - INFO - Epoch: 29
2024-11-24 22:21:37 - FewShotSeg - INFO - Epoch: 29
2024-11-24 22:21:37 - FewShotSeg - INFO - Loss: 0.0009168427204713225
2024-11-24 22:21:37 - FewShotSeg - INFO - Mean_iou: 0.966188385036098
2024-11-24 22:21:37 - FewShotSeg - INFO - Mean accuracy: 0.9866617783203823
2024-11-24 22:21:46 - FewShotSeg - INFO - Validation Loss: 0.0022248066816246137
2024-11-24 22:21:46 - FewShotSeg - INFO - Validation Mean IoU: 0.9348316105674946
2024-11-24 22:21:46 - FewShotSeg - INFO - Validation Mean Accuracy: 0.9582520862451868
2024-11-24 22:21:46 - FewShotSeg - INFO - Epoch: 30
2024-11-24 22:21:47 - FewShotSeg - INFO - Epoch: 30
2024-11-24 22:21:47 - FewShotSeg - INFO - Loss: 0.0009250078001059592
2024-11-24 22:21:47 - FewShotSeg - INFO - Mean_iou: 0.9631056954638796
2024-11-24 22:21:47 - FewShotSeg - INFO - Mean accuracy: 0.9797429659690072
2024-11-24 22:21:55 - FewShotSeg - INFO - Validation Loss: 0.0024976735148811713
2024-11-24 22:21:55 - FewShotSeg - INFO - Validation Mean IoU: 0.9315041784922995
2024-11-24 22:21:55 - FewShotSeg - INFO - Validation Mean Accuracy: 0.9459324308871294
2024-11-24 22:21:55 - FewShotSeg - INFO - Epoch: 31
2024-11-24 22:21:56 - FewShotSeg - INFO - Epoch: 31
2024-11-24 22:21:56 - FewShotSeg - INFO - Loss: 0.0016023402567952871
2024-11-24 22:21:56 - FewShotSeg - INFO - Mean_iou: 0.950805225349868
2024-11-24 22:21:56 - FewShotSeg - INFO - Mean accuracy: 0.9528773537427201
2024-11-24 22:22:05 - FewShotSeg - INFO - Validation Loss: 0.00235954973322805
2024-11-24 22:22:05 - FewShotSeg - INFO - Validation Mean IoU: 0.9359866757963221
2024-11-24 22:22:05 - FewShotSeg - INFO - Validation Mean Accuracy: 0.9551428849723632
2024-11-24 22:22:05 - FewShotSeg - INFO - Epoch: 32
2024-11-24 22:22:05 - FewShotSeg - INFO - Epoch: 32
2024-11-24 22:22:05 - FewShotSeg - INFO - Loss: 0.0007617902010679245
2024-11-24 22:22:05 - FewShotSeg - INFO - Mean_iou: 0.953137771451155
2024-11-24 22:22:05 - FewShotSeg - INFO - Mean accuracy: 0.9582538710330661
2024-11-24 22:22:14 - FewShotSeg - INFO - Validation Loss: 0.0022265611187322065
2024-11-24 22:22:14 - FewShotSeg - INFO - Validation Mean IoU: 0.9358498537936194
2024-11-24 22:22:14 - FewShotSeg - INFO - Validation Mean Accuracy: 0.959057562572144
2024-11-24 22:22:14 - FewShotSeg - INFO - Epoch: 33
2024-11-24 22:22:14 - FewShotSeg - INFO - Epoch: 33
2024-11-24 22:22:14 - FewShotSeg - INFO - Loss: 0.001286250539124012
2024-11-24 22:22:14 - FewShotSeg - INFO - Mean_iou: 0.968684801439661
2024-11-24 22:22:14 - FewShotSeg - INFO - Mean accuracy: 0.9846156732718226
2024-11-24 22:22:23 - FewShotSeg - INFO - Validation Loss: 0.002409449007245712
2024-11-24 22:22:23 - FewShotSeg - INFO - Validation Mean IoU: 0.9334495316246592
2024-11-24 22:22:23 - FewShotSeg - INFO - Validation Mean Accuracy: 0.9555612136785927
2024-11-24 22:22:23 - FewShotSeg - INFO - Epoch: 34
2024-11-24 22:22:23 - FewShotSeg - INFO - Epoch: 34
2024-11-24 22:22:23 - FewShotSeg - INFO - Loss: 0.001061049522832036
2024-11-24 22:22:23 - FewShotSeg - INFO - Mean_iou: 0.9801263076276059
2024-11-24 22:22:23 - FewShotSeg - INFO - Mean accuracy: 0.9839965589930866
