2024-11-24 22:17:08 - FewShotSeg - INFO - Epoch: 0
2024-11-24 22:17:08 - FewShotSeg - INFO - Epoch: 0
2024-11-24 22:17:08 - FewShotSeg - INFO - Loss: 0.0027527695056051016
2024-11-24 22:17:08 - FewShotSeg - INFO - Mean_iou: 0.9384517511960176
2024-11-24 22:17:08 - FewShotSeg - INFO - Mean accuracy: 0.9842771843897548
2024-11-24 22:17:17 - FewShotSeg - INFO - Validation Loss: 0.003331974075990729
2024-11-24 22:17:17 - FewShotSeg - INFO - Validation Mean IoU: 0.835458375306545
2024-11-24 22:17:17 - FewShotSeg - INFO - Validation Mean Accuracy: 0.9562263373281027
2024-11-24 22:17:17 - FewShotSeg - INFO - Model saved!
2024-11-24 22:17:17 - FewShotSeg - INFO - Epoch: 1
2024-11-24 22:17:18 - FewShotSeg - INFO - Epoch: 1
2024-11-24 22:17:18 - FewShotSeg - INFO - Loss: 0.0016756432596594095
2024-11-24 22:17:18 - FewShotSeg - INFO - Mean_iou: 0.9522156879373366
2024-11-24 22:17:18 - FewShotSeg - INFO - Mean accuracy: 0.9811944718049518
2024-11-24 22:17:26 - FewShotSeg - INFO - Validation Loss: 0.004179917406872846
2024-11-24 22:17:26 - FewShotSeg - INFO - Validation Mean IoU: 0.7743321835878837
2024-11-24 22:17:26 - FewShotSeg - INFO - Validation Mean Accuracy: 0.9352690879463259
2024-11-24 22:17:26 - FewShotSeg - INFO - Epoch: 2
2024-11-24 22:17:27 - FewShotSeg - INFO - Epoch: 2
2024-11-24 22:17:27 - FewShotSeg - INFO - Loss: 0.0022049935068935156
2024-11-24 22:17:27 - FewShotSeg - INFO - Mean_iou: 0.9488420479724695
2024-11-24 22:17:27 - FewShotSeg - INFO - Mean accuracy: 0.9802599671106181
2024-11-24 22:17:36 - FewShotSeg - INFO - Validation Loss: 0.00293943690485321
2024-11-24 22:17:36 - FewShotSeg - INFO - Validation Mean IoU: 0.8747104498016366
2024-11-24 22:17:36 - FewShotSeg - INFO - Validation Mean Accuracy: 0.9461724388947835
2024-11-24 22:17:36 - FewShotSeg - INFO - Model saved!
2024-11-24 22:17:36 - FewShotSeg - INFO - Epoch: 3
2024-11-24 22:17:36 - FewShotSeg - INFO - Epoch: 3
2024-11-24 22:17:36 - FewShotSeg - INFO - Loss: 0.001517362310551107
2024-11-24 22:17:36 - FewShotSeg - INFO - Mean_iou: 0.9542749440432277
2024-11-24 22:17:36 - FewShotSeg - INFO - Mean accuracy: 0.9567024792018015
2024-11-24 22:17:45 - FewShotSeg - INFO - Validation Loss: 0.005781332962214947
2024-11-24 22:17:45 - FewShotSeg - INFO - Validation Mean IoU: 0.775554266659303
2024-11-24 22:17:45 - FewShotSeg - INFO - Validation Mean Accuracy: 0.8747820916940777
2024-11-24 22:17:45 - FewShotSeg - INFO - Epoch: 4
2024-11-24 22:17:46 - FewShotSeg - INFO - Epoch: 4
2024-11-24 22:17:46 - FewShotSeg - INFO - Loss: 0.003026578575372696
2024-11-24 22:17:46 - FewShotSeg - INFO - Mean_iou: 0.9155772741870819
2024-11-24 22:17:46 - FewShotSeg - INFO - Mean accuracy: 0.9265830964418956
2024-11-24 22:17:54 - FewShotSeg - INFO - Validation Loss: 0.0030949373031035066
2024-11-24 22:17:54 - FewShotSeg - INFO - Validation Mean IoU: 0.8396127423914069
2024-11-24 22:17:54 - FewShotSeg - INFO - Validation Mean Accuracy: 0.9463548484303838
2024-11-24 22:17:54 - FewShotSeg - INFO - Epoch: 5
2024-11-24 22:17:55 - FewShotSeg - INFO - Epoch: 5
2024-11-24 22:17:55 - FewShotSeg - INFO - Loss: 0.002916880650445819
2024-11-24 22:17:55 - FewShotSeg - INFO - Mean_iou: 0.9077384640107858
2024-11-24 22:17:55 - FewShotSeg - INFO - Mean accuracy: 0.9441671493831475
2024-11-24 22:18:04 - FewShotSeg - INFO - Validation Loss: 0.0025258911191485822
2024-11-24 22:18:04 - FewShotSeg - INFO - Validation Mean IoU: 0.9237731364480817
2024-11-24 22:18:04 - FewShotSeg - INFO - Validation Mean Accuracy: 0.9556265282085711
2024-11-24 22:18:04 - FewShotSeg - INFO - Model saved!
2024-11-24 22:18:04 - FewShotSeg - INFO - Epoch: 6
2024-11-24 22:18:04 - FewShotSeg - INFO - Epoch: 6
2024-11-24 22:18:04 - FewShotSeg - INFO - Loss: 0.0014208166394382715
2024-11-24 22:18:04 - FewShotSeg - INFO - Mean_iou: 0.9348869041409102
2024-11-24 22:18:04 - FewShotSeg - INFO - Mean accuracy: 0.9635890398504534
2024-11-24 22:18:13 - FewShotSeg - INFO - Validation Loss: 0.0024072528904071078
2024-11-24 22:18:13 - FewShotSeg - INFO - Validation Mean IoU: 0.8856803830567861
2024-11-24 22:18:13 - FewShotSeg - INFO - Validation Mean Accuracy: 0.9529180300502966
2024-11-24 22:18:13 - FewShotSeg - INFO - Epoch: 7
2024-11-24 22:18:13 - FewShotSeg - INFO - Epoch: 7
2024-11-24 22:18:13 - FewShotSeg - INFO - Loss: 0.001366139156743884
2024-11-24 22:18:13 - FewShotSeg - INFO - Mean_iou: 0.9702994641469295
2024-11-24 22:18:13 - FewShotSeg - INFO - Mean accuracy: 0.9925360740865674
2024-11-24 22:18:22 - FewShotSeg - INFO - Validation Loss: 0.0021982486214255914
2024-11-24 22:18:22 - FewShotSeg - INFO - Validation Mean IoU: 0.8926534742315068
2024-11-24 22:18:22 - FewShotSeg - INFO - Validation Mean Accuracy: 0.9628982657840085
2024-11-24 22:18:22 - FewShotSeg - INFO - Epoch: 8
2024-11-24 22:18:23 - FewShotSeg - INFO - Epoch: 8
2024-11-24 22:18:23 - FewShotSeg - INFO - Loss: 0.002231266815215349
2024-11-24 22:18:23 - FewShotSeg - INFO - Mean_iou: 0.9473578179484116
2024-11-24 22:18:23 - FewShotSeg - INFO - Mean accuracy: 0.98491739667206
2024-11-24 22:18:31 - FewShotSeg - INFO - Validation Loss: 0.0023982386337593198
2024-11-24 22:18:31 - FewShotSeg - INFO - Validation Mean IoU: 0.9217666166873617
2024-11-24 22:18:31 - FewShotSeg - INFO - Validation Mean Accuracy: 0.9414388747660489
2024-11-24 22:18:31 - FewShotSeg - INFO - Epoch: 9
2024-11-24 22:18:32 - FewShotSeg - INFO - Epoch: 9
2024-11-24 22:18:32 - FewShotSeg - INFO - Loss: 0.002459730952978134
2024-11-24 22:18:32 - FewShotSeg - INFO - Mean_iou: 0.9336594364457815
2024-11-24 22:18:32 - FewShotSeg - INFO - Mean accuracy: 0.9402734152574972
2024-11-24 22:18:41 - FewShotSeg - INFO - Validation Loss: 0.002375103664235212
2024-11-24 22:18:41 - FewShotSeg - INFO - Validation Mean IoU: 0.9230019548644486
2024-11-24 22:18:41 - FewShotSeg - INFO - Validation Mean Accuracy: 0.9428963125829103
2024-11-24 22:18:41 - FewShotSeg - INFO - Epoch: 10
2024-11-24 22:18:41 - FewShotSeg - INFO - Epoch: 10
2024-11-24 22:18:41 - FewShotSeg - INFO - Loss: 0.0008827279089018703
2024-11-24 22:18:41 - FewShotSeg - INFO - Mean_iou: 0.9388181291398583
2024-11-24 22:18:41 - FewShotSeg - INFO - Mean accuracy: 0.9776318383281937
2024-11-24 22:18:50 - FewShotSeg - INFO - Validation Loss: 0.0022345534525811672
2024-11-24 22:18:50 - FewShotSeg - INFO - Validation Mean IoU: 0.9310710899420789
2024-11-24 22:18:50 - FewShotSeg - INFO - Validation Mean Accuracy: 0.9629724792329358
2024-11-24 22:18:50 - FewShotSeg - INFO - Model saved!
2024-11-24 22:18:50 - FewShotSeg - INFO - Epoch: 11
2024-11-24 22:18:50 - FewShotSeg - INFO - Epoch: 11
2024-11-24 22:18:50 - FewShotSeg - INFO - Loss: 0.0019051686394959688
2024-11-24 22:18:50 - FewShotSeg - INFO - Mean_iou: 0.9574684101474551
2024-11-24 22:18:50 - FewShotSeg - INFO - Mean accuracy: 0.9858514072501219
2024-11-24 22:18:59 - FewShotSeg - INFO - Validation Loss: 0.002172271480958443
2024-11-24 22:18:59 - FewShotSeg - INFO - Validation Mean IoU: 0.9270706302261353
2024-11-24 22:18:59 - FewShotSeg - INFO - Validation Mean Accuracy: 0.9524202563683051
2024-11-24 22:18:59 - FewShotSeg - INFO - Epoch: 12
2024-11-24 22:19:00 - FewShotSeg - INFO - Epoch: 12
2024-11-24 22:19:00 - FewShotSeg - INFO - Loss: 0.002082121092826128
2024-11-24 22:19:00 - FewShotSeg - INFO - Mean_iou: 0.9424774855232152
2024-11-24 22:19:00 - FewShotSeg - INFO - Mean accuracy: 0.9656775558728317
2024-11-24 22:19:09 - FewShotSeg - INFO - Validation Loss: 0.0022656748988083564
2024-11-24 22:19:09 - FewShotSeg - INFO - Validation Mean IoU: 0.9275847330383572
2024-11-24 22:19:09 - FewShotSeg - INFO - Validation Mean Accuracy: 0.9493894456632912
2024-11-24 22:19:09 - FewShotSeg - INFO - Epoch: 13
2024-11-24 22:19:09 - FewShotSeg - INFO - Epoch: 13
2024-11-24 22:19:09 - FewShotSeg - INFO - Loss: 0.0011144868331030011
2024-11-24 22:19:09 - FewShotSeg - INFO - Mean_iou: 0.9670870841739726
2024-11-24 22:19:09 - FewShotSeg - INFO - Mean accuracy: 0.9843725534827149
2024-11-24 22:19:18 - FewShotSeg - INFO - Validation Loss: 0.002459718452882953
2024-11-24 22:19:18 - FewShotSeg - INFO - Validation Mean IoU: 0.9262641481584827
2024-11-24 22:19:18 - FewShotSeg - INFO - Validation Mean Accuracy: 0.949257906703763
2024-11-24 22:19:18 - FewShotSeg - INFO - Epoch: 14
2024-11-24 22:19:18 - FewShotSeg - INFO - Epoch: 14
2024-11-24 22:19:18 - FewShotSeg - INFO - Loss: 0.0008957039099186659
2024-11-24 22:19:18 - FewShotSeg - INFO - Mean_iou: 0.962427614136154
2024-11-24 22:19:18 - FewShotSeg - INFO - Mean accuracy: 0.981422923287818
2024-11-24 22:19:27 - FewShotSeg - INFO - Validation Loss: 0.0022782399610150605
2024-11-24 22:19:27 - FewShotSeg - INFO - Validation Mean IoU: 0.9286687178782825
2024-11-24 22:19:27 - FewShotSeg - INFO - Validation Mean Accuracy: 0.9490136083715623
2024-11-24 22:19:27 - FewShotSeg - INFO - Epoch: 15
2024-11-24 22:19:27 - FewShotSeg - INFO - Epoch: 15
2024-11-24 22:19:27 - FewShotSeg - INFO - Loss: 0.0014011117164045572
2024-11-24 22:19:27 - FewShotSeg - INFO - Mean_iou: 0.9566063869207099
2024-11-24 22:19:27 - FewShotSeg - INFO - Mean accuracy: 0.9715281466855955
2024-11-24 22:19:36 - FewShotSeg - INFO - Validation Loss: 0.0025197385402861983
2024-11-24 22:19:36 - FewShotSeg - INFO - Validation Mean IoU: 0.9242645498009564
2024-11-24 22:19:36 - FewShotSeg - INFO - Validation Mean Accuracy: 0.9429386135852118
2024-11-24 22:19:36 - FewShotSeg - INFO - Epoch: 16
2024-11-24 22:19:36 - FewShotSeg - INFO - Epoch: 16
2024-11-24 22:19:36 - FewShotSeg - INFO - Loss: 0.0010392706608399749
2024-11-24 22:19:36 - FewShotSeg - INFO - Mean_iou: 0.9443454009790823
2024-11-24 22:19:36 - FewShotSeg - INFO - Mean accuracy: 0.9548960690223968
2024-11-24 22:19:45 - FewShotSeg - INFO - Validation Loss: 0.0022751827928004786
2024-11-24 22:19:45 - FewShotSeg - INFO - Validation Mean IoU: 0.9303489990985098
2024-11-24 22:19:45 - FewShotSeg - INFO - Validation Mean Accuracy: 0.9565145839583068
2024-11-24 22:19:45 - FewShotSeg - INFO - Epoch: 17
2024-11-24 22:19:45 - FewShotSeg - INFO - Epoch: 17
2024-11-24 22:19:45 - FewShotSeg - INFO - Loss: 0.0005391580634750426
2024-11-24 22:19:45 - FewShotSeg - INFO - Mean_iou: 0.9613046584476758
2024-11-24 22:19:45 - FewShotSeg - INFO - Mean accuracy: 0.9905547909352119
2024-11-24 22:19:54 - FewShotSeg - INFO - Validation Loss: 0.002182841519243084
2024-11-24 22:19:54 - FewShotSeg - INFO - Validation Mean IoU: 0.9328617315627209
2024-11-24 22:19:54 - FewShotSeg - INFO - Validation Mean Accuracy: 0.9598316779098909
2024-11-24 22:19:55 - FewShotSeg - INFO - Model saved!
2024-11-24 22:19:55 - FewShotSeg - INFO - Epoch: 18
2024-11-24 22:19:55 - FewShotSeg - INFO - Epoch: 18
2024-11-24 22:19:55 - FewShotSeg - INFO - Loss: 0.0015254684258252382
2024-11-24 22:19:55 - FewShotSeg - INFO - Mean_iou: 0.9600781540182622
2024-11-24 22:19:55 - FewShotSeg - INFO - Mean accuracy: 0.9791239615191033
2024-11-24 22:20:04 - FewShotSeg - INFO - Validation Loss: 0.00215123183443211
2024-11-24 22:20:04 - FewShotSeg - INFO - Validation Mean IoU: 0.9344694313489061
2024-11-24 22:20:04 - FewShotSeg - INFO - Validation Mean Accuracy: 0.9612868100118654
2024-11-24 22:20:04 - FewShotSeg - INFO - Model saved!
2024-11-24 22:20:04 - FewShotSeg - INFO - Epoch: 19
2024-11-24 22:20:05 - FewShotSeg - INFO - Epoch: 19
2024-11-24 22:20:05 - FewShotSeg - INFO - Loss: 0.0008883769623935223
2024-11-24 22:20:05 - FewShotSeg - INFO - Mean_iou: 0.9594390735808404
2024-11-24 22:20:05 - FewShotSeg - INFO - Mean accuracy: 0.9880611252996311
2024-11-24 22:20:14 - FewShotSeg - INFO - Validation Loss: 0.00238645427452866
2024-11-24 22:20:14 - FewShotSeg - INFO - Validation Mean IoU: 0.9313188977214213
2024-11-24 22:20:14 - FewShotSeg - INFO - Validation Mean Accuracy: 0.9606968285857547
2024-11-24 22:20:14 - FewShotSeg - INFO - Epoch: 20
2024-11-24 22:20:14 - FewShotSeg - INFO - Epoch: 20
2024-11-24 22:20:14 - FewShotSeg - INFO - Loss: 0.0011070618638768792
2024-11-24 22:20:14 - FewShotSeg - INFO - Mean_iou: 0.9713567848299971
2024-11-24 22:20:14 - FewShotSeg - INFO - Mean accuracy: 0.9868060723810584
2024-11-24 22:20:23 - FewShotSeg - INFO - Validation Loss: 0.0024117842913256027
2024-11-24 22:20:23 - FewShotSeg - INFO - Validation Mean IoU: 0.9297375271329591
2024-11-24 22:20:23 - FewShotSeg - INFO - Validation Mean Accuracy: 0.9493400047581271
2024-11-24 22:20:23 - FewShotSeg - INFO - Epoch: 21
2024-11-24 22:20:23 - FewShotSeg - INFO - Epoch: 21
2024-11-24 22:20:23 - FewShotSeg - INFO - Loss: 0.0007025701925158501
2024-11-24 22:20:23 - FewShotSeg - INFO - Mean_iou: 0.9439248156237742
2024-11-24 22:20:23 - FewShotSeg - INFO - Mean accuracy: 0.9785647449544902
2024-11-24 22:20:32 - FewShotSeg - INFO - Validation Loss: 0.0023145416416809894
2024-11-24 22:20:32 - FewShotSeg - INFO - Validation Mean IoU: 0.9329061531342213
2024-11-24 22:20:32 - FewShotSeg - INFO - Validation Mean Accuracy: 0.9557268154686298
2024-11-24 22:20:32 - FewShotSeg - INFO - Epoch: 22
2024-11-24 22:20:32 - FewShotSeg - INFO - Epoch: 22
2024-11-24 22:20:32 - FewShotSeg - INFO - Loss: 0.0008732028654776514
2024-11-24 22:20:32 - FewShotSeg - INFO - Mean_iou: 0.959818290006995
2024-11-24 22:20:32 - FewShotSeg - INFO - Mean accuracy: 0.980844315214254
2024-11-24 22:20:41 - FewShotSeg - INFO - Validation Loss: 0.0026553886564215645
2024-11-24 22:20:41 - FewShotSeg - INFO - Validation Mean IoU: 0.9132517055796306
2024-11-24 22:20:41 - FewShotSeg - INFO - Validation Mean Accuracy: 0.9313884519305029
2024-11-24 22:20:41 - FewShotSeg - INFO - Epoch: 23
2024-11-24 22:20:41 - FewShotSeg - INFO - Epoch: 23
2024-11-24 22:20:41 - FewShotSeg - INFO - Loss: 0.000905472959857434
2024-11-24 22:20:41 - FewShotSeg - INFO - Mean_iou: 0.9339602003301155
2024-11-24 22:20:41 - FewShotSeg - INFO - Mean accuracy: 0.9517020737851931
2024-11-24 22:20:50 - FewShotSeg - INFO - Validation Loss: 0.0022548573615495116
2024-11-24 22:20:50 - FewShotSeg - INFO - Validation Mean IoU: 0.9311386466825906
2024-11-24 22:20:50 - FewShotSeg - INFO - Validation Mean Accuracy: 0.9577205793380212
2024-11-24 22:20:50 - FewShotSeg - INFO - Epoch: 24
2024-11-24 22:20:51 - FewShotSeg - INFO - Epoch: 24
2024-11-24 22:20:51 - FewShotSeg - INFO - Loss: 0.0014847370330244303
2024-11-24 22:20:51 - FewShotSeg - INFO - Mean_iou: 0.9598666711434091
2024-11-24 22:20:51 - FewShotSeg - INFO - Mean accuracy: 0.9873106030121356
2024-11-24 22:21:00 - FewShotSeg - INFO - Validation Loss: 0.002096843374602031
2024-11-24 22:21:00 - FewShotSeg - INFO - Validation Mean IoU: 0.9369658761783601
2024-11-24 22:21:00 - FewShotSeg - INFO - Validation Mean Accuracy: 0.9624406808684569
2024-11-24 22:21:00 - FewShotSeg - INFO - Model saved!
2024-11-24 22:21:00 - FewShotSeg - INFO - Epoch: 25
2024-11-24 22:21:00 - FewShotSeg - INFO - Epoch: 25
2024-11-24 22:21:00 - FewShotSeg - INFO - Loss: 0.0005218909936957061
2024-11-24 22:21:00 - FewShotSeg - INFO - Mean_iou: 0.9622189251766141
2024-11-24 22:21:00 - FewShotSeg - INFO - Mean accuracy: 0.9932650976010775
2024-11-24 22:21:09 - FewShotSeg - INFO - Validation Loss: 0.00215130829019472
2024-11-24 22:21:09 - FewShotSeg - INFO - Validation Mean IoU: 0.8969520232098103
2024-11-24 22:21:09 - FewShotSeg - INFO - Validation Mean Accuracy: 0.9703775734201546
2024-11-24 22:21:09 - FewShotSeg - INFO - Epoch: 26
2024-11-24 22:21:10 - FewShotSeg - INFO - Epoch: 26
2024-11-24 22:21:10 - FewShotSeg - INFO - Loss: 0.001085326774045825
2024-11-24 22:21:10 - FewShotSeg - INFO - Mean_iou: 0.9539653455305338
2024-11-24 22:21:10 - FewShotSeg - INFO - Mean accuracy: 0.9934867347475561
2024-11-24 22:21:18 - FewShotSeg - INFO - Validation Loss: 0.0022410245146602392
2024-11-24 22:21:18 - FewShotSeg - INFO - Validation Mean IoU: 0.9356232817415037
2024-11-24 22:21:18 - FewShotSeg - INFO - Validation Mean Accuracy: 0.9639601863493755
2024-11-24 22:21:18 - FewShotSeg - INFO - Epoch: 27
2024-11-24 22:21:19 - FewShotSeg - INFO - Epoch: 27
2024-11-24 22:21:19 - FewShotSeg - INFO - Loss: 0.0008644978515803814
2024-11-24 22:21:19 - FewShotSeg - INFO - Mean_iou: 0.9522833327866981
2024-11-24 22:21:19 - FewShotSeg - INFO - Mean accuracy: 0.9835160746738265
2024-11-24 22:21:28 - FewShotSeg - INFO - Validation Loss: 0.0021237274340819567
2024-11-24 22:21:28 - FewShotSeg - INFO - Validation Mean IoU: 0.9385192912003335
2024-11-24 22:21:28 - FewShotSeg - INFO - Validation Mean Accuracy: 0.9739312777070142
2024-11-24 22:21:28 - FewShotSeg - INFO - Model saved!
2024-11-24 22:21:28 - FewShotSeg - INFO - Epoch: 28
2024-11-24 22:21:28 - FewShotSeg - INFO - Epoch: 28
2024-11-24 22:21:28 - FewShotSeg - INFO - Loss: 0.001080862944945693
2024-11-24 22:21:28 - FewShotSeg - INFO - Mean_iou: 0.9729728778877564
2024-11-24 22:21:28 - FewShotSeg - INFO - Mean accuracy: 0.9910556462738558
2024-11-24 22:21:37 - FewShotSeg - INFO - Validation Loss: 0.0021162280172575265
2024-11-24 22:21:37 - FewShotSeg - INFO - Validation Mean IoU: 0.9373263630386148
2024-11-24 22:21:37 - FewShotSeg - INFO - Validation Mean Accuracy: 0.969320575481024
2024-11-24 22:21:37 - FewShotSeg - INFO - Epoch: 29
2024-11-24 22:21:37 - FewShotSeg - INFO - Epoch: 29
2024-11-24 22:21:37 - FewShotSeg - INFO - Loss: 0.0009168427204713225
2024-11-24 22:21:37 - FewShotSeg - INFO - Mean_iou: 0.966188385036098
2024-11-24 22:21:37 - FewShotSeg - INFO - Mean accuracy: 0.9866617783203823
2024-11-24 22:21:46 - FewShotSeg - INFO - Validation Loss: 0.0022248066816246137
2024-11-24 22:21:46 - FewShotSeg - INFO - Validation Mean IoU: 0.9348316105674946
2024-11-24 22:21:46 - FewShotSeg - INFO - Validation Mean Accuracy: 0.9582520862451868
2024-11-24 22:21:46 - FewShotSeg - INFO - Epoch: 30
2024-11-24 22:21:47 - FewShotSeg - INFO - Epoch: 30
2024-11-24 22:21:47 - FewShotSeg - INFO - Loss: 0.0009250078001059592
2024-11-24 22:21:47 - FewShotSeg - INFO - Mean_iou: 0.9631056954638796
2024-11-24 22:21:47 - FewShotSeg - INFO - Mean accuracy: 0.9797429659690072
2024-11-24 22:21:55 - FewShotSeg - INFO - Validation Loss: 0.0024976735148811713
2024-11-24 22:21:55 - FewShotSeg - INFO - Validation Mean IoU: 0.9315041784922995
2024-11-24 22:21:55 - FewShotSeg - INFO - Validation Mean Accuracy: 0.9459324308871294
2024-11-24 22:21:55 - FewShotSeg - INFO - Epoch: 31
2024-11-24 22:21:56 - FewShotSeg - INFO - Epoch: 31
2024-11-24 22:21:56 - FewShotSeg - INFO - Loss: 0.0016023402567952871
2024-11-24 22:21:56 - FewShotSeg - INFO - Mean_iou: 0.950805225349868
2024-11-24 22:21:56 - FewShotSeg - INFO - Mean accuracy: 0.9528773537427201
2024-11-24 22:22:05 - FewShotSeg - INFO - Validation Loss: 0.00235954973322805
2024-11-24 22:22:05 - FewShotSeg - INFO - Validation Mean IoU: 0.9359866757963221
2024-11-24 22:22:05 - FewShotSeg - INFO - Validation Mean Accuracy: 0.9551428849723632
2024-11-24 22:22:05 - FewShotSeg - INFO - Epoch: 32
2024-11-24 22:22:05 - FewShotSeg - INFO - Epoch: 32
2024-11-24 22:22:05 - FewShotSeg - INFO - Loss: 0.0007617902010679245
2024-11-24 22:22:05 - FewShotSeg - INFO - Mean_iou: 0.953137771451155
2024-11-24 22:22:05 - FewShotSeg - INFO - Mean accuracy: 0.9582538710330661
2024-11-24 22:22:14 - FewShotSeg - INFO - Validation Loss: 0.0022265611187322065
2024-11-24 22:22:14 - FewShotSeg - INFO - Validation Mean IoU: 0.9358498537936194
2024-11-24 22:22:14 - FewShotSeg - INFO - Validation Mean Accuracy: 0.959057562572144
2024-11-24 22:22:14 - FewShotSeg - INFO - Epoch: 33
2024-11-24 22:22:14 - FewShotSeg - INFO - Epoch: 33
2024-11-24 22:22:14 - FewShotSeg - INFO - Loss: 0.001286250539124012
2024-11-24 22:22:14 - FewShotSeg - INFO - Mean_iou: 0.968684801439661
2024-11-24 22:22:14 - FewShotSeg - INFO - Mean accuracy: 0.9846156732718226
2024-11-24 22:22:23 - FewShotSeg - INFO - Validation Loss: 0.002409449007245712
2024-11-24 22:22:23 - FewShotSeg - INFO - Validation Mean IoU: 0.9334495316246592
2024-11-24 22:22:23 - FewShotSeg - INFO - Validation Mean Accuracy: 0.9555612136785927
2024-11-24 22:22:23 - FewShotSeg - INFO - Epoch: 34
2024-11-24 22:22:23 - FewShotSeg - INFO - Epoch: 34
2024-11-24 22:22:23 - FewShotSeg - INFO - Loss: 0.001061049522832036
2024-11-24 22:22:23 - FewShotSeg - INFO - Mean_iou: 0.9801263076276059
2024-11-24 22:22:23 - FewShotSeg - INFO - Mean accuracy: 0.9839965589930866
2024-11-25 02:46:08 - FewShotSeg - INFO - Epoch: 0
2024-11-25 02:46:08 - FewShotSeg - INFO - Epoch: 0
2024-11-25 02:46:08 - FewShotSeg - INFO - Loss: 1.5352720022201538
2024-11-25 02:46:08 - FewShotSeg - INFO - Mean_iou: 0.05539907412381195
2024-11-25 02:46:08 - FewShotSeg - INFO - Mean accuracy: 0.1982632391289425
2024-11-25 02:46:17 - FewShotSeg - INFO - Validation Loss: 0.40347664430737495
2024-11-25 02:46:17 - FewShotSeg - INFO - Validation Mean IoU: 0.2770383321869788
2024-11-25 02:46:17 - FewShotSeg - INFO - Validation Mean Accuracy: 0.7688850009411283
2024-11-25 02:46:17 - FewShotSeg - INFO - Model saved!
2024-11-25 02:46:18 - FewShotSeg - INFO - Epoch: 1
2024-11-25 02:46:18 - FewShotSeg - INFO - Epoch: 1
2024-11-25 02:46:18 - FewShotSeg - INFO - Loss: 0.40525007247924805
2024-11-25 02:46:18 - FewShotSeg - INFO - Mean_iou: 0.30344980107396385
2024-11-25 02:46:18 - FewShotSeg - INFO - Mean accuracy: 0.9764247647118479
2024-11-25 02:46:27 - FewShotSeg - INFO - Validation Loss: 0.159296790137887
2024-11-25 02:46:27 - FewShotSeg - INFO - Validation Mean IoU: 0.31873454298080534
2024-11-25 02:46:27 - FewShotSeg - INFO - Validation Mean Accuracy: 0.761261287868224
2024-11-25 02:46:27 - FewShotSeg - INFO - Model saved!
2024-11-25 02:46:27 - FewShotSeg - INFO - Epoch: 2
2024-11-25 02:46:27 - FewShotSeg - INFO - Epoch: 2
2024-11-25 02:46:27 - FewShotSeg - INFO - Loss: 0.15794947743415833
2024-11-25 02:46:27 - FewShotSeg - INFO - Mean_iou: 0.43678431272332063
2024-11-25 02:46:27 - FewShotSeg - INFO - Mean accuracy: 0.6740692509545938
2024-11-25 02:46:36 - FewShotSeg - INFO - Validation Loss: 0.09274703171104193
2024-11-25 02:46:36 - FewShotSeg - INFO - Validation Mean IoU: 0.39276782301712654
2024-11-25 02:46:36 - FewShotSeg - INFO - Validation Mean Accuracy: 0.7873343660566858
2024-11-25 02:46:36 - FewShotSeg - INFO - Model saved!
2024-11-25 02:46:36 - FewShotSeg - INFO - Epoch: 3
2024-11-25 02:46:36 - FewShotSeg - INFO - Epoch: 3
2024-11-25 02:46:36 - FewShotSeg - INFO - Loss: 0.08083786070346832
2024-11-25 02:46:36 - FewShotSeg - INFO - Mean_iou: 0.6114830785948785
2024-11-25 02:46:36 - FewShotSeg - INFO - Mean accuracy: 0.842083975221398
2024-11-25 02:46:45 - FewShotSeg - INFO - Validation Loss: 0.06445353850722313
2024-11-25 02:46:45 - FewShotSeg - INFO - Validation Mean IoU: 0.4621643159145534
2024-11-25 02:46:45 - FewShotSeg - INFO - Validation Mean Accuracy: 0.7850305869341934
2024-11-25 02:46:45 - FewShotSeg - INFO - Model saved!
2024-11-25 02:46:45 - FewShotSeg - INFO - Epoch: 4
2024-11-25 02:46:46 - FewShotSeg - INFO - Epoch: 4
2024-11-25 02:46:46 - FewShotSeg - INFO - Loss: 0.06086239218711853
2024-11-25 02:46:46 - FewShotSeg - INFO - Mean_iou: 0.6487561572395446
2024-11-25 02:46:46 - FewShotSeg - INFO - Mean accuracy: 0.941643176464496
2024-11-25 02:46:55 - FewShotSeg - INFO - Validation Loss: 0.04816752579063177
2024-11-25 02:46:55 - FewShotSeg - INFO - Validation Mean IoU: 0.45464514770770775
2024-11-25 02:46:55 - FewShotSeg - INFO - Validation Mean Accuracy: 0.8511593131912958
2024-11-25 02:46:55 - FewShotSeg - INFO - Epoch: 5
2024-11-25 02:46:55 - FewShotSeg - INFO - Epoch: 5
2024-11-25 02:46:55 - FewShotSeg - INFO - Loss: 0.04408363252878189
2024-11-25 02:46:55 - FewShotSeg - INFO - Mean_iou: 0.8321133089602942
2024-11-25 02:46:55 - FewShotSeg - INFO - Mean accuracy: 0.9380791439407944
2024-11-25 02:47:04 - FewShotSeg - INFO - Validation Loss: 0.03883166238665581
2024-11-25 02:47:04 - FewShotSeg - INFO - Validation Mean IoU: 0.5680511732404614
2024-11-25 02:47:04 - FewShotSeg - INFO - Validation Mean Accuracy: 0.8700232046728631
2024-11-25 02:47:04 - FewShotSeg - INFO - Model saved!
2024-11-25 02:47:04 - FewShotSeg - INFO - Epoch: 6
2024-11-25 02:47:04 - FewShotSeg - INFO - Epoch: 6
2024-11-25 02:47:04 - FewShotSeg - INFO - Loss: 0.03251884505152702
2024-11-25 02:47:04 - FewShotSeg - INFO - Mean_iou: 0.8666233531926149
2024-11-25 02:47:04 - FewShotSeg - INFO - Mean accuracy: 0.9194981362271379
2024-11-25 02:48:46 - FewShotSeg - INFO - Epoch: 0
2024-11-25 02:48:47 - FewShotSeg - INFO - Epoch: 0
2024-11-25 02:48:47 - FewShotSeg - INFO - Loss: 1.9156962633132935
2024-11-25 02:48:47 - FewShotSeg - INFO - Mean_iou: 0.006754950257035798
2024-11-25 02:48:47 - FewShotSeg - INFO - Mean accuracy: 0.32440824198564766
2024-11-25 02:48:55 - FewShotSeg - INFO - Validation Loss: 0.5048523396253586
2024-11-25 02:48:55 - FewShotSeg - INFO - Validation Mean IoU: 0.23836854498130047
2024-11-25 02:48:55 - FewShotSeg - INFO - Validation Mean Accuracy: 0.7216599636934499
2024-11-25 02:48:55 - FewShotSeg - INFO - Model saved!
2024-11-25 02:48:55 - FewShotSeg - INFO - Epoch: 1
2024-11-25 02:48:55 - FewShotSeg - INFO - Epoch: 1
2024-11-25 02:48:55 - FewShotSeg - INFO - Loss: 0.5186095237731934
2024-11-25 02:48:55 - FewShotSeg - INFO - Mean_iou: 0.2547896935375999
2024-11-25 02:48:55 - FewShotSeg - INFO - Mean accuracy: 0.7571854564367134
2024-11-25 02:49:04 - FewShotSeg - INFO - Validation Loss: 0.2067931815981865
2024-11-25 02:49:04 - FewShotSeg - INFO - Validation Mean IoU: 0.3271300947805024
2024-11-25 02:49:04 - FewShotSeg - INFO - Validation Mean Accuracy: 0.6665563542449857
2024-11-25 02:49:04 - FewShotSeg - INFO - Model saved!
2024-11-25 02:49:04 - FewShotSeg - INFO - Epoch: 2
2024-11-25 02:49:05 - FewShotSeg - INFO - Epoch: 2
2024-11-25 02:49:05 - FewShotSeg - INFO - Loss: 0.16819241642951965
2024-11-25 02:49:05 - FewShotSeg - INFO - Mean_iou: 0.4367491475221092
2024-11-25 02:49:05 - FewShotSeg - INFO - Mean accuracy: 0.6690143337531049
2024-11-25 02:49:13 - FewShotSeg - INFO - Validation Loss: 0.11888349335640669
2024-11-25 02:49:13 - FewShotSeg - INFO - Validation Mean IoU: 0.39855812825681286
2024-11-25 02:49:13 - FewShotSeg - INFO - Validation Mean Accuracy: 0.7680084149218871
2024-11-25 02:49:13 - FewShotSeg - INFO - Model saved!
2024-11-25 02:49:13 - FewShotSeg - INFO - Epoch: 3
2024-11-25 02:49:14 - FewShotSeg - INFO - Epoch: 3
2024-11-25 02:49:14 - FewShotSeg - INFO - Loss: 0.1190432459115982
2024-11-25 02:49:14 - FewShotSeg - INFO - Mean_iou: 0.3089692568200152
2024-11-25 02:49:14 - FewShotSeg - INFO - Mean accuracy: 0.518141771178429
2024-11-25 02:49:23 - FewShotSeg - INFO - Validation Loss: 0.08807872701436281
2024-11-25 02:49:23 - FewShotSeg - INFO - Validation Mean IoU: 0.46177783499871844
2024-11-25 02:49:23 - FewShotSeg - INFO - Validation Mean Accuracy: 0.8071583655775043
2024-11-25 02:49:23 - FewShotSeg - INFO - Model saved!
2024-11-25 02:49:23 - FewShotSeg - INFO - Epoch: 4
2024-11-25 02:49:23 - FewShotSeg - INFO - Epoch: 4
2024-11-25 02:49:23 - FewShotSeg - INFO - Loss: 0.08543938398361206
2024-11-25 02:49:23 - FewShotSeg - INFO - Mean_iou: 0.4884946731748733
2024-11-25 02:49:23 - FewShotSeg - INFO - Mean accuracy: 0.6989276429865664
