2024-11-25 12:01:15 - FewShotSeg - INFO - Epoch: 0
2024-11-25 12:01:15 - FewShotSeg - INFO - Epoch: 0
2024-11-25 12:01:15 - FewShotSeg - INFO - Loss: 1.6844165325164795
2024-11-25 12:01:15 - FewShotSeg - INFO - Mean_iou: 0.03223962514253268
2024-11-25 12:01:15 - FewShotSeg - INFO - Mean accuracy: 0.08313994940527857
2024-11-25 12:01:23 - FewShotSeg - INFO - Validation Loss: 0.4703409783542156
2024-11-25 12:01:23 - FewShotSeg - INFO - Validation Mean IoU: 0.2699388655678812
2024-11-25 12:01:23 - FewShotSeg - INFO - Validation Mean Accuracy: 0.7283271420379769
2024-11-25 12:01:23 - FewShotSeg - INFO - Model saved!
2024-11-25 12:01:23 - FewShotSeg - INFO - Epoch: 1
2024-11-25 12:01:23 - FewShotSeg - INFO - Epoch: 1
2024-11-25 12:01:23 - FewShotSeg - INFO - Loss: 0.4612218141555786
2024-11-25 12:01:23 - FewShotSeg - INFO - Mean_iou: 0.24843400398992146
2024-11-25 12:01:23 - FewShotSeg - INFO - Mean accuracy: 0.6475901148801784
2024-11-25 12:01:31 - FewShotSeg - INFO - Validation Loss: 0.16957906261086464
2024-11-25 12:01:31 - FewShotSeg - INFO - Validation Mean IoU: 0.3024781136700629
2024-11-25 12:01:31 - FewShotSeg - INFO - Validation Mean Accuracy: 0.8510587931336995
2024-11-25 12:01:32 - FewShotSeg - INFO - Model saved!
2024-11-25 12:01:32 - FewShotSeg - INFO - Epoch: 2
2024-11-25 12:01:32 - FewShotSeg - INFO - Epoch: 2
2024-11-25 12:01:32 - FewShotSeg - INFO - Loss: 0.1672826111316681
2024-11-25 12:01:32 - FewShotSeg - INFO - Mean_iou: 0.550544339789834
2024-11-25 12:01:32 - FewShotSeg - INFO - Mean accuracy: 0.7585829255641051
2024-11-25 12:01:40 - FewShotSeg - INFO - Validation Loss: 0.11145570781081915
2024-11-25 12:01:40 - FewShotSeg - INFO - Validation Mean IoU: 0.32099971379861186
2024-11-25 12:01:40 - FewShotSeg - INFO - Validation Mean Accuracy: 0.8414469027254109
2024-11-25 12:01:40 - FewShotSeg - INFO - Model saved!
2024-11-25 12:01:40 - FewShotSeg - INFO - Epoch: 3
2024-11-25 12:01:40 - FewShotSeg - INFO - Epoch: 3
2024-11-25 12:01:40 - FewShotSeg - INFO - Loss: 0.08672071993350983
2024-11-25 12:01:40 - FewShotSeg - INFO - Mean_iou: 0.4506249118339342
2024-11-25 12:01:40 - FewShotSeg - INFO - Mean accuracy: 0.8557654768887826
2024-11-25 12:01:48 - FewShotSeg - INFO - Validation Loss: 0.07450372586026788
2024-11-25 12:01:48 - FewShotSeg - INFO - Validation Mean IoU: 0.4275752775447332
2024-11-25 12:01:48 - FewShotSeg - INFO - Validation Mean Accuracy: 0.8450634333663966
2024-11-25 12:01:49 - FewShotSeg - INFO - Model saved!
2024-11-25 12:01:49 - FewShotSeg - INFO - Epoch: 4
2024-11-25 12:01:49 - FewShotSeg - INFO - Epoch: 4
2024-11-25 12:01:49 - FewShotSeg - INFO - Loss: 0.06537959724664688
2024-11-25 12:01:49 - FewShotSeg - INFO - Mean_iou: 0.39173803492187526
2024-11-25 12:01:49 - FewShotSeg - INFO - Mean accuracy: 0.8418952755712668
2024-11-25 12:01:57 - FewShotSeg - INFO - Validation Loss: 0.056233702693134546
2024-11-25 12:01:57 - FewShotSeg - INFO - Validation Mean IoU: 0.4818985955577854
2024-11-25 12:01:57 - FewShotSeg - INFO - Validation Mean Accuracy: 0.8599475522109156
2024-11-25 12:01:57 - FewShotSeg - INFO - Model saved!
2024-11-25 12:01:57 - FewShotSeg - INFO - Epoch: 5
2024-11-25 12:01:57 - FewShotSeg - INFO - Epoch: 5
2024-11-25 12:01:57 - FewShotSeg - INFO - Loss: 0.06567695736885071
2024-11-25 12:01:57 - FewShotSeg - INFO - Mean_iou: 0.34780912139005
2024-11-25 12:01:57 - FewShotSeg - INFO - Mean accuracy: 0.5822227524197465
2024-11-25 12:02:05 - FewShotSeg - INFO - Validation Loss: 0.0429415637627244
2024-11-25 12:02:05 - FewShotSeg - INFO - Validation Mean IoU: 0.5281730402594668
2024-11-25 12:02:05 - FewShotSeg - INFO - Validation Mean Accuracy: 0.9063663661875414
2024-11-25 12:02:06 - FewShotSeg - INFO - Model saved!
2024-11-25 12:02:06 - FewShotSeg - INFO - Epoch: 6
2024-11-25 12:02:06 - FewShotSeg - INFO - Epoch: 6
2024-11-25 12:02:06 - FewShotSeg - INFO - Loss: 0.039350152015686035
2024-11-25 12:02:06 - FewShotSeg - INFO - Mean_iou: 0.7746784620130919
2024-11-25 12:02:06 - FewShotSeg - INFO - Mean accuracy: 0.8490963892337763
2024-11-25 12:02:14 - FewShotSeg - INFO - Validation Loss: 0.037865914637222886
2024-11-25 12:02:14 - FewShotSeg - INFO - Validation Mean IoU: 0.4705331258222441
2024-11-25 12:02:14 - FewShotSeg - INFO - Validation Mean Accuracy: 0.9207721843827059
2024-11-25 12:02:14 - FewShotSeg - INFO - Epoch: 7
2024-11-25 12:02:14 - FewShotSeg - INFO - Epoch: 7
2024-11-25 12:02:14 - FewShotSeg - INFO - Loss: 0.028891928493976593
2024-11-25 12:02:14 - FewShotSeg - INFO - Mean_iou: 0.8857197495893061
2024-11-25 12:02:14 - FewShotSeg - INFO - Mean accuracy: 0.9658656155362032
2024-11-25 12:02:22 - FewShotSeg - INFO - Validation Loss: 0.03362382063642144
2024-11-25 12:02:22 - FewShotSeg - INFO - Validation Mean IoU: 0.5499175679339494
2024-11-25 12:02:22 - FewShotSeg - INFO - Validation Mean Accuracy: 0.9098059931280342
2024-11-25 12:02:22 - FewShotSeg - INFO - Model saved!
2024-11-25 12:02:22 - FewShotSeg - INFO - Epoch: 8
2024-11-25 12:02:22 - FewShotSeg - INFO - Epoch: 8
2024-11-25 12:02:22 - FewShotSeg - INFO - Loss: 0.032482679933309555
2024-11-25 12:02:22 - FewShotSeg - INFO - Mean_iou: 0.47823056448247064
2024-11-25 12:02:22 - FewShotSeg - INFO - Mean accuracy: 0.8995799690698373
2024-11-25 12:02:30 - FewShotSeg - INFO - Validation Loss: 0.028426231583580375
2024-11-25 12:02:30 - FewShotSeg - INFO - Validation Mean IoU: 0.5328587299643427
2024-11-25 12:02:30 - FewShotSeg - INFO - Validation Mean Accuracy: 0.9350609901836702
2024-11-25 12:02:30 - FewShotSeg - INFO - Epoch: 9
2024-11-25 12:02:30 - FewShotSeg - INFO - Epoch: 9
2024-11-25 12:02:30 - FewShotSeg - INFO - Loss: 0.023204604163765907
2024-11-25 12:02:30 - FewShotSeg - INFO - Mean_iou: 0.6600531416611665
2024-11-25 12:02:30 - FewShotSeg - INFO - Mean accuracy: 0.9504759209129481
2024-11-25 12:02:38 - FewShotSeg - INFO - Validation Loss: 0.025117132579907775
2024-11-25 12:02:38 - FewShotSeg - INFO - Validation Mean IoU: 0.47542633145826935
2024-11-25 12:02:38 - FewShotSeg - INFO - Validation Mean Accuracy: 0.9078447661883837
2024-11-25 12:02:38 - FewShotSeg - INFO - Epoch: 10
2024-11-25 12:02:39 - FewShotSeg - INFO - Epoch: 10
2024-11-25 12:02:39 - FewShotSeg - INFO - Loss: 0.027083013206720352
2024-11-25 12:02:39 - FewShotSeg - INFO - Mean_iou: 0.6609240330651253
2024-11-25 12:02:39 - FewShotSeg - INFO - Mean accuracy: 0.9415511073919706
2024-11-25 12:06:02 - FewShotSeg - INFO - Epoch: 0
2024-11-25 12:06:02 - FewShotSeg - INFO - Epoch: 0
2024-11-25 12:06:02 - FewShotSeg - INFO - Loss: 1.7467364072799683
2024-11-25 12:06:02 - FewShotSeg - INFO - Mean_iou: 0.024138766867960793
2024-11-25 12:06:02 - FewShotSeg - INFO - Mean accuracy: 0.27675575155942633
2024-11-25 12:06:11 - FewShotSeg - INFO - Validation Loss: 0.4716198071837425
2024-11-25 12:06:11 - FewShotSeg - INFO - Validation Mean IoU: 0.24671010335123575
2024-11-25 12:06:11 - FewShotSeg - INFO - Validation Mean Accuracy: 0.7434865591831374
2024-11-25 12:08:07 - FewShotSeg - INFO - Epoch: 0
2024-11-25 12:08:08 - FewShotSeg - INFO - Epoch: 0
2024-11-25 12:08:08 - FewShotSeg - INFO - Loss: 0.4875470995903015
2024-11-25 12:08:08 - FewShotSeg - INFO - Mean_iou: 0.3058524760226876
2024-11-25 12:08:08 - FewShotSeg - INFO - Mean accuracy: 0.8245696864749377
2024-11-25 12:08:16 - FewShotSeg - INFO - Validation Loss: 0.1330248061567545
2024-11-25 12:08:16 - FewShotSeg - INFO - Validation Mean IoU: 0.339592939916986
2024-11-25 12:08:16 - FewShotSeg - INFO - Validation Mean Accuracy: 0.6433954757953231
2024-11-25 12:08:17 - FewShotSeg - INFO - Model saved!
2024-11-25 12:08:17 - FewShotSeg - INFO - Epoch: 1
2024-11-25 12:08:17 - FewShotSeg - INFO - Epoch: 1
2024-11-25 12:08:17 - FewShotSeg - INFO - Loss: 0.1141660287976265
2024-11-25 12:08:17 - FewShotSeg - INFO - Mean_iou: 0.42523543112897555
2024-11-25 12:08:17 - FewShotSeg - INFO - Mean accuracy: 0.635656667433005
2024-11-25 12:08:26 - FewShotSeg - INFO - Validation Loss: 0.06681374087929726
2024-11-25 12:08:26 - FewShotSeg - INFO - Validation Mean IoU: 0.41892755255316755
2024-11-25 12:08:26 - FewShotSeg - INFO - Validation Mean Accuracy: 0.7713130017139425
2024-11-25 12:08:26 - FewShotSeg - INFO - Model saved!
2024-11-25 12:08:26 - FewShotSeg - INFO - Epoch: 2
2024-11-25 12:08:27 - FewShotSeg - INFO - Epoch: 2
2024-11-25 12:08:27 - FewShotSeg - INFO - Loss: 0.07092247903347015
2024-11-25 12:08:27 - FewShotSeg - INFO - Mean_iou: 0.29095412861687814
2024-11-25 12:08:27 - FewShotSeg - INFO - Mean accuracy: 0.5067912438023882
2024-11-25 12:08:36 - FewShotSeg - INFO - Validation Loss: 0.04044589726254344
2024-11-25 12:08:36 - FewShotSeg - INFO - Validation Mean IoU: 0.5421433766008539
2024-11-25 12:08:36 - FewShotSeg - INFO - Validation Mean Accuracy: 0.8463468775520273
2024-11-25 12:08:36 - FewShotSeg - INFO - Model saved!
2024-11-25 12:08:36 - FewShotSeg - INFO - Epoch: 3
2024-11-25 12:08:36 - FewShotSeg - INFO - Epoch: 3
2024-11-25 12:08:36 - FewShotSeg - INFO - Loss: 0.037626154720783234
2024-11-25 12:08:36 - FewShotSeg - INFO - Mean_iou: 0.6469165851072123
2024-11-25 12:08:36 - FewShotSeg - INFO - Mean accuracy: 0.9265508026082045
2024-11-25 12:08:45 - FewShotSeg - INFO - Validation Loss: 0.030652253422886133
2024-11-25 12:08:45 - FewShotSeg - INFO - Validation Mean IoU: 0.5939252073101391
2024-11-25 12:08:45 - FewShotSeg - INFO - Validation Mean Accuracy: 0.8585937171244618
2024-11-25 12:08:46 - FewShotSeg - INFO - Model saved!
2024-11-25 12:08:46 - FewShotSeg - INFO - Epoch: 4
2024-11-25 12:08:46 - FewShotSeg - INFO - Epoch: 4
2024-11-25 12:08:46 - FewShotSeg - INFO - Loss: 0.027740301564335823
2024-11-25 12:08:46 - FewShotSeg - INFO - Mean_iou: 0.8421795332188439
2024-11-25 12:08:46 - FewShotSeg - INFO - Mean accuracy: 0.9269791875410567
2024-11-25 12:08:55 - FewShotSeg - INFO - Validation Loss: 0.024940710747614503
2024-11-25 12:08:55 - FewShotSeg - INFO - Validation Mean IoU: 0.5838601612683206
2024-11-25 12:08:55 - FewShotSeg - INFO - Validation Mean Accuracy: 0.8397723174627619
2024-11-25 12:08:55 - FewShotSeg - INFO - Epoch: 5
2024-11-25 12:08:55 - FewShotSeg - INFO - Epoch: 5
2024-11-25 12:08:55 - FewShotSeg - INFO - Loss: 0.026012659072875977
2024-11-25 12:08:55 - FewShotSeg - INFO - Mean_iou: 0.5326542920162137
2024-11-25 12:08:55 - FewShotSeg - INFO - Mean accuracy: 0.8007909481962441
2024-11-25 12:09:04 - FewShotSeg - INFO - Validation Loss: 0.019555704202502966
2024-11-25 12:09:04 - FewShotSeg - INFO - Validation Mean IoU: 0.6054352910928233
2024-11-25 12:09:04 - FewShotSeg - INFO - Validation Mean Accuracy: 0.8960584316524491
2024-11-25 12:09:04 - FewShotSeg - INFO - Model saved!
2024-11-25 12:09:04 - FewShotSeg - INFO - Epoch: 6
2024-11-25 12:09:05 - FewShotSeg - INFO - Epoch: 6
2024-11-25 12:09:05 - FewShotSeg - INFO - Loss: 0.022498128935694695
2024-11-25 12:09:05 - FewShotSeg - INFO - Mean_iou: 0.5208341856535993
2024-11-25 12:09:05 - FewShotSeg - INFO - Mean accuracy: 0.9435039625243828
2024-11-25 12:09:14 - FewShotSeg - INFO - Validation Loss: 0.016797226388007402
2024-11-25 12:09:14 - FewShotSeg - INFO - Validation Mean IoU: 0.6851598314763168
2024-11-25 12:09:14 - FewShotSeg - INFO - Validation Mean Accuracy: 0.8997297500398554
2024-11-25 12:09:14 - FewShotSeg - INFO - Model saved!
2024-11-25 12:09:14 - FewShotSeg - INFO - Epoch: 7
2024-11-25 12:09:14 - FewShotSeg - INFO - Epoch: 7
2024-11-25 12:09:14 - FewShotSeg - INFO - Loss: 0.015767062082886696
2024-11-25 12:09:14 - FewShotSeg - INFO - Mean_iou: 0.8976340847865578
2024-11-25 12:09:14 - FewShotSeg - INFO - Mean accuracy: 0.9163745088597516
2024-11-25 12:09:23 - FewShotSeg - INFO - Validation Loss: 0.014768595458008349
2024-11-25 12:09:23 - FewShotSeg - INFO - Validation Mean IoU: 0.7145396498214265
2024-11-25 12:09:23 - FewShotSeg - INFO - Validation Mean Accuracy: 0.8774250702828841
2024-11-25 12:09:24 - FewShotSeg - INFO - Model saved!
2024-11-25 12:09:24 - FewShotSeg - INFO - Epoch: 8
2024-11-25 12:09:24 - FewShotSeg - INFO - Epoch: 8
2024-11-25 12:09:24 - FewShotSeg - INFO - Loss: 0.014333697967231274
2024-11-25 12:09:24 - FewShotSeg - INFO - Mean_iou: 0.9108936525423537
2024-11-25 12:09:24 - FewShotSeg - INFO - Mean accuracy: 0.9169008935095331
2024-11-25 12:09:33 - FewShotSeg - INFO - Validation Loss: 0.01289912115316838
2024-11-25 12:09:33 - FewShotSeg - INFO - Validation Mean IoU: 0.6994562276924721
2024-11-25 12:09:33 - FewShotSeg - INFO - Validation Mean Accuracy: 0.9010927794045577
2024-11-25 12:09:33 - FewShotSeg - INFO - Epoch: 9
2024-11-25 12:09:33 - FewShotSeg - INFO - Epoch: 9
2024-11-25 12:09:33 - FewShotSeg - INFO - Loss: 0.013543989509344101
2024-11-25 12:09:33 - FewShotSeg - INFO - Mean_iou: 0.8339504685844412
2024-11-25 12:09:33 - FewShotSeg - INFO - Mean accuracy: 0.9119538401308892
2024-11-25 12:09:42 - FewShotSeg - INFO - Validation Loss: 0.012160600395873189
2024-11-25 12:09:42 - FewShotSeg - INFO - Validation Mean IoU: 0.7410189076204142
2024-11-25 12:09:42 - FewShotSeg - INFO - Validation Mean Accuracy: 0.8773695310821603
2024-11-25 12:09:43 - FewShotSeg - INFO - Model saved!
2024-11-25 12:09:43 - FewShotSeg - INFO - Epoch: 10
2024-11-25 12:09:43 - FewShotSeg - INFO - Epoch: 10
2024-11-25 12:09:43 - FewShotSeg - INFO - Loss: 0.00975378230214119
2024-11-25 12:09:43 - FewShotSeg - INFO - Mean_iou: 0.8610134270661235
2024-11-25 12:09:43 - FewShotSeg - INFO - Mean accuracy: 0.897789383324984
2024-11-25 12:09:52 - FewShotSeg - INFO - Validation Loss: 0.010494578629732132
2024-11-25 12:09:52 - FewShotSeg - INFO - Validation Mean IoU: 0.7218172735894719
2024-11-25 12:09:52 - FewShotSeg - INFO - Validation Mean Accuracy: 0.9127566446472557
2024-11-25 12:09:52 - FewShotSeg - INFO - Epoch: 11
2024-11-25 12:09:52 - FewShotSeg - INFO - Epoch: 11
2024-11-25 12:09:52 - FewShotSeg - INFO - Loss: 0.00862138345837593
2024-11-25 12:09:52 - FewShotSeg - INFO - Mean_iou: 0.8499592710228185
2024-11-25 12:09:52 - FewShotSeg - INFO - Mean accuracy: 0.8967491738436143
2024-11-25 12:10:01 - FewShotSeg - INFO - Validation Loss: 0.00990885659120977
2024-11-25 12:10:01 - FewShotSeg - INFO - Validation Mean IoU: 0.682177606501028
2024-11-25 12:10:01 - FewShotSeg - INFO - Validation Mean Accuracy: 0.9067949797575664
2024-11-25 12:10:01 - FewShotSeg - INFO - Epoch: 12
2024-11-25 12:10:01 - FewShotSeg - INFO - Epoch: 12
2024-11-25 12:10:01 - FewShotSeg - INFO - Loss: 0.008483869954943657
2024-11-25 12:10:01 - FewShotSeg - INFO - Mean_iou: 0.9365719830019525
2024-11-25 12:10:01 - FewShotSeg - INFO - Mean accuracy: 0.9517859916130716
2024-11-25 12:10:10 - FewShotSeg - INFO - Validation Loss: 0.008917072089388967
2024-11-25 12:10:10 - FewShotSeg - INFO - Validation Mean IoU: 0.7388978787489635
2024-11-25 12:10:10 - FewShotSeg - INFO - Validation Mean Accuracy: 0.9458732500260224
2024-11-25 12:10:10 - FewShotSeg - INFO - Epoch: 13
2024-11-25 12:10:11 - FewShotSeg - INFO - Epoch: 13
2024-11-25 12:10:11 - FewShotSeg - INFO - Loss: 0.00687040202319622
2024-11-25 12:10:11 - FewShotSeg - INFO - Mean_iou: 0.899583280335853
2024-11-25 12:10:11 - FewShotSeg - INFO - Mean accuracy: 0.990985500770937
2024-11-25 12:10:20 - FewShotSeg - INFO - Validation Loss: 0.00809853826649487
2024-11-25 12:10:20 - FewShotSeg - INFO - Validation Mean IoU: 0.7416624203092753
2024-11-25 12:10:20 - FewShotSeg - INFO - Validation Mean Accuracy: 0.9233210030739409
2024-11-25 12:10:20 - FewShotSeg - INFO - Model saved!
2024-11-25 12:10:20 - FewShotSeg - INFO - Epoch: 14
2024-11-25 12:10:20 - FewShotSeg - INFO - Epoch: 14
2024-11-25 12:10:20 - FewShotSeg - INFO - Loss: 0.006742951925843954
2024-11-25 12:10:20 - FewShotSeg - INFO - Mean_iou: 0.9265353672107931
2024-11-25 12:10:20 - FewShotSeg - INFO - Mean accuracy: 0.9673115421492855
2024-11-25 12:10:29 - FewShotSeg - INFO - Validation Loss: 0.008318608859553933
2024-11-25 12:10:29 - FewShotSeg - INFO - Validation Mean IoU: 0.6985150014785443
2024-11-25 12:10:29 - FewShotSeg - INFO - Validation Mean Accuracy: 0.9101528374106501
2024-11-25 12:10:29 - FewShotSeg - INFO - Epoch: 15
2024-11-25 12:10:29 - FewShotSeg - INFO - Epoch: 15
2024-11-25 12:10:29 - FewShotSeg - INFO - Loss: 0.005374297499656677
2024-11-25 12:10:29 - FewShotSeg - INFO - Mean_iou: 0.9509947372979148
2024-11-25 12:10:29 - FewShotSeg - INFO - Mean accuracy: 0.9727333335211914
2024-11-25 12:10:38 - FewShotSeg - INFO - Validation Loss: 0.007388595724478364
2024-11-25 12:10:38 - FewShotSeg - INFO - Validation Mean IoU: 0.6944727251889893
2024-11-25 12:10:38 - FewShotSeg - INFO - Validation Mean Accuracy: 0.9405005866291695
2024-11-25 12:10:38 - FewShotSeg - INFO - Epoch: 16
2024-11-25 12:10:39 - FewShotSeg - INFO - Epoch: 16
2024-11-25 12:10:39 - FewShotSeg - INFO - Loss: 0.005871536675840616
2024-11-25 12:10:39 - FewShotSeg - INFO - Mean_iou: 0.9203414650175743
2024-11-25 12:10:39 - FewShotSeg - INFO - Mean accuracy: 0.9657461607877839
2024-11-25 12:10:48 - FewShotSeg - INFO - Validation Loss: 0.0072285738424398005
2024-11-25 12:10:48 - FewShotSeg - INFO - Validation Mean IoU: 0.756528099353136
2024-11-25 12:10:48 - FewShotSeg - INFO - Validation Mean Accuracy: 0.9285079003679947
2024-11-25 12:10:48 - FewShotSeg - INFO - Model saved!
2024-11-25 12:10:48 - FewShotSeg - INFO - Epoch: 17
2024-11-25 12:10:48 - FewShotSeg - INFO - Epoch: 17
2024-11-25 12:10:48 - FewShotSeg - INFO - Loss: 0.004791107960045338
2024-11-25 12:10:48 - FewShotSeg - INFO - Mean_iou: 0.9500651967015433
2024-11-25 12:10:48 - FewShotSeg - INFO - Mean accuracy: 0.9673327589153269
2024-11-25 12:10:57 - FewShotSeg - INFO - Validation Loss: 0.0061746061546728015
2024-11-25 12:10:57 - FewShotSeg - INFO - Validation Mean IoU: 0.82200866901568
2024-11-25 12:10:57 - FewShotSeg - INFO - Validation Mean Accuracy: 0.9418689501690158
2024-11-25 12:10:58 - FewShotSeg - INFO - Model saved!
2024-11-25 12:10:58 - FewShotSeg - INFO - Epoch: 18
2024-11-25 12:10:58 - FewShotSeg - INFO - Epoch: 18
2024-11-25 12:10:58 - FewShotSeg - INFO - Loss: 0.006089653819799423
2024-11-25 12:10:58 - FewShotSeg - INFO - Mean_iou: 0.8974228619536518
2024-11-25 12:10:58 - FewShotSeg - INFO - Mean accuracy: 0.9738282170157374
2024-11-25 12:11:07 - FewShotSeg - INFO - Validation Loss: 0.006242329371161759
2024-11-25 12:11:07 - FewShotSeg - INFO - Validation Mean IoU: 0.7950267949358645
2024-11-25 12:11:07 - FewShotSeg - INFO - Validation Mean Accuracy: 0.9478659628735047
2024-11-25 12:11:07 - FewShotSeg - INFO - Epoch: 19
2024-11-25 12:11:07 - FewShotSeg - INFO - Epoch: 19
2024-11-25 12:11:07 - FewShotSeg - INFO - Loss: 0.00599454902112484
2024-11-25 12:11:07 - FewShotSeg - INFO - Mean_iou: 0.9284234027910157
2024-11-25 12:11:07 - FewShotSeg - INFO - Mean accuracy: 0.9726502722829748
2024-11-25 12:11:16 - FewShotSeg - INFO - Validation Loss: 0.005964563111774623
2024-11-25 12:11:16 - FewShotSeg - INFO - Validation Mean IoU: 0.8228542552614914
2024-11-25 12:11:16 - FewShotSeg - INFO - Validation Mean Accuracy: 0.9270088537064254
2024-11-25 12:11:17 - FewShotSeg - INFO - Model saved!
2024-11-25 12:11:17 - FewShotSeg - INFO - Epoch: 20
2024-11-25 12:11:17 - FewShotSeg - INFO - Epoch: 20
2024-11-25 12:11:17 - FewShotSeg - INFO - Loss: 0.004656839184463024
2024-11-25 12:11:17 - FewShotSeg - INFO - Mean_iou: 0.8990868764866086
2024-11-25 12:11:17 - FewShotSeg - INFO - Mean accuracy: 0.9770093902174205
2024-11-25 12:11:26 - FewShotSeg - INFO - Validation Loss: 0.005753037170507014
2024-11-25 12:11:26 - FewShotSeg - INFO - Validation Mean IoU: 0.7885074890680466
2024-11-25 12:11:26 - FewShotSeg - INFO - Validation Mean Accuracy: 0.9562633516933009
2024-11-25 12:11:26 - FewShotSeg - INFO - Epoch: 21
2024-11-25 12:11:26 - FewShotSeg - INFO - Epoch: 21
2024-11-25 12:11:26 - FewShotSeg - INFO - Loss: 0.00626567006111145
2024-11-25 12:11:26 - FewShotSeg - INFO - Mean_iou: 0.925414701448826
2024-11-25 12:11:26 - FewShotSeg - INFO - Mean accuracy: 0.9815570811574981
2024-11-25 12:11:35 - FewShotSeg - INFO - Validation Loss: 0.00600753613980487
2024-11-25 12:11:35 - FewShotSeg - INFO - Validation Mean IoU: 0.8163343558956753
2024-11-25 12:11:35 - FewShotSeg - INFO - Validation Mean Accuracy: 0.951664902319317
2024-11-25 12:11:35 - FewShotSeg - INFO - Epoch: 22
2024-11-25 12:11:36 - FewShotSeg - INFO - Epoch: 22
2024-11-25 12:11:36 - FewShotSeg - INFO - Loss: 0.0042008585296571255
2024-11-25 12:11:36 - FewShotSeg - INFO - Mean_iou: 0.906039199735383
2024-11-25 12:11:36 - FewShotSeg - INFO - Mean accuracy: 0.9898907799646546
2024-11-25 12:11:45 - FewShotSeg - INFO - Validation Loss: 0.005510945338755846
2024-11-25 12:11:45 - FewShotSeg - INFO - Validation Mean IoU: 0.7890249776888292
2024-11-25 12:11:45 - FewShotSeg - INFO - Validation Mean Accuracy: 0.9618388791553906
2024-11-25 12:11:45 - FewShotSeg - INFO - Epoch: 23
2024-11-25 12:11:45 - FewShotSeg - INFO - Epoch: 23
2024-11-25 12:11:45 - FewShotSeg - INFO - Loss: 0.0036298809573054314
2024-11-25 12:11:45 - FewShotSeg - INFO - Mean_iou: 0.939607243970718
2024-11-25 12:11:45 - FewShotSeg - INFO - Mean accuracy: 0.9823935483271649
2024-11-25 12:11:54 - FewShotSeg - INFO - Validation Loss: 0.004932595009449869
2024-11-25 12:11:54 - FewShotSeg - INFO - Validation Mean IoU: 0.8297587294646903
2024-11-25 12:11:54 - FewShotSeg - INFO - Validation Mean Accuracy: 0.9368666807510466
2024-11-25 12:11:54 - FewShotSeg - INFO - Model saved!
2024-11-25 12:11:54 - FewShotSeg - INFO - Epoch: 24
2024-11-25 12:11:55 - FewShotSeg - INFO - Epoch: 24
2024-11-25 12:11:55 - FewShotSeg - INFO - Loss: 0.0049488055519759655
2024-11-25 12:11:55 - FewShotSeg - INFO - Mean_iou: 0.9152611030735986
2024-11-25 12:11:55 - FewShotSeg - INFO - Mean accuracy: 0.9356500378952796
2024-11-25 12:12:03 - FewShotSeg - INFO - Validation Loss: 0.004567401832900941
2024-11-25 12:12:03 - FewShotSeg - INFO - Validation Mean IoU: 0.7611919208211303
2024-11-25 12:12:03 - FewShotSeg - INFO - Validation Mean Accuracy: 0.9533677827013809
2024-11-25 12:12:03 - FewShotSeg - INFO - Epoch: 25
2024-11-25 12:12:04 - FewShotSeg - INFO - Epoch: 25
2024-11-25 12:12:04 - FewShotSeg - INFO - Loss: 0.005389790050685406
2024-11-25 12:12:04 - FewShotSeg - INFO - Mean_iou: 0.9360264369462721
2024-11-25 12:12:04 - FewShotSeg - INFO - Mean accuracy: 0.9653692908813808
2024-11-25 12:12:13 - FewShotSeg - INFO - Validation Loss: 0.00483408838044852
2024-11-25 12:12:13 - FewShotSeg - INFO - Validation Mean IoU: 0.7867884088978656
2024-11-25 12:12:13 - FewShotSeg - INFO - Validation Mean Accuracy: 0.9302567666012508
2024-11-25 12:12:13 - FewShotSeg - INFO - Epoch: 26
2024-11-25 12:12:13 - FewShotSeg - INFO - Epoch: 26
2024-11-25 12:12:13 - FewShotSeg - INFO - Loss: 0.0033200206235051155
2024-11-25 12:12:13 - FewShotSeg - INFO - Mean_iou: 0.9157190102675874
2024-11-25 12:12:13 - FewShotSeg - INFO - Mean accuracy: 0.9249909523995864
2024-11-25 12:12:22 - FewShotSeg - INFO - Validation Loss: 0.004503007046878338
2024-11-25 12:12:22 - FewShotSeg - INFO - Validation Mean IoU: 0.8339129164531313
2024-11-25 12:12:22 - FewShotSeg - INFO - Validation Mean Accuracy: 0.9420601495133314
2024-11-25 12:12:22 - FewShotSeg - INFO - Model saved!
2024-11-25 12:12:22 - FewShotSeg - INFO - Epoch: 27
2024-11-25 12:12:22 - FewShotSeg - INFO - Epoch: 27
2024-11-25 12:12:22 - FewShotSeg - INFO - Loss: 0.0024437292013317347
2024-11-25 12:12:22 - FewShotSeg - INFO - Mean_iou: 0.9449024469531516
2024-11-25 12:12:22 - FewShotSeg - INFO - Mean accuracy: 0.9637812967133579
2024-11-25 12:12:31 - FewShotSeg - INFO - Validation Loss: 0.004457227041712031
2024-11-25 12:12:31 - FewShotSeg - INFO - Validation Mean IoU: 0.7192473367262646
2024-11-25 12:12:31 - FewShotSeg - INFO - Validation Mean Accuracy: 0.9422707758299189
2024-11-25 12:12:31 - FewShotSeg - INFO - Epoch: 28
2024-11-25 12:12:32 - FewShotSeg - INFO - Epoch: 28
2024-11-25 12:12:32 - FewShotSeg - INFO - Loss: 0.0022554805036634207
2024-11-25 12:12:32 - FewShotSeg - INFO - Mean_iou: 0.9193781608343129
2024-11-25 12:12:32 - FewShotSeg - INFO - Mean accuracy: 0.9293679311740369
2024-11-25 12:12:41 - FewShotSeg - INFO - Validation Loss: 0.004101386293768883
2024-11-25 12:12:41 - FewShotSeg - INFO - Validation Mean IoU: 0.835017647960685
2024-11-25 12:12:41 - FewShotSeg - INFO - Validation Mean Accuracy: 0.9485214282109102
2024-11-25 12:12:41 - FewShotSeg - INFO - Model saved!
2024-11-25 12:12:41 - FewShotSeg - INFO - Epoch: 29
2024-11-25 12:12:41 - FewShotSeg - INFO - Epoch: 29
2024-11-25 12:12:41 - FewShotSeg - INFO - Loss: 0.0034077719319611788
2024-11-25 12:12:41 - FewShotSeg - INFO - Mean_iou: 0.9605839930842481
2024-11-25 12:12:41 - FewShotSeg - INFO - Mean accuracy: 0.9723174480463188
2024-11-25 12:12:50 - FewShotSeg - INFO - Validation Loss: 0.004412971698911861
2024-11-25 12:12:50 - FewShotSeg - INFO - Validation Mean IoU: 0.7907826026192973
2024-11-25 12:12:50 - FewShotSeg - INFO - Validation Mean Accuracy: 0.9364554218231421
2024-11-25 12:12:50 - FewShotSeg - INFO - Epoch: 30
2024-11-25 12:12:50 - FewShotSeg - INFO - Epoch: 30
2024-11-25 12:12:50 - FewShotSeg - INFO - Loss: 0.003939404152333736
2024-11-25 12:12:50 - FewShotSeg - INFO - Mean_iou: 0.9417712625779289
2024-11-25 12:12:50 - FewShotSeg - INFO - Mean accuracy: 0.9831768343748518
2024-11-25 12:12:59 - FewShotSeg - INFO - Validation Loss: 0.00435602935613133
2024-11-25 12:12:59 - FewShotSeg - INFO - Validation Mean IoU: 0.7533427939945453
2024-11-25 12:12:59 - FewShotSeg - INFO - Validation Mean Accuracy: 0.9302561698285906
2024-11-25 12:12:59 - FewShotSeg - INFO - Epoch: 31
2024-11-25 12:13:00 - FewShotSeg - INFO - Epoch: 31
2024-11-25 12:13:00 - FewShotSeg - INFO - Loss: 0.002655360382050276
2024-11-25 12:13:00 - FewShotSeg - INFO - Mean_iou: 0.9354820109555678
2024-11-25 12:13:00 - FewShotSeg - INFO - Mean accuracy: 0.9811282918594495
2024-11-25 12:13:08 - FewShotSeg - INFO - Validation Loss: 0.004163959441939369
2024-11-25 12:13:08 - FewShotSeg - INFO - Validation Mean IoU: 0.8709176339112441
2024-11-25 12:13:08 - FewShotSeg - INFO - Validation Mean Accuracy: 0.9537727690650042
2024-11-25 12:13:09 - FewShotSeg - INFO - Model saved!
2024-11-25 12:13:09 - FewShotSeg - INFO - Epoch: 32
2024-11-25 12:13:09 - FewShotSeg - INFO - Epoch: 32
2024-11-25 12:13:09 - FewShotSeg - INFO - Loss: 0.002864199923351407
2024-11-25 12:13:09 - FewShotSeg - INFO - Mean_iou: 0.9014773271349008
2024-11-25 12:13:09 - FewShotSeg - INFO - Mean accuracy: 0.9904791866142167
2024-11-25 12:13:18 - FewShotSeg - INFO - Validation Loss: 0.003991474746726453
2024-11-25 12:13:18 - FewShotSeg - INFO - Validation Mean IoU: 0.8338744946829815
2024-11-25 12:13:18 - FewShotSeg - INFO - Validation Mean Accuracy: 0.9423391595271338
2024-11-25 12:13:18 - FewShotSeg - INFO - Epoch: 33
2024-11-25 12:13:18 - FewShotSeg - INFO - Epoch: 33
2024-11-25 12:13:18 - FewShotSeg - INFO - Loss: 0.0023867618292570114
2024-11-25 12:13:18 - FewShotSeg - INFO - Mean_iou: 0.9232051743421357
2024-11-25 12:13:18 - FewShotSeg - INFO - Mean accuracy: 0.9494325157988243
2024-11-25 12:13:27 - FewShotSeg - INFO - Validation Loss: 0.004035631136503071
2024-11-25 12:13:27 - FewShotSeg - INFO - Validation Mean IoU: 0.8000193364237331
2024-11-25 12:13:27 - FewShotSeg - INFO - Validation Mean Accuracy: 0.9433803977773089
2024-11-25 12:13:27 - FewShotSeg - INFO - Epoch: 34
2024-11-25 12:13:27 - FewShotSeg - INFO - Epoch: 34
2024-11-25 12:13:27 - FewShotSeg - INFO - Loss: 0.002575302729383111
2024-11-25 12:13:27 - FewShotSeg - INFO - Mean_iou: 0.9252049510198413
2024-11-25 12:13:27 - FewShotSeg - INFO - Mean accuracy: 0.93601253012937
2024-11-25 12:13:36 - FewShotSeg - INFO - Validation Loss: 0.0039609368541277945
2024-11-25 12:13:36 - FewShotSeg - INFO - Validation Mean IoU: 0.836446786912675
2024-11-25 12:13:36 - FewShotSeg - INFO - Validation Mean Accuracy: 0.9405628360649303
2024-11-25 12:13:36 - FewShotSeg - INFO - Epoch: 35
2024-11-25 12:13:37 - FewShotSeg - INFO - Epoch: 35
2024-11-25 12:13:37 - FewShotSeg - INFO - Loss: 0.0035881465300917625
2024-11-25 12:13:37 - FewShotSeg - INFO - Mean_iou: 0.9346430006772147
2024-11-25 12:13:37 - FewShotSeg - INFO - Mean accuracy: 0.9818338139857139
2024-11-25 12:13:45 - FewShotSeg - INFO - Validation Loss: 0.0037496459553949535
2024-11-25 12:13:45 - FewShotSeg - INFO - Validation Mean IoU: 0.8012896212353939
2024-11-25 12:13:45 - FewShotSeg - INFO - Validation Mean Accuracy: 0.9464875761229613
2024-11-25 12:13:45 - FewShotSeg - INFO - Epoch: 36
2024-11-25 12:13:46 - FewShotSeg - INFO - Epoch: 36
2024-11-25 12:13:46 - FewShotSeg - INFO - Loss: 0.0016450888942927122
2024-11-25 12:13:46 - FewShotSeg - INFO - Mean_iou: 0.9442026490924823
2024-11-25 12:13:46 - FewShotSeg - INFO - Mean accuracy: 0.9849370661516983
2024-11-25 12:13:55 - FewShotSeg - INFO - Validation Loss: 0.0037684042763430625
2024-11-25 12:13:55 - FewShotSeg - INFO - Validation Mean IoU: 0.801801876167783
2024-11-25 12:13:55 - FewShotSeg - INFO - Validation Mean Accuracy: 0.9498689498768511
2024-11-25 12:13:55 - FewShotSeg - INFO - Epoch: 37
2024-11-25 12:13:55 - FewShotSeg - INFO - Epoch: 37
2024-11-25 12:13:55 - FewShotSeg - INFO - Loss: 0.0020275097340345383
2024-11-25 12:13:55 - FewShotSeg - INFO - Mean_iou: 0.9274489243419813
2024-11-25 12:13:55 - FewShotSeg - INFO - Mean accuracy: 0.9605378075173517
2024-11-25 12:14:04 - FewShotSeg - INFO - Validation Loss: 0.0035566909064073116
2024-11-25 12:14:04 - FewShotSeg - INFO - Validation Mean IoU: 0.7599061243083868
2024-11-25 12:14:04 - FewShotSeg - INFO - Validation Mean Accuracy: 0.9572189762369471
2024-11-25 12:14:04 - FewShotSeg - INFO - Epoch: 38
2024-11-25 12:14:04 - FewShotSeg - INFO - Epoch: 38
2024-11-25 12:14:04 - FewShotSeg - INFO - Loss: 0.002947211731225252
2024-11-25 12:14:04 - FewShotSeg - INFO - Mean_iou: 0.9377126289028371
2024-11-25 12:14:04 - FewShotSeg - INFO - Mean accuracy: 0.964751328022624
2024-11-25 12:14:13 - FewShotSeg - INFO - Validation Loss: 0.003772788855712861
2024-11-25 12:14:13 - FewShotSeg - INFO - Validation Mean IoU: 0.795124195430179
2024-11-25 12:14:13 - FewShotSeg - INFO - Validation Mean Accuracy: 0.9471816049867471
2024-11-25 12:14:13 - FewShotSeg - INFO - Epoch: 39
2024-11-25 12:14:13 - FewShotSeg - INFO - Epoch: 39
2024-11-25 12:14:13 - FewShotSeg - INFO - Loss: 0.001486091292463243
2024-11-25 12:14:13 - FewShotSeg - INFO - Mean_iou: 0.9539042152029324
2024-11-25 12:14:13 - FewShotSeg - INFO - Mean accuracy: 0.9910121912206521
2024-11-25 12:14:22 - FewShotSeg - INFO - Validation Loss: 0.0041114525811281055
2024-11-25 12:14:22 - FewShotSeg - INFO - Validation Mean IoU: 0.8331131879019776
2024-11-25 12:14:22 - FewShotSeg - INFO - Validation Mean Accuracy: 0.9345524446498462
2024-11-25 12:14:22 - FewShotSeg - INFO - Epoch: 40
2024-11-25 12:14:23 - FewShotSeg - INFO - Epoch: 40
2024-11-25 12:14:23 - FewShotSeg - INFO - Loss: 0.001744610257446766
2024-11-25 12:14:23 - FewShotSeg - INFO - Mean_iou: 0.9463836709577801
2024-11-25 12:14:23 - FewShotSeg - INFO - Mean accuracy: 0.9776062374860391
2024-11-25 12:14:31 - FewShotSeg - INFO - Validation Loss: 0.0038439848576672375
2024-11-25 12:14:31 - FewShotSeg - INFO - Validation Mean IoU: 0.8333010292143788
2024-11-25 12:14:31 - FewShotSeg - INFO - Validation Mean Accuracy: 0.9287731647673404
2024-11-25 12:14:31 - FewShotSeg - INFO - Epoch: 41
2024-11-25 12:14:32 - FewShotSeg - INFO - Epoch: 41
2024-11-25 12:14:32 - FewShotSeg - INFO - Loss: 0.0028246091678738594
2024-11-25 12:14:32 - FewShotSeg - INFO - Mean_iou: 0.9515903818014548
2024-11-25 12:14:32 - FewShotSeg - INFO - Mean accuracy: 0.9589211951288663
2024-11-25 12:14:41 - FewShotSeg - INFO - Validation Loss: 0.003432253055507317
2024-11-25 12:14:41 - FewShotSeg - INFO - Validation Mean IoU: 0.8045858960544713
2024-11-25 12:14:41 - FewShotSeg - INFO - Validation Mean Accuracy: 0.9611850238054211
2024-11-25 12:14:41 - FewShotSeg - INFO - Epoch: 42
2024-11-25 12:14:41 - FewShotSeg - INFO - Epoch: 42
2024-11-25 12:14:41 - FewShotSeg - INFO - Loss: 0.0020971510093659163
2024-11-25 12:14:41 - FewShotSeg - INFO - Mean_iou: 0.9511383711122784
2024-11-25 12:14:41 - FewShotSeg - INFO - Mean accuracy: 0.9849911521845444
2024-11-25 12:14:50 - FewShotSeg - INFO - Validation Loss: 0.0036417093506315723
2024-11-25 12:14:50 - FewShotSeg - INFO - Validation Mean IoU: 0.8358367879192845
2024-11-25 12:14:50 - FewShotSeg - INFO - Validation Mean Accuracy: 0.9404349842756765
2024-11-25 12:14:50 - FewShotSeg - INFO - Epoch: 43
2024-11-25 12:14:50 - FewShotSeg - INFO - Epoch: 43
2024-11-25 12:14:50 - FewShotSeg - INFO - Loss: 0.0021686996333301067
2024-11-25 12:14:50 - FewShotSeg - INFO - Mean_iou: 0.9668776188996666
2024-11-25 12:14:50 - FewShotSeg - INFO - Mean accuracy: 0.9803681474400852
2024-11-25 12:14:59 - FewShotSeg - INFO - Validation Loss: 0.003471797739621252
2024-11-25 12:14:59 - FewShotSeg - INFO - Validation Mean IoU: 0.8034771390795717
2024-11-25 12:14:59 - FewShotSeg - INFO - Validation Mean Accuracy: 0.9600035103520626
2024-11-25 12:14:59 - FewShotSeg - INFO - Epoch: 44
2024-11-25 12:14:59 - FewShotSeg - INFO - Epoch: 44
2024-11-25 12:14:59 - FewShotSeg - INFO - Loss: 0.002231369260698557
2024-11-25 12:14:59 - FewShotSeg - INFO - Mean_iou: 0.9678915807865941
2024-11-25 12:14:59 - FewShotSeg - INFO - Mean accuracy: 0.9857826222022978
2024-11-25 12:15:08 - FewShotSeg - INFO - Validation Loss: 0.003974638326326385
2024-11-25 12:15:08 - FewShotSeg - INFO - Validation Mean IoU: 0.7936282282932239
2024-11-25 12:15:08 - FewShotSeg - INFO - Validation Mean Accuracy: 0.9470778955096647
2024-11-25 12:15:08 - FewShotSeg - INFO - Epoch: 45
2024-11-25 12:15:08 - FewShotSeg - INFO - Epoch: 45
2024-11-25 12:15:08 - FewShotSeg - INFO - Loss: 0.0027286820113658905
2024-11-25 12:15:08 - FewShotSeg - INFO - Mean_iou: 0.9239423927954876
2024-11-25 12:15:08 - FewShotSeg - INFO - Mean accuracy: 0.9892875169463976
2024-11-25 12:15:17 - FewShotSeg - INFO - Validation Loss: 0.003922677162336186
2024-11-25 12:15:17 - FewShotSeg - INFO - Validation Mean IoU: 0.7556628831233853
2024-11-25 12:15:17 - FewShotSeg - INFO - Validation Mean Accuracy: 0.9361884248699996
2024-11-25 12:15:17 - FewShotSeg - INFO - Epoch: 46
2024-11-25 12:15:18 - FewShotSeg - INFO - Epoch: 46
2024-11-25 12:15:18 - FewShotSeg - INFO - Loss: 0.002099014353007078
2024-11-25 12:15:18 - FewShotSeg - INFO - Mean_iou: 0.961879415102149
2024-11-25 12:15:18 - FewShotSeg - INFO - Mean accuracy: 0.9885996881738497
2024-11-25 12:15:26 - FewShotSeg - INFO - Validation Loss: 0.0035002360527869314
2024-11-25 12:15:26 - FewShotSeg - INFO - Validation Mean IoU: 0.8018495298257033
2024-11-25 12:15:26 - FewShotSeg - INFO - Validation Mean Accuracy: 0.9522040564102687
2024-11-25 12:15:26 - FewShotSeg - INFO - Epoch: 47
2024-11-25 12:15:27 - FewShotSeg - INFO - Epoch: 47
2024-11-25 12:15:27 - FewShotSeg - INFO - Loss: 0.0020670366939157248
2024-11-25 12:15:27 - FewShotSeg - INFO - Mean_iou: 0.9321181252689884
2024-11-25 12:15:27 - FewShotSeg - INFO - Mean accuracy: 0.9829176161438072
2024-11-25 12:15:36 - FewShotSeg - INFO - Validation Loss: 0.0036697609612019733
2024-11-25 12:15:36 - FewShotSeg - INFO - Validation Mean IoU: 0.8391449501832002
2024-11-25 12:15:36 - FewShotSeg - INFO - Validation Mean Accuracy: 0.942420637036263
2024-11-25 12:15:36 - FewShotSeg - INFO - Epoch: 48
2024-11-25 12:15:36 - FewShotSeg - INFO - Epoch: 48
2024-11-25 12:15:36 - FewShotSeg - INFO - Loss: 0.0018907523481175303
2024-11-25 12:15:36 - FewShotSeg - INFO - Mean_iou: 0.9469977320275927
2024-11-25 12:15:36 - FewShotSeg - INFO - Mean accuracy: 0.9545067562473762
2024-11-25 12:15:45 - FewShotSeg - INFO - Validation Loss: 0.004105302941752598
2024-11-25 12:15:45 - FewShotSeg - INFO - Validation Mean IoU: 0.8357021526292756
2024-11-25 12:15:45 - FewShotSeg - INFO - Validation Mean Accuracy: 0.9385369015521726
2024-11-25 12:15:45 - FewShotSeg - INFO - Epoch: 49
2024-11-25 12:15:45 - FewShotSeg - INFO - Epoch: 49
2024-11-25 12:15:45 - FewShotSeg - INFO - Loss: 0.0011001991806551814
2024-11-25 12:15:45 - FewShotSeg - INFO - Mean_iou: 0.9572863999447255
2024-11-25 12:15:45 - FewShotSeg - INFO - Mean accuracy: 0.9865080406848151
2024-11-25 12:15:54 - FewShotSeg - INFO - Validation Loss: 0.0037615688052028418
2024-11-25 12:15:54 - FewShotSeg - INFO - Validation Mean IoU: 0.8344552288777926
2024-11-25 12:15:54 - FewShotSeg - INFO - Validation Mean Accuracy: 0.9396374650851919
2024-11-25 12:28:15 - FewShotSeg - INFO - Epoch: 0
2024-11-25 12:28:16 - FewShotSeg - INFO - Epoch: 0
2024-11-25 12:28:16 - FewShotSeg - INFO - Loss: 1.5217952728271484
2024-11-25 12:28:16 - FewShotSeg - INFO - Mean_iou: 0.05549987013126865
2024-11-25 12:28:16 - FewShotSeg - INFO - Mean accuracy: 0.14094688074654424
2024-11-25 12:28:24 - FewShotSeg - INFO - Validation Loss: 0.7182198017835617
2024-11-25 12:28:24 - FewShotSeg - INFO - Validation Mean IoU: 0.20894677904773823
2024-11-25 12:28:24 - FewShotSeg - INFO - Validation Mean Accuracy: 0.5442012890532042
2024-11-25 12:28:24 - FewShotSeg - INFO - Model saved!
2024-11-25 12:28:24 - FewShotSeg - INFO - Epoch: 1
2024-11-25 12:28:25 - FewShotSeg - INFO - Epoch: 1
2024-11-25 12:28:25 - FewShotSeg - INFO - Loss: 0.7183952927589417
2024-11-25 12:28:25 - FewShotSeg - INFO - Mean_iou: 0.2236837309718626
2024-11-25 12:28:25 - FewShotSeg - INFO - Mean accuracy: 0.5297256734118704
2024-11-25 12:28:33 - FewShotSeg - INFO - Validation Loss: 0.3324086219072342
2024-11-25 12:28:33 - FewShotSeg - INFO - Validation Mean IoU: 0.2643956831563368
2024-11-25 12:28:33 - FewShotSeg - INFO - Validation Mean Accuracy: 0.6769241305409763
2024-11-25 12:28:33 - FewShotSeg - INFO - Model saved!
2024-11-25 12:28:33 - FewShotSeg - INFO - Epoch: 2
2024-11-25 12:28:34 - FewShotSeg - INFO - Epoch: 2
2024-11-25 12:28:34 - FewShotSeg - INFO - Loss: 0.3178274929523468
2024-11-25 12:28:34 - FewShotSeg - INFO - Mean_iou: 0.4122093927258044
2024-11-25 12:28:34 - FewShotSeg - INFO - Mean accuracy: 0.5996288198603001
2024-11-25 12:28:42 - FewShotSeg - INFO - Validation Loss: 0.19822626560926437
2024-11-25 12:28:42 - FewShotSeg - INFO - Validation Mean IoU: 0.38178144075481807
2024-11-25 12:28:42 - FewShotSeg - INFO - Validation Mean Accuracy: 0.6691397065890291
2024-11-25 12:28:42 - FewShotSeg - INFO - Model saved!
2024-11-25 12:28:42 - FewShotSeg - INFO - Epoch: 3
2024-11-25 12:28:43 - FewShotSeg - INFO - Epoch: 3
2024-11-25 12:28:43 - FewShotSeg - INFO - Loss: 0.22133727371692657
2024-11-25 12:28:43 - FewShotSeg - INFO - Mean_iou: 0.23309180147893754
2024-11-25 12:28:43 - FewShotSeg - INFO - Mean accuracy: 0.39066125180162414
2024-11-25 12:28:51 - FewShotSeg - INFO - Validation Loss: 0.12140576168894768
2024-11-25 12:28:51 - FewShotSeg - INFO - Validation Mean IoU: 0.41481154178838336
2024-11-25 12:28:51 - FewShotSeg - INFO - Validation Mean Accuracy: 0.671129183187921
2024-11-25 12:28:51 - FewShotSeg - INFO - Model saved!
2024-11-25 12:28:51 - FewShotSeg - INFO - Epoch: 4
2024-11-25 12:28:52 - FewShotSeg - INFO - Epoch: 4
2024-11-25 12:28:52 - FewShotSeg - INFO - Loss: 0.13878363370895386
2024-11-25 12:28:52 - FewShotSeg - INFO - Mean_iou: 0.44137767071856837
2024-11-25 12:28:52 - FewShotSeg - INFO - Mean accuracy: 0.8436614527967712
2024-11-25 12:29:00 - FewShotSeg - INFO - Validation Loss: 0.09140769578516483
2024-11-25 12:29:00 - FewShotSeg - INFO - Validation Mean IoU: 0.44103398772835134
2024-11-25 12:29:00 - FewShotSeg - INFO - Validation Mean Accuracy: 0.7848779613112047
2024-11-25 12:29:00 - FewShotSeg - INFO - Model saved!
2024-11-25 12:29:00 - FewShotSeg - INFO - Epoch: 5
2024-11-25 12:29:01 - FewShotSeg - INFO - Epoch: 5
2024-11-25 12:29:01 - FewShotSeg - INFO - Loss: 0.09453544020652771
2024-11-25 12:29:01 - FewShotSeg - INFO - Mean_iou: 0.748884043222138
2024-11-25 12:29:01 - FewShotSeg - INFO - Mean accuracy: 0.8565183606225394
2024-11-25 12:29:09 - FewShotSeg - INFO - Validation Loss: 0.0707899872213602
2024-11-25 12:29:09 - FewShotSeg - INFO - Validation Mean IoU: 0.4126958863630482
2024-11-25 12:29:09 - FewShotSeg - INFO - Validation Mean Accuracy: 0.7097014139358848
2024-11-25 12:29:09 - FewShotSeg - INFO - Epoch: 6
2024-11-25 12:29:43 - FewShotSeg - INFO - Epoch: 0
2024-11-25 12:29:43 - FewShotSeg - INFO - Epoch: 0
2024-11-25 12:29:43 - FewShotSeg - INFO - Loss: 1.707032561302185
2024-11-25 12:29:43 - FewShotSeg - INFO - Mean_iou: 0.02335209740413833
2024-11-25 12:29:43 - FewShotSeg - INFO - Mean accuracy: 0.1924744938181725
2024-11-25 12:29:51 - FewShotSeg - INFO - Validation Loss: 0.7565247267484665
2024-11-25 12:29:51 - FewShotSeg - INFO - Validation Mean IoU: 0.19914011583242222
2024-11-25 12:29:51 - FewShotSeg - INFO - Validation Mean Accuracy: 0.5842492651357999
2024-11-25 12:29:52 - FewShotSeg - INFO - Model saved!
2024-11-25 12:29:52 - FewShotSeg - INFO - Epoch: 1
2024-11-25 12:29:52 - FewShotSeg - INFO - Epoch: 1
2024-11-25 12:29:52 - FewShotSeg - INFO - Loss: 0.8085181713104248
2024-11-25 12:29:52 - FewShotSeg - INFO - Mean_iou: 0.19094269046885753
2024-11-25 12:29:52 - FewShotSeg - INFO - Mean accuracy: 0.4956839320023678
2024-11-25 12:30:00 - FewShotSeg - INFO - Validation Loss: 0.34249671548604965
2024-11-25 12:30:00 - FewShotSeg - INFO - Validation Mean IoU: 0.28302640203669227
2024-11-25 12:30:00 - FewShotSeg - INFO - Validation Mean Accuracy: 0.6770348709045397
2024-11-25 12:30:01 - FewShotSeg - INFO - Model saved!
2024-11-25 12:30:01 - FewShotSeg - INFO - Epoch: 2
2024-11-25 12:30:01 - FewShotSeg - INFO - Epoch: 2
2024-11-25 12:30:01 - FewShotSeg - INFO - Loss: 0.3415187895298004
2024-11-25 12:30:01 - FewShotSeg - INFO - Mean_iou: 0.29037474756950366
2024-11-25 12:30:01 - FewShotSeg - INFO - Mean accuracy: 0.6299444884775339
2024-11-25 12:30:09 - FewShotSeg - INFO - Validation Loss: 0.20532503724098206
2024-11-25 12:30:09 - FewShotSeg - INFO - Validation Mean IoU: 0.33400605318189786
2024-11-25 12:30:09 - FewShotSeg - INFO - Validation Mean Accuracy: 0.5650413555948947
2024-11-25 12:30:10 - FewShotSeg - INFO - Model saved!
2024-11-25 12:30:10 - FewShotSeg - INFO - Epoch: 3
2024-11-25 12:30:10 - FewShotSeg - INFO - Epoch: 3
2024-11-25 12:30:10 - FewShotSeg - INFO - Loss: 0.21101678907871246
2024-11-25 12:30:10 - FewShotSeg - INFO - Mean_iou: 0.33416391159336883
2024-11-25 12:30:10 - FewShotSeg - INFO - Mean accuracy: 0.42887207366116376
2024-11-25 12:30:18 - FewShotSeg - INFO - Validation Loss: 0.1383884772658348
2024-11-25 12:30:18 - FewShotSeg - INFO - Validation Mean IoU: 0.4102803933364011
2024-11-25 12:30:18 - FewShotSeg - INFO - Validation Mean Accuracy: 0.6285626536481675
2024-11-25 12:30:19 - FewShotSeg - INFO - Model saved!
2024-11-25 12:30:19 - FewShotSeg - INFO - Epoch: 4
2024-11-25 12:30:19 - FewShotSeg - INFO - Epoch: 4
2024-11-25 12:30:19 - FewShotSeg - INFO - Loss: 0.12254959344863892
2024-11-25 12:30:19 - FewShotSeg - INFO - Mean_iou: 0.5107223327367862
2024-11-25 12:30:19 - FewShotSeg - INFO - Mean accuracy: 0.7822411538674344
2024-11-25 12:30:27 - FewShotSeg - INFO - Validation Loss: 0.12262127175927162
2024-11-25 12:30:27 - FewShotSeg - INFO - Validation Mean IoU: 0.37811458784997315
2024-11-25 12:30:27 - FewShotSeg - INFO - Validation Mean Accuracy: 0.6326144907353805
2024-11-25 12:30:27 - FewShotSeg - INFO - Epoch: 5
2024-11-25 12:30:28 - FewShotSeg - INFO - Epoch: 5
2024-11-25 12:30:28 - FewShotSeg - INFO - Loss: 0.13045474886894226
2024-11-25 12:30:28 - FewShotSeg - INFO - Mean_iou: 0.39357333352392565
2024-11-25 12:30:28 - FewShotSeg - INFO - Mean accuracy: 0.8134620844328873
2024-11-25 12:30:36 - FewShotSeg - INFO - Validation Loss: 0.09098607487976551
2024-11-25 12:30:36 - FewShotSeg - INFO - Validation Mean IoU: 0.4442979154563215
2024-11-25 12:30:36 - FewShotSeg - INFO - Validation Mean Accuracy: 0.8122951736637534
2024-11-25 12:30:36 - FewShotSeg - INFO - Model saved!
2024-11-25 12:30:36 - FewShotSeg - INFO - Epoch: 6
2024-11-25 12:30:37 - FewShotSeg - INFO - Epoch: 6
2024-11-25 12:30:37 - FewShotSeg - INFO - Loss: 0.10569879412651062
2024-11-25 12:30:37 - FewShotSeg - INFO - Mean_iou: 0.6024176935752339
2024-11-25 12:30:37 - FewShotSeg - INFO - Mean accuracy: 0.8400740830080412
2024-11-25 12:30:45 - FewShotSeg - INFO - Validation Loss: 0.07505285367369652
2024-11-25 12:30:45 - FewShotSeg - INFO - Validation Mean IoU: 0.4743363561910682
2024-11-25 12:30:45 - FewShotSeg - INFO - Validation Mean Accuracy: 0.7293119453501226
2024-11-25 12:30:45 - FewShotSeg - INFO - Model saved!
2024-11-25 12:30:45 - FewShotSeg - INFO - Epoch: 7
2024-11-25 12:30:46 - FewShotSeg - INFO - Epoch: 7
2024-11-25 12:30:46 - FewShotSeg - INFO - Loss: 0.06640779227018356
2024-11-25 12:30:46 - FewShotSeg - INFO - Mean_iou: 0.5539218368751806
2024-11-25 12:30:46 - FewShotSeg - INFO - Mean accuracy: 0.7303756441412771
2024-11-25 12:30:54 - FewShotSeg - INFO - Validation Loss: 0.06037277542054653
2024-11-25 12:30:54 - FewShotSeg - INFO - Validation Mean IoU: 0.4723546677092747
2024-11-25 12:30:54 - FewShotSeg - INFO - Validation Mean Accuracy: 0.7861864606866726
2024-11-25 12:30:54 - FewShotSeg - INFO - Epoch: 8
2024-11-25 12:30:54 - FewShotSeg - INFO - Epoch: 8
2024-11-25 12:30:54 - FewShotSeg - INFO - Loss: 0.0951094999909401
2024-11-25 12:30:54 - FewShotSeg - INFO - Mean_iou: 0.4880449154045376
2024-11-25 12:30:54 - FewShotSeg - INFO - Mean accuracy: 0.9629962554942302
2024-11-25 12:31:03 - FewShotSeg - INFO - Validation Loss: 0.05124854948371649
2024-11-25 12:31:03 - FewShotSeg - INFO - Validation Mean IoU: 0.4757830769267226
2024-11-25 12:31:03 - FewShotSeg - INFO - Validation Mean Accuracy: 0.7835288739338523
2024-11-25 12:31:03 - FewShotSeg - INFO - Model saved!
2024-11-25 12:31:03 - FewShotSeg - INFO - Epoch: 9
2024-11-25 12:31:04 - FewShotSeg - INFO - Epoch: 9
2024-11-25 12:31:04 - FewShotSeg - INFO - Loss: 0.045396748930215836
2024-11-25 12:31:04 - FewShotSeg - INFO - Mean_iou: 0.7713679510206708
2024-11-25 12:31:04 - FewShotSeg - INFO - Mean accuracy: 0.828733953186408
2024-11-25 12:31:12 - FewShotSeg - INFO - Validation Loss: 0.048244898207485676
2024-11-25 12:31:12 - FewShotSeg - INFO - Validation Mean IoU: 0.5198646741615743
2024-11-25 12:31:12 - FewShotSeg - INFO - Validation Mean Accuracy: 0.7872019398572502
2024-11-25 12:31:12 - FewShotSeg - INFO - Model saved!
2024-11-25 12:31:12 - FewShotSeg - INFO - Epoch: 10
2024-11-25 12:31:13 - FewShotSeg - INFO - Epoch: 10
2024-11-25 12:31:13 - FewShotSeg - INFO - Loss: 0.051704708486795425
2024-11-25 12:31:13 - FewShotSeg - INFO - Mean_iou: 0.6721037478663613
2024-11-25 12:31:13 - FewShotSeg - INFO - Mean accuracy: 0.6785272155108354
2024-11-25 12:31:21 - FewShotSeg - INFO - Validation Loss: 0.04425835516303778
2024-11-25 12:31:21 - FewShotSeg - INFO - Validation Mean IoU: 0.5010542473259014
2024-11-25 12:31:21 - FewShotSeg - INFO - Validation Mean Accuracy: 0.8014297100731003
2024-11-25 12:31:21 - FewShotSeg - INFO - Epoch: 11
2024-11-25 12:31:21 - FewShotSeg - INFO - Epoch: 11
2024-11-25 12:31:21 - FewShotSeg - INFO - Loss: 0.04484599083662033
2024-11-25 12:31:21 - FewShotSeg - INFO - Mean_iou: 0.6738975092907318
2024-11-25 12:31:21 - FewShotSeg - INFO - Mean accuracy: 0.7235247471348127
2024-11-25 12:31:30 - FewShotSeg - INFO - Validation Loss: 0.03993022441864014
2024-11-25 12:31:30 - FewShotSeg - INFO - Validation Mean IoU: 0.5967796646863565
2024-11-25 12:31:30 - FewShotSeg - INFO - Validation Mean Accuracy: 0.840425865511355
2024-11-25 12:31:30 - FewShotSeg - INFO - Model saved!
2024-11-25 12:31:30 - FewShotSeg - INFO - Epoch: 12
2024-11-25 12:31:31 - FewShotSeg - INFO - Epoch: 12
2024-11-25 12:31:31 - FewShotSeg - INFO - Loss: 0.03803069144487381
2024-11-25 12:31:31 - FewShotSeg - INFO - Mean_iou: 0.8193499404571611
2024-11-25 12:31:31 - FewShotSeg - INFO - Mean accuracy: 0.8642886617576009
2024-11-25 12:31:39 - FewShotSeg - INFO - Validation Loss: 0.03677438199520111
2024-11-25 12:31:39 - FewShotSeg - INFO - Validation Mean IoU: 0.6330661498024626
2024-11-25 12:31:39 - FewShotSeg - INFO - Validation Mean Accuracy: 0.7855127392426708
2024-11-25 12:31:39 - FewShotSeg - INFO - Model saved!
2024-11-25 12:31:39 - FewShotSeg - INFO - Epoch: 13
2024-11-25 12:31:40 - FewShotSeg - INFO - Epoch: 13
2024-11-25 12:31:40 - FewShotSeg - INFO - Loss: 0.03286321461200714
2024-11-25 12:31:40 - FewShotSeg - INFO - Mean_iou: 0.7454750520798649
2024-11-25 12:31:40 - FewShotSeg - INFO - Mean accuracy: 0.7726646907626695
2024-11-25 12:31:48 - FewShotSeg - INFO - Validation Loss: 0.03126432187855244
2024-11-25 12:31:48 - FewShotSeg - INFO - Validation Mean IoU: 0.5491065199413186
2024-11-25 12:31:48 - FewShotSeg - INFO - Validation Mean Accuracy: 0.8715226985121695
2024-11-25 12:31:48 - FewShotSeg - INFO - Epoch: 14
2024-11-25 12:31:48 - FewShotSeg - INFO - Epoch: 14
2024-11-25 12:31:48 - FewShotSeg - INFO - Loss: 0.04667395353317261
2024-11-25 12:31:48 - FewShotSeg - INFO - Mean_iou: 0.34415238567222034
2024-11-25 12:31:48 - FewShotSeg - INFO - Mean accuracy: 0.9725425021968024
2024-11-25 12:32:10 - FewShotSeg - INFO - Epoch: 0
2024-11-25 12:32:10 - FewShotSeg - INFO - Epoch: 0, Training Loss: 1.7801, Mean IoU: 0.0193, Mean Accuracy: 0.0447
2024-11-25 12:32:18 - FewShotSeg - INFO - Epoch : 0, Validation Results - Loss: 0.8455, Mean IoU: 0.1980, Mean Accuracy: 0.6626
2024-11-25 12:32:19 - FewShotSeg - INFO - Model saved!
2024-11-25 12:32:19 - FewShotSeg - INFO - Epoch: 1
2024-11-25 12:32:19 - FewShotSeg - INFO - Epoch: 1, Training Loss: 0.8306, Mean IoU: 0.1834, Mean Accuracy: 0.6284
2024-11-25 12:32:27 - FewShotSeg - INFO - Epoch : 1, Validation Results - Loss: 0.4193, Mean IoU: 0.2674, Mean Accuracy: 0.7407
2024-11-25 12:32:28 - FewShotSeg - INFO - Model saved!
2024-11-25 12:32:28 - FewShotSeg - INFO - Epoch: 2
2024-11-25 12:32:28 - FewShotSeg - INFO - Epoch: 2, Training Loss: 0.4053, Mean IoU: 0.3482, Mean Accuracy: 0.6999
2024-11-25 12:32:36 - FewShotSeg - INFO - Epoch : 2, Validation Results - Loss: 0.2473, Mean IoU: 0.3191, Mean Accuracy: 0.6518
2024-11-25 12:32:36 - FewShotSeg - INFO - Model saved!
2024-11-25 12:32:36 - FewShotSeg - INFO - Epoch: 3
2024-11-25 12:32:37 - FewShotSeg - INFO - Epoch: 3, Training Loss: 0.2060, Mean IoU: 0.4517, Mean Accuracy: 0.7433
2024-11-25 12:33:09 - FewShotSeg - INFO - Epoch: 0
2024-11-25 12:33:09 - FewShotSeg - INFO - Epoch: 0, Training Loss: 1.1903, Mean IoU: 0.1464, Mean Accuracy: 0.3479
2024-11-25 12:33:17 - FewShotSeg - INFO - Epoch : 0, Validation Results - Loss: 0.5118, Mean IoU: 0.2350, Mean Accuracy: 0.5593
2024-11-25 12:33:18 - FewShotSeg - INFO - Model saved!
2024-11-25 12:33:18 - FewShotSeg - INFO - Epoch: 1
2024-11-25 12:33:18 - FewShotSeg - INFO - Epoch: 1, Training Loss: 0.5261, Mean IoU: 0.2992, Mean Accuracy: 0.6366
2024-11-25 12:33:26 - FewShotSeg - INFO - Epoch : 1, Validation Results - Loss: 0.2408, Mean IoU: 0.3026, Mean Accuracy: 0.6300
2024-11-25 12:33:27 - FewShotSeg - INFO - Model saved!
2024-11-25 12:33:27 - FewShotSeg - INFO - Epoch: 2
2024-11-25 12:33:27 - FewShotSeg - INFO - Epoch: 2, Training Loss: 0.2778, Mean IoU: 0.3818, Mean Accuracy: 0.8867
2024-11-25 12:33:35 - FewShotSeg - INFO - Epoch : 2, Validation Results - Loss: 0.1410, Mean IoU: 0.3288, Mean Accuracy: 0.7641
2024-11-25 12:33:36 - FewShotSeg - INFO - Model saved!
2024-11-25 12:33:36 - FewShotSeg - INFO - Epoch: 3
2024-11-25 12:33:36 - FewShotSeg - INFO - Epoch: 3, Training Loss: 0.2109, Mean IoU: 0.3934, Mean Accuracy: 0.9314
2024-11-25 12:33:44 - FewShotSeg - INFO - Epoch : 3, Validation Results - Loss: 0.0920, Mean IoU: 0.4402, Mean Accuracy: 0.7765
2024-11-25 12:33:45 - FewShotSeg - INFO - Model saved!
2024-11-25 12:33:45 - FewShotSeg - INFO - Epoch: 4
2024-11-25 12:33:45 - FewShotSeg - INFO - Epoch: 4, Training Loss: 0.0903, Mean IoU: 0.6122, Mean Accuracy: 0.7495
2024-11-25 12:33:53 - FewShotSeg - INFO - Epoch : 4, Validation Results - Loss: 0.0686, Mean IoU: 0.5119, Mean Accuracy: 0.7708
2024-11-25 12:33:54 - FewShotSeg - INFO - Model saved!
2024-11-25 12:33:54 - FewShotSeg - INFO - Epoch: 5
2024-11-25 12:33:54 - FewShotSeg - INFO - Epoch: 5, Training Loss: 0.0757, Mean IoU: 0.5522, Mean Accuracy: 0.9135
2024-11-25 12:34:02 - FewShotSeg - INFO - Epoch : 5, Validation Results - Loss: 0.0593, Mean IoU: 0.5659, Mean Accuracy: 0.8235
2024-11-25 12:34:03 - FewShotSeg - INFO - Model saved!
2024-11-25 12:34:03 - FewShotSeg - INFO - Epoch: 6
2024-11-25 12:34:03 - FewShotSeg - INFO - Epoch: 6, Training Loss: 0.0538, Mean IoU: 0.7927, Mean Accuracy: 0.8545
2024-11-25 12:34:11 - FewShotSeg - INFO - Epoch : 6, Validation Results - Loss: 0.0508, Mean IoU: 0.4918, Mean Accuracy: 0.7534
2024-11-25 12:34:11 - FewShotSeg - INFO - Epoch: 7
2024-11-25 12:34:12 - FewShotSeg - INFO - Epoch: 7, Training Loss: 0.0499, Mean IoU: 0.5353, Mean Accuracy: 0.7276
2024-11-25 12:34:20 - FewShotSeg - INFO - Epoch : 7, Validation Results - Loss: 0.0434, Mean IoU: 0.5801, Mean Accuracy: 0.7756
2024-11-25 12:34:20 - FewShotSeg - INFO - Model saved!
2024-11-25 12:34:20 - FewShotSeg - INFO - Epoch: 8
2024-11-25 12:34:21 - FewShotSeg - INFO - Epoch: 8, Training Loss: 0.0375, Mean IoU: 0.8360, Mean Accuracy: 0.9370
2024-11-25 12:34:29 - FewShotSeg - INFO - Epoch : 8, Validation Results - Loss: 0.0371, Mean IoU: 0.6057, Mean Accuracy: 0.8181
2024-11-25 12:34:29 - FewShotSeg - INFO - Model saved!
2024-11-25 12:34:29 - FewShotSeg - INFO - Epoch: 9
2024-11-25 12:34:30 - FewShotSeg - INFO - Epoch: 9, Training Loss: 0.0326, Mean IoU: 0.7898, Mean Accuracy: 0.8413
2024-11-25 12:34:38 - FewShotSeg - INFO - Epoch : 9, Validation Results - Loss: 0.0330, Mean IoU: 0.5995, Mean Accuracy: 0.8231
2024-11-25 12:34:38 - FewShotSeg - INFO - Epoch: 10
2024-11-25 12:34:38 - FewShotSeg - INFO - Epoch: 10, Training Loss: 0.0292, Mean IoU: 0.8194, Mean Accuracy: 0.8807
2024-11-25 12:34:46 - FewShotSeg - INFO - Epoch : 10, Validation Results - Loss: 0.0300, Mean IoU: 0.5224, Mean Accuracy: 0.8218
2024-11-25 12:34:46 - FewShotSeg - INFO - Epoch: 11
2024-11-25 12:34:47 - FewShotSeg - INFO - Epoch: 11, Training Loss: 0.0349, Mean IoU: 0.7788, Mean Accuracy: 0.8042
2024-11-25 12:34:55 - FewShotSeg - INFO - Epoch : 11, Validation Results - Loss: 0.0282, Mean IoU: 0.6660, Mean Accuracy: 0.8433
2024-11-25 12:34:55 - FewShotSeg - INFO - Model saved!
2024-11-25 12:34:55 - FewShotSeg - INFO - Epoch: 12
2024-11-25 12:34:56 - FewShotSeg - INFO - Epoch: 12, Training Loss: 0.0358, Mean IoU: 0.8223, Mean Accuracy: 0.9840
2024-11-25 12:35:04 - FewShotSeg - INFO - Epoch : 12, Validation Results - Loss: 0.0249, Mean IoU: 0.6440, Mean Accuracy: 0.8870
2024-11-25 12:35:04 - FewShotSeg - INFO - Epoch: 13
2024-11-25 12:35:05 - FewShotSeg - INFO - Epoch: 13, Training Loss: 0.0225, Mean IoU: 0.8561, Mean Accuracy: 0.9496
2024-11-25 12:35:13 - FewShotSeg - INFO - Epoch : 13, Validation Results - Loss: 0.0225, Mean IoU: 0.5955, Mean Accuracy: 0.8580
2024-11-25 12:35:13 - FewShotSeg - INFO - Epoch: 14
2024-11-25 12:35:13 - FewShotSeg - INFO - Epoch: 14, Training Loss: 0.0203, Mean IoU: 0.8563, Mean Accuracy: 0.9389
2024-11-25 12:35:21 - FewShotSeg - INFO - Epoch : 14, Validation Results - Loss: 0.0213, Mean IoU: 0.5865, Mean Accuracy: 0.8622
2024-11-25 12:35:21 - FewShotSeg - INFO - Epoch: 15
2024-11-25 12:35:22 - FewShotSeg - INFO - Epoch: 15, Training Loss: 0.0182, Mean IoU: 0.8020, Mean Accuracy: 0.9803
2024-11-25 12:35:30 - FewShotSeg - INFO - Epoch : 15, Validation Results - Loss: 0.0204, Mean IoU: 0.6768, Mean Accuracy: 0.8575
2024-11-25 12:35:30 - FewShotSeg - INFO - Model saved!
2024-11-25 12:35:30 - FewShotSeg - INFO - Epoch: 16
2024-11-25 12:35:31 - FewShotSeg - INFO - Epoch: 16, Training Loss: 0.0179, Mean IoU: 0.7728, Mean Accuracy: 0.8091
2024-11-25 12:35:39 - FewShotSeg - INFO - Epoch : 16, Validation Results - Loss: 0.0190, Mean IoU: 0.6883, Mean Accuracy: 0.8580
2024-11-25 12:35:39 - FewShotSeg - INFO - Model saved!
2024-11-25 12:35:39 - FewShotSeg - INFO - Epoch: 17
2024-11-25 12:35:40 - FewShotSeg - INFO - Epoch: 17, Training Loss: 0.0232, Mean IoU: 0.8743, Mean Accuracy: 0.9617
2024-11-25 12:35:48 - FewShotSeg - INFO - Epoch : 17, Validation Results - Loss: 0.0184, Mean IoU: 0.7802, Mean Accuracy: 0.8669
2024-11-25 12:35:48 - FewShotSeg - INFO - Model saved!
2024-11-25 12:35:48 - FewShotSeg - INFO - Epoch: 18
2024-11-25 12:35:49 - FewShotSeg - INFO - Epoch: 18, Training Loss: 0.0185, Mean IoU: 0.8719, Mean Accuracy: 0.9185
2024-11-25 12:35:57 - FewShotSeg - INFO - Epoch : 18, Validation Results - Loss: 0.0177, Mean IoU: 0.7053, Mean Accuracy: 0.8504
2024-11-25 12:35:57 - FewShotSeg - INFO - Epoch: 19
2024-11-25 12:35:57 - FewShotSeg - INFO - Epoch: 19, Training Loss: 0.0172, Mean IoU: 0.8734, Mean Accuracy: 0.8994
2024-11-25 12:36:05 - FewShotSeg - INFO - Epoch : 19, Validation Results - Loss: 0.0166, Mean IoU: 0.6484, Mean Accuracy: 0.8759
2024-11-25 12:36:05 - FewShotSeg - INFO - Epoch: 20
2024-11-25 12:36:06 - FewShotSeg - INFO - Epoch: 20, Training Loss: 0.0145, Mean IoU: 0.8809, Mean Accuracy: 0.9572
2024-11-25 12:36:14 - FewShotSeg - INFO - Epoch : 20, Validation Results - Loss: 0.0157, Mean IoU: 0.7263, Mean Accuracy: 0.8791
2024-11-25 12:36:14 - FewShotSeg - INFO - Epoch: 21
2024-11-25 12:36:14 - FewShotSeg - INFO - Epoch: 21, Training Loss: 0.0125, Mean IoU: 0.8866, Mean Accuracy: 0.9600
2024-11-25 12:36:23 - FewShotSeg - INFO - Epoch : 21, Validation Results - Loss: 0.0152, Mean IoU: 0.6995, Mean Accuracy: 0.8686
2024-11-25 12:36:23 - FewShotSeg - INFO - Epoch: 22
2024-11-25 12:36:23 - FewShotSeg - INFO - Epoch: 22, Training Loss: 0.0132, Mean IoU: 0.9220, Mean Accuracy: 0.9368
2024-11-25 12:36:31 - FewShotSeg - INFO - Epoch : 22, Validation Results - Loss: 0.0136, Mean IoU: 0.7007, Mean Accuracy: 0.8911
2024-11-25 12:36:31 - FewShotSeg - INFO - Epoch: 23
2024-11-25 12:36:32 - FewShotSeg - INFO - Epoch: 23, Training Loss: 0.0113, Mean IoU: 0.8642, Mean Accuracy: 0.9594
2024-11-25 12:36:40 - FewShotSeg - INFO - Epoch : 23, Validation Results - Loss: 0.0134, Mean IoU: 0.6370, Mean Accuracy: 0.8966
2024-11-25 12:36:40 - FewShotSeg - INFO - Epoch: 24
2024-11-25 12:36:40 - FewShotSeg - INFO - Epoch: 24, Training Loss: 0.0116, Mean IoU: 0.8804, Mean Accuracy: 0.9383
2024-11-25 12:36:48 - FewShotSeg - INFO - Epoch : 24, Validation Results - Loss: 0.0129, Mean IoU: 0.7250, Mean Accuracy: 0.8941
2024-11-25 12:36:48 - FewShotSeg - INFO - Epoch: 25
2024-11-25 12:36:49 - FewShotSeg - INFO - Epoch: 25, Training Loss: 0.0113, Mean IoU: 0.8909, Mean Accuracy: 0.9414
2024-11-25 12:36:57 - FewShotSeg - INFO - Epoch : 25, Validation Results - Loss: 0.0126, Mean IoU: 0.8481, Mean Accuracy: 0.8777
2024-11-25 12:36:57 - FewShotSeg - INFO - Model saved!
2024-11-25 12:36:57 - FewShotSeg - INFO - Epoch: 26
2024-11-25 12:36:58 - FewShotSeg - INFO - Epoch: 26, Training Loss: 0.0087, Mean IoU: 0.8946, Mean Accuracy: 0.9415
2024-11-25 12:37:06 - FewShotSeg - INFO - Epoch : 26, Validation Results - Loss: 0.0120, Mean IoU: 0.7323, Mean Accuracy: 0.8857
2024-11-25 12:37:06 - FewShotSeg - INFO - Epoch: 27
2024-11-25 12:37:06 - FewShotSeg - INFO - Epoch: 27, Training Loss: 0.0093, Mean IoU: 0.8801, Mean Accuracy: 0.9085
2024-11-25 12:37:14 - FewShotSeg - INFO - Epoch : 27, Validation Results - Loss: 0.0112, Mean IoU: 0.7383, Mean Accuracy: 0.8990
2024-11-25 12:37:14 - FewShotSeg - INFO - Epoch: 28
2024-11-25 12:37:15 - FewShotSeg - INFO - Epoch: 28, Training Loss: 0.0131, Mean IoU: 0.6757, Mean Accuracy: 0.9557
2024-11-25 12:37:23 - FewShotSeg - INFO - Epoch : 28, Validation Results - Loss: 0.0108, Mean IoU: 0.7869, Mean Accuracy: 0.9159
2024-11-25 12:37:23 - FewShotSeg - INFO - Epoch: 29
2024-11-25 12:37:24 - FewShotSeg - INFO - Epoch: 29, Training Loss: 0.0086, Mean IoU: 0.8676, Mean Accuracy: 0.9698
2024-11-25 12:37:32 - FewShotSeg - INFO - Epoch : 29, Validation Results - Loss: 0.0106, Mean IoU: 0.7085, Mean Accuracy: 0.9038
2024-11-25 12:37:32 - FewShotSeg - INFO - Epoch: 30
2024-11-25 12:37:32 - FewShotSeg - INFO - Epoch: 30, Training Loss: 0.0092, Mean IoU: 0.8797, Mean Accuracy: 0.9738
2024-11-25 12:37:40 - FewShotSeg - INFO - Epoch : 30, Validation Results - Loss: 0.0097, Mean IoU: 0.8249, Mean Accuracy: 0.9264
2024-11-25 12:37:40 - FewShotSeg - INFO - Epoch: 31
2024-11-25 12:37:41 - FewShotSeg - INFO - Epoch: 31, Training Loss: 0.0091, Mean IoU: 0.9249, Mean Accuracy: 0.9659
2024-11-25 12:37:49 - FewShotSeg - INFO - Epoch : 31, Validation Results - Loss: 0.0101, Mean IoU: 0.8681, Mean Accuracy: 0.8975
2024-11-25 12:37:49 - FewShotSeg - INFO - Model saved!
2024-11-25 12:37:49 - FewShotSeg - INFO - Epoch: 32
2024-11-25 12:37:50 - FewShotSeg - INFO - Epoch: 32, Training Loss: 0.0076, Mean IoU: 0.8916, Mean Accuracy: 0.9405
2024-11-25 12:37:58 - FewShotSeg - INFO - Epoch : 32, Validation Results - Loss: 0.0097, Mean IoU: 0.7941, Mean Accuracy: 0.9057
2024-11-25 12:37:58 - FewShotSeg - INFO - Epoch: 33
2024-11-25 12:37:58 - FewShotSeg - INFO - Epoch: 33, Training Loss: 0.0089, Mean IoU: 0.8845, Mean Accuracy: 0.9314
2024-11-25 12:38:06 - FewShotSeg - INFO - Epoch : 33, Validation Results - Loss: 0.0103, Mean IoU: 0.7273, Mean Accuracy: 0.8742
2024-11-25 12:38:06 - FewShotSeg - INFO - Epoch: 34
2024-11-25 12:38:07 - FewShotSeg - INFO - Epoch: 34, Training Loss: 0.0066, Mean IoU: 0.9022, Mean Accuracy: 0.9257
2024-11-25 12:38:15 - FewShotSeg - INFO - Epoch : 34, Validation Results - Loss: 0.0089, Mean IoU: 0.7251, Mean Accuracy: 0.9182
2024-11-25 12:38:15 - FewShotSeg - INFO - Epoch: 35
2024-11-25 12:38:16 - FewShotSeg - INFO - Epoch: 35, Training Loss: 0.0070, Mean IoU: 0.8860, Mean Accuracy: 0.9731
2024-11-25 12:38:24 - FewShotSeg - INFO - Epoch : 35, Validation Results - Loss: 0.0087, Mean IoU: 0.8044, Mean Accuracy: 0.9080
2024-11-25 12:38:24 - FewShotSeg - INFO - Epoch: 36
2024-11-25 12:38:24 - FewShotSeg - INFO - Epoch: 36, Training Loss: 0.0077, Mean IoU: 0.9186, Mean Accuracy: 0.9452
2024-11-25 12:38:32 - FewShotSeg - INFO - Epoch : 36, Validation Results - Loss: 0.0092, Mean IoU: 0.6632, Mean Accuracy: 0.8875
2024-11-25 12:38:32 - FewShotSeg - INFO - Epoch: 37
2024-11-25 12:38:33 - FewShotSeg - INFO - Epoch: 37, Training Loss: 0.0079, Mean IoU: 0.8216, Mean Accuracy: 0.8288
2024-11-25 12:38:41 - FewShotSeg - INFO - Epoch : 37, Validation Results - Loss: 0.0084, Mean IoU: 0.7939, Mean Accuracy: 0.9145
2024-11-25 12:38:41 - FewShotSeg - INFO - Epoch: 38
2024-11-25 12:38:41 - FewShotSeg - INFO - Epoch: 38, Training Loss: 0.0068, Mean IoU: 0.9373, Mean Accuracy: 0.9787
2024-11-25 12:38:49 - FewShotSeg - INFO - Epoch : 38, Validation Results - Loss: 0.0086, Mean IoU: 0.6314, Mean Accuracy: 0.9005
2024-11-25 12:38:49 - FewShotSeg - INFO - Epoch: 39
2024-11-25 12:38:50 - FewShotSeg - INFO - Epoch: 39, Training Loss: 0.0062, Mean IoU: 0.8964, Mean Accuracy: 0.9480
2024-11-25 12:38:58 - FewShotSeg - INFO - Epoch : 39, Validation Results - Loss: 0.0081, Mean IoU: 0.7914, Mean Accuracy: 0.8942
2024-11-25 12:38:58 - FewShotSeg - INFO - Epoch: 40
2024-11-25 12:38:58 - FewShotSeg - INFO - Epoch: 40, Training Loss: 0.0059, Mean IoU: 0.9526, Mean Accuracy: 0.9688
2024-11-25 12:39:07 - FewShotSeg - INFO - Epoch : 40, Validation Results - Loss: 0.0081, Mean IoU: 0.8199, Mean Accuracy: 0.9057
2024-11-25 12:39:07 - FewShotSeg - INFO - Epoch: 41
2024-11-25 12:39:07 - FewShotSeg - INFO - Epoch: 41, Training Loss: 0.0054, Mean IoU: 0.9264, Mean Accuracy: 0.9479
2024-11-25 12:39:15 - FewShotSeg - INFO - Epoch : 41, Validation Results - Loss: 0.0077, Mean IoU: 0.8751, Mean Accuracy: 0.9061
2024-11-25 12:39:16 - FewShotSeg - INFO - Model saved!
2024-11-25 12:39:16 - FewShotSeg - INFO - Epoch: 42
2024-11-25 12:39:16 - FewShotSeg - INFO - Epoch: 42, Training Loss: 0.0052, Mean IoU: 0.9075, Mean Accuracy: 0.9272
2024-11-25 12:39:24 - FewShotSeg - INFO - Epoch : 42, Validation Results - Loss: 0.0071, Mean IoU: 0.7576, Mean Accuracy: 0.9237
2024-11-25 12:39:24 - FewShotSeg - INFO - Epoch: 43
2024-11-25 12:39:25 - FewShotSeg - INFO - Epoch: 43, Training Loss: 0.0051, Mean IoU: 0.9200, Mean Accuracy: 0.9757
2024-11-25 12:39:33 - FewShotSeg - INFO - Epoch : 43, Validation Results - Loss: 0.0070, Mean IoU: 0.7618, Mean Accuracy: 0.9261
2024-11-25 12:39:33 - FewShotSeg - INFO - Epoch: 44
2024-11-25 12:39:33 - FewShotSeg - INFO - Epoch: 44, Training Loss: 0.0056, Mean IoU: 0.9207, Mean Accuracy: 0.9629
2024-11-25 12:39:41 - FewShotSeg - INFO - Epoch : 44, Validation Results - Loss: 0.0068, Mean IoU: 0.7501, Mean Accuracy: 0.9199
2024-11-25 12:39:41 - FewShotSeg - INFO - Epoch: 45
2024-11-25 12:39:42 - FewShotSeg - INFO - Epoch: 45, Training Loss: 0.0050, Mean IoU: 0.9040, Mean Accuracy: 0.9576
2024-11-25 12:39:50 - FewShotSeg - INFO - Epoch : 45, Validation Results - Loss: 0.0065, Mean IoU: 0.8157, Mean Accuracy: 0.9274
2024-11-25 12:39:50 - FewShotSeg - INFO - Epoch: 46
2024-11-25 12:39:50 - FewShotSeg - INFO - Epoch: 46, Training Loss: 0.0058, Mean IoU: 0.9213, Mean Accuracy: 0.9516
2024-11-25 12:39:59 - FewShotSeg - INFO - Epoch : 46, Validation Results - Loss: 0.0068, Mean IoU: 0.8314, Mean Accuracy: 0.9208
2024-11-25 12:39:59 - FewShotSeg - INFO - Epoch: 47
2024-11-25 12:39:59 - FewShotSeg - INFO - Epoch: 47, Training Loss: 0.0045, Mean IoU: 0.9159, Mean Accuracy: 0.9762
2024-11-25 12:40:07 - FewShotSeg - INFO - Epoch : 47, Validation Results - Loss: 0.0064, Mean IoU: 0.8161, Mean Accuracy: 0.9301
2024-11-25 12:40:07 - FewShotSeg - INFO - Epoch: 48
2024-11-25 12:40:08 - FewShotSeg - INFO - Epoch: 48, Training Loss: 0.0057, Mean IoU: 0.9154, Mean Accuracy: 0.9699
2024-11-25 12:40:16 - FewShotSeg - INFO - Epoch : 48, Validation Results - Loss: 0.0064, Mean IoU: 0.7666, Mean Accuracy: 0.9347
2024-11-25 12:40:16 - FewShotSeg - INFO - Epoch: 49
2024-11-25 12:40:16 - FewShotSeg - INFO - Epoch: 49, Training Loss: 0.0053, Mean IoU: 0.9317, Mean Accuracy: 0.9685
2024-11-25 12:40:24 - FewShotSeg - INFO - Epoch : 49, Validation Results - Loss: 0.0060, Mean IoU: 0.7626, Mean Accuracy: 0.9283
