2024-11-27 14:22:34 - FewShotSeg - INFO - Epoch: 0
2024-11-27 14:22:35 - FewShotSeg - INFO - Epoch: 0, Iteration: 0, Training Loss: 0.7442, Mean IoU: 0.4620, Mean Accuracy: 0.9241
2024-11-27 14:22:35 - FewShotSeg - INFO - Epoch: 0, Iteration: 1, Training Loss: 0.6326, Mean IoU: 0.0699, Mean Accuracy: 0.1397
2024-11-27 14:22:35 - FewShotSeg - INFO - Epoch: 0, Iteration: 2, Training Loss: 0.5465, Mean IoU: 0.0000, Mean Accuracy: 0.0000
2024-11-27 14:22:36 - FewShotSeg - INFO - Epoch: 0, Iteration: 3, Training Loss: 0.4820, Mean IoU: 0.0000, Mean Accuracy: 0.0000
2024-11-27 14:22:36 - FewShotSeg - INFO - Epoch: 0, Iteration: 4, Training Loss: 0.4043, Mean IoU: 0.0000, Mean Accuracy: 0.0000
2024-11-27 14:22:36 - FewShotSeg - INFO - Epoch: 0, Iteration: 5, Training Loss: 0.3922, Mean IoU: 0.0000, Mean Accuracy: 0.0000
2024-11-27 14:22:36 - FewShotSeg - INFO - Epoch: 0, Iteration: 6, Training Loss: 0.3229, Mean IoU: 0.0000, Mean Accuracy: 0.0000
2024-11-27 14:22:37 - FewShotSeg - INFO - Epoch: 0, Iteration: 7, Training Loss: 0.2594, Mean IoU: 0.0000, Mean Accuracy: 0.0000
2024-11-27 14:22:37 - FewShotSeg - INFO - Epoch: 0, Iteration: 8, Training Loss: 0.2253, Mean IoU: 0.0000, Mean Accuracy: 0.0000
2024-11-27 14:22:37 - FewShotSeg - INFO - Epoch: 0, Iteration: 9, Training Loss: 0.2213, Mean IoU: 0.0000, Mean Accuracy: 0.0000
2024-11-27 14:22:38 - FewShotSeg - INFO - Epoch: 0, Iteration: 10, Training Loss: 0.1755, Mean IoU: 0.0000, Mean Accuracy: 0.0000
2024-11-27 14:22:38 - FewShotSeg - INFO - Epoch: 0, Iteration: 11, Training Loss: 0.2482, Mean IoU: 0.0000, Mean Accuracy: 0.0000
2024-11-27 14:22:38 - FewShotSeg - INFO - Epoch: 0, Iteration: 12, Training Loss: 0.2004, Mean IoU: 0.0000, Mean Accuracy: 0.0000
2024-11-27 14:22:38 - FewShotSeg - INFO - Epoch: 0, Iteration: 13, Training Loss: 0.2191, Mean IoU: 0.0000, Mean Accuracy: 0.0000
2024-11-27 14:22:39 - FewShotSeg - INFO - Epoch: 0, Iteration: 14, Training Loss: 0.1297, Mean IoU: 0.0000, Mean Accuracy: 0.0000
2024-11-27 14:22:39 - FewShotSeg - INFO - Epoch: 0, Iteration: 15, Training Loss: 0.1621, Mean IoU: 0.0000, Mean Accuracy: 0.0000
2024-11-27 14:22:39 - FewShotSeg - INFO - Epoch: 0, Iteration: 16, Training Loss: 0.1286, Mean IoU: 0.0000, Mean Accuracy: 0.0000
2024-11-27 14:22:39 - FewShotSeg - INFO - Epoch: 0, Iteration: 17, Training Loss: 0.1575, Mean IoU: 0.0000, Mean Accuracy: 0.0000
2024-11-27 14:22:40 - FewShotSeg - INFO - Epoch: 0, Iteration: 18, Training Loss: 0.1556, Mean IoU: 0.0000, Mean Accuracy: 0.0000
2024-11-27 14:22:40 - FewShotSeg - INFO - Epoch: 0, Iteration: 19, Training Loss: 0.1207, Mean IoU: 0.0000, Mean Accuracy: 0.0000
2024-11-27 14:22:40 - FewShotSeg - INFO - Epoch: 0, Iteration: 20, Training Loss: 0.1237, Mean IoU: 0.0000, Mean Accuracy: 0.0000
2024-11-27 14:22:41 - FewShotSeg - INFO - Epoch: 0, Iteration: 21, Training Loss: 0.0769, Mean IoU: 0.0000, Mean Accuracy: 0.0000
2024-11-27 14:22:41 - FewShotSeg - INFO - Epoch: 0, Iteration: 22, Training Loss: 0.1085, Mean IoU: 0.0000, Mean Accuracy: 0.0000
2024-11-27 14:22:41 - FewShotSeg - INFO - Epoch: 0, Iteration: 23, Training Loss: 0.0786, Mean IoU: 0.0000, Mean Accuracy: 0.0000
2024-11-27 14:22:41 - FewShotSeg - INFO - Epoch: 0, Iteration: 24, Training Loss: 0.1198, Mean IoU: 0.0000, Mean Accuracy: 0.0000
2024-11-27 14:22:42 - FewShotSeg - INFO - Epoch: 0, Iteration: 25, Training Loss: 0.1469, Mean IoU: 0.0000, Mean Accuracy: 0.0000
2024-11-27 14:22:42 - FewShotSeg - INFO - Epoch: 0, Iteration: 26, Training Loss: 0.1249, Mean IoU: 0.0000, Mean Accuracy: 0.0000
2024-11-27 14:22:42 - FewShotSeg - INFO - Epoch: 0, Iteration: 27, Training Loss: 0.0832, Mean IoU: 0.0000, Mean Accuracy: 0.0000
2024-11-27 14:22:42 - FewShotSeg - INFO - Epoch: 0, Iteration: 28, Training Loss: 0.1011, Mean IoU: 0.0000, Mean Accuracy: 0.0000
2024-11-27 14:22:43 - FewShotSeg - INFO - Epoch: 0, Iteration: 29, Training Loss: 0.0584, Mean IoU: 0.0579, Mean Accuracy: 0.1159
2024-11-27 14:22:43 - FewShotSeg - INFO - Epoch: 0, Iteration: 30, Training Loss: 0.0507, Mean IoU: 0.0465, Mean Accuracy: 0.0930
2024-11-27 14:22:43 - FewShotSeg - INFO - Epoch: 0, Iteration: 31, Training Loss: 0.0536, Mean IoU: 0.0706, Mean Accuracy: 0.1412
2024-11-27 14:22:43 - FewShotSeg - INFO - Epoch: 0, Iteration: 32, Training Loss: 0.0750, Mean IoU: 0.0987, Mean Accuracy: 0.1975
2024-11-27 14:22:44 - FewShotSeg - INFO - Epoch: 0, Iteration: 33, Training Loss: 0.0316, Mean IoU: 0.4171, Mean Accuracy: 0.8343
2024-11-27 14:22:44 - FewShotSeg - INFO - Epoch: 0, Iteration: 34, Training Loss: 0.0458, Mean IoU: 0.2660, Mean Accuracy: 0.5319
2024-11-27 14:22:44 - FewShotSeg - INFO - Epoch: 0, Iteration: 35, Training Loss: 0.0617, Mean IoU: 0.2115, Mean Accuracy: 0.4231
2024-11-27 14:22:45 - FewShotSeg - INFO - Epoch: 0, Iteration: 36, Training Loss: 0.0581, Mean IoU: 0.2281, Mean Accuracy: 0.4561
2024-11-27 14:22:45 - FewShotSeg - INFO - Epoch: 0, Iteration: 37, Training Loss: 0.0380, Mean IoU: 0.3080, Mean Accuracy: 0.6160
2024-11-27 14:22:45 - FewShotSeg - INFO - Epoch: 0, Iteration: 38, Training Loss: 0.0555, Mean IoU: 0.3154, Mean Accuracy: 0.6307
2024-11-27 14:22:45 - FewShotSeg - INFO - Epoch: 0, Iteration: 39, Training Loss: 0.0246, Mean IoU: 0.4176, Mean Accuracy: 0.8353
2024-11-27 14:22:46 - FewShotSeg - INFO - Validation mean IOU for Batch : nan
2024-11-27 14:22:46 - FewShotSeg - INFO - Validation mean ACC for Batch : nan
2024-11-27 14:22:46 - FewShotSeg - INFO - Validation mean IOU for Batch : 0.441711590296496
2024-11-27 14:22:46 - FewShotSeg - INFO - Validation mean ACC for Batch : 0.883423180592992
2024-11-27 14:22:46 - FewShotSeg - INFO - Validation mean IOU for Batch : 0.3901865726458058
2024-11-27 14:22:46 - FewShotSeg - INFO - Validation mean ACC for Batch : 0.7803731452916116
2024-11-27 14:22:46 - FewShotSeg - INFO - Validation mean IOU for Batch : 0.23482726423902894
2024-11-27 14:22:46 - FewShotSeg - INFO - Validation mean ACC for Batch : 0.4696545284780579
2024-11-27 14:22:47 - FewShotSeg - INFO - Validation mean IOU for Batch : 0.43242365172189734
2024-11-27 14:22:47 - FewShotSeg - INFO - Validation mean ACC for Batch : 0.8648473034437947
2024-11-27 14:22:47 - FewShotSeg - INFO - Validation mean IOU for Batch : nan
2024-11-27 14:22:47 - FewShotSeg - INFO - Validation mean ACC for Batch : nan
2024-11-27 14:22:47 - FewShotSeg - INFO - Validation mean IOU for Batch : nan
2024-11-27 14:22:47 - FewShotSeg - INFO - Validation mean ACC for Batch : nan
2024-11-27 14:22:47 - FewShotSeg - INFO - Validation mean IOU for Batch : 0.4162726556343578
2024-11-27 14:22:47 - FewShotSeg - INFO - Validation mean ACC for Batch : 0.8325453112687156
2024-11-27 14:22:48 - FewShotSeg - INFO - Validation mean IOU for Batch : 0.43458980044345896
2024-11-27 14:22:48 - FewShotSeg - INFO - Validation mean ACC for Batch : 0.8691796008869179
2024-11-27 14:22:48 - FewShotSeg - INFO - Validation mean IOU for Batch : nan
2024-11-27 14:22:48 - FewShotSeg - INFO - Validation mean ACC for Batch : nan
2024-11-27 14:22:48 - FewShotSeg - INFO - Validation mean IOU for Batch : 0.4310275080906149
2024-11-27 14:22:48 - FewShotSeg - INFO - Validation mean ACC for Batch : 0.8620550161812298
2024-11-27 14:22:48 - FewShotSeg - INFO - Validation mean IOU for Batch : 0.3936024162548051
2024-11-27 14:22:48 - FewShotSeg - INFO - Validation mean ACC for Batch : 0.7872048325096102
2024-11-27 14:22:49 - FewShotSeg - INFO - Validation mean IOU for Batch : nan
2024-11-27 14:22:49 - FewShotSeg - INFO - Validation mean ACC for Batch : nan
2024-11-27 14:22:49 - FewShotSeg - INFO - Validation mean IOU for Batch : 0.3847722637661455
2024-11-27 14:22:49 - FewShotSeg - INFO - Validation mean ACC for Batch : 0.769544527532291
2024-11-27 14:22:49 - FewShotSeg - INFO - Validation mean IOU for Batch : 0.4278681506849315
2024-11-27 14:22:49 - FewShotSeg - INFO - Validation mean ACC for Batch : 0.855736301369863
2024-11-27 14:22:49 - FewShotSeg - INFO - Validation mean IOU for Batch : nan
2024-11-27 14:22:49 - FewShotSeg - INFO - Validation mean ACC for Batch : nan
2024-11-27 14:22:50 - FewShotSeg - INFO - Validation mean IOU for Batch : 0.3559585492227979
2024-11-27 14:22:50 - FewShotSeg - INFO - Validation mean ACC for Batch : 0.7119170984455958
2024-11-27 14:22:50 - FewShotSeg - INFO - Validation mean IOU for Batch : 0.44591937069813176
2024-11-27 14:22:50 - FewShotSeg - INFO - Validation mean ACC for Batch : 0.8918387413962635
2024-11-27 14:22:50 - FewShotSeg - INFO - Validation mean IOU for Batch : nan
2024-11-27 14:22:50 - FewShotSeg - INFO - Validation mean ACC for Batch : nan
2024-11-27 14:22:51 - FewShotSeg - INFO - Validation mean IOU for Batch : 0.3196923076923077
2024-11-27 14:22:51 - FewShotSeg - INFO - Validation mean ACC for Batch : 0.6393846153846154
2024-11-27 14:22:51 - FewShotSeg - INFO - Validation mean IOU for Batch : nan
2024-11-27 14:22:51 - FewShotSeg - INFO - Validation mean ACC for Batch : nan
2024-11-27 14:22:51 - FewShotSeg - INFO - Validation mean IOU for Batch : 0.2525179856115108
2024-11-27 14:22:51 - FewShotSeg - INFO - Validation mean ACC for Batch : 0.5050359712230216
2024-11-27 14:22:51 - FewShotSeg - INFO - Validation mean IOU for Batch : nan
2024-11-27 14:22:51 - FewShotSeg - INFO - Validation mean ACC for Batch : nan
2024-11-27 14:22:52 - FewShotSeg - INFO - Validation mean IOU for Batch : nan
2024-11-27 14:22:52 - FewShotSeg - INFO - Validation mean ACC for Batch : nan
2024-11-27 14:22:52 - FewShotSeg - INFO - Validation mean IOU for Batch : 0.443733153638814
2024-11-27 14:22:52 - FewShotSeg - INFO - Validation mean ACC for Batch : 0.887466307277628
2024-11-27 14:22:52 - FewShotSeg - INFO - Validation mean IOU for Batch : 0.3116644630527398
2024-11-27 14:22:52 - FewShotSeg - INFO - Validation mean ACC for Batch : 0.6233289261054796
2024-11-27 14:22:52 - FewShotSeg - INFO - Validation mean IOU for Batch : 0.19187675070028012
2024-11-27 14:22:52 - FewShotSeg - INFO - Validation mean ACC for Batch : 0.38375350140056025
2024-11-27 14:22:53 - FewShotSeg - INFO - Validation mean IOU for Batch : 0.42543859649122806
2024-11-27 14:22:53 - FewShotSeg - INFO - Validation mean ACC for Batch : 0.8508771929824561
2024-11-27 14:22:53 - FewShotSeg - INFO - Validation mean IOU for Batch : nan
2024-11-27 14:22:53 - FewShotSeg - INFO - Validation mean ACC for Batch : nan
2024-11-27 14:22:53 - FewShotSeg - INFO - Validation mean IOU for Batch : nan
2024-11-27 14:22:53 - FewShotSeg - INFO - Validation mean ACC for Batch : nan
2024-11-27 14:22:53 - FewShotSeg - INFO - Validation mean IOU for Batch : 0.32880220646178093
2024-11-27 14:22:53 - FewShotSeg - INFO - Validation mean ACC for Batch : 0.6576044129235619
2024-11-27 14:22:54 - FewShotSeg - INFO - Validation mean IOU for Batch : 0.442719881744272
2024-11-27 14:22:54 - FewShotSeg - INFO - Validation mean ACC for Batch : 0.885439763488544
2024-11-27 14:22:54 - FewShotSeg - INFO - Validation mean IOU for Batch : nan
2024-11-27 14:22:54 - FewShotSeg - INFO - Validation mean ACC for Batch : nan
2024-11-27 14:22:54 - FewShotSeg - INFO - Validation mean IOU for Batch : 0.4411407766990291
2024-11-27 14:22:54 - FewShotSeg - INFO - Validation mean ACC for Batch : 0.8822815533980582
2024-11-27 14:22:54 - FewShotSeg - INFO - Validation mean IOU for Batch : 0.40691927512355847
2024-11-27 14:22:54 - FewShotSeg - INFO - Validation mean ACC for Batch : 0.8138385502471169
2024-11-27 14:22:55 - FewShotSeg - INFO - Validation mean IOU for Batch : nan
2024-11-27 14:22:55 - FewShotSeg - INFO - Validation mean ACC for Batch : nan
2024-11-27 14:22:55 - FewShotSeg - INFO - Validation mean IOU for Batch : 0.39598912304554723
2024-11-27 14:22:55 - FewShotSeg - INFO - Validation mean ACC for Batch : 0.7919782460910945
2024-11-27 14:22:55 - FewShotSeg - INFO - Validation mean IOU for Batch : 0.3135702054794521
2024-11-27 14:22:55 - FewShotSeg - INFO - Validation mean ACC for Batch : 0.6271404109589042
2024-11-27 14:22:55 - FewShotSeg - INFO - Validation mean IOU for Batch : nan
2024-11-27 14:22:55 - FewShotSeg - INFO - Validation mean ACC for Batch : nan
2024-11-27 14:22:56 - FewShotSeg - INFO - Validation mean IOU for Batch : 0.4174438687392055
2024-11-27 14:22:56 - FewShotSeg - INFO - Validation mean ACC for Batch : 0.834887737478411
2024-11-27 14:22:56 - FewShotSeg - INFO - Validation mean IOU for Batch : 0.45181907571288105
2024-11-27 14:22:56 - FewShotSeg - INFO - Validation mean ACC for Batch : 0.9036381514257621
2024-11-27 14:22:56 - FewShotSeg - INFO - Validation mean IOU for Batch : nan
2024-11-27 14:22:56 - FewShotSeg - INFO - Validation mean ACC for Batch : nan
2024-11-27 14:22:56 - FewShotSeg - INFO - Validation mean IOU for Batch : 0.30615384615384617
2024-11-27 14:22:56 - FewShotSeg - INFO - Validation mean ACC for Batch : 0.6123076923076923
2024-11-27 14:22:57 - FewShotSeg - INFO - Validation mean IOU for Batch : nan
2024-11-27 14:22:57 - FewShotSeg - INFO - Validation mean ACC for Batch : nan
2024-11-27 14:22:57 - FewShotSeg - INFO - Validation mean IOU for Batch : 0.20971223021582733
2024-11-27 14:22:57 - FewShotSeg - INFO - Validation mean ACC for Batch : 0.41942446043165466
2024-11-27 14:22:57 - FewShotSeg - INFO - Validation mean IOU for Batch : nan
2024-11-27 14:22:57 - FewShotSeg - INFO - Validation mean ACC for Batch : nan
2024-11-27 14:22:57 - FewShotSeg - INFO - Validation mean IOU for Batch : nan
2024-11-27 14:22:57 - FewShotSeg - INFO - Validation mean ACC for Batch : nan
2024-11-27 14:22:58 - FewShotSeg - INFO - Validation mean IOU for Batch : 0.3160377358490566
2024-11-27 14:22:58 - FewShotSeg - INFO - Validation mean ACC for Batch : 0.6320754716981132
2024-11-27 14:22:58 - FewShotSeg - INFO - Validation mean IOU for Batch : 0.4036286175995299
2024-11-27 14:22:58 - FewShotSeg - INFO - Validation mean ACC for Batch : 0.8072572351990598
2024-11-27 14:22:58 - FewShotSeg - INFO - Validation mean IOU for Batch : 0.2600373482726424
2024-11-27 14:22:58 - FewShotSeg - INFO - Validation mean ACC for Batch : 0.5200746965452848
2024-11-27 14:22:58 - FewShotSeg - INFO - Validation mean IOU for Batch : 0.41228070175438597
2024-11-27 14:22:58 - FewShotSeg - INFO - Validation mean ACC for Batch : 0.8245614035087719
2024-11-27 14:22:59 - FewShotSeg - INFO - Validation mean IOU for Batch : nan
2024-11-27 14:22:59 - FewShotSeg - INFO - Validation mean ACC for Batch : nan
2024-11-27 14:22:59 - FewShotSeg - INFO - Validation mean IOU for Batch : nan
2024-11-27 14:22:59 - FewShotSeg - INFO - Validation mean ACC for Batch : nan
2024-11-27 14:22:59 - FewShotSeg - INFO - Validation mean IOU for Batch : 0.3987391646966115
2024-11-27 14:22:59 - FewShotSeg - INFO - Validation mean ACC for Batch : 0.797478329393223
2024-11-27 14:22:59 - FewShotSeg - INFO - Validation mean IOU for Batch : 0.3765705838876571
2024-11-27 14:22:59 - FewShotSeg - INFO - Validation mean ACC for Batch : 0.7531411677753141
2024-11-27 14:23:00 - FewShotSeg - INFO - Validation mean IOU for Batch : nan
2024-11-27 14:23:00 - FewShotSeg - INFO - Validation mean ACC for Batch : nan
2024-11-27 14:23:00 - FewShotSeg - INFO - Validation mean IOU for Batch : 0.4192961165048544
2024-11-27 14:23:00 - FewShotSeg - INFO - Validation mean ACC for Batch : 0.8385922330097088
2024-11-27 14:23:00 - FewShotSeg - INFO - Validation mean IOU for Batch : 0.3614772103239978
2024-11-27 14:23:00 - FewShotSeg - INFO - Validation mean ACC for Batch : 0.7229544206479956
2024-11-27 14:23:01 - FewShotSeg - INFO - Validation mean IOU for Batch : nan
2024-11-27 14:23:01 - FewShotSeg - INFO - Validation mean ACC for Batch : nan
2024-11-27 14:23:01 - FewShotSeg - INFO - Validation mean IOU for Batch : 0.41179469748470426
2024-11-27 14:23:01 - FewShotSeg - INFO - Validation mean ACC for Batch : 0.8235893949694085
2024-11-27 14:23:01 - FewShotSeg - INFO - Validation mean IOU for Batch : 0.3737157534246575
2024-11-27 14:23:01 - FewShotSeg - INFO - Validation mean ACC for Batch : 0.747431506849315
2024-11-27 14:23:01 - FewShotSeg - INFO - Validation mean IOU for Batch : nan
2024-11-27 14:23:01 - FewShotSeg - INFO - Validation mean ACC for Batch : nan
2024-11-27 14:23:02 - FewShotSeg - INFO - Validation mean IOU for Batch : 0.34602763385146806
2024-11-27 14:23:02 - FewShotSeg - INFO - Validation mean ACC for Batch : 0.6920552677029361
2024-11-27 14:23:02 - FewShotSeg - INFO - Validation mean IOU for Batch : 0.3888888888888889
2024-11-27 14:23:02 - FewShotSeg - INFO - Validation mean ACC for Batch : 0.7777777777777778
2024-11-27 14:23:02 - FewShotSeg - INFO - Validation mean IOU for Batch : nan
2024-11-27 14:23:02 - FewShotSeg - INFO - Validation mean ACC for Batch : nan
2024-11-27 14:23:02 - FewShotSeg - INFO - Validation mean IOU for Batch : 0.3873846153846154
2024-11-27 14:23:02 - FewShotSeg - INFO - Validation mean ACC for Batch : 0.7747692307692308
2024-11-27 14:23:03 - FewShotSeg - INFO - Validation mean IOU for Batch : nan
2024-11-27 14:23:03 - FewShotSeg - INFO - Validation mean ACC for Batch : nan
2024-11-27 14:23:03 - FewShotSeg - INFO - Validation mean IOU for Batch : 0.19352517985611511
2024-11-27 14:23:03 - FewShotSeg - INFO - Validation mean ACC for Batch : 0.38705035971223023
2024-11-27 14:23:03 - FewShotSeg - INFO - Validation mean IOU for Batch : nan
2024-11-27 14:23:03 - FewShotSeg - INFO - Validation mean ACC for Batch : nan
2024-11-27 14:23:03 - FewShotSeg - INFO - Validation mean IOU for Batch : nan
2024-11-27 14:23:03 - FewShotSeg - INFO - Validation mean ACC for Batch : nan
2024-11-27 14:23:04 - FewShotSeg - INFO - Validation mean IOU for Batch : 0.3507412398921833
2024-11-27 14:23:04 - FewShotSeg - INFO - Validation mean ACC for Batch : 0.7014824797843666
2024-11-27 14:23:04 - FewShotSeg - INFO - Validation mean IOU for Batch : 0.42581166446305274
2024-11-27 14:23:04 - FewShotSeg - INFO - Validation mean ACC for Batch : 0.8516233289261055
2024-11-27 14:23:04 - FewShotSeg - INFO - Validation mean IOU for Batch : 0.15709617180205415
2024-11-27 14:23:04 - FewShotSeg - INFO - Validation mean ACC for Batch : 0.3141923436041083
2024-11-27 14:23:04 - FewShotSeg - INFO - Validation mean IOU for Batch : 0.4358349577647823
2024-11-27 14:23:04 - FewShotSeg - INFO - Validation mean ACC for Batch : 0.8716699155295646
2024-11-27 14:23:05 - FewShotSeg - INFO - Validation mean IOU for Batch : nan
2024-11-27 14:23:05 - FewShotSeg - INFO - Validation mean ACC for Batch : nan
2024-11-27 14:23:05 - FewShotSeg - INFO - Validation mean IOU for Batch : nan
2024-11-27 14:23:05 - FewShotSeg - INFO - Validation mean ACC for Batch : nan
2024-11-27 14:23:05 - FewShotSeg - INFO - Validation mean IOU for Batch : 0.374113475177305
2024-11-27 14:23:05 - FewShotSeg - INFO - Validation mean ACC for Batch : 0.74822695035461
2024-11-27 14:23:05 - FewShotSeg - INFO - Validation mean IOU for Batch : 0.3189209164818921
2024-11-27 14:23:05 - FewShotSeg - INFO - Validation mean ACC for Batch : 0.6378418329637842
2024-11-27 14:23:06 - FewShotSeg - INFO - Validation mean IOU for Batch : nan
2024-11-27 14:23:06 - FewShotSeg - INFO - Validation mean ACC for Batch : nan
2024-11-27 14:23:06 - FewShotSeg - INFO - Validation mean IOU for Batch : 0.3725728155339806
2024-11-27 14:23:06 - FewShotSeg - INFO - Validation mean ACC for Batch : 0.7451456310679612
2024-11-27 14:23:06 - FewShotSeg - INFO - Validation mean IOU for Batch : 0.4170785282811642
2024-11-27 14:23:06 - FewShotSeg - INFO - Validation mean ACC for Batch : 0.8341570565623284
2024-11-27 14:23:07 - FewShotSeg - INFO - Validation mean IOU for Batch : nan
2024-11-27 14:23:07 - FewShotSeg - INFO - Validation mean ACC for Batch : nan
2024-11-27 14:23:07 - FewShotSeg - INFO - Validation mean IOU for Batch : 0.4264106050305914
2024-11-27 14:23:07 - FewShotSeg - INFO - Validation mean ACC for Batch : 0.8528212100611828
2024-11-27 14:23:07 - FewShotSeg - INFO - Validation mean IOU for Batch : 0.4128852739726027
2024-11-27 14:23:07 - FewShotSeg - INFO - Validation mean ACC for Batch : 0.8257705479452054
2024-11-27 14:23:07 - FewShotSeg - INFO - Validation mean IOU for Batch : nan
2024-11-27 14:23:07 - FewShotSeg - INFO - Validation mean ACC for Batch : nan
2024-11-27 14:23:08 - FewShotSeg - INFO - Validation mean IOU for Batch : 0.4479274611398964
2024-11-27 14:23:08 - FewShotSeg - INFO - Validation mean ACC for Batch : 0.8958549222797928
2024-11-27 14:23:08 - FewShotSeg - INFO - Validation mean IOU for Batch : 0.1592920353982301
2024-11-27 14:23:08 - FewShotSeg - INFO - Validation mean ACC for Batch : 0.3185840707964602
2024-11-27 14:23:08 - FewShotSeg - INFO - Validation mean IOU for Batch : nan
2024-11-27 14:23:08 - FewShotSeg - INFO - Validation mean ACC for Batch : nan
2024-11-27 14:23:08 - FewShotSeg - INFO - Validation mean IOU for Batch : 0.44553846153846155
2024-11-27 14:23:08 - FewShotSeg - INFO - Validation mean ACC for Batch : 0.8910769230769231
2024-11-27 14:23:09 - FewShotSeg - INFO - Validation mean IOU for Batch : nan
2024-11-27 14:23:09 - FewShotSeg - INFO - Validation mean ACC for Batch : nan
2024-11-27 14:23:09 - FewShotSeg - INFO - Validation mean IOU for Batch : 0.26187050359712233
2024-11-27 14:23:09 - FewShotSeg - INFO - Validation mean ACC for Batch : 0.5237410071942447
2024-11-27 14:23:09 - FewShotSeg - INFO - Validation mean IOU for Batch : nan
2024-11-27 14:23:09 - FewShotSeg - INFO - Validation mean ACC for Batch : nan
2024-11-27 14:23:09 - FewShotSeg - INFO - Validation mean IOU for Batch : nan
2024-11-27 14:23:09 - FewShotSeg - INFO - Validation mean ACC for Batch : nan
2024-11-27 14:23:10 - FewShotSeg - INFO - Validation mean IOU for Batch : 0.44845013477088946
2024-11-27 14:23:10 - FewShotSeg - INFO - Validation mean ACC for Batch : 0.8969002695417789
2024-11-27 14:23:10 - FewShotSeg - INFO - Validation mean IOU for Batch : 0.3753489055384163
2024-11-27 14:23:10 - FewShotSeg - INFO - Validation mean ACC for Batch : 0.7506978110768326
2024-11-27 14:23:10 - FewShotSeg - INFO - Validation mean IOU for Batch : 0.3085901027077498
2024-11-27 14:23:10 - FewShotSeg - INFO - Validation mean ACC for Batch : 0.6171802054154996
2024-11-27 14:23:10 - FewShotSeg - INFO - Validation mean IOU for Batch : 0.4358349577647823
2024-11-27 14:23:10 - FewShotSeg - INFO - Validation mean ACC for Batch : 0.8716699155295646
2024-11-27 14:23:11 - FewShotSeg - INFO - Validation mean IOU for Batch : nan
2024-11-27 14:23:11 - FewShotSeg - INFO - Validation mean ACC for Batch : nan
2024-11-27 14:23:11 - FewShotSeg - INFO - Validation mean IOU for Batch : nan
2024-11-27 14:23:11 - FewShotSeg - INFO - Validation mean ACC for Batch : nan
2024-11-27 14:23:11 - FewShotSeg - INFO - Validation mean IOU for Batch : 0.3098896769109535
2024-11-27 14:23:11 - FewShotSeg - INFO - Validation mean ACC for Batch : 0.619779353821907
2024-11-27 14:23:11 - FewShotSeg - INFO - Validation mean IOU for Batch : 0.34405025868440503
2024-11-27 14:23:11 - FewShotSeg - INFO - Validation mean ACC for Batch : 0.6881005173688101
2024-11-27 14:23:12 - FewShotSeg - INFO - Validation mean IOU for Batch : nan
2024-11-27 14:23:12 - FewShotSeg - INFO - Validation mean ACC for Batch : nan
2024-11-27 14:23:12 - FewShotSeg - INFO - Validation mean IOU for Batch : 0.4057443365695793
2024-11-27 14:23:12 - FewShotSeg - INFO - Validation mean ACC for Batch : 0.8114886731391586
2024-11-27 14:23:12 - FewShotSeg - INFO - Validation mean IOU for Batch : 0.38358045030203186
2024-11-27 14:23:12 - FewShotSeg - INFO - Validation mean ACC for Batch : 0.7671609006040637
2024-11-27 14:23:13 - FewShotSeg - INFO - Validation mean IOU for Batch : nan
2024-11-27 14:23:13 - FewShotSeg - INFO - Validation mean ACC for Batch : nan
2024-11-27 14:23:13 - FewShotSeg - INFO - Validation mean IOU for Batch : 0.3636981645139361
2024-11-27 14:23:13 - FewShotSeg - INFO - Validation mean ACC for Batch : 0.7273963290278722
2024-11-27 14:23:13 - FewShotSeg - INFO - Validation mean IOU for Batch : 0.3497431506849315
2024-11-27 14:23:13 - FewShotSeg - INFO - Validation mean ACC for Batch : 0.699486301369863
2024-11-27 14:23:13 - FewShotSeg - INFO - Validation mean IOU for Batch : nan
2024-11-27 14:23:13 - FewShotSeg - INFO - Validation mean ACC for Batch : nan
2024-11-27 14:23:14 - FewShotSeg - INFO - Validation mean IOU for Batch : 0.35664939550949915
2024-11-27 14:23:14 - FewShotSeg - INFO - Validation mean ACC for Batch : 0.7132987910189983
2024-11-27 14:23:14 - FewShotSeg - INFO - Validation mean IOU for Batch : 0.4183874139626352
2024-11-27 14:23:14 - FewShotSeg - INFO - Validation mean ACC for Batch : 0.8367748279252704
2024-11-27 14:23:14 - FewShotSeg - INFO - Validation mean IOU for Batch : nan
2024-11-27 14:23:14 - FewShotSeg - INFO - Validation mean ACC for Batch : nan
2024-11-27 14:23:14 - FewShotSeg - INFO - Validation mean IOU for Batch : 0.29107692307692307
2024-11-27 14:23:14 - FewShotSeg - INFO - Validation mean ACC for Batch : 0.5821538461538461
2024-11-27 14:23:15 - FewShotSeg - INFO - Validation mean IOU for Batch : nan
2024-11-27 14:23:15 - FewShotSeg - INFO - Validation mean ACC for Batch : nan
2024-11-27 14:23:15 - FewShotSeg - INFO - Validation mean IOU for Batch : 0.1856115107913669
2024-11-27 14:23:15 - FewShotSeg - INFO - Validation mean ACC for Batch : 0.3712230215827338
2024-11-27 14:23:15 - FewShotSeg - INFO - Validation mean IOU for Batch : nan
2024-11-27 14:23:15 - FewShotSeg - INFO - Validation mean ACC for Batch : nan
2024-11-27 14:23:15 - FewShotSeg - INFO - Validation mean IOU for Batch : 0.4093054619015509
2024-11-27 14:23:15 - FewShotSeg - INFO - Validation mean ACC for Batch : 0.8186109238031019
2024-11-27 14:23:16 - FewShotSeg - INFO - Validation mean IOU for Batch : nan
2024-11-27 14:23:16 - FewShotSeg - INFO - Validation mean ACC for Batch : nan
2024-11-27 14:23:16 - FewShotSeg - INFO - Validation mean IOU for Batch : 0.3983849259757739
2024-11-27 14:23:16 - FewShotSeg - INFO - Validation mean ACC for Batch : 0.7967698519515478
2024-11-27 14:23:16 - FewShotSeg - INFO - Validation mean IOU for Batch : nan
2024-11-27 14:23:16 - FewShotSeg - INFO - Validation mean ACC for Batch : nan
2024-11-27 14:23:16 - FewShotSeg - INFO - Validation mean IOU for Batch : nan
2024-11-27 14:23:16 - FewShotSeg - INFO - Validation mean ACC for Batch : nan
2024-11-27 14:23:17 - FewShotSeg - INFO - Validation mean IOU for Batch : 0.4263739545997611
2024-11-27 14:23:17 - FewShotSeg - INFO - Validation mean ACC for Batch : 0.8527479091995221
2024-11-27 14:23:17 - FewShotSeg - INFO - Validation mean IOU for Batch : nan
2024-11-27 14:23:17 - FewShotSeg - INFO - Validation mean ACC for Batch : nan
2024-11-27 14:23:17 - FewShotSeg - INFO - Validation mean IOU for Batch : nan
2024-11-27 14:23:17 - FewShotSeg - INFO - Validation mean ACC for Batch : nan
2024-11-27 14:23:18 - FewShotSeg - INFO - Validation mean IOU for Batch : 0.4497979483991296
2024-11-27 14:23:18 - FewShotSeg - INFO - Validation mean ACC for Batch : 0.8995958967982592
2024-11-27 14:23:18 - FewShotSeg - INFO - Validation mean IOU for Batch : 0.35053713218122373
2024-11-27 14:23:18 - FewShotSeg - INFO - Validation mean ACC for Batch : 0.7010742643624475
2024-11-27 14:23:18 - FewShotSeg - INFO - Validation mean IOU for Batch : nan
2024-11-27 14:23:18 - FewShotSeg - INFO - Validation mean ACC for Batch : nan
2024-11-27 14:23:18 - FewShotSeg - INFO - Validation mean IOU for Batch : nan
2024-11-27 14:23:18 - FewShotSeg - INFO - Validation mean ACC for Batch : nan
2024-11-27 14:23:19 - FewShotSeg - INFO - Validation mean IOU for Batch : 0.2082048118445404
2024-11-27 14:23:19 - FewShotSeg - INFO - Validation mean ACC for Batch : 0.4164096236890808
2024-11-27 14:23:19 - FewShotSeg - INFO - Validation mean IOU for Batch : nan
2024-11-27 14:23:19 - FewShotSeg - INFO - Validation mean ACC for Batch : nan
2024-11-27 14:23:19 - FewShotSeg - INFO - Validation mean IOU for Batch : nan
2024-11-27 14:23:19 - FewShotSeg - INFO - Validation mean ACC for Batch : nan
2024-11-27 14:23:19 - FewShotSeg - INFO - Validation mean IOU for Batch : 0.34551264240066687
2024-11-27 14:23:19 - FewShotSeg - INFO - Validation mean ACC for Batch : 0.6910252848013337
2024-11-27 14:23:20 - FewShotSeg - INFO - Validation mean IOU for Batch : nan
2024-11-27 14:23:20 - FewShotSeg - INFO - Validation mean ACC for Batch : nan
2024-11-27 14:23:20 - FewShotSeg - INFO - Validation mean IOU for Batch : 0.38415892672858615
2024-11-27 14:23:20 - FewShotSeg - INFO - Validation mean ACC for Batch : 0.7683178534571723
2024-11-27 14:23:20 - FewShotSeg - INFO - Validation mean IOU for Batch : 0.26688364524003255
2024-11-27 14:23:20 - FewShotSeg - INFO - Validation mean ACC for Batch : 0.5337672904800651
2024-11-27 14:23:20 - FewShotSeg - INFO - Validation mean IOU for Batch : 0.1596661281637049
2024-11-27 14:23:20 - FewShotSeg - INFO - Validation mean ACC for Batch : 0.3193322563274098
2024-11-27 14:23:21 - FewShotSeg - INFO - Validation mean IOU for Batch : nan
2024-11-27 14:23:21 - FewShotSeg - INFO - Validation mean ACC for Batch : nan
2024-11-27 14:23:21 - FewShotSeg - INFO - Validation mean IOU for Batch : 0.4138047138047138
2024-11-27 14:23:21 - FewShotSeg - INFO - Validation mean ACC for Batch : 0.8276094276094276
2024-11-27 14:23:21 - FewShotSeg - INFO - Validation mean IOU for Batch : 0.3212603062426384
2024-11-27 14:23:21 - FewShotSeg - INFO - Validation mean ACC for Batch : 0.6425206124852768
2024-11-27 14:23:21 - FewShotSeg - INFO - Validation mean IOU for Batch : 0.2430883344571814
2024-11-27 14:23:21 - FewShotSeg - INFO - Validation mean ACC for Batch : 0.4861766689143628
2024-11-27 14:23:22 - FewShotSeg - INFO - Validation mean IOU for Batch : nan
2024-11-27 14:23:22 - FewShotSeg - INFO - Validation mean ACC for Batch : nan
2024-11-27 14:23:22 - FewShotSeg - INFO - Validation mean IOU for Batch : 0.2446164199192463
2024-11-27 14:23:22 - FewShotSeg - INFO - Validation mean ACC for Batch : 0.4892328398384926
2024-11-27 14:23:22 - FewShotSeg - INFO - Validation mean IOU for Batch : nan
2024-11-27 14:23:22 - FewShotSeg - INFO - Validation mean ACC for Batch : nan
2024-11-27 14:23:22 - FewShotSeg - INFO - Validation mean IOU for Batch : nan
2024-11-27 14:23:22 - FewShotSeg - INFO - Validation mean ACC for Batch : nan
2024-11-27 14:23:23 - FewShotSeg - INFO - Validation mean IOU for Batch : 0.3870221027479092
2024-11-27 14:23:23 - FewShotSeg - INFO - Validation mean ACC for Batch : 0.7740442054958184
2024-11-27 14:23:23 - FewShotSeg - INFO - Validation mean IOU for Batch : nan
2024-11-27 14:23:23 - FewShotSeg - INFO - Validation mean ACC for Batch : nan
2024-11-27 14:23:23 - FewShotSeg - INFO - Validation mean IOU for Batch : nan
2024-11-27 14:23:23 - FewShotSeg - INFO - Validation mean ACC for Batch : nan
2024-11-27 14:23:24 - FewShotSeg - INFO - Validation mean IOU for Batch : 0.4389182468138017
2024-11-27 14:23:24 - FewShotSeg - INFO - Validation mean ACC for Batch : 0.8778364936276034
2024-11-27 14:23:24 - FewShotSeg - INFO - Validation mean IOU for Batch : 0.29822512844465204
2024-11-27 14:23:24 - FewShotSeg - INFO - Validation mean ACC for Batch : 0.5964502568893041
2024-11-27 14:23:24 - FewShotSeg - INFO - Validation mean IOU for Batch : nan
2024-11-27 14:23:24 - FewShotSeg - INFO - Validation mean ACC for Batch : nan
2024-11-27 14:23:24 - FewShotSeg - INFO - Validation mean IOU for Batch : nan
2024-11-27 14:23:24 - FewShotSeg - INFO - Validation mean ACC for Batch : nan
2024-11-27 14:23:25 - FewShotSeg - INFO - Validation mean IOU for Batch : 0.14250462677359654
2024-11-27 14:23:25 - FewShotSeg - INFO - Validation mean ACC for Batch : 0.2850092535471931
2024-11-27 14:23:25 - FewShotSeg - INFO - Validation mean IOU for Batch : nan
2024-11-27 14:23:25 - FewShotSeg - INFO - Validation mean ACC for Batch : nan
2024-11-27 14:23:25 - FewShotSeg - INFO - Validation mean IOU for Batch : nan
2024-11-27 14:23:25 - FewShotSeg - INFO - Validation mean ACC for Batch : nan
2024-11-27 14:23:25 - FewShotSeg - INFO - Validation mean IOU for Batch : 0.4071964434565157
2024-11-27 14:23:25 - FewShotSeg - INFO - Validation mean ACC for Batch : 0.8143928869130314
2024-11-27 14:23:26 - FewShotSeg - INFO - Validation mean IOU for Batch : nan
2024-11-27 14:23:26 - FewShotSeg - INFO - Validation mean ACC for Batch : nan
2024-11-27 14:23:26 - FewShotSeg - INFO - Validation mean IOU for Batch : 0.39275885792913656
2024-11-27 14:23:26 - FewShotSeg - INFO - Validation mean ACC for Batch : 0.7855177158582731
2024-11-27 14:23:26 - FewShotSeg - INFO - Validation mean IOU for Batch : 0.18205858421480878
2024-11-27 14:23:26 - FewShotSeg - INFO - Validation mean ACC for Batch : 0.36411716842961755
2024-11-27 14:23:26 - FewShotSeg - INFO - Validation mean IOU for Batch : 0.28729133010231556
2024-11-27 14:23:26 - FewShotSeg - INFO - Validation mean ACC for Batch : 0.5745826602046311
2024-11-27 14:23:27 - FewShotSeg - INFO - Validation mean IOU for Batch : nan
2024-11-27 14:23:27 - FewShotSeg - INFO - Validation mean ACC for Batch : nan
2024-11-27 14:23:27 - FewShotSeg - INFO - Validation mean IOU for Batch : 0.3851851851851852
2024-11-27 14:23:27 - FewShotSeg - INFO - Validation mean ACC for Batch : 0.7703703703703704
2024-11-27 14:23:27 - FewShotSeg - INFO - Validation mean IOU for Batch : 0.35585983510011776
2024-11-27 14:23:27 - FewShotSeg - INFO - Validation mean ACC for Batch : 0.7117196702002355
2024-11-27 14:23:27 - FewShotSeg - INFO - Validation mean IOU for Batch : 0.3351314902225219
2024-11-27 14:23:27 - FewShotSeg - INFO - Validation mean ACC for Batch : 0.6702629804450438
2024-11-27 14:23:28 - FewShotSeg - INFO - Validation mean IOU for Batch : nan
2024-11-27 14:23:28 - FewShotSeg - INFO - Validation mean ACC for Batch : nan
2024-11-27 14:23:28 - FewShotSeg - INFO - Validation mean IOU for Batch : 0.42294751009421266
2024-11-27 14:23:28 - FewShotSeg - INFO - Validation mean ACC for Batch : 0.8458950201884253
2024-11-27 14:23:28 - FewShotSeg - INFO - Validation mean IOU for Batch : nan
2024-11-27 14:23:28 - FewShotSeg - INFO - Validation mean ACC for Batch : nan
2024-11-27 14:23:28 - FewShotSeg - INFO - Validation mean IOU for Batch : nan
2024-11-27 14:23:28 - FewShotSeg - INFO - Validation mean ACC for Batch : nan
2024-11-27 14:23:29 - FewShotSeg - INFO - Validation mean IOU for Batch : 0.3912783751493429
2024-11-27 14:23:29 - FewShotSeg - INFO - Validation mean ACC for Batch : 0.7825567502986858
2024-11-27 14:23:29 - FewShotSeg - INFO - Validation mean IOU for Batch : nan
2024-11-27 14:23:29 - FewShotSeg - INFO - Validation mean ACC for Batch : nan
2024-11-27 14:23:29 - FewShotSeg - INFO - Validation mean IOU for Batch : nan
2024-11-27 14:23:29 - FewShotSeg - INFO - Validation mean ACC for Batch : nan
2024-11-27 14:23:29 - FewShotSeg - INFO - Validation mean IOU for Batch : 0.4535281317998135
2024-11-27 14:23:29 - FewShotSeg - INFO - Validation mean ACC for Batch : 0.907056263599627
2024-11-27 14:23:30 - FewShotSeg - INFO - Validation mean IOU for Batch : 0.3012610929472209
2024-11-27 14:23:30 - FewShotSeg - INFO - Validation mean ACC for Batch : 0.6025221858944418
2024-11-27 14:23:30 - FewShotSeg - INFO - Validation mean IOU for Batch : nan
2024-11-27 14:23:30 - FewShotSeg - INFO - Validation mean ACC for Batch : nan
2024-11-27 14:23:30 - FewShotSeg - INFO - Validation mean IOU for Batch : nan
2024-11-27 14:23:30 - FewShotSeg - INFO - Validation mean ACC for Batch : nan
2024-11-27 14:23:31 - FewShotSeg - INFO - Validation mean IOU for Batch : 0.1391116594694633
2024-11-27 14:23:31 - FewShotSeg - INFO - Validation mean ACC for Batch : 0.2782233189389266
2024-11-27 14:23:31 - FewShotSeg - INFO - Validation mean IOU for Batch : nan
2024-11-27 14:23:31 - FewShotSeg - INFO - Validation mean ACC for Batch : nan
2024-11-27 14:23:31 - FewShotSeg - INFO - Validation mean IOU for Batch : nan
2024-11-27 14:23:31 - FewShotSeg - INFO - Validation mean ACC for Batch : nan
2024-11-27 14:23:31 - FewShotSeg - INFO - Validation mean IOU for Batch : 0.34731869963878853
2024-11-27 14:23:31 - FewShotSeg - INFO - Validation mean ACC for Batch : 0.6946373992775771
2024-11-27 14:23:32 - FewShotSeg - INFO - Validation mean IOU for Batch : nan
2024-11-27 14:23:32 - FewShotSeg - INFO - Validation mean ACC for Batch : nan
2024-11-27 14:23:32 - FewShotSeg - INFO - Validation mean IOU for Batch : 0.3550911592707258
2024-11-27 14:23:32 - FewShotSeg - INFO - Validation mean ACC for Batch : 0.7101823185414516
2024-11-27 14:23:32 - FewShotSeg - INFO - Validation mean IOU for Batch : 0.2776647681041497
2024-11-27 14:23:32 - FewShotSeg - INFO - Validation mean ACC for Batch : 0.5553295362082994
2024-11-27 14:23:32 - FewShotSeg - INFO - Validation mean IOU for Batch : 0.2501346257404416
2024-11-27 14:23:32 - FewShotSeg - INFO - Validation mean ACC for Batch : 0.5002692514808832
2024-11-27 14:23:33 - FewShotSeg - INFO - Validation mean IOU for Batch : nan
2024-11-27 14:23:33 - FewShotSeg - INFO - Validation mean ACC for Batch : nan
2024-11-27 14:23:33 - FewShotSeg - INFO - Validation mean IOU for Batch : 0.44882154882154884
2024-11-27 14:23:33 - FewShotSeg - INFO - Validation mean ACC for Batch : 0.8976430976430977
2024-11-27 14:23:33 - FewShotSeg - INFO - Validation mean IOU for Batch : 0.3963486454652532
2024-11-27 14:23:33 - FewShotSeg - INFO - Validation mean ACC for Batch : 0.7926972909305064
2024-11-27 14:23:33 - FewShotSeg - INFO - Validation mean IOU for Batch : 0.2923128792987188
2024-11-27 14:23:33 - FewShotSeg - INFO - Validation mean ACC for Batch : 0.5846257585974376
2024-11-27 14:23:34 - FewShotSeg - INFO - Validation mean IOU for Batch : nan
2024-11-27 14:23:34 - FewShotSeg - INFO - Validation mean ACC for Batch : nan
2024-11-27 14:23:34 - FewShotSeg - INFO - Validation mean IOU for Batch : 0.33882907133243606
2024-11-27 14:23:34 - FewShotSeg - INFO - Validation mean ACC for Batch : 0.6776581426648721
2024-11-27 14:23:34 - FewShotSeg - INFO - Validation mean IOU for Batch : nan
2024-11-27 14:23:34 - FewShotSeg - INFO - Validation mean ACC for Batch : nan
2024-11-27 14:23:35 - FewShotSeg - INFO - Validation mean IOU for Batch : nan
2024-11-27 14:23:35 - FewShotSeg - INFO - Validation mean ACC for Batch : nan
2024-11-27 14:23:35 - FewShotSeg - INFO - Validation mean IOU for Batch : 0.3425179211469534
2024-11-27 14:23:35 - FewShotSeg - INFO - Validation mean ACC for Batch : 0.6850358422939068
2024-11-27 14:23:35 - FewShotSeg - INFO - Validation mean IOU for Batch : nan
2024-11-27 14:23:35 - FewShotSeg - INFO - Validation mean ACC for Batch : nan
2024-11-27 14:23:35 - FewShotSeg - INFO - Validation mean IOU for Batch : nan
2024-11-27 14:23:35 - FewShotSeg - INFO - Validation mean ACC for Batch : nan
2024-11-27 14:23:36 - FewShotSeg - INFO - Validation mean IOU for Batch : 0.317687286291576
2024-11-27 14:23:36 - FewShotSeg - INFO - Validation mean ACC for Batch : 0.635374572583152
2024-11-27 14:23:36 - FewShotSeg - INFO - Validation mean IOU for Batch : 0.2821111630079402
2024-11-27 14:23:36 - FewShotSeg - INFO - Validation mean ACC for Batch : 0.5642223260158804
2024-11-27 14:23:36 - FewShotSeg - INFO - Validation mean IOU for Batch : nan
2024-11-27 14:23:36 - FewShotSeg - INFO - Validation mean ACC for Batch : nan
2024-11-27 14:23:36 - FewShotSeg - INFO - Validation mean IOU for Batch : nan
2024-11-27 14:23:36 - FewShotSeg - INFO - Validation mean ACC for Batch : nan
2024-11-27 14:23:37 - FewShotSeg - INFO - Validation mean IOU for Batch : 0.15360888340530537
2024-11-27 14:23:37 - FewShotSeg - INFO - Validation mean ACC for Batch : 0.30721776681061075
2024-11-27 14:23:37 - FewShotSeg - INFO - Validation mean IOU for Batch : nan
2024-11-27 14:23:37 - FewShotSeg - INFO - Validation mean ACC for Batch : nan
2024-11-27 14:23:37 - FewShotSeg - INFO - Validation mean IOU for Batch : nan
2024-11-27 14:23:37 - FewShotSeg - INFO - Validation mean ACC for Batch : nan
2024-11-27 14:23:37 - FewShotSeg - INFO - Validation mean IOU for Batch : 0.2892470130591831
2024-11-27 14:23:37 - FewShotSeg - INFO - Validation mean ACC for Batch : 0.5784940261183662
2024-11-27 14:23:38 - FewShotSeg - INFO - Validation mean IOU for Batch : nan
2024-11-27 14:23:38 - FewShotSeg - INFO - Validation mean ACC for Batch : nan
2024-11-27 14:23:38 - FewShotSeg - INFO - Validation mean IOU for Batch : 0.3087375300997592
2024-11-27 14:23:38 - FewShotSeg - INFO - Validation mean ACC for Batch : 0.6174750601995184
2024-11-27 14:23:38 - FewShotSeg - INFO - Validation mean IOU for Batch : 0.2467453213995118
2024-11-27 14:23:38 - FewShotSeg - INFO - Validation mean ACC for Batch : 0.4934906427990236
2024-11-27 14:23:39 - FewShotSeg - INFO - Validation mean IOU for Batch : 0.24932687129779213
2024-11-27 14:23:39 - FewShotSeg - INFO - Validation mean ACC for Batch : 0.49865374259558426
2024-11-27 14:23:39 - FewShotSeg - INFO - Validation mean IOU for Batch : nan
2024-11-27 14:23:39 - FewShotSeg - INFO - Validation mean ACC for Batch : nan
2024-11-27 14:23:39 - FewShotSeg - INFO - Validation mean IOU for Batch : 0.3592592592592593
2024-11-27 14:23:39 - FewShotSeg - INFO - Validation mean ACC for Batch : 0.7185185185185186
2024-11-27 14:23:39 - FewShotSeg - INFO - Validation mean IOU for Batch : 0.2754711425206125
2024-11-27 14:23:39 - FewShotSeg - INFO - Validation mean ACC for Batch : 0.550942285041225
2024-11-27 14:23:40 - FewShotSeg - INFO - Validation mean IOU for Batch : 0.33546864463924475
2024-11-27 14:23:40 - FewShotSeg - INFO - Validation mean ACC for Batch : 0.6709372892784895
2024-11-27 14:23:40 - FewShotSeg - INFO - Validation mean IOU for Batch : nan
2024-11-27 14:23:40 - FewShotSeg - INFO - Validation mean ACC for Batch : nan
2024-11-27 14:23:40 - FewShotSeg - INFO - Validation mean IOU for Batch : 0.3011440107671602
2024-11-27 14:23:40 - FewShotSeg - INFO - Validation mean ACC for Batch : 0.6022880215343204
2024-11-27 14:23:40 - FewShotSeg - INFO - Validation mean IOU for Batch : nan
2024-11-27 14:23:40 - FewShotSeg - INFO - Validation mean ACC for Batch : nan
2024-11-27 14:23:41 - FewShotSeg - INFO - Validation mean IOU for Batch : nan
2024-11-27 14:23:41 - FewShotSeg - INFO - Validation mean ACC for Batch : nan
2024-11-27 14:23:41 - FewShotSeg - INFO - Validation mean IOU for Batch : 0.29696833930704897
2024-11-27 14:23:41 - FewShotSeg - INFO - Validation mean ACC for Batch : 0.5939366786140979
2024-11-27 14:23:41 - FewShotSeg - INFO - Validation mean IOU for Batch : nan
2024-11-27 14:23:41 - FewShotSeg - INFO - Validation mean ACC for Batch : nan
2024-11-27 14:23:41 - FewShotSeg - INFO - Validation mean IOU for Batch : nan
2024-11-27 14:23:41 - FewShotSeg - INFO - Validation mean ACC for Batch : nan
2024-11-27 14:23:42 - FewShotSeg - INFO - Validation mean IOU for Batch : 0.35001554243083616
2024-11-27 14:23:42 - FewShotSeg - INFO - Validation mean ACC for Batch : 0.7000310848616723
2024-11-27 14:23:42 - FewShotSeg - INFO - Validation mean IOU for Batch : 0.17234936945352639
2024-11-27 14:23:42 - FewShotSeg - INFO - Validation mean ACC for Batch : 0.34469873890705277
2024-11-27 14:23:42 - FewShotSeg - INFO - Validation mean IOU for Batch : nan
2024-11-27 14:23:42 - FewShotSeg - INFO - Validation mean ACC for Batch : nan
2024-11-27 14:23:42 - FewShotSeg - INFO - Validation mean IOU for Batch : nan
2024-11-27 14:23:42 - FewShotSeg - INFO - Validation mean ACC for Batch : nan
2024-11-27 14:23:43 - FewShotSeg - INFO - Validation mean IOU for Batch : 0.1810610734114744
2024-11-27 14:23:43 - FewShotSeg - INFO - Validation mean ACC for Batch : 0.3621221468229488
2024-11-27 14:23:43 - FewShotSeg - INFO - Validation mean IOU for Batch : nan
2024-11-27 14:23:43 - FewShotSeg - INFO - Validation mean ACC for Batch : nan
2024-11-27 14:23:43 - FewShotSeg - INFO - Validation mean IOU for Batch : nan
2024-11-27 14:23:43 - FewShotSeg - INFO - Validation mean ACC for Batch : nan
2024-11-27 14:23:43 - FewShotSeg - INFO - Validation mean IOU for Batch : 0.31953320366768545
2024-11-27 14:23:43 - FewShotSeg - INFO - Validation mean ACC for Batch : 0.6390664073353709
2024-11-27 14:23:44 - FewShotSeg - INFO - Validation mean IOU for Batch : nan
2024-11-27 14:23:44 - FewShotSeg - INFO - Validation mean ACC for Batch : nan
2024-11-27 14:23:44 - FewShotSeg - INFO - Validation mean IOU for Batch : 0.34907120743034054
2024-11-27 14:23:44 - FewShotSeg - INFO - Validation mean ACC for Batch : 0.6981424148606811
2024-11-27 14:23:44 - FewShotSeg - INFO - Validation mean IOU for Batch : 0.18124491456468675
2024-11-27 14:23:44 - FewShotSeg - INFO - Validation mean ACC for Batch : 0.3624898291293735
2024-11-27 14:23:44 - FewShotSeg - INFO - Validation mean IOU for Batch : 0.21809369951534732
2024-11-27 14:23:44 - FewShotSeg - INFO - Validation mean ACC for Batch : 0.43618739903069464
2024-11-27 14:23:45 - FewShotSeg - INFO - Validation mean IOU for Batch : nan
2024-11-27 14:23:45 - FewShotSeg - INFO - Validation mean ACC for Batch : nan
2024-11-27 14:23:45 - FewShotSeg - INFO - Validation mean IOU for Batch : 0.2734006734006734
2024-11-27 14:23:45 - FewShotSeg - INFO - Validation mean ACC for Batch : 0.5468013468013468
2024-11-27 14:23:45 - FewShotSeg - INFO - Validation mean IOU for Batch : 0.24705535924617197
2024-11-27 14:23:45 - FewShotSeg - INFO - Validation mean ACC for Batch : 0.49411071849234395
2024-11-27 14:23:46 - FewShotSeg - INFO - Validation mean IOU for Batch : nan
2024-11-27 14:23:46 - FewShotSeg - INFO - Validation mean ACC for Batch : nan
2024-11-27 14:23:46 - FewShotSeg - INFO - Validation mean IOU for Batch : 0.30528284244974285
2024-11-27 14:23:46 - FewShotSeg - INFO - Validation mean ACC for Batch : 0.6105656848994857
2024-11-27 14:23:46 - FewShotSeg - INFO - Validation mean IOU for Batch : 0.4435204435204435
2024-11-27 14:23:46 - FewShotSeg - INFO - Validation mean ACC for Batch : 0.887040887040887
2024-11-27 14:23:46 - FewShotSeg - INFO - Validation mean IOU for Batch : nan
2024-11-27 14:23:46 - FewShotSeg - INFO - Validation mean ACC for Batch : nan
2024-11-27 14:23:47 - FewShotSeg - INFO - Validation mean IOU for Batch : 0.3526887871853547
2024-11-27 14:23:47 - FewShotSeg - INFO - Validation mean ACC for Batch : 0.7053775743707094
2024-11-27 14:23:47 - FewShotSeg - INFO - Validation mean IOU for Batch : nan
2024-11-27 14:23:47 - FewShotSeg - INFO - Validation mean ACC for Batch : nan
2024-11-27 14:23:47 - FewShotSeg - INFO - Validation mean IOU for Batch : 0.3909499718943227
2024-11-27 14:23:47 - FewShotSeg - INFO - Validation mean ACC for Batch : 0.7818999437886454
2024-11-27 14:23:47 - FewShotSeg - INFO - Validation mean IOU for Batch : 0.23216482164821647
2024-11-27 14:23:47 - FewShotSeg - INFO - Validation mean ACC for Batch : 0.46432964329643295
2024-11-27 14:23:48 - FewShotSeg - INFO - Validation mean IOU for Batch : 0.38898233809924304
2024-11-27 14:23:48 - FewShotSeg - INFO - Validation mean ACC for Batch : 0.7779646761984861
2024-11-27 14:23:48 - FewShotSeg - INFO - Validation mean IOU for Batch : 0.22399328859060402
2024-11-27 14:23:48 - FewShotSeg - INFO - Validation mean ACC for Batch : 0.44798657718120805
2024-11-27 14:23:48 - FewShotSeg - INFO - Validation mean IOU for Batch : 0.24135876042908225
2024-11-27 14:23:48 - FewShotSeg - INFO - Validation mean ACC for Batch : 0.4827175208581645
2024-11-27 14:23:48 - FewShotSeg - INFO - Validation mean IOU for Batch : nan
2024-11-27 14:23:48 - FewShotSeg - INFO - Validation mean ACC for Batch : nan
2024-11-27 14:23:49 - FewShotSeg - INFO - Validation mean IOU for Batch : nan
2024-11-27 14:23:49 - FewShotSeg - INFO - Validation mean ACC for Batch : nan
2024-11-27 14:23:49 - FewShotSeg - INFO - Validation mean IOU for Batch : 0.4525697969543147
2024-11-27 14:23:49 - FewShotSeg - INFO - Validation mean ACC for Batch : 0.9051395939086294
2024-11-27 14:23:49 - FewShotSeg - INFO - Validation mean IOU for Batch : 0.4342327150084317
2024-11-27 14:23:49 - FewShotSeg - INFO - Validation mean ACC for Batch : 0.8684654300168634
2024-11-27 14:23:50 - FewShotSeg - INFO - Validation mean IOU for Batch : nan
2024-11-27 14:23:50 - FewShotSeg - INFO - Validation mean ACC for Batch : nan
2024-11-27 14:23:50 - FewShotSeg - INFO - Validation mean IOU for Batch : nan
2024-11-27 14:23:50 - FewShotSeg - INFO - Validation mean ACC for Batch : nan
2024-11-27 14:23:50 - FewShotSeg - INFO - Validation mean IOU for Batch : 0.3751733703190014
2024-11-27 14:23:50 - FewShotSeg - INFO - Validation mean ACC for Batch : 0.7503467406380028
2024-11-27 14:23:50 - FewShotSeg - INFO - Validation mean IOU for Batch : 0.43156190688846713
2024-11-27 14:23:50 - FewShotSeg - INFO - Validation mean ACC for Batch : 0.8631238137769343
2024-11-27 14:23:51 - FewShotSeg - INFO - Validation mean IOU for Batch : nan
2024-11-27 14:23:51 - FewShotSeg - INFO - Validation mean ACC for Batch : nan
2024-11-27 14:23:51 - FewShotSeg - INFO - Validation mean IOU for Batch : 0.39389015274618133
2024-11-27 14:23:51 - FewShotSeg - INFO - Validation mean ACC for Batch : 0.7877803054923627
2024-11-27 14:23:51 - FewShotSeg - INFO - Validation mean IOU for Batch : 0.4456953642384106
2024-11-27 14:23:51 - FewShotSeg - INFO - Validation mean ACC for Batch : 0.8913907284768212
2024-11-27 14:23:51 - FewShotSeg - INFO - Validation mean IOU for Batch : nan
2024-11-27 14:23:51 - FewShotSeg - INFO - Validation mean ACC for Batch : nan
2024-11-27 14:23:52 - FewShotSeg - INFO - Validation mean IOU for Batch : nan
2024-11-27 14:23:52 - FewShotSeg - INFO - Validation mean ACC for Batch : nan
2024-11-27 14:23:52 - FewShotSeg - INFO - Validation mean IOU for Batch : 0.21458625525946703
2024-11-27 14:23:52 - FewShotSeg - INFO - Validation mean ACC for Batch : 0.42917251051893407
2024-11-27 14:23:52 - FewShotSeg - INFO - Validation mean IOU for Batch : 0.43156618156618154
2024-11-27 14:23:52 - FewShotSeg - INFO - Validation mean ACC for Batch : 0.8631323631323631
2024-11-27 14:23:52 - FewShotSeg - INFO - Validation mean IOU for Batch : nan
2024-11-27 14:23:52 - FewShotSeg - INFO - Validation mean ACC for Batch : nan
2024-11-27 14:23:53 - FewShotSeg - INFO - Validation mean IOU for Batch : 0.33352402745995424
2024-11-27 14:23:53 - FewShotSeg - INFO - Validation mean ACC for Batch : 0.6670480549199085
2024-11-27 14:23:53 - FewShotSeg - INFO - Validation mean IOU for Batch : nan
2024-11-27 14:23:53 - FewShotSeg - INFO - Validation mean ACC for Batch : nan
2024-11-27 14:23:53 - FewShotSeg - INFO - Validation mean IOU for Batch : 0.392495784148398
2024-11-27 14:23:53 - FewShotSeg - INFO - Validation mean ACC for Batch : 0.784991568296796
2024-11-27 14:23:53 - FewShotSeg - INFO - Validation mean IOU for Batch : 0.32441574415744157
2024-11-27 14:23:53 - FewShotSeg - INFO - Validation mean ACC for Batch : 0.6488314883148831
2024-11-27 14:23:54 - FewShotSeg - INFO - Validation mean IOU for Batch : 0.4291421362489487
2024-11-27 14:23:54 - FewShotSeg - INFO - Validation mean ACC for Batch : 0.8582842724978974
2024-11-27 14:23:54 - FewShotSeg - INFO - Validation mean IOU for Batch : 0.28131991051454136
2024-11-27 14:23:54 - FewShotSeg - INFO - Validation mean ACC for Batch : 0.5626398210290827
2024-11-27 14:23:54 - FewShotSeg - INFO - Validation mean IOU for Batch : 0.40464839094159716
2024-11-27 14:23:54 - FewShotSeg - INFO - Validation mean ACC for Batch : 0.8092967818831943
2024-11-27 14:23:55 - FewShotSeg - INFO - Validation mean IOU for Batch : nan
2024-11-27 14:23:55 - FewShotSeg - INFO - Validation mean ACC for Batch : nan
2024-11-27 14:23:55 - FewShotSeg - INFO - Validation mean IOU for Batch : nan
2024-11-27 14:23:55 - FewShotSeg - INFO - Validation mean ACC for Batch : nan
2024-11-27 14:23:55 - FewShotSeg - INFO - Validation mean IOU for Batch : 0.440989847715736
2024-11-27 14:23:55 - FewShotSeg - INFO - Validation mean ACC for Batch : 0.881979695431472
2024-11-27 14:23:55 - FewShotSeg - INFO - Validation mean IOU for Batch : 0.4142776840921866
2024-11-27 14:23:55 - FewShotSeg - INFO - Validation mean ACC for Batch : 0.8285553681843733
2024-11-27 14:23:56 - FewShotSeg - INFO - Validation mean IOU for Batch : nan
2024-11-27 14:23:56 - FewShotSeg - INFO - Validation mean ACC for Batch : nan
2024-11-27 14:23:56 - FewShotSeg - INFO - Validation mean IOU for Batch : nan
2024-11-27 14:23:56 - FewShotSeg - INFO - Validation mean ACC for Batch : nan
2024-11-27 14:23:56 - FewShotSeg - INFO - Validation mean IOU for Batch : 0.44001386962552014
2024-11-27 14:23:56 - FewShotSeg - INFO - Validation mean ACC for Batch : 0.8800277392510403
2024-11-27 14:23:56 - FewShotSeg - INFO - Validation mean IOU for Batch : 0.45997543820475606
2024-11-27 14:23:56 - FewShotSeg - INFO - Validation mean ACC for Batch : 0.9199508764095121
2024-11-27 14:23:57 - FewShotSeg - INFO - Validation mean IOU for Batch : nan
2024-11-27 14:23:57 - FewShotSeg - INFO - Validation mean ACC for Batch : nan
2024-11-27 14:23:57 - FewShotSeg - INFO - Validation mean IOU for Batch : 0.37146571335716605
2024-11-27 14:23:57 - FewShotSeg - INFO - Validation mean ACC for Batch : 0.7429314267143321
2024-11-27 14:23:57 - FewShotSeg - INFO - Validation mean IOU for Batch : 0.3346026490066225
2024-11-27 14:23:57 - FewShotSeg - INFO - Validation mean ACC for Batch : 0.669205298013245
2024-11-27 14:23:57 - FewShotSeg - INFO - Validation mean IOU for Batch : nan
2024-11-27 14:23:57 - FewShotSeg - INFO - Validation mean ACC for Batch : nan
2024-11-27 14:23:58 - FewShotSeg - INFO - Validation mean IOU for Batch : nan
2024-11-27 14:23:58 - FewShotSeg - INFO - Validation mean ACC for Batch : nan
