2024-11-25 12:29:43 - FewShotSeg - INFO - Epoch: 0
2024-11-25 12:29:43 - FewShotSeg - INFO - Epoch: 0
2024-11-25 12:29:43 - FewShotSeg - INFO - Loss: 1.707032561302185
2024-11-25 12:29:43 - FewShotSeg - INFO - Mean_iou: 0.02335209740413833
2024-11-25 12:29:43 - FewShotSeg - INFO - Mean accuracy: 0.1924744938181725
2024-11-25 12:29:51 - FewShotSeg - INFO - Validation Loss: 0.7565247267484665
2024-11-25 12:29:51 - FewShotSeg - INFO - Validation Mean IoU: 0.19914011583242222
2024-11-25 12:29:51 - FewShotSeg - INFO - Validation Mean Accuracy: 0.5842492651357999
2024-11-25 12:29:52 - FewShotSeg - INFO - Model saved!
2024-11-25 12:29:52 - FewShotSeg - INFO - Epoch: 1
2024-11-25 12:29:52 - FewShotSeg - INFO - Epoch: 1
2024-11-25 12:29:52 - FewShotSeg - INFO - Loss: 0.8085181713104248
2024-11-25 12:29:52 - FewShotSeg - INFO - Mean_iou: 0.19094269046885753
2024-11-25 12:29:52 - FewShotSeg - INFO - Mean accuracy: 0.4956839320023678
2024-11-25 12:30:00 - FewShotSeg - INFO - Validation Loss: 0.34249671548604965
2024-11-25 12:30:00 - FewShotSeg - INFO - Validation Mean IoU: 0.28302640203669227
2024-11-25 12:30:00 - FewShotSeg - INFO - Validation Mean Accuracy: 0.6770348709045397
2024-11-25 12:30:01 - FewShotSeg - INFO - Model saved!
2024-11-25 12:30:01 - FewShotSeg - INFO - Epoch: 2
2024-11-25 12:30:01 - FewShotSeg - INFO - Epoch: 2
2024-11-25 12:30:01 - FewShotSeg - INFO - Loss: 0.3415187895298004
2024-11-25 12:30:01 - FewShotSeg - INFO - Mean_iou: 0.29037474756950366
2024-11-25 12:30:01 - FewShotSeg - INFO - Mean accuracy: 0.6299444884775339
2024-11-25 12:30:09 - FewShotSeg - INFO - Validation Loss: 0.20532503724098206
2024-11-25 12:30:09 - FewShotSeg - INFO - Validation Mean IoU: 0.33400605318189786
2024-11-25 12:30:09 - FewShotSeg - INFO - Validation Mean Accuracy: 0.5650413555948947
2024-11-25 12:30:10 - FewShotSeg - INFO - Model saved!
2024-11-25 12:30:10 - FewShotSeg - INFO - Epoch: 3
2024-11-25 12:30:10 - FewShotSeg - INFO - Epoch: 3
2024-11-25 12:30:10 - FewShotSeg - INFO - Loss: 0.21101678907871246
2024-11-25 12:30:10 - FewShotSeg - INFO - Mean_iou: 0.33416391159336883
2024-11-25 12:30:10 - FewShotSeg - INFO - Mean accuracy: 0.42887207366116376
2024-11-25 12:30:18 - FewShotSeg - INFO - Validation Loss: 0.1383884772658348
2024-11-25 12:30:18 - FewShotSeg - INFO - Validation Mean IoU: 0.4102803933364011
2024-11-25 12:30:18 - FewShotSeg - INFO - Validation Mean Accuracy: 0.6285626536481675
2024-11-25 12:30:19 - FewShotSeg - INFO - Model saved!
2024-11-25 12:30:19 - FewShotSeg - INFO - Epoch: 4
2024-11-25 12:30:19 - FewShotSeg - INFO - Epoch: 4
2024-11-25 12:30:19 - FewShotSeg - INFO - Loss: 0.12254959344863892
2024-11-25 12:30:19 - FewShotSeg - INFO - Mean_iou: 0.5107223327367862
2024-11-25 12:30:19 - FewShotSeg - INFO - Mean accuracy: 0.7822411538674344
2024-11-25 12:30:27 - FewShotSeg - INFO - Validation Loss: 0.12262127175927162
2024-11-25 12:30:27 - FewShotSeg - INFO - Validation Mean IoU: 0.37811458784997315
2024-11-25 12:30:27 - FewShotSeg - INFO - Validation Mean Accuracy: 0.6326144907353805
2024-11-25 12:30:27 - FewShotSeg - INFO - Epoch: 5
2024-11-25 12:30:28 - FewShotSeg - INFO - Epoch: 5
2024-11-25 12:30:28 - FewShotSeg - INFO - Loss: 0.13045474886894226
2024-11-25 12:30:28 - FewShotSeg - INFO - Mean_iou: 0.39357333352392565
2024-11-25 12:30:28 - FewShotSeg - INFO - Mean accuracy: 0.8134620844328873
2024-11-25 12:30:36 - FewShotSeg - INFO - Validation Loss: 0.09098607487976551
2024-11-25 12:30:36 - FewShotSeg - INFO - Validation Mean IoU: 0.4442979154563215
2024-11-25 12:30:36 - FewShotSeg - INFO - Validation Mean Accuracy: 0.8122951736637534
2024-11-25 12:30:36 - FewShotSeg - INFO - Model saved!
2024-11-25 12:30:36 - FewShotSeg - INFO - Epoch: 6
2024-11-25 12:30:37 - FewShotSeg - INFO - Epoch: 6
2024-11-25 12:30:37 - FewShotSeg - INFO - Loss: 0.10569879412651062
2024-11-25 12:30:37 - FewShotSeg - INFO - Mean_iou: 0.6024176935752339
2024-11-25 12:30:37 - FewShotSeg - INFO - Mean accuracy: 0.8400740830080412
2024-11-25 12:30:45 - FewShotSeg - INFO - Validation Loss: 0.07505285367369652
2024-11-25 12:30:45 - FewShotSeg - INFO - Validation Mean IoU: 0.4743363561910682
2024-11-25 12:30:45 - FewShotSeg - INFO - Validation Mean Accuracy: 0.7293119453501226
2024-11-25 12:30:45 - FewShotSeg - INFO - Model saved!
2024-11-25 12:30:45 - FewShotSeg - INFO - Epoch: 7
2024-11-25 12:30:46 - FewShotSeg - INFO - Epoch: 7
2024-11-25 12:30:46 - FewShotSeg - INFO - Loss: 0.06640779227018356
2024-11-25 12:30:46 - FewShotSeg - INFO - Mean_iou: 0.5539218368751806
2024-11-25 12:30:46 - FewShotSeg - INFO - Mean accuracy: 0.7303756441412771
2024-11-25 12:30:54 - FewShotSeg - INFO - Validation Loss: 0.06037277542054653
2024-11-25 12:30:54 - FewShotSeg - INFO - Validation Mean IoU: 0.4723546677092747
2024-11-25 12:30:54 - FewShotSeg - INFO - Validation Mean Accuracy: 0.7861864606866726
2024-11-25 12:30:54 - FewShotSeg - INFO - Epoch: 8
2024-11-25 12:30:54 - FewShotSeg - INFO - Epoch: 8
2024-11-25 12:30:54 - FewShotSeg - INFO - Loss: 0.0951094999909401
2024-11-25 12:30:54 - FewShotSeg - INFO - Mean_iou: 0.4880449154045376
2024-11-25 12:30:54 - FewShotSeg - INFO - Mean accuracy: 0.9629962554942302
2024-11-25 12:31:03 - FewShotSeg - INFO - Validation Loss: 0.05124854948371649
2024-11-25 12:31:03 - FewShotSeg - INFO - Validation Mean IoU: 0.4757830769267226
2024-11-25 12:31:03 - FewShotSeg - INFO - Validation Mean Accuracy: 0.7835288739338523
2024-11-25 12:31:03 - FewShotSeg - INFO - Model saved!
2024-11-25 12:31:03 - FewShotSeg - INFO - Epoch: 9
2024-11-25 12:31:04 - FewShotSeg - INFO - Epoch: 9
2024-11-25 12:31:04 - FewShotSeg - INFO - Loss: 0.045396748930215836
2024-11-25 12:31:04 - FewShotSeg - INFO - Mean_iou: 0.7713679510206708
2024-11-25 12:31:04 - FewShotSeg - INFO - Mean accuracy: 0.828733953186408
2024-11-25 12:31:12 - FewShotSeg - INFO - Validation Loss: 0.048244898207485676
2024-11-25 12:31:12 - FewShotSeg - INFO - Validation Mean IoU: 0.5198646741615743
2024-11-25 12:31:12 - FewShotSeg - INFO - Validation Mean Accuracy: 0.7872019398572502
2024-11-25 12:31:12 - FewShotSeg - INFO - Model saved!
2024-11-25 12:31:12 - FewShotSeg - INFO - Epoch: 10
2024-11-25 12:31:13 - FewShotSeg - INFO - Epoch: 10
2024-11-25 12:31:13 - FewShotSeg - INFO - Loss: 0.051704708486795425
2024-11-25 12:31:13 - FewShotSeg - INFO - Mean_iou: 0.6721037478663613
2024-11-25 12:31:13 - FewShotSeg - INFO - Mean accuracy: 0.6785272155108354
2024-11-25 12:31:21 - FewShotSeg - INFO - Validation Loss: 0.04425835516303778
2024-11-25 12:31:21 - FewShotSeg - INFO - Validation Mean IoU: 0.5010542473259014
2024-11-25 12:31:21 - FewShotSeg - INFO - Validation Mean Accuracy: 0.8014297100731003
2024-11-25 12:31:21 - FewShotSeg - INFO - Epoch: 11
2024-11-25 12:31:21 - FewShotSeg - INFO - Epoch: 11
2024-11-25 12:31:21 - FewShotSeg - INFO - Loss: 0.04484599083662033
2024-11-25 12:31:21 - FewShotSeg - INFO - Mean_iou: 0.6738975092907318
2024-11-25 12:31:21 - FewShotSeg - INFO - Mean accuracy: 0.7235247471348127
2024-11-25 12:31:30 - FewShotSeg - INFO - Validation Loss: 0.03993022441864014
2024-11-25 12:31:30 - FewShotSeg - INFO - Validation Mean IoU: 0.5967796646863565
2024-11-25 12:31:30 - FewShotSeg - INFO - Validation Mean Accuracy: 0.840425865511355
2024-11-25 12:31:30 - FewShotSeg - INFO - Model saved!
2024-11-25 12:31:30 - FewShotSeg - INFO - Epoch: 12
2024-11-25 12:31:31 - FewShotSeg - INFO - Epoch: 12
2024-11-25 12:31:31 - FewShotSeg - INFO - Loss: 0.03803069144487381
2024-11-25 12:31:31 - FewShotSeg - INFO - Mean_iou: 0.8193499404571611
2024-11-25 12:31:31 - FewShotSeg - INFO - Mean accuracy: 0.8642886617576009
2024-11-25 12:31:39 - FewShotSeg - INFO - Validation Loss: 0.03677438199520111
2024-11-25 12:31:39 - FewShotSeg - INFO - Validation Mean IoU: 0.6330661498024626
2024-11-25 12:31:39 - FewShotSeg - INFO - Validation Mean Accuracy: 0.7855127392426708
2024-11-25 12:31:39 - FewShotSeg - INFO - Model saved!
2024-11-25 12:31:39 - FewShotSeg - INFO - Epoch: 13
2024-11-25 12:31:40 - FewShotSeg - INFO - Epoch: 13
2024-11-25 12:31:40 - FewShotSeg - INFO - Loss: 0.03286321461200714
2024-11-25 12:31:40 - FewShotSeg - INFO - Mean_iou: 0.7454750520798649
2024-11-25 12:31:40 - FewShotSeg - INFO - Mean accuracy: 0.7726646907626695
2024-11-25 12:31:48 - FewShotSeg - INFO - Validation Loss: 0.03126432187855244
2024-11-25 12:31:48 - FewShotSeg - INFO - Validation Mean IoU: 0.5491065199413186
2024-11-25 12:31:48 - FewShotSeg - INFO - Validation Mean Accuracy: 0.8715226985121695
2024-11-25 12:31:48 - FewShotSeg - INFO - Epoch: 14
2024-11-25 12:31:48 - FewShotSeg - INFO - Epoch: 14
2024-11-25 12:31:48 - FewShotSeg - INFO - Loss: 0.04667395353317261
2024-11-25 12:31:48 - FewShotSeg - INFO - Mean_iou: 0.34415238567222034
2024-11-25 12:31:48 - FewShotSeg - INFO - Mean accuracy: 0.9725425021968024
2024-11-25 12:32:10 - FewShotSeg - INFO - Epoch: 0
2024-11-25 12:32:10 - FewShotSeg - INFO - Epoch: 0, Training Loss: 1.7801, Mean IoU: 0.0193, Mean Accuracy: 0.0447
2024-11-25 12:32:18 - FewShotSeg - INFO - Epoch : 0, Validation Results - Loss: 0.8455, Mean IoU: 0.1980, Mean Accuracy: 0.6626
2024-11-25 12:32:19 - FewShotSeg - INFO - Model saved!
2024-11-25 12:32:19 - FewShotSeg - INFO - Epoch: 1
2024-11-25 12:32:19 - FewShotSeg - INFO - Epoch: 1, Training Loss: 0.8306, Mean IoU: 0.1834, Mean Accuracy: 0.6284
2024-11-25 12:32:27 - FewShotSeg - INFO - Epoch : 1, Validation Results - Loss: 0.4193, Mean IoU: 0.2674, Mean Accuracy: 0.7407
2024-11-25 12:32:28 - FewShotSeg - INFO - Model saved!
2024-11-25 12:32:28 - FewShotSeg - INFO - Epoch: 2
2024-11-25 12:32:28 - FewShotSeg - INFO - Epoch: 2, Training Loss: 0.4053, Mean IoU: 0.3482, Mean Accuracy: 0.6999
2024-11-25 12:32:36 - FewShotSeg - INFO - Epoch : 2, Validation Results - Loss: 0.2473, Mean IoU: 0.3191, Mean Accuracy: 0.6518
2024-11-25 12:32:36 - FewShotSeg - INFO - Model saved!
2024-11-25 12:32:36 - FewShotSeg - INFO - Epoch: 3
2024-11-25 12:32:37 - FewShotSeg - INFO - Epoch: 3, Training Loss: 0.2060, Mean IoU: 0.4517, Mean Accuracy: 0.7433
2024-11-25 12:33:09 - FewShotSeg - INFO - Epoch: 0
2024-11-25 12:33:09 - FewShotSeg - INFO - Epoch: 0, Training Loss: 1.1903, Mean IoU: 0.1464, Mean Accuracy: 0.3479
2024-11-25 12:33:17 - FewShotSeg - INFO - Epoch : 0, Validation Results - Loss: 0.5118, Mean IoU: 0.2350, Mean Accuracy: 0.5593
2024-11-25 12:33:18 - FewShotSeg - INFO - Model saved!
2024-11-25 12:33:18 - FewShotSeg - INFO - Epoch: 1
2024-11-25 12:33:18 - FewShotSeg - INFO - Epoch: 1, Training Loss: 0.5261, Mean IoU: 0.2992, Mean Accuracy: 0.6366
2024-11-25 12:33:26 - FewShotSeg - INFO - Epoch : 1, Validation Results - Loss: 0.2408, Mean IoU: 0.3026, Mean Accuracy: 0.6300
2024-11-25 12:33:27 - FewShotSeg - INFO - Model saved!
2024-11-25 12:33:27 - FewShotSeg - INFO - Epoch: 2
2024-11-25 12:33:27 - FewShotSeg - INFO - Epoch: 2, Training Loss: 0.2778, Mean IoU: 0.3818, Mean Accuracy: 0.8867
2024-11-25 12:33:35 - FewShotSeg - INFO - Epoch : 2, Validation Results - Loss: 0.1410, Mean IoU: 0.3288, Mean Accuracy: 0.7641
2024-11-25 12:33:36 - FewShotSeg - INFO - Model saved!
2024-11-25 12:33:36 - FewShotSeg - INFO - Epoch: 3
2024-11-25 12:33:36 - FewShotSeg - INFO - Epoch: 3, Training Loss: 0.2109, Mean IoU: 0.3934, Mean Accuracy: 0.9314
2024-11-25 12:33:44 - FewShotSeg - INFO - Epoch : 3, Validation Results - Loss: 0.0920, Mean IoU: 0.4402, Mean Accuracy: 0.7765
2024-11-25 12:33:45 - FewShotSeg - INFO - Model saved!
2024-11-25 12:33:45 - FewShotSeg - INFO - Epoch: 4
2024-11-25 12:33:45 - FewShotSeg - INFO - Epoch: 4, Training Loss: 0.0903, Mean IoU: 0.6122, Mean Accuracy: 0.7495
2024-11-25 12:33:53 - FewShotSeg - INFO - Epoch : 4, Validation Results - Loss: 0.0686, Mean IoU: 0.5119, Mean Accuracy: 0.7708
2024-11-25 12:33:54 - FewShotSeg - INFO - Model saved!
2024-11-25 12:33:54 - FewShotSeg - INFO - Epoch: 5
2024-11-25 12:33:54 - FewShotSeg - INFO - Epoch: 5, Training Loss: 0.0757, Mean IoU: 0.5522, Mean Accuracy: 0.9135
2024-11-25 12:34:02 - FewShotSeg - INFO - Epoch : 5, Validation Results - Loss: 0.0593, Mean IoU: 0.5659, Mean Accuracy: 0.8235
2024-11-25 12:34:03 - FewShotSeg - INFO - Model saved!
2024-11-25 12:34:03 - FewShotSeg - INFO - Epoch: 6
2024-11-25 12:34:03 - FewShotSeg - INFO - Epoch: 6, Training Loss: 0.0538, Mean IoU: 0.7927, Mean Accuracy: 0.8545
2024-11-25 12:34:11 - FewShotSeg - INFO - Epoch : 6, Validation Results - Loss: 0.0508, Mean IoU: 0.4918, Mean Accuracy: 0.7534
2024-11-25 12:34:11 - FewShotSeg - INFO - Epoch: 7
2024-11-25 12:34:12 - FewShotSeg - INFO - Epoch: 7, Training Loss: 0.0499, Mean IoU: 0.5353, Mean Accuracy: 0.7276
2024-11-25 12:34:20 - FewShotSeg - INFO - Epoch : 7, Validation Results - Loss: 0.0434, Mean IoU: 0.5801, Mean Accuracy: 0.7756
2024-11-25 12:34:20 - FewShotSeg - INFO - Model saved!
2024-11-25 12:34:20 - FewShotSeg - INFO - Epoch: 8
2024-11-25 12:34:21 - FewShotSeg - INFO - Epoch: 8, Training Loss: 0.0375, Mean IoU: 0.8360, Mean Accuracy: 0.9370
2024-11-25 12:34:29 - FewShotSeg - INFO - Epoch : 8, Validation Results - Loss: 0.0371, Mean IoU: 0.6057, Mean Accuracy: 0.8181
2024-11-25 12:34:29 - FewShotSeg - INFO - Model saved!
2024-11-25 12:34:29 - FewShotSeg - INFO - Epoch: 9
2024-11-25 12:34:30 - FewShotSeg - INFO - Epoch: 9, Training Loss: 0.0326, Mean IoU: 0.7898, Mean Accuracy: 0.8413
2024-11-25 12:34:38 - FewShotSeg - INFO - Epoch : 9, Validation Results - Loss: 0.0330, Mean IoU: 0.5995, Mean Accuracy: 0.8231
2024-11-25 12:34:38 - FewShotSeg - INFO - Epoch: 10
2024-11-25 12:34:38 - FewShotSeg - INFO - Epoch: 10, Training Loss: 0.0292, Mean IoU: 0.8194, Mean Accuracy: 0.8807
2024-11-25 12:34:46 - FewShotSeg - INFO - Epoch : 10, Validation Results - Loss: 0.0300, Mean IoU: 0.5224, Mean Accuracy: 0.8218
2024-11-25 12:34:46 - FewShotSeg - INFO - Epoch: 11
2024-11-25 12:34:47 - FewShotSeg - INFO - Epoch: 11, Training Loss: 0.0349, Mean IoU: 0.7788, Mean Accuracy: 0.8042
2024-11-25 12:34:55 - FewShotSeg - INFO - Epoch : 11, Validation Results - Loss: 0.0282, Mean IoU: 0.6660, Mean Accuracy: 0.8433
2024-11-25 12:34:55 - FewShotSeg - INFO - Model saved!
2024-11-25 12:34:55 - FewShotSeg - INFO - Epoch: 12
2024-11-25 12:34:56 - FewShotSeg - INFO - Epoch: 12, Training Loss: 0.0358, Mean IoU: 0.8223, Mean Accuracy: 0.9840
2024-11-25 12:35:04 - FewShotSeg - INFO - Epoch : 12, Validation Results - Loss: 0.0249, Mean IoU: 0.6440, Mean Accuracy: 0.8870
2024-11-25 12:35:04 - FewShotSeg - INFO - Epoch: 13
2024-11-25 12:35:05 - FewShotSeg - INFO - Epoch: 13, Training Loss: 0.0225, Mean IoU: 0.8561, Mean Accuracy: 0.9496
2024-11-25 12:35:13 - FewShotSeg - INFO - Epoch : 13, Validation Results - Loss: 0.0225, Mean IoU: 0.5955, Mean Accuracy: 0.8580
2024-11-25 12:35:13 - FewShotSeg - INFO - Epoch: 14
2024-11-25 12:35:13 - FewShotSeg - INFO - Epoch: 14, Training Loss: 0.0203, Mean IoU: 0.8563, Mean Accuracy: 0.9389
2024-11-25 12:35:21 - FewShotSeg - INFO - Epoch : 14, Validation Results - Loss: 0.0213, Mean IoU: 0.5865, Mean Accuracy: 0.8622
2024-11-25 12:35:21 - FewShotSeg - INFO - Epoch: 15
2024-11-25 12:35:22 - FewShotSeg - INFO - Epoch: 15, Training Loss: 0.0182, Mean IoU: 0.8020, Mean Accuracy: 0.9803
2024-11-25 12:35:30 - FewShotSeg - INFO - Epoch : 15, Validation Results - Loss: 0.0204, Mean IoU: 0.6768, Mean Accuracy: 0.8575
2024-11-25 12:35:30 - FewShotSeg - INFO - Model saved!
2024-11-25 12:35:30 - FewShotSeg - INFO - Epoch: 16
2024-11-25 12:35:31 - FewShotSeg - INFO - Epoch: 16, Training Loss: 0.0179, Mean IoU: 0.7728, Mean Accuracy: 0.8091
2024-11-25 12:35:39 - FewShotSeg - INFO - Epoch : 16, Validation Results - Loss: 0.0190, Mean IoU: 0.6883, Mean Accuracy: 0.8580
2024-11-25 12:35:39 - FewShotSeg - INFO - Model saved!
2024-11-25 12:35:39 - FewShotSeg - INFO - Epoch: 17
2024-11-25 12:35:40 - FewShotSeg - INFO - Epoch: 17, Training Loss: 0.0232, Mean IoU: 0.8743, Mean Accuracy: 0.9617
2024-11-25 12:35:48 - FewShotSeg - INFO - Epoch : 17, Validation Results - Loss: 0.0184, Mean IoU: 0.7802, Mean Accuracy: 0.8669
2024-11-25 12:35:48 - FewShotSeg - INFO - Model saved!
2024-11-25 12:35:48 - FewShotSeg - INFO - Epoch: 18
2024-11-25 12:35:49 - FewShotSeg - INFO - Epoch: 18, Training Loss: 0.0185, Mean IoU: 0.8719, Mean Accuracy: 0.9185
2024-11-25 12:35:57 - FewShotSeg - INFO - Epoch : 18, Validation Results - Loss: 0.0177, Mean IoU: 0.7053, Mean Accuracy: 0.8504
2024-11-25 12:35:57 - FewShotSeg - INFO - Epoch: 19
2024-11-25 12:35:57 - FewShotSeg - INFO - Epoch: 19, Training Loss: 0.0172, Mean IoU: 0.8734, Mean Accuracy: 0.8994
2024-11-25 12:36:05 - FewShotSeg - INFO - Epoch : 19, Validation Results - Loss: 0.0166, Mean IoU: 0.6484, Mean Accuracy: 0.8759
2024-11-25 12:36:05 - FewShotSeg - INFO - Epoch: 20
2024-11-25 12:36:06 - FewShotSeg - INFO - Epoch: 20, Training Loss: 0.0145, Mean IoU: 0.8809, Mean Accuracy: 0.9572
2024-11-25 12:36:14 - FewShotSeg - INFO - Epoch : 20, Validation Results - Loss: 0.0157, Mean IoU: 0.7263, Mean Accuracy: 0.8791
2024-11-25 12:36:14 - FewShotSeg - INFO - Epoch: 21
2024-11-25 12:36:14 - FewShotSeg - INFO - Epoch: 21, Training Loss: 0.0125, Mean IoU: 0.8866, Mean Accuracy: 0.9600
2024-11-25 12:36:23 - FewShotSeg - INFO - Epoch : 21, Validation Results - Loss: 0.0152, Mean IoU: 0.6995, Mean Accuracy: 0.8686
2024-11-25 12:36:23 - FewShotSeg - INFO - Epoch: 22
2024-11-25 12:36:23 - FewShotSeg - INFO - Epoch: 22, Training Loss: 0.0132, Mean IoU: 0.9220, Mean Accuracy: 0.9368
2024-11-25 12:36:31 - FewShotSeg - INFO - Epoch : 22, Validation Results - Loss: 0.0136, Mean IoU: 0.7007, Mean Accuracy: 0.8911
2024-11-25 12:36:31 - FewShotSeg - INFO - Epoch: 23
2024-11-25 12:36:32 - FewShotSeg - INFO - Epoch: 23, Training Loss: 0.0113, Mean IoU: 0.8642, Mean Accuracy: 0.9594
2024-11-25 12:36:40 - FewShotSeg - INFO - Epoch : 23, Validation Results - Loss: 0.0134, Mean IoU: 0.6370, Mean Accuracy: 0.8966
2024-11-25 12:36:40 - FewShotSeg - INFO - Epoch: 24
2024-11-25 12:36:40 - FewShotSeg - INFO - Epoch: 24, Training Loss: 0.0116, Mean IoU: 0.8804, Mean Accuracy: 0.9383
2024-11-25 12:36:48 - FewShotSeg - INFO - Epoch : 24, Validation Results - Loss: 0.0129, Mean IoU: 0.7250, Mean Accuracy: 0.8941
2024-11-25 12:36:48 - FewShotSeg - INFO - Epoch: 25
2024-11-25 12:36:49 - FewShotSeg - INFO - Epoch: 25, Training Loss: 0.0113, Mean IoU: 0.8909, Mean Accuracy: 0.9414
2024-11-25 12:36:57 - FewShotSeg - INFO - Epoch : 25, Validation Results - Loss: 0.0126, Mean IoU: 0.8481, Mean Accuracy: 0.8777
2024-11-25 12:36:57 - FewShotSeg - INFO - Model saved!
2024-11-25 12:36:57 - FewShotSeg - INFO - Epoch: 26
2024-11-25 12:36:58 - FewShotSeg - INFO - Epoch: 26, Training Loss: 0.0087, Mean IoU: 0.8946, Mean Accuracy: 0.9415
2024-11-25 12:37:06 - FewShotSeg - INFO - Epoch : 26, Validation Results - Loss: 0.0120, Mean IoU: 0.7323, Mean Accuracy: 0.8857
2024-11-25 12:37:06 - FewShotSeg - INFO - Epoch: 27
2024-11-25 12:37:06 - FewShotSeg - INFO - Epoch: 27, Training Loss: 0.0093, Mean IoU: 0.8801, Mean Accuracy: 0.9085
2024-11-25 12:37:14 - FewShotSeg - INFO - Epoch : 27, Validation Results - Loss: 0.0112, Mean IoU: 0.7383, Mean Accuracy: 0.8990
2024-11-25 12:37:14 - FewShotSeg - INFO - Epoch: 28
2024-11-25 12:37:15 - FewShotSeg - INFO - Epoch: 28, Training Loss: 0.0131, Mean IoU: 0.6757, Mean Accuracy: 0.9557
2024-11-25 12:37:23 - FewShotSeg - INFO - Epoch : 28, Validation Results - Loss: 0.0108, Mean IoU: 0.7869, Mean Accuracy: 0.9159
2024-11-25 12:37:23 - FewShotSeg - INFO - Epoch: 29
2024-11-25 12:37:24 - FewShotSeg - INFO - Epoch: 29, Training Loss: 0.0086, Mean IoU: 0.8676, Mean Accuracy: 0.9698
2024-11-25 12:37:32 - FewShotSeg - INFO - Epoch : 29, Validation Results - Loss: 0.0106, Mean IoU: 0.7085, Mean Accuracy: 0.9038
2024-11-25 12:37:32 - FewShotSeg - INFO - Epoch: 30
2024-11-25 12:37:32 - FewShotSeg - INFO - Epoch: 30, Training Loss: 0.0092, Mean IoU: 0.8797, Mean Accuracy: 0.9738
2024-11-25 12:37:40 - FewShotSeg - INFO - Epoch : 30, Validation Results - Loss: 0.0097, Mean IoU: 0.8249, Mean Accuracy: 0.9264
2024-11-25 12:37:40 - FewShotSeg - INFO - Epoch: 31
2024-11-25 12:37:41 - FewShotSeg - INFO - Epoch: 31, Training Loss: 0.0091, Mean IoU: 0.9249, Mean Accuracy: 0.9659
2024-11-25 12:37:49 - FewShotSeg - INFO - Epoch : 31, Validation Results - Loss: 0.0101, Mean IoU: 0.8681, Mean Accuracy: 0.8975
2024-11-25 12:37:49 - FewShotSeg - INFO - Model saved!
2024-11-25 12:37:49 - FewShotSeg - INFO - Epoch: 32
2024-11-25 12:37:50 - FewShotSeg - INFO - Epoch: 32, Training Loss: 0.0076, Mean IoU: 0.8916, Mean Accuracy: 0.9405
2024-11-25 12:37:58 - FewShotSeg - INFO - Epoch : 32, Validation Results - Loss: 0.0097, Mean IoU: 0.7941, Mean Accuracy: 0.9057
2024-11-25 12:37:58 - FewShotSeg - INFO - Epoch: 33
2024-11-25 12:37:58 - FewShotSeg - INFO - Epoch: 33, Training Loss: 0.0089, Mean IoU: 0.8845, Mean Accuracy: 0.9314
2024-11-25 12:38:06 - FewShotSeg - INFO - Epoch : 33, Validation Results - Loss: 0.0103, Mean IoU: 0.7273, Mean Accuracy: 0.8742
2024-11-25 12:38:06 - FewShotSeg - INFO - Epoch: 34
2024-11-25 12:38:07 - FewShotSeg - INFO - Epoch: 34, Training Loss: 0.0066, Mean IoU: 0.9022, Mean Accuracy: 0.9257
2024-11-25 12:38:15 - FewShotSeg - INFO - Epoch : 34, Validation Results - Loss: 0.0089, Mean IoU: 0.7251, Mean Accuracy: 0.9182
2024-11-25 12:38:15 - FewShotSeg - INFO - Epoch: 35
2024-11-25 12:38:16 - FewShotSeg - INFO - Epoch: 35, Training Loss: 0.0070, Mean IoU: 0.8860, Mean Accuracy: 0.9731
2024-11-25 12:38:24 - FewShotSeg - INFO - Epoch : 35, Validation Results - Loss: 0.0087, Mean IoU: 0.8044, Mean Accuracy: 0.9080
2024-11-25 12:38:24 - FewShotSeg - INFO - Epoch: 36
2024-11-25 12:38:24 - FewShotSeg - INFO - Epoch: 36, Training Loss: 0.0077, Mean IoU: 0.9186, Mean Accuracy: 0.9452
2024-11-25 12:38:32 - FewShotSeg - INFO - Epoch : 36, Validation Results - Loss: 0.0092, Mean IoU: 0.6632, Mean Accuracy: 0.8875
2024-11-25 12:38:32 - FewShotSeg - INFO - Epoch: 37
2024-11-25 12:38:33 - FewShotSeg - INFO - Epoch: 37, Training Loss: 0.0079, Mean IoU: 0.8216, Mean Accuracy: 0.8288
2024-11-25 12:38:41 - FewShotSeg - INFO - Epoch : 37, Validation Results - Loss: 0.0084, Mean IoU: 0.7939, Mean Accuracy: 0.9145
2024-11-25 12:38:41 - FewShotSeg - INFO - Epoch: 38
2024-11-25 12:38:41 - FewShotSeg - INFO - Epoch: 38, Training Loss: 0.0068, Mean IoU: 0.9373, Mean Accuracy: 0.9787
2024-11-25 12:38:49 - FewShotSeg - INFO - Epoch : 38, Validation Results - Loss: 0.0086, Mean IoU: 0.6314, Mean Accuracy: 0.9005
2024-11-25 12:38:49 - FewShotSeg - INFO - Epoch: 39
2024-11-25 12:38:50 - FewShotSeg - INFO - Epoch: 39, Training Loss: 0.0062, Mean IoU: 0.8964, Mean Accuracy: 0.9480
2024-11-25 12:38:58 - FewShotSeg - INFO - Epoch : 39, Validation Results - Loss: 0.0081, Mean IoU: 0.7914, Mean Accuracy: 0.8942
2024-11-25 12:38:58 - FewShotSeg - INFO - Epoch: 40
2024-11-25 12:38:58 - FewShotSeg - INFO - Epoch: 40, Training Loss: 0.0059, Mean IoU: 0.9526, Mean Accuracy: 0.9688
2024-11-25 12:39:07 - FewShotSeg - INFO - Epoch : 40, Validation Results - Loss: 0.0081, Mean IoU: 0.8199, Mean Accuracy: 0.9057
2024-11-25 12:39:07 - FewShotSeg - INFO - Epoch: 41
2024-11-25 12:39:07 - FewShotSeg - INFO - Epoch: 41, Training Loss: 0.0054, Mean IoU: 0.9264, Mean Accuracy: 0.9479
2024-11-25 12:39:15 - FewShotSeg - INFO - Epoch : 41, Validation Results - Loss: 0.0077, Mean IoU: 0.8751, Mean Accuracy: 0.9061
2024-11-25 12:39:16 - FewShotSeg - INFO - Model saved!
2024-11-25 12:39:16 - FewShotSeg - INFO - Epoch: 42
2024-11-25 12:39:16 - FewShotSeg - INFO - Epoch: 42, Training Loss: 0.0052, Mean IoU: 0.9075, Mean Accuracy: 0.9272
2024-11-25 12:39:24 - FewShotSeg - INFO - Epoch : 42, Validation Results - Loss: 0.0071, Mean IoU: 0.7576, Mean Accuracy: 0.9237
2024-11-25 12:39:24 - FewShotSeg - INFO - Epoch: 43
2024-11-25 12:39:25 - FewShotSeg - INFO - Epoch: 43, Training Loss: 0.0051, Mean IoU: 0.9200, Mean Accuracy: 0.9757
2024-11-25 12:39:33 - FewShotSeg - INFO - Epoch : 43, Validation Results - Loss: 0.0070, Mean IoU: 0.7618, Mean Accuracy: 0.9261
2024-11-25 12:39:33 - FewShotSeg - INFO - Epoch: 44
2024-11-25 12:39:33 - FewShotSeg - INFO - Epoch: 44, Training Loss: 0.0056, Mean IoU: 0.9207, Mean Accuracy: 0.9629
2024-11-25 12:39:41 - FewShotSeg - INFO - Epoch : 44, Validation Results - Loss: 0.0068, Mean IoU: 0.7501, Mean Accuracy: 0.9199
2024-11-25 12:39:41 - FewShotSeg - INFO - Epoch: 45
2024-11-25 12:39:42 - FewShotSeg - INFO - Epoch: 45, Training Loss: 0.0050, Mean IoU: 0.9040, Mean Accuracy: 0.9576
2024-11-25 12:39:50 - FewShotSeg - INFO - Epoch : 45, Validation Results - Loss: 0.0065, Mean IoU: 0.8157, Mean Accuracy: 0.9274
2024-11-25 12:39:50 - FewShotSeg - INFO - Epoch: 46
2024-11-25 12:39:50 - FewShotSeg - INFO - Epoch: 46, Training Loss: 0.0058, Mean IoU: 0.9213, Mean Accuracy: 0.9516
2024-11-25 12:39:59 - FewShotSeg - INFO - Epoch : 46, Validation Results - Loss: 0.0068, Mean IoU: 0.8314, Mean Accuracy: 0.9208
2024-11-25 12:39:59 - FewShotSeg - INFO - Epoch: 47
2024-11-25 12:39:59 - FewShotSeg - INFO - Epoch: 47, Training Loss: 0.0045, Mean IoU: 0.9159, Mean Accuracy: 0.9762
2024-11-25 12:40:07 - FewShotSeg - INFO - Epoch : 47, Validation Results - Loss: 0.0064, Mean IoU: 0.8161, Mean Accuracy: 0.9301
2024-11-25 12:40:07 - FewShotSeg - INFO - Epoch: 48
2024-11-25 12:40:08 - FewShotSeg - INFO - Epoch: 48, Training Loss: 0.0057, Mean IoU: 0.9154, Mean Accuracy: 0.9699
2024-11-25 12:40:16 - FewShotSeg - INFO - Epoch : 48, Validation Results - Loss: 0.0064, Mean IoU: 0.7666, Mean Accuracy: 0.9347
2024-11-25 12:40:16 - FewShotSeg - INFO - Epoch: 49
2024-11-25 12:40:16 - FewShotSeg - INFO - Epoch: 49, Training Loss: 0.0053, Mean IoU: 0.9317, Mean Accuracy: 0.9685
2024-11-25 12:40:24 - FewShotSeg - INFO - Epoch : 49, Validation Results - Loss: 0.0060, Mean IoU: 0.7626, Mean Accuracy: 0.9283
