2024-11-28 13:53:33 - FewShotSeg - INFO - Config Options:
{
    "_VERSION": "207",
    "_EPOCHS": 50,
    "_N_SHOTS": 5,
    "_N_INSTANCE": 1,
    "_MODEL_SAVE": true,
    "_MODEL_VERSION": "nvidia/mit-b5",
    "_MODEL_VERSION_SAVE": "mit-b5",
    "_BATCH_SIZE": 2,
    "_DEVICE": "cuda:1"
}
2024-11-28 13:53:40 - FewShotSeg - INFO - Epoch: 0
2024-11-28 13:53:40 - FewShotSeg - INFO - Epoch: 0, Iteration: 0, Training Loss: 0.5877, Mean IoU: 0.4718, Mean Accuracy: 0.4738, per Category IOU: [0.94361597 0.        ]
2024-11-28 13:53:41 - FewShotSeg - INFO - Epoch: 0, Iteration: 1, Training Loss: 0.4476, Mean IoU: 0.4980, Mean Accuracy: 0.5000, per Category IOU: [0.99593431 0.        ]
2024-11-28 13:53:41 - FewShotSeg - INFO - Epoch: 0, Iteration: 2, Training Loss: 0.3216, Mean IoU: 0.4986, Mean Accuracy: 0.5000, per Category IOU: [0.99727459 0.        ]
2024-11-28 13:53:41 - FewShotSeg - INFO - Epoch: 0, Iteration: 3, Training Loss: 0.2008, Mean IoU: 0.4986, Mean Accuracy: 0.5000, per Category IOU: [0.99719487 0.        ]
2024-11-28 13:53:41 - FewShotSeg - INFO - Epoch: 0, Iteration: 4, Training Loss: 0.2165, Mean IoU: 0.4981, Mean Accuracy: 0.5000, per Category IOU: [0.99618593 0.        ]
2024-11-28 13:53:41 - FewShotSeg - INFO - Epoch: 0, Iteration: 5, Training Loss: 0.2117, Mean IoU: 0.4982, Mean Accuracy: 0.5000, per Category IOU: [0.99643007 0.        ]
2024-11-28 13:53:41 - FewShotSeg - INFO - Epoch: 0, Iteration: 6, Training Loss: 0.1239, Mean IoU: 0.4986, Mean Accuracy: 0.5000, per Category IOU: [0.99713259 0.        ]
2024-11-28 13:53:42 - FewShotSeg - INFO - Epoch: 0, Iteration: 7, Training Loss: 0.1551, Mean IoU: 0.4984, Mean Accuracy: 0.5000, per Category IOU: [0.99672403 0.        ]
2024-11-28 13:53:42 - FewShotSeg - INFO - Epoch: 0, Iteration: 8, Training Loss: 0.2184, Mean IoU: 0.4975, Mean Accuracy: 0.5000, per Category IOU: [0.99504245 0.        ]
2024-11-28 13:53:42 - FewShotSeg - INFO - Epoch: 0, Iteration: 9, Training Loss: 0.1333, Mean IoU: 0.4987, Mean Accuracy: 0.5000, per Category IOU: [0.99730449 0.        ]
2024-11-28 13:53:42 - FewShotSeg - INFO - Epoch: 0, Iteration: 10, Training Loss: 0.1595, Mean IoU: 0.4983, Mean Accuracy: 0.5000, per Category IOU: [0.99657207 0.        ]
2024-11-28 13:53:42 - FewShotSeg - INFO - Epoch: 0, Iteration: 11, Training Loss: 0.1406, Mean IoU: 0.4985, Mean Accuracy: 0.5000, per Category IOU: [0.99691835 0.        ]
2024-11-28 13:53:42 - FewShotSeg - INFO - Epoch: 0, Iteration: 12, Training Loss: 0.2029, Mean IoU: 0.4980, Mean Accuracy: 0.5000, per Category IOU: [0.99609375 0.        ]
2024-11-28 13:53:42 - FewShotSeg - INFO - Epoch: 0, Iteration: 13, Training Loss: 0.2817, Mean IoU: 0.4962, Mean Accuracy: 0.5000, per Category IOU: [0.99249143 0.        ]
2024-11-28 13:53:43 - FewShotSeg - INFO - Epoch: 0, Iteration: 14, Training Loss: 0.1583, Mean IoU: 0.4983, Mean Accuracy: 0.5000, per Category IOU: [0.99651477 0.        ]
2024-11-28 13:53:43 - FewShotSeg - INFO - Epoch: 0, Iteration: 15, Training Loss: 0.1118, Mean IoU: 0.4986, Mean Accuracy: 0.5000, per Category IOU: [0.99725715 0.        ]
2024-11-28 13:53:43 - FewShotSeg - INFO - Epoch: 0, Iteration: 16, Training Loss: 0.1269, Mean IoU: 0.4985, Mean Accuracy: 0.5000, per Category IOU: [0.99706284 0.        ]
2024-11-28 13:53:43 - FewShotSeg - INFO - Epoch: 0, Iteration: 17, Training Loss: 0.1745, Mean IoU: 0.4973, Mean Accuracy: 0.5000, per Category IOU: [0.99456663 0.        ]
2024-11-28 13:53:43 - FewShotSeg - INFO - Epoch: 0, Iteration: 18, Training Loss: 0.0906, Mean IoU: 0.4985, Mean Accuracy: 0.5000, per Category IOU: [0.99709024 0.        ]
2024-11-28 13:53:43 - FewShotSeg - INFO - Epoch: 0, Iteration: 19, Training Loss: 0.1012, Mean IoU: 0.4978, Mean Accuracy: 0.5000, per Category IOU: [0.99565031 0.        ]
2024-11-28 13:53:44 - FewShotSeg - INFO - Epoch: 0, Iteration: 20, Training Loss: 0.1046, Mean IoU: 0.4985, Mean Accuracy: 0.5000, per Category IOU: [0.99693579 0.        ]
2024-11-28 13:53:44 - FewShotSeg - INFO - Epoch: 0, Iteration: 21, Training Loss: 0.0665, Mean IoU: 0.4982, Mean Accuracy: 0.5000, per Category IOU: [0.99631796 0.        ]
2024-11-28 13:53:44 - FewShotSeg - INFO - Epoch: 0, Iteration: 22, Training Loss: 0.1275, Mean IoU: 0.4972, Mean Accuracy: 0.5000, per Category IOU: [0.99433992 0.        ]
2024-11-28 13:53:44 - FewShotSeg - INFO - Epoch: 0, Iteration: 23, Training Loss: 0.1028, Mean IoU: 0.4980, Mean Accuracy: 0.5000, per Category IOU: [0.99609375 0.        ]
2024-11-28 13:53:44 - FewShotSeg - INFO - Epoch: 0, Iteration: 24, Training Loss: 0.0714, Mean IoU: 0.7801, Mean Accuracy: 0.8082, per Category IOU: [0.99821219 0.56207951]
2024-11-28 13:53:44 - FewShotSeg - INFO - Epoch: 0, Iteration: 25, Training Loss: 0.0639, Mean IoU: 0.6853, Mean Accuracy: 0.7654, per Category IOU: [0.99624728 0.37427144]
2024-11-28 13:53:45 - FewShotSeg - INFO - Epoch: 0, Iteration: 26, Training Loss: 0.0850, Mean IoU: 0.4985, Mean Accuracy: 0.5000, per Category IOU: [0.9969034 0.       ]
2024-11-28 13:53:45 - FewShotSeg - INFO - Epoch: 0, Iteration: 27, Training Loss: 0.0660, Mean IoU: 0.7682, Mean Accuracy: 0.7736, per Category IOU: [0.99867012 0.53772767]
2024-11-28 13:53:45 - FewShotSeg - INFO - Epoch: 0, Iteration: 28, Training Loss: 0.0626, Mean IoU: 0.8158, Mean Accuracy: 0.8193, per Category IOU: [0.99867914 0.63289382]
2024-11-28 13:53:45 - FewShotSeg - INFO - Epoch: 0, Iteration: 29, Training Loss: 0.0463, Mean IoU: 0.7091, Mean Accuracy: 0.9572, per Category IOU: [0.9947156  0.42346521]
2024-11-28 13:53:45 - FewShotSeg - INFO - Epoch: 0, Iteration: 30, Training Loss: 0.0602, Mean IoU: 0.7740, Mean Accuracy: 0.7818, per Category IOU: [0.99866752 0.54936709]
2024-11-28 13:53:45 - FewShotSeg - INFO - Epoch: 0, Iteration: 31, Training Loss: 0.0535, Mean IoU: 0.9214, Mean Accuracy: 0.9536, per Category IOU: [0.99937259 0.84351621]
2024-11-28 13:53:46 - FewShotSeg - INFO - Epoch: 0, Iteration: 32, Training Loss: 0.0458, Mean IoU: 0.8974, Mean Accuracy: 0.9804, per Category IOU: [0.99903728 0.79575597]
2024-11-28 13:53:46 - FewShotSeg - INFO - Epoch: 0, Iteration: 33, Training Loss: 0.0465, Mean IoU: 0.9241, Mean Accuracy: 0.9373, per Category IOU: [0.99950286 0.84878419]
2024-11-28 13:53:46 - FewShotSeg - INFO - Epoch: 0, Iteration: 34, Training Loss: 0.0431, Mean IoU: 0.9188, Mean Accuracy: 0.9437, per Category IOU: [0.99940275 0.83829499]
2024-11-28 13:53:46 - FewShotSeg - INFO - Epoch: 0, Iteration: 35, Training Loss: 0.0263, Mean IoU: 0.9477, Mean Accuracy: 0.9811, per Category IOU: [0.99952976 0.89578714]
2024-11-28 13:53:46 - FewShotSeg - INFO - Epoch: 0, Iteration: 36, Training Loss: 0.0263, Mean IoU: 0.9254, Mean Accuracy: 0.9405, per Category IOU: [0.99948279 0.85139986]
2024-11-28 13:53:46 - FewShotSeg - INFO - Epoch: 0, Iteration: 37, Training Loss: 0.0252, Mean IoU: 0.9148, Mean Accuracy: 0.9327, per Category IOU: [0.99939534 0.83029453]
2024-11-28 13:53:47 - FewShotSeg - INFO - Epoch: 0, Iteration: 38, Training Loss: 0.0193, Mean IoU: 0.9395, Mean Accuracy: 0.9461, per Category IOU: [0.99953506 0.87945561]
2024-11-28 13:53:47 - FewShotSeg - INFO - Epoch: 0, Iteration: 39, Training Loss: 0.0283, Mean IoU: 0.7186, Mean Accuracy: 0.7303, per Category IOU: [0.9984236  0.43872114]
2024-11-28 13:54:51 - FewShotSeg - INFO - Epoch : 0, Validation Results - Loss: 0.0341, Mean IoU: 0.8900, Mean Accuracy: 0.8969, per Category IOU: [0.99850444 0.35535621]
2024-11-28 13:54:51 - FewShotSeg - INFO - Model saved!
2024-11-28 13:54:51 - FewShotSeg - INFO - Epoch: 1
2024-11-28 13:54:51 - FewShotSeg - INFO - Epoch: 1, Iteration: 0, Training Loss: 0.0164, Mean IoU: 0.9209, Mean Accuracy: 0.9296, per Category IOU: [0.99956051 0.84229391]
2024-11-28 13:54:52 - FewShotSeg - INFO - Epoch: 1, Iteration: 1, Training Loss: 0.0267, Mean IoU: 0.9278, Mean Accuracy: 0.9498, per Category IOU: [0.99927945 0.85628743]
2024-11-28 13:54:52 - FewShotSeg - INFO - Epoch: 1, Iteration: 2, Training Loss: 0.0189, Mean IoU: 0.9124, Mean Accuracy: 0.9252, per Category IOU: [0.99940793 0.82535004]
2024-11-28 13:54:52 - FewShotSeg - INFO - Epoch: 1, Iteration: 3, Training Loss: 0.0591, Mean IoU: 0.7274, Mean Accuracy: 0.7289, per Category IOU: [0.99689778 0.45787866]
2024-11-28 13:54:52 - FewShotSeg - INFO - Epoch: 1, Iteration: 4, Training Loss: 0.0326, Mean IoU: 0.7536, Mean Accuracy: 0.7543, per Category IOU: [0.99870282 0.50850662]
2024-11-28 13:54:52 - FewShotSeg - INFO - Epoch: 1, Iteration: 5, Training Loss: 0.0100, Mean IoU: 0.9512, Mean Accuracy: 0.9808, per Category IOU: [0.99957231 0.90278567]
2024-11-28 13:54:52 - FewShotSeg - INFO - Epoch: 1, Iteration: 6, Training Loss: 0.0107, Mean IoU: 0.8531, Mean Accuracy: 0.9758, per Category IOU: [0.99857761 0.70760534]
2024-11-28 13:54:52 - FewShotSeg - INFO - Epoch: 1, Iteration: 7, Training Loss: 0.0183, Mean IoU: 0.9506, Mean Accuracy: 0.9602, per Category IOU: [0.99944664 0.9017341 ]
2024-11-28 13:54:53 - FewShotSeg - INFO - Epoch: 1, Iteration: 8, Training Loss: 0.0171, Mean IoU: 0.8687, Mean Accuracy: 0.8899, per Category IOU: [0.9990558 0.7384083]
2024-11-28 13:54:53 - FewShotSeg - INFO - Epoch: 1, Iteration: 9, Training Loss: 0.0111, Mean IoU: 0.9247, Mean Accuracy: 0.9588, per Category IOU: [0.9994427  0.84993271]
2024-11-28 13:54:53 - FewShotSeg - INFO - Epoch: 1, Iteration: 10, Training Loss: 0.0095, Mean IoU: 0.9355, Mean Accuracy: 0.9735, per Category IOU: [0.99939716 0.87153518]
2024-11-28 13:54:53 - FewShotSeg - INFO - Epoch: 1, Iteration: 11, Training Loss: 0.0081, Mean IoU: 0.9200, Mean Accuracy: 0.9915, per Category IOU: [0.99935006 0.8405886 ]
2024-11-28 13:54:53 - FewShotSeg - INFO - Epoch: 1, Iteration: 12, Training Loss: 0.0095, Mean IoU: 0.9337, Mean Accuracy: 0.9888, per Category IOU: [0.99951015 0.86792453]
2024-11-28 13:54:53 - FewShotSeg - INFO - Epoch: 1, Iteration: 13, Training Loss: 0.0099, Mean IoU: 0.9365, Mean Accuracy: 0.9684, per Category IOU: [0.99955771 0.87348106]
2024-11-28 13:54:54 - FewShotSeg - INFO - Epoch: 1, Iteration: 14, Training Loss: 0.0075, Mean IoU: 0.8929, Mean Accuracy: 0.9801, per Category IOU: [0.99925307 0.78658101]
2024-11-28 13:54:54 - FewShotSeg - INFO - Epoch: 1, Iteration: 15, Training Loss: 0.0111, Mean IoU: 0.9132, Mean Accuracy: 0.9285, per Category IOU: [0.99949556 0.8269066 ]
2024-11-28 13:54:54 - FewShotSeg - INFO - Epoch: 1, Iteration: 16, Training Loss: 0.0122, Mean IoU: 0.7880, Mean Accuracy: 0.9877, per Category IOU: [0.99742747 0.57862408]
2024-11-28 13:54:54 - FewShotSeg - INFO - Epoch: 1, Iteration: 17, Training Loss: 0.0086, Mean IoU: 0.9303, Mean Accuracy: 0.9893, per Category IOU: [0.99947263 0.86109282]
2024-11-28 13:54:54 - FewShotSeg - INFO - Epoch: 1, Iteration: 18, Training Loss: 0.0116, Mean IoU: 0.9003, Mean Accuracy: 0.9372, per Category IOU: [0.99938564 0.80113177]
2024-11-28 13:54:54 - FewShotSeg - INFO - Epoch: 1, Iteration: 19, Training Loss: 0.0236, Mean IoU: 0.8745, Mean Accuracy: 0.8864, per Category IOU: [0.99852616 0.75042373]
2024-11-28 13:54:55 - FewShotSeg - INFO - Epoch: 1, Iteration: 20, Training Loss: 0.0077, Mean IoU: 0.9121, Mean Accuracy: 0.9909, per Category IOU: [0.99915963 0.825     ]
2024-11-28 13:54:55 - FewShotSeg - INFO - Epoch: 1, Iteration: 21, Training Loss: 0.0056, Mean IoU: 0.9520, Mean Accuracy: 0.9951, per Category IOU: [0.99958232 0.90446224]
2024-11-28 13:54:55 - FewShotSeg - INFO - Epoch: 1, Iteration: 22, Training Loss: 0.0100, Mean IoU: 0.8245, Mean Accuracy: 0.9649, per Category IOU: [0.99862382 0.65038071]
2024-11-28 13:54:55 - FewShotSeg - INFO - Epoch: 1, Iteration: 23, Training Loss: 0.0088, Mean IoU: 0.7987, Mean Accuracy: 0.9974, per Category IOU: [0.99675058 0.60061538]
2024-11-28 13:54:55 - FewShotSeg - INFO - Epoch: 1, Iteration: 24, Training Loss: 0.0099, Mean IoU: 0.7827, Mean Accuracy: 0.9966, per Category IOU: [0.99684299 0.56854701]
2024-11-28 13:54:55 - FewShotSeg - INFO - Epoch: 1, Iteration: 25, Training Loss: 0.0057, Mean IoU: 0.9531, Mean Accuracy: 0.9812, per Category IOU: [0.99968765 0.90643713]
2024-11-28 13:54:55 - FewShotSeg - INFO - Epoch: 1, Iteration: 26, Training Loss: 0.0072, Mean IoU: 0.9523, Mean Accuracy: 0.9851, per Category IOU: [0.9996626  0.90486258]
2024-11-28 13:54:56 - FewShotSeg - INFO - Epoch: 1, Iteration: 27, Training Loss: 0.0074, Mean IoU: 0.9435, Mean Accuracy: 0.9918, per Category IOU: [0.99959263 0.88743094]
2024-11-28 13:54:56 - FewShotSeg - INFO - Epoch: 1, Iteration: 28, Training Loss: 0.0071, Mean IoU: 0.9367, Mean Accuracy: 0.9776, per Category IOU: [0.99959028 0.87384615]
2024-11-28 13:54:56 - FewShotSeg - INFO - Epoch: 1, Iteration: 29, Training Loss: 0.0156, Mean IoU: 0.8989, Mean Accuracy: 0.9002, per Category IOU: [0.99936313 0.79841897]
2024-11-28 13:54:56 - FewShotSeg - INFO - Epoch: 1, Iteration: 30, Training Loss: 0.0066, Mean IoU: 0.9394, Mean Accuracy: 0.9624, per Category IOU: [0.99964032 0.87919463]
2024-11-28 13:54:56 - FewShotSeg - INFO - Epoch: 1, Iteration: 31, Training Loss: 0.0079, Mean IoU: 0.9568, Mean Accuracy: 0.9902, per Category IOU: [0.9994361  0.91422036]
2024-11-28 13:54:56 - FewShotSeg - INFO - Epoch: 1, Iteration: 32, Training Loss: 0.0067, Mean IoU: 0.9568, Mean Accuracy: 0.9739, per Category IOU: [0.99954943 0.91412214]
2024-11-28 13:54:57 - FewShotSeg - INFO - Epoch: 1, Iteration: 33, Training Loss: 0.0088, Mean IoU: 0.9321, Mean Accuracy: 0.9700, per Category IOU: [0.99957534 0.86464968]
2024-11-28 13:54:57 - FewShotSeg - INFO - Epoch: 1, Iteration: 34, Training Loss: 0.0057, Mean IoU: 0.9323, Mean Accuracy: 0.9682, per Category IOU: [0.99953275 0.86498195]
2024-11-28 13:54:57 - FewShotSeg - INFO - Epoch: 1, Iteration: 35, Training Loss: 0.0029, Mean IoU: 0.9526, Mean Accuracy: 0.9977, per Category IOU: [0.99964002 0.90563565]
2024-11-28 13:54:57 - FewShotSeg - INFO - Epoch: 1, Iteration: 36, Training Loss: 0.0088, Mean IoU: 0.7874, Mean Accuracy: 0.9852, per Category IOU: [0.99729703 0.57756936]
2024-11-28 13:54:57 - FewShotSeg - INFO - Epoch: 1, Iteration: 37, Training Loss: 0.0068, Mean IoU: 0.9305, Mean Accuracy: 0.9673, per Category IOU: [0.99962044 0.86144029]
2024-11-28 13:54:57 - FewShotSeg - INFO - Epoch: 1, Iteration: 38, Training Loss: 0.0036, Mean IoU: 0.9465, Mean Accuracy: 0.9894, per Category IOU: [0.99956495 0.89338235]
2024-11-28 13:54:58 - FewShotSeg - INFO - Epoch: 1, Iteration: 39, Training Loss: 0.0047, Mean IoU: 0.9435, Mean Accuracy: 0.9917, per Category IOU: [0.99953493 0.88747731]
2024-11-28 13:56:03 - FewShotSeg - INFO - Epoch : 1, Validation Results - Loss: 0.0085, Mean IoU: 0.9674, Mean Accuracy: 0.9794, per Category IOU: [0.99957256 0.50475402]
2024-11-28 13:56:04 - FewShotSeg - INFO - Model saved!
2024-11-28 13:56:04 - FewShotSeg - INFO - Epoch: 2
2024-11-28 13:56:04 - FewShotSeg - INFO - Epoch: 2, Iteration: 0, Training Loss: 0.0076, Mean IoU: 0.9462, Mean Accuracy: 0.9701, per Category IOU: [0.99962515 0.89270386]
2024-11-28 13:56:04 - FewShotSeg - INFO - Epoch: 2, Iteration: 1, Training Loss: 0.0079, Mean IoU: 0.7829, Mean Accuracy: 0.9885, per Category IOU: [0.99714682 0.56862004]
2024-11-28 13:56:04 - FewShotSeg - INFO - Epoch: 2, Iteration: 2, Training Loss: 0.0064, Mean IoU: 0.9615, Mean Accuracy: 0.9805, per Category IOU: [0.99958941 0.92347177]
2024-11-28 13:56:04 - FewShotSeg - INFO - Epoch: 2, Iteration: 3, Training Loss: 0.0049, Mean IoU: 0.9438, Mean Accuracy: 0.9988, per Category IOU: [0.99952739 0.88809947]
2024-11-28 13:56:04 - FewShotSeg - INFO - Epoch: 2, Iteration: 4, Training Loss: 0.0036, Mean IoU: 0.9196, Mean Accuracy: 0.9932, per Category IOU: [0.99946037 0.83976261]
2024-11-28 13:56:05 - FewShotSeg - INFO - Epoch: 2, Iteration: 5, Training Loss: 0.0038, Mean IoU: 0.9445, Mean Accuracy: 0.9914, per Category IOU: [0.99948719 0.88954741]
2024-11-28 13:56:05 - FewShotSeg - INFO - Epoch: 2, Iteration: 6, Training Loss: 0.0051, Mean IoU: 0.9348, Mean Accuracy: 0.9691, per Category IOU: [0.99959032 0.86994449]
2024-11-28 13:56:05 - FewShotSeg - INFO - Epoch: 2, Iteration: 7, Training Loss: 0.0045, Mean IoU: 0.9516, Mean Accuracy: 0.9879, per Category IOU: [0.99967515 0.90356083]
2024-11-28 13:56:05 - FewShotSeg - INFO - Epoch: 2, Iteration: 8, Training Loss: 0.0032, Mean IoU: 0.9366, Mean Accuracy: 0.9932, per Category IOU: [0.99948498 0.87377451]
2024-11-28 13:56:05 - FewShotSeg - INFO - Epoch: 2, Iteration: 9, Training Loss: 0.0049, Mean IoU: 0.9296, Mean Accuracy: 0.9921, per Category IOU: [0.9992014  0.86002633]
2024-11-28 13:56:05 - FewShotSeg - INFO - Epoch: 2, Iteration: 10, Training Loss: 0.0073, Mean IoU: 0.9170, Mean Accuracy: 0.9380, per Category IOU: [0.99954055 0.83438344]
2024-11-28 13:56:06 - FewShotSeg - INFO - Epoch: 2, Iteration: 11, Training Loss: 0.0028, Mean IoU: 0.9538, Mean Accuracy: 0.9976, per Category IOU: [0.99960485 0.9080861 ]
2024-11-28 13:56:06 - FewShotSeg - INFO - Epoch: 2, Iteration: 12, Training Loss: 0.0032, Mean IoU: 0.9415, Mean Accuracy: 0.9929, per Category IOU: [0.99957513 0.88340192]
2024-11-28 13:56:06 - FewShotSeg - INFO - Epoch: 2, Iteration: 13, Training Loss: 0.0037, Mean IoU: 0.9457, Mean Accuracy: 0.9854, per Category IOU: [0.99959257 0.89176627]
2024-11-28 13:56:06 - FewShotSeg - INFO - Epoch: 2, Iteration: 14, Training Loss: 0.0041, Mean IoU: 0.9074, Mean Accuracy: 0.9958, per Category IOU: [0.99926269 0.815625  ]
2024-11-28 13:56:06 - FewShotSeg - INFO - Epoch: 2, Iteration: 15, Training Loss: 0.0032, Mean IoU: 0.9432, Mean Accuracy: 0.9940, per Category IOU: [0.99944956 0.88694758]
2024-11-28 13:56:06 - FewShotSeg - INFO - Epoch: 2, Iteration: 16, Training Loss: 0.0033, Mean IoU: 0.9351, Mean Accuracy: 0.9907, per Category IOU: [0.99955774 0.87070855]
2024-11-28 13:56:07 - FewShotSeg - INFO - Epoch: 2, Iteration: 17, Training Loss: 0.0053, Mean IoU: 0.9444, Mean Accuracy: 0.9689, per Category IOU: [0.99966027 0.88907015]
2024-11-28 13:56:07 - FewShotSeg - INFO - Epoch: 2, Iteration: 18, Training Loss: 0.0029, Mean IoU: 0.9554, Mean Accuracy: 0.9956, per Category IOU: [0.99959726 0.9111479 ]
2024-11-28 13:56:07 - FewShotSeg - INFO - Epoch: 2, Iteration: 19, Training Loss: 0.0054, Mean IoU: 0.9439, Mean Accuracy: 0.9841, per Category IOU: [0.99957506 0.88830486]
2024-11-28 13:56:07 - FewShotSeg - INFO - Epoch: 2, Iteration: 20, Training Loss: 0.0045, Mean IoU: 0.9435, Mean Accuracy: 0.9835, per Category IOU: [0.99956755 0.88751625]
2024-11-28 13:56:07 - FewShotSeg - INFO - Epoch: 2, Iteration: 21, Training Loss: 0.0034, Mean IoU: 0.9431, Mean Accuracy: 0.9914, per Category IOU: [0.99957007 0.88661833]
2024-11-28 13:56:07 - FewShotSeg - INFO - Epoch: 2, Iteration: 22, Training Loss: 0.0054, Mean IoU: 0.9044, Mean Accuracy: 0.9846, per Category IOU: [0.99918254 0.80955154]
2024-11-28 13:56:07 - FewShotSeg - INFO - Epoch: 2, Iteration: 23, Training Loss: 0.0038, Mean IoU: 0.9493, Mean Accuracy: 0.9838, per Category IOU: [0.99965265 0.89890909]
2024-11-28 13:56:08 - FewShotSeg - INFO - Epoch: 2, Iteration: 24, Training Loss: 0.0048, Mean IoU: 0.9430, Mean Accuracy: 0.9824, per Category IOU: [0.99954749 0.88644918]
2024-11-28 13:56:08 - FewShotSeg - INFO - Epoch: 2, Iteration: 25, Training Loss: 0.0038, Mean IoU: 0.9271, Mean Accuracy: 0.9935, per Category IOU: [0.99928702 0.85481406]
2024-11-28 13:56:08 - FewShotSeg - INFO - Epoch: 2, Iteration: 26, Training Loss: 0.0069, Mean IoU: 0.9196, Mean Accuracy: 0.9554, per Category IOU: [0.99956054 0.83956244]
2024-11-28 13:56:08 - FewShotSeg - INFO - Epoch: 2, Iteration: 27, Training Loss: 0.0035, Mean IoU: 0.9260, Mean Accuracy: 0.9910, per Category IOU: [0.9994928  0.85247093]
2024-11-28 13:56:08 - FewShotSeg - INFO - Epoch: 2, Iteration: 28, Training Loss: 0.0097, Mean IoU: 0.9522, Mean Accuracy: 0.9676, per Category IOU: [0.99943646 0.90498311]
2024-11-28 13:56:08 - FewShotSeg - INFO - Epoch: 2, Iteration: 29, Training Loss: 0.0031, Mean IoU: 0.9504, Mean Accuracy: 0.9910, per Category IOU: [0.99952461 0.90119605]
2024-11-28 13:56:09 - FewShotSeg - INFO - Epoch: 2, Iteration: 30, Training Loss: 0.0044, Mean IoU: 0.9575, Mean Accuracy: 0.9918, per Category IOU: [0.99944361 0.91552511]
2024-11-28 13:56:09 - FewShotSeg - INFO - Epoch: 2, Iteration: 31, Training Loss: 0.0034, Mean IoU: 0.9467, Mean Accuracy: 0.9860, per Category IOU: [0.99968778 0.89379779]
2024-11-28 13:56:09 - FewShotSeg - INFO - Epoch: 2, Iteration: 32, Training Loss: 0.0043, Mean IoU: 0.9260, Mean Accuracy: 0.9867, per Category IOU: [0.99943765 0.8525557 ]
2024-11-28 13:56:09 - FewShotSeg - INFO - Epoch: 2, Iteration: 33, Training Loss: 0.0050, Mean IoU: 0.9561, Mean Accuracy: 0.9925, per Category IOU: [0.99939582 0.91277597]
2024-11-28 13:56:09 - FewShotSeg - INFO - Epoch: 2, Iteration: 34, Training Loss: 0.0042, Mean IoU: 0.9354, Mean Accuracy: 0.9831, per Category IOU: [0.99959532 0.87112172]
2024-11-28 13:56:09 - FewShotSeg - INFO - Epoch: 2, Iteration: 35, Training Loss: 0.0041, Mean IoU: 0.9190, Mean Accuracy: 0.9831, per Category IOU: [0.99940024 0.83860121]
2024-11-28 13:56:10 - FewShotSeg - INFO - Epoch: 2, Iteration: 36, Training Loss: 0.0036, Mean IoU: 0.9375, Mean Accuracy: 0.9765, per Category IOU: [0.99963034 0.87531592]
2024-11-28 13:56:10 - FewShotSeg - INFO - Epoch: 2, Iteration: 37, Training Loss: 0.0024, Mean IoU: 0.9160, Mean Accuracy: 0.9989, per Category IOU: [0.99933765 0.83270202]
2024-11-28 13:56:10 - FewShotSeg - INFO - Epoch: 2, Iteration: 38, Training Loss: 0.0034, Mean IoU: 0.9349, Mean Accuracy: 0.9955, per Category IOU: [0.99943485 0.8703385 ]
2024-11-28 13:56:10 - FewShotSeg - INFO - Epoch: 2, Iteration: 39, Training Loss: 0.0046, Mean IoU: 0.9204, Mean Accuracy: 0.9905, per Category IOU: [0.99929735 0.84142212]
2024-11-28 13:57:13 - FewShotSeg - INFO - Epoch : 2, Validation Results - Loss: 0.0051, Mean IoU: 0.9731, Mean Accuracy: 0.9877, per Category IOU: [0.99961984 0.51179393]
2024-11-28 13:57:14 - FewShotSeg - INFO - Model saved!
2024-11-28 13:57:14 - FewShotSeg - INFO - Epoch: 3
2024-11-28 13:57:14 - FewShotSeg - INFO - Epoch: 3, Iteration: 0, Training Loss: 0.0032, Mean IoU: 0.9080, Mean Accuracy: 0.9992, per Category IOU: [0.99910458 0.8168798 ]
2024-11-28 13:57:14 - FewShotSeg - INFO - Epoch: 3, Iteration: 1, Training Loss: 0.0035, Mean IoU: 0.9248, Mean Accuracy: 0.9987, per Category IOU: [0.99929717 0.85021322]
2024-11-28 13:57:14 - FewShotSeg - INFO - Epoch: 3, Iteration: 2, Training Loss: 0.0046, Mean IoU: 0.9525, Mean Accuracy: 0.9891, per Category IOU: [0.9994742  0.90561798]
2024-11-28 13:57:15 - FewShotSeg - INFO - Epoch: 3, Iteration: 3, Training Loss: 0.0041, Mean IoU: 0.9378, Mean Accuracy: 0.9827, per Category IOU: [0.99949999 0.87608426]
2024-11-28 13:57:15 - FewShotSeg - INFO - Epoch: 3, Iteration: 4, Training Loss: 0.0057, Mean IoU: 0.9342, Mean Accuracy: 0.9841, per Category IOU: [0.99936958 0.86902287]
2024-11-28 13:57:15 - FewShotSeg - INFO - Epoch: 3, Iteration: 5, Training Loss: 0.0033, Mean IoU: 0.9370, Mean Accuracy: 0.9964, per Category IOU: [0.99940211 0.87467226]
2024-11-28 13:57:15 - FewShotSeg - INFO - Epoch: 3, Iteration: 6, Training Loss: 0.0070, Mean IoU: 0.9318, Mean Accuracy: 0.9623, per Category IOU: [0.99955531 0.86412214]
2024-11-28 13:57:15 - FewShotSeg - INFO - Epoch: 3, Iteration: 7, Training Loss: 0.0037, Mean IoU: 0.9374, Mean Accuracy: 0.9769, per Category IOU: [0.99966039 0.87522936]
2024-11-28 13:57:15 - FewShotSeg - INFO - Epoch: 3, Iteration: 8, Training Loss: 0.0027, Mean IoU: 0.9482, Mean Accuracy: 0.9911, per Category IOU: [0.99967773 0.89671737]
2024-11-28 13:57:15 - FewShotSeg - INFO - Epoch: 3, Iteration: 9, Training Loss: 0.0029, Mean IoU: 0.9201, Mean Accuracy: 0.9975, per Category IOU: [0.99947289 0.84075472]
2024-11-28 13:57:16 - FewShotSeg - INFO - Epoch: 3, Iteration: 10, Training Loss: 0.0028, Mean IoU: 0.9319, Mean Accuracy: 0.9938, per Category IOU: [0.99944248 0.86443769]
2024-11-28 13:57:16 - FewShotSeg - INFO - Epoch: 3, Iteration: 11, Training Loss: 0.0035, Mean IoU: 0.9295, Mean Accuracy: 0.9967, per Category IOU: [0.99922656 0.85986395]
2024-11-28 13:57:16 - FewShotSeg - INFO - Epoch: 3, Iteration: 12, Training Loss: 0.0046, Mean IoU: 0.9201, Mean Accuracy: 0.9794, per Category IOU: [0.99940773 0.84072581]
2024-11-28 13:57:16 - FewShotSeg - INFO - Epoch: 3, Iteration: 13, Training Loss: 0.0040, Mean IoU: 0.9263, Mean Accuracy: 0.9743, per Category IOU: [0.99956043 0.85296575]
2024-11-28 13:57:16 - FewShotSeg - INFO - Epoch: 3, Iteration: 14, Training Loss: 0.0027, Mean IoU: 0.9407, Mean Accuracy: 0.9960, per Category IOU: [0.99956763 0.8818306 ]
2024-11-28 13:57:16 - FewShotSeg - INFO - Epoch: 3, Iteration: 15, Training Loss: 0.0033, Mean IoU: 0.9128, Mean Accuracy: 0.9980, per Category IOU: [0.99936281 0.82617587]
2024-11-28 13:57:17 - FewShotSeg - INFO - Epoch: 3, Iteration: 16, Training Loss: 0.0036, Mean IoU: 0.9213, Mean Accuracy: 0.9882, per Category IOU: [0.99943026 0.84308328]
2024-11-28 13:57:17 - FewShotSeg - INFO - Epoch: 3, Iteration: 17, Training Loss: 0.0029, Mean IoU: 0.9134, Mean Accuracy: 0.9917, per Category IOU: [0.99939036 0.82743989]
2024-11-28 13:57:17 - FewShotSeg - INFO - Epoch: 3, Iteration: 18, Training Loss: 0.0037, Mean IoU: 0.9335, Mean Accuracy: 0.9956, per Category IOU: [0.99940979 0.86763881]
2024-11-28 13:57:17 - FewShotSeg - INFO - Epoch: 3, Iteration: 19, Training Loss: 0.0037, Mean IoU: 0.9433, Mean Accuracy: 0.9758, per Category IOU: [0.99964777 0.88692863]
2024-11-28 13:57:17 - FewShotSeg - INFO - Epoch: 3, Iteration: 20, Training Loss: 0.0036, Mean IoU: 0.9536, Mean Accuracy: 0.9919, per Category IOU: [0.99942376 0.90785256]
2024-11-28 13:57:17 - FewShotSeg - INFO - Epoch: 3, Iteration: 21, Training Loss: 0.0030, Mean IoU: 0.9344, Mean Accuracy: 0.9966, per Category IOU: [0.99932183 0.86952335]
2024-11-28 13:57:18 - FewShotSeg - INFO - Epoch: 3, Iteration: 22, Training Loss: 0.0043, Mean IoU: 0.9084, Mean Accuracy: 0.9697, per Category IOU: [0.99945058 0.81727575]
2024-11-28 13:57:18 - FewShotSeg - INFO - Epoch: 3, Iteration: 23, Training Loss: 0.0039, Mean IoU: 0.9234, Mean Accuracy: 0.9936, per Category IOU: [0.99930225 0.84745763]
2024-11-28 13:57:18 - FewShotSeg - INFO - Epoch: 3, Iteration: 24, Training Loss: 0.0034, Mean IoU: 0.9332, Mean Accuracy: 0.9962, per Category IOU: [0.99927412 0.86721612]
2024-11-28 13:57:18 - FewShotSeg - INFO - Epoch: 3, Iteration: 25, Training Loss: 0.0037, Mean IoU: 0.9234, Mean Accuracy: 0.9880, per Category IOU: [0.99941767 0.84741323]
2024-11-28 13:57:18 - FewShotSeg - INFO - Epoch: 3, Iteration: 26, Training Loss: 0.0029, Mean IoU: 0.9267, Mean Accuracy: 0.9984, per Category IOU: [0.99934731 0.85402685]
2024-11-28 13:57:18 - FewShotSeg - INFO - Epoch: 3, Iteration: 27, Training Loss: 0.0023, Mean IoU: 0.9568, Mean Accuracy: 0.9964, per Category IOU: [0.99969759 0.91400142]
2024-11-28 13:57:19 - FewShotSeg - INFO - Epoch: 3, Iteration: 28, Training Loss: 0.0039, Mean IoU: 0.9526, Mean Accuracy: 0.9893, per Category IOU: [0.9994742  0.90566038]
2024-11-28 13:57:19 - FewShotSeg - INFO - Epoch: 3, Iteration: 29, Training Loss: 0.0031, Mean IoU: 0.9535, Mean Accuracy: 0.9910, per Category IOU: [0.99969015 0.90739358]
2024-11-28 13:57:19 - FewShotSeg - INFO - Epoch: 3, Iteration: 30, Training Loss: 0.0042, Mean IoU: 0.9298, Mean Accuracy: 0.9766, per Category IOU: [0.99960794 0.85994648]
2024-11-28 13:57:19 - FewShotSeg - INFO - Epoch: 3, Iteration: 31, Training Loss: 0.0029, Mean IoU: 0.9415, Mean Accuracy: 0.9930, per Category IOU: [0.99952245 0.88353659]
2024-11-28 13:57:19 - FewShotSeg - INFO - Epoch: 3, Iteration: 32, Training Loss: 0.0031, Mean IoU: 0.9269, Mean Accuracy: 0.9984, per Category IOU: [0.9993473  0.85451505]
2024-11-28 13:57:19 - FewShotSeg - INFO - Epoch: 3, Iteration: 33, Training Loss: 0.0039, Mean IoU: 0.9343, Mean Accuracy: 0.9859, per Category IOU: [0.9995001  0.86902423]
2024-11-28 13:57:19 - FewShotSeg - INFO - Epoch: 3, Iteration: 34, Training Loss: 0.0047, Mean IoU: 0.9368, Mean Accuracy: 0.9867, per Category IOU: [0.99940966 0.87413333]
2024-11-28 13:57:20 - FewShotSeg - INFO - Epoch: 3, Iteration: 35, Training Loss: 0.0022, Mean IoU: 0.9392, Mean Accuracy: 0.9930, per Category IOU: [0.99960275 0.87871854]
2024-11-28 13:57:20 - FewShotSeg - INFO - Epoch: 3, Iteration: 36, Training Loss: 0.0032, Mean IoU: 0.9418, Mean Accuracy: 0.9866, per Category IOU: [0.99952746 0.88404908]
2024-11-28 13:57:20 - FewShotSeg - INFO - Epoch: 3, Iteration: 37, Training Loss: 0.0037, Mean IoU: 0.9627, Mean Accuracy: 0.9875, per Category IOU: [0.99958179 0.92584369]
2024-11-28 13:57:20 - FewShotSeg - INFO - Epoch: 3, Iteration: 38, Training Loss: 0.0026, Mean IoU: 0.9373, Mean Accuracy: 0.9981, per Category IOU: [0.99933424 0.87529301]
2024-11-28 13:57:20 - FewShotSeg - INFO - Epoch: 3, Iteration: 39, Training Loss: 0.0037, Mean IoU: 0.9263, Mean Accuracy: 0.9829, per Category IOU: [0.9994577  0.85308057]
2024-11-28 13:58:25 - FewShotSeg - INFO - Epoch : 3, Validation Results - Loss: 0.0046, Mean IoU: 0.9741, Mean Accuracy: 0.9882, per Category IOU: [0.99963298 0.51376201]
2024-11-28 13:58:25 - FewShotSeg - INFO - Model saved!
2024-11-28 13:58:25 - FewShotSeg - INFO - Epoch: 4
2024-11-28 13:58:25 - FewShotSeg - INFO - Epoch: 4, Iteration: 0, Training Loss: 0.0031, Mean IoU: 0.9488, Mean Accuracy: 0.9899, per Category IOU: [0.99950961 0.89818182]
2024-11-28 13:58:26 - FewShotSeg - INFO - Epoch: 4, Iteration: 1, Training Loss: 0.0039, Mean IoU: 0.9395, Mean Accuracy: 0.9730, per Category IOU: [0.99966286 0.87935657]
2024-11-28 13:58:26 - FewShotSeg - INFO - Epoch: 4, Iteration: 2, Training Loss: 0.0042, Mean IoU: 0.9389, Mean Accuracy: 0.9692, per Category IOU: [0.99964534 0.87811159]
2024-11-28 13:58:26 - FewShotSeg - INFO - Epoch: 4, Iteration: 3, Training Loss: 0.0022, Mean IoU: 0.9506, Mean Accuracy: 0.9950, per Category IOU: [0.99960496 0.90155763]
2024-11-28 13:58:26 - FewShotSeg - INFO - Epoch: 4, Iteration: 4, Training Loss: 0.0035, Mean IoU: 0.9549, Mean Accuracy: 0.9931, per Category IOU: [0.99941358 0.91044776]
2024-11-28 13:58:26 - FewShotSeg - INFO - Epoch: 4, Iteration: 5, Training Loss: 0.0023, Mean IoU: 0.9354, Mean Accuracy: 0.9901, per Category IOU: [0.99960784 0.87110016]
2024-11-28 13:58:26 - FewShotSeg - INFO - Epoch: 4, Iteration: 6, Training Loss: 0.0034, Mean IoU: 0.9622, Mean Accuracy: 0.9896, per Category IOU: [0.99957427 0.92491166]
2024-11-28 13:58:26 - FewShotSeg - INFO - Epoch: 4, Iteration: 7, Training Loss: 0.0032, Mean IoU: 0.9292, Mean Accuracy: 0.9857, per Category IOU: [0.99954785 0.85881435]
2024-11-28 13:58:27 - FewShotSeg - INFO - Epoch: 4, Iteration: 8, Training Loss: 0.0026, Mean IoU: 0.9377, Mean Accuracy: 0.9874, per Category IOU: [0.99958274 0.87583643]
2024-11-28 13:58:27 - FewShotSeg - INFO - Epoch: 4, Iteration: 9, Training Loss: 0.0024, Mean IoU: 0.9405, Mean Accuracy: 0.9971, per Category IOU: [0.99950241 0.88154762]
2024-11-28 13:58:27 - FewShotSeg - INFO - Epoch: 4, Iteration: 10, Training Loss: 0.0041, Mean IoU: 0.9255, Mean Accuracy: 0.9771, per Category IOU: [0.99946775 0.85146444]
2024-11-28 13:58:27 - FewShotSeg - INFO - Epoch: 4, Iteration: 11, Training Loss: 0.0023, Mean IoU: 0.9411, Mean Accuracy: 0.9970, per Category IOU: [0.99958517 0.88251946]
2024-11-28 13:58:27 - FewShotSeg - INFO - Epoch: 4, Iteration: 12, Training Loss: 0.0029, Mean IoU: 0.9149, Mean Accuracy: 0.9983, per Category IOU: [0.99924235 0.83053691]
2024-11-28 13:58:27 - FewShotSeg - INFO - Epoch: 4, Iteration: 13, Training Loss: 0.0032, Mean IoU: 0.9154, Mean Accuracy: 0.9893, per Category IOU: [0.9994279  0.83136966]
2024-11-28 13:58:28 - FewShotSeg - INFO - Epoch: 4, Iteration: 14, Training Loss: 0.0028, Mean IoU: 0.9279, Mean Accuracy: 0.9907, per Category IOU: [0.9994752  0.85636115]
2024-11-28 13:58:28 - FewShotSeg - INFO - Epoch: 4, Iteration: 15, Training Loss: 0.0029, Mean IoU: 0.9259, Mean Accuracy: 0.9976, per Category IOU: [0.99937996 0.85246877]
2024-11-28 13:58:28 - FewShotSeg - INFO - Epoch: 4, Iteration: 16, Training Loss: 0.0039, Mean IoU: 0.9218, Mean Accuracy: 0.9964, per Category IOU: [0.99922698 0.84441088]
2024-11-28 13:58:28 - FewShotSeg - INFO - Epoch: 4, Iteration: 17, Training Loss: 0.0030, Mean IoU: 0.9286, Mean Accuracy: 0.9983, per Category IOU: [0.9991914  0.85795954]
2024-11-28 13:58:28 - FewShotSeg - INFO - Epoch: 4, Iteration: 18, Training Loss: 0.0024, Mean IoU: 0.9560, Mean Accuracy: 0.9937, per Category IOU: [0.9996926  0.91226819]
2024-11-28 13:58:28 - FewShotSeg - INFO - Epoch: 4, Iteration: 19, Training Loss: 0.0038, Mean IoU: 0.8952, Mean Accuracy: 0.9938, per Category IOU: [0.99933817 0.79100946]
2024-11-28 13:58:29 - FewShotSeg - INFO - Epoch: 4, Iteration: 20, Training Loss: 0.0040, Mean IoU: 0.9282, Mean Accuracy: 0.9935, per Category IOU: [0.99933971 0.85714286]
2024-11-28 13:58:29 - FewShotSeg - INFO - Epoch: 4, Iteration: 21, Training Loss: 0.0021, Mean IoU: 0.9408, Mean Accuracy: 0.9975, per Category IOU: [0.9995601  0.88211654]
2024-11-28 13:58:29 - FewShotSeg - INFO - Epoch: 4, Iteration: 22, Training Loss: 0.0020, Mean IoU: 0.9406, Mean Accuracy: 0.9922, per Category IOU: [0.99961024 0.88163885]
2024-11-28 13:58:29 - FewShotSeg - INFO - Epoch: 4, Iteration: 23, Training Loss: 0.0029, Mean IoU: 0.9377, Mean Accuracy: 0.9895, per Category IOU: [0.99949247 0.87599267]
2024-11-28 13:58:29 - FewShotSeg - INFO - Epoch: 4, Iteration: 24, Training Loss: 0.0032, Mean IoU: 0.9266, Mean Accuracy: 0.9973, per Category IOU: [0.99927448 0.85390428]
2024-11-28 13:58:29 - FewShotSeg - INFO - Epoch: 4, Iteration: 25, Training Loss: 0.0025, Mean IoU: 0.9312, Mean Accuracy: 0.9945, per Category IOU: [0.99947511 0.86292428]
2024-11-28 13:58:30 - FewShotSeg - INFO - Epoch: 4, Iteration: 26, Training Loss: 0.0046, Mean IoU: 0.9358, Mean Accuracy: 0.9867, per Category IOU: [0.99934438 0.87219512]
2024-11-28 13:58:30 - FewShotSeg - INFO - Epoch: 4, Iteration: 27, Training Loss: 0.0030, Mean IoU: 0.9241, Mean Accuracy: 0.9988, per Category IOU: [0.99918162 0.84903047]
2024-11-28 13:58:30 - FewShotSeg - INFO - Epoch: 4, Iteration: 28, Training Loss: 0.0020, Mean IoU: 0.9503, Mean Accuracy: 0.9917, per Category IOU: [0.99966766 0.90096798]
2024-11-28 13:58:30 - FewShotSeg - INFO - Epoch: 4, Iteration: 29, Training Loss: 0.0039, Mean IoU: 0.9065, Mean Accuracy: 0.9886, per Category IOU: [0.99927024 0.81365667]
2024-11-28 13:58:30 - FewShotSeg - INFO - Epoch: 4, Iteration: 30, Training Loss: 0.0031, Mean IoU: 0.9282, Mean Accuracy: 0.9978, per Category IOU: [0.99932213 0.85714286]
2024-11-28 13:58:30 - FewShotSeg - INFO - Epoch: 4, Iteration: 31, Training Loss: 0.0030, Mean IoU: 0.9353, Mean Accuracy: 0.9960, per Category IOU: [0.99939968 0.87110634]
2024-11-28 13:58:30 - FewShotSeg - INFO - Epoch: 4, Iteration: 32, Training Loss: 0.0044, Mean IoU: 0.9620, Mean Accuracy: 0.9841, per Category IOU: [0.9995919  0.92443208]
2024-11-28 13:58:31 - FewShotSeg - INFO - Epoch: 4, Iteration: 33, Training Loss: 0.0032, Mean IoU: 0.9409, Mean Accuracy: 0.9900, per Category IOU: [0.99946223 0.8822563 ]
2024-11-28 13:58:31 - FewShotSeg - INFO - Epoch: 4, Iteration: 34, Training Loss: 0.0039, Mean IoU: 0.9281, Mean Accuracy: 0.9871, per Category IOU: [0.99936984 0.85681818]
2024-11-28 13:58:31 - FewShotSeg - INFO - Epoch: 4, Iteration: 35, Training Loss: 0.0032, Mean IoU: 0.9426, Mean Accuracy: 0.9815, per Category IOU: [0.99963525 0.8854902 ]
2024-11-28 13:58:31 - FewShotSeg - INFO - Epoch: 4, Iteration: 36, Training Loss: 0.0027, Mean IoU: 0.9276, Mean Accuracy: 0.9967, per Category IOU: [0.99951782 0.85564697]
2024-11-28 13:58:31 - FewShotSeg - INFO - Epoch: 4, Iteration: 37, Training Loss: 0.0034, Mean IoU: 0.9479, Mean Accuracy: 0.9884, per Category IOU: [0.99942668 0.89638009]
2024-11-28 13:58:31 - FewShotSeg - INFO - Epoch: 4, Iteration: 38, Training Loss: 0.0028, Mean IoU: 0.9399, Mean Accuracy: 0.9946, per Category IOU: [0.99947482 0.88027366]
2024-11-28 13:58:32 - FewShotSeg - INFO - Epoch: 4, Iteration: 39, Training Loss: 0.0039, Mean IoU: 0.9468, Mean Accuracy: 0.9742, per Category IOU: [0.99965521 0.89392775]
2024-11-28 13:59:37 - FewShotSeg - INFO - Epoch : 4, Validation Results - Loss: 0.0043, Mean IoU: 0.9746, Mean Accuracy: 0.9886, per Category IOU: [0.99963836 0.5146815 ]
2024-11-28 13:59:37 - FewShotSeg - INFO - Model saved!
2024-11-28 13:59:37 - FewShotSeg - INFO - Epoch: 5
2024-11-28 13:59:37 - FewShotSeg - INFO - Epoch: 5, Iteration: 0, Training Loss: 0.0033, Mean IoU: 0.9251, Mean Accuracy: 0.9886, per Category IOU: [0.99946274 0.85079806]
2024-11-28 13:59:37 - FewShotSeg - INFO - Epoch: 5, Iteration: 1, Training Loss: 0.0041, Mean IoU: 0.9403, Mean Accuracy: 0.9850, per Category IOU: [0.99950242 0.88119403]
2024-11-28 13:59:37 - FewShotSeg - INFO - Epoch: 5, Iteration: 2, Training Loss: 0.0028, Mean IoU: 0.9424, Mean Accuracy: 0.9953, per Category IOU: [0.99941693 0.88544739]
2024-11-28 13:59:38 - FewShotSeg - INFO - Epoch: 5, Iteration: 3, Training Loss: 0.0031, Mean IoU: 0.9414, Mean Accuracy: 0.9892, per Category IOU: [0.99955758 0.88324538]
2024-11-28 13:59:38 - FewShotSeg - INFO - Epoch: 5, Iteration: 4, Training Loss: 0.0044, Mean IoU: 0.9301, Mean Accuracy: 0.9821, per Category IOU: [0.99951525 0.86073223]
2024-11-28 13:59:38 - FewShotSeg - INFO - Epoch: 5, Iteration: 5, Training Loss: 0.0020, Mean IoU: 0.9445, Mean Accuracy: 0.9938, per Category IOU: [0.99962018 0.88937409]
2024-11-28 13:59:38 - FewShotSeg - INFO - Epoch: 5, Iteration: 6, Training Loss: 0.0027, Mean IoU: 0.9353, Mean Accuracy: 0.9967, per Category IOU: [0.99939968 0.87124464]
2024-11-28 13:59:38 - FewShotSeg - INFO - Epoch: 5, Iteration: 7, Training Loss: 0.0025, Mean IoU: 0.9443, Mean Accuracy: 0.9925, per Category IOU: [0.99951482 0.88907947]
2024-11-28 13:59:38 - FewShotSeg - INFO - Epoch: 5, Iteration: 8, Training Loss: 0.0033, Mean IoU: 0.9245, Mean Accuracy: 0.9873, per Category IOU: [0.99955294 0.84945332]
2024-11-28 13:59:39 - FewShotSeg - INFO - Epoch: 5, Iteration: 9, Training Loss: 0.0024, Mean IoU: 0.9404, Mean Accuracy: 0.9953, per Category IOU: [0.99951747 0.88123077]
2024-11-28 13:59:39 - FewShotSeg - INFO - Epoch: 5, Iteration: 10, Training Loss: 0.0022, Mean IoU: 0.9503, Mean Accuracy: 0.9927, per Category IOU: [0.9996802  0.90085205]
2024-11-28 13:59:39 - FewShotSeg - INFO - Epoch: 5, Iteration: 11, Training Loss: 0.0027, Mean IoU: 0.9406, Mean Accuracy: 0.9900, per Category IOU: [0.99954506 0.8816645 ]
2024-11-28 13:59:39 - FewShotSeg - INFO - Epoch: 5, Iteration: 12, Training Loss: 0.0033, Mean IoU: 0.9551, Mean Accuracy: 0.9886, per Category IOU: [0.99949921 0.91075413]
2024-11-28 13:59:39 - FewShotSeg - INFO - Epoch: 5, Iteration: 13, Training Loss: 0.0028, Mean IoU: 0.9337, Mean Accuracy: 0.9829, per Category IOU: [0.99959785 0.86781609]
2024-11-28 13:59:39 - FewShotSeg - INFO - Epoch: 5, Iteration: 14, Training Loss: 0.0033, Mean IoU: 0.9533, Mean Accuracy: 0.9904, per Category IOU: [0.99949177 0.90713632]
2024-11-28 13:59:40 - FewShotSeg - INFO - Epoch: 5, Iteration: 15, Training Loss: 0.0037, Mean IoU: 0.9163, Mean Accuracy: 0.9836, per Category IOU: [0.99953806 0.83303249]
2024-11-28 13:59:40 - FewShotSeg - INFO - Epoch: 5, Iteration: 16, Training Loss: 0.0027, Mean IoU: 0.9187, Mean Accuracy: 0.9989, per Category IOU: [0.99936264 0.83799238]
2024-11-28 13:59:40 - FewShotSeg - INFO - Epoch: 5, Iteration: 17, Training Loss: 0.0024, Mean IoU: 0.9385, Mean Accuracy: 0.9977, per Category IOU: [0.99949244 0.87741546]
2024-11-28 13:59:40 - FewShotSeg - INFO - Epoch: 5, Iteration: 18, Training Loss: 0.0019, Mean IoU: 0.9332, Mean Accuracy: 0.9994, per Category IOU: [0.99953021 0.86694975]
2024-11-28 13:59:40 - FewShotSeg - INFO - Epoch: 5, Iteration: 19, Training Loss: 0.0028, Mean IoU: 0.9255, Mean Accuracy: 0.9935, per Category IOU: [0.99940757 0.85150376]
2024-11-28 13:59:40 - FewShotSeg - INFO - Epoch: 5, Iteration: 20, Training Loss: 0.0034, Mean IoU: 0.9180, Mean Accuracy: 0.9950, per Category IOU: [0.99927988 0.83673469]
2024-11-28 13:59:41 - FewShotSeg - INFO - Epoch: 5, Iteration: 21, Training Loss: 0.0032, Mean IoU: 0.9455, Mean Accuracy: 0.9948, per Category IOU: [0.99926313 0.89171271]
2024-11-28 13:59:41 - FewShotSeg - INFO - Epoch: 5, Iteration: 22, Training Loss: 0.0023, Mean IoU: 0.9359, Mean Accuracy: 0.9986, per Category IOU: [0.99931671 0.87254902]
2024-11-28 13:59:41 - FewShotSeg - INFO - Epoch: 5, Iteration: 23, Training Loss: 0.0028, Mean IoU: 0.9311, Mean Accuracy: 0.9955, per Category IOU: [0.99953528 0.86273063]
2024-11-28 13:59:41 - FewShotSeg - INFO - Epoch: 5, Iteration: 24, Training Loss: 0.0028, Mean IoU: 0.9365, Mean Accuracy: 0.9864, per Category IOU: [0.99954016 0.87345254]
2024-11-28 13:59:41 - FewShotSeg - INFO - Epoch: 5, Iteration: 25, Training Loss: 0.0032, Mean IoU: 0.9310, Mean Accuracy: 0.9957, per Category IOU: [0.99941491 0.86251469]
2024-11-28 13:59:41 - FewShotSeg - INFO - Epoch: 5, Iteration: 26, Training Loss: 0.0032, Mean IoU: 0.9204, Mean Accuracy: 0.9949, per Category IOU: [0.9993099  0.84147042]
2024-11-28 13:59:41 - FewShotSeg - INFO - Epoch: 5, Iteration: 27, Training Loss: 0.0036, Mean IoU: 0.9369, Mean Accuracy: 0.9928, per Category IOU: [0.99928144 0.87445319]
2024-11-28 13:59:42 - FewShotSeg - INFO - Epoch: 5, Iteration: 28, Training Loss: 0.0027, Mean IoU: 0.9291, Mean Accuracy: 0.9968, per Category IOU: [0.99937231 0.8587507 ]
2024-11-28 13:59:42 - FewShotSeg - INFO - Epoch: 5, Iteration: 29, Training Loss: 0.0026, Mean IoU: 0.9322, Mean Accuracy: 0.9946, per Category IOU: [0.99943243 0.86496133]
2024-11-28 13:59:42 - FewShotSeg - INFO - Epoch: 5, Iteration: 30, Training Loss: 0.0035, Mean IoU: 0.9147, Mean Accuracy: 0.9852, per Category IOU: [0.99945296 0.82996894]
2024-11-28 13:59:42 - FewShotSeg - INFO - Epoch: 5, Iteration: 31, Training Loss: 0.0029, Mean IoU: 0.9202, Mean Accuracy: 0.9958, per Category IOU: [0.99939519 0.84099869]
2024-11-28 13:59:42 - FewShotSeg - INFO - Epoch: 5, Iteration: 32, Training Loss: 0.0032, Mean IoU: 0.9138, Mean Accuracy: 0.9858, per Category IOU: [0.99942042 0.82827535]
2024-11-28 13:59:42 - FewShotSeg - INFO - Epoch: 5, Iteration: 33, Training Loss: 0.0022, Mean IoU: 0.9454, Mean Accuracy: 0.9960, per Category IOU: [0.99947459 0.89124806]
2024-11-28 13:59:43 - FewShotSeg - INFO - Epoch: 5, Iteration: 34, Training Loss: 0.0049, Mean IoU: 0.9285, Mean Accuracy: 0.9736, per Category IOU: [0.9995729 0.8575   ]
2024-11-28 13:59:43 - FewShotSeg - INFO - Epoch: 5, Iteration: 35, Training Loss: 0.0038, Mean IoU: 0.9315, Mean Accuracy: 0.9932, per Category IOU: [0.99937473 0.86361157]
2024-11-28 13:59:43 - FewShotSeg - INFO - Epoch: 5, Iteration: 36, Training Loss: 0.0025, Mean IoU: 0.9075, Mean Accuracy: 0.9935, per Category IOU: [0.99932285 0.81564626]
2024-11-28 13:59:43 - FewShotSeg - INFO - Epoch: 5, Iteration: 37, Training Loss: 0.0033, Mean IoU: 0.9329, Mean Accuracy: 0.9832, per Category IOU: [0.99947255 0.86637112]
2024-11-28 13:59:43 - FewShotSeg - INFO - Epoch: 5, Iteration: 38, Training Loss: 0.0030, Mean IoU: 0.9492, Mean Accuracy: 0.9938, per Category IOU: [0.99936868 0.89907889]
2024-11-28 13:59:43 - FewShotSeg - INFO - Epoch: 5, Iteration: 39, Training Loss: 0.0027, Mean IoU: 0.9446, Mean Accuracy: 0.9957, per Category IOU: [0.99946206 0.88968702]
2024-11-28 14:00:48 - FewShotSeg - INFO - Epoch : 5, Validation Results - Loss: 0.0038, Mean IoU: 0.9747, Mean Accuracy: 0.9902, per Category IOU: [0.99963778 0.51498916]
2024-11-28 14:00:48 - FewShotSeg - INFO - Model saved!
2024-11-28 14:00:48 - FewShotSeg - INFO - Epoch: 6
2024-11-28 14:00:49 - FewShotSeg - INFO - Epoch: 6, Iteration: 0, Training Loss: 0.0018, Mean IoU: 0.9512, Mean Accuracy: 0.9966, per Category IOU: [0.99962752 0.90274151]
2024-11-28 14:00:49 - FewShotSeg - INFO - Epoch: 6, Iteration: 1, Training Loss: 0.0027, Mean IoU: 0.9352, Mean Accuracy: 0.9903, per Category IOU: [0.99950258 0.87086308]
2024-11-28 14:00:49 - FewShotSeg - INFO - Epoch: 6, Iteration: 2, Training Loss: 0.0030, Mean IoU: 0.9280, Mean Accuracy: 0.9920, per Category IOU: [0.99944511 0.85658915]
2024-11-28 14:00:49 - FewShotSeg - INFO - Epoch: 6, Iteration: 3, Training Loss: 0.0033, Mean IoU: 0.9580, Mean Accuracy: 0.9883, per Category IOU: [0.99953426 0.91644205]
2024-11-28 14:00:49 - FewShotSeg - INFO - Epoch: 6, Iteration: 4, Training Loss: 0.0032, Mean IoU: 0.9337, Mean Accuracy: 0.9911, per Category IOU: [0.99943489 0.8679135 ]
2024-11-28 14:00:49 - FewShotSeg - INFO - Epoch: 6, Iteration: 5, Training Loss: 0.0033, Mean IoU: 0.9360, Mean Accuracy: 0.9950, per Category IOU: [0.9993896  0.87265136]
2024-11-28 14:00:50 - FewShotSeg - INFO - Epoch: 6, Iteration: 6, Training Loss: 0.0027, Mean IoU: 0.9340, Mean Accuracy: 0.9909, per Category IOU: [0.99958282 0.86840032]
2024-11-28 14:00:50 - FewShotSeg - INFO - Epoch: 6, Iteration: 7, Training Loss: 0.0027, Mean IoU: 0.9162, Mean Accuracy: 0.9908, per Category IOU: [0.99947798 0.83293365]
2024-11-28 14:00:50 - FewShotSeg - INFO - Epoch: 6, Iteration: 8, Training Loss: 0.0024, Mean IoU: 0.9514, Mean Accuracy: 0.9954, per Category IOU: [0.99957481 0.90318907]
2024-11-28 14:00:50 - FewShotSeg - INFO - Epoch: 6, Iteration: 9, Training Loss: 0.0031, Mean IoU: 0.9324, Mean Accuracy: 0.9947, per Category IOU: [0.99942992 0.86532782]
2024-11-28 14:00:50 - FewShotSeg - INFO - Epoch: 6, Iteration: 10, Training Loss: 0.0023, Mean IoU: 0.9449, Mean Accuracy: 0.9900, per Category IOU: [0.9996327  0.89013453]
2024-11-28 14:00:50 - FewShotSeg - INFO - Epoch: 6, Iteration: 11, Training Loss: 0.0035, Mean IoU: 0.9378, Mean Accuracy: 0.9897, per Category IOU: [0.99930654 0.87628406]
2024-11-28 14:00:50 - FewShotSeg - INFO - Epoch: 6, Iteration: 12, Training Loss: 0.0035, Mean IoU: 0.9333, Mean Accuracy: 0.9932, per Category IOU: [0.99923386 0.86736021]
2024-11-28 14:00:51 - FewShotSeg - INFO - Epoch: 6, Iteration: 13, Training Loss: 0.0027, Mean IoU: 0.9273, Mean Accuracy: 0.9952, per Category IOU: [0.99944764 0.85517693]
2024-11-28 14:00:51 - FewShotSeg - INFO - Epoch: 6, Iteration: 14, Training Loss: 0.0033, Mean IoU: 0.9514, Mean Accuracy: 0.9920, per Category IOU: [0.99947176 0.90329973]
2024-11-28 14:00:51 - FewShotSeg - INFO - Epoch: 6, Iteration: 15, Training Loss: 0.0027, Mean IoU: 0.9205, Mean Accuracy: 0.9935, per Category IOU: [0.99948039 0.84158416]
2024-11-28 14:00:51 - FewShotSeg - INFO - Epoch: 6, Iteration: 16, Training Loss: 0.0020, Mean IoU: 0.9452, Mean Accuracy: 0.9910, per Category IOU: [0.99964522 0.89085319]
2024-11-28 14:00:51 - FewShotSeg - INFO - Epoch: 6, Iteration: 17, Training Loss: 0.0029, Mean IoU: 0.9316, Mean Accuracy: 0.9874, per Category IOU: [0.99958036 0.86352559]
2024-11-28 14:00:51 - FewShotSeg - INFO - Epoch: 6, Iteration: 18, Training Loss: 0.0032, Mean IoU: 0.9399, Mean Accuracy: 0.9869, per Category IOU: [0.99948737 0.88039673]
2024-11-28 14:00:52 - FewShotSeg - INFO - Epoch: 6, Iteration: 19, Training Loss: 0.0022, Mean IoU: 0.9330, Mean Accuracy: 0.9981, per Category IOU: [0.99940982 0.86651584]
2024-11-28 14:00:52 - FewShotSeg - INFO - Epoch: 6, Iteration: 20, Training Loss: 0.0037, Mean IoU: 0.9427, Mean Accuracy: 0.9912, per Category IOU: [0.9993339  0.88603256]
2024-11-28 14:00:52 - FewShotSeg - INFO - Epoch: 6, Iteration: 21, Training Loss: 0.0025, Mean IoU: 0.9325, Mean Accuracy: 0.9951, per Category IOU: [0.99946253 0.86545682]
2024-11-28 14:00:52 - FewShotSeg - INFO - Epoch: 6, Iteration: 22, Training Loss: 0.0026, Mean IoU: 0.9189, Mean Accuracy: 0.9989, per Category IOU: [0.99936514 0.83852511]
2024-11-28 14:00:52 - FewShotSeg - INFO - Epoch: 6, Iteration: 23, Training Loss: 0.0022, Mean IoU: 0.9457, Mean Accuracy: 0.9982, per Category IOU: [0.99951728 0.89193729]
2024-11-28 14:00:52 - FewShotSeg - INFO - Epoch: 6, Iteration: 24, Training Loss: 0.0023, Mean IoU: 0.9425, Mean Accuracy: 0.9907, per Category IOU: [0.99949229 0.88556933]
2024-11-28 14:00:53 - FewShotSeg - INFO - Epoch: 6, Iteration: 25, Training Loss: 0.0019, Mean IoU: 0.9534, Mean Accuracy: 0.9975, per Category IOU: [0.99961742 0.90721649]
2024-11-28 14:00:53 - FewShotSeg - INFO - Epoch: 6, Iteration: 26, Training Loss: 0.0030, Mean IoU: 0.8963, Mean Accuracy: 0.9935, per Category IOU: [0.99931811 0.79333838]
2024-11-28 14:00:53 - FewShotSeg - INFO - Epoch: 6, Iteration: 27, Training Loss: 0.0027, Mean IoU: 0.9280, Mean Accuracy: 0.9955, per Category IOU: [0.99951029 0.85641026]
2024-11-28 14:00:53 - FewShotSeg - INFO - Epoch: 6, Iteration: 28, Training Loss: 0.0034, Mean IoU: 0.9254, Mean Accuracy: 0.9854, per Category IOU: [0.99939252 0.85137615]
2024-11-28 14:00:53 - FewShotSeg - INFO - Epoch: 6, Iteration: 29, Training Loss: 0.0035, Mean IoU: 0.9282, Mean Accuracy: 0.9973, per Category IOU: [0.99917382 0.85720467]
2024-11-28 14:00:53 - FewShotSeg - INFO - Epoch: 6, Iteration: 30, Training Loss: 0.0025, Mean IoU: 0.9287, Mean Accuracy: 0.9978, per Category IOU: [0.99934471 0.85807151]
2024-11-28 14:00:54 - FewShotSeg - INFO - Epoch: 6, Iteration: 31, Training Loss: 0.0026, Mean IoU: 0.9328, Mean Accuracy: 0.9919, per Category IOU: [0.99951519 0.86611456]
2024-11-28 14:00:54 - FewShotSeg - INFO - Epoch: 6, Iteration: 32, Training Loss: 0.0039, Mean IoU: 0.9399, Mean Accuracy: 0.9730, per Category IOU: [0.99966535 0.88014311]
2024-11-28 14:00:54 - FewShotSeg - INFO - Epoch: 6, Iteration: 33, Training Loss: 0.0025, Mean IoU: 0.9375, Mean Accuracy: 0.9981, per Category IOU: [0.99932417 0.87563335]
2024-11-28 14:00:54 - FewShotSeg - INFO - Epoch: 6, Iteration: 34, Training Loss: 0.0031, Mean IoU: 0.9248, Mean Accuracy: 0.9905, per Category IOU: [0.99936996 0.85026738]
2024-11-28 14:00:54 - FewShotSeg - INFO - Epoch: 6, Iteration: 35, Training Loss: 0.0028, Mean IoU: 0.9692, Mean Accuracy: 0.9896, per Category IOU: [0.99968962 0.93867458]
2024-11-28 14:00:54 - FewShotSeg - INFO - Epoch: 6, Iteration: 36, Training Loss: 0.0025, Mean IoU: 0.9370, Mean Accuracy: 0.9959, per Category IOU: [0.99944481 0.87457627]
2024-11-28 14:00:54 - FewShotSeg - INFO - Epoch: 6, Iteration: 37, Training Loss: 0.0032, Mean IoU: 0.9281, Mean Accuracy: 0.9845, per Category IOU: [0.99959044 0.85664336]
2024-11-28 14:00:55 - FewShotSeg - INFO - Epoch: 6, Iteration: 38, Training Loss: 0.0027, Mean IoU: 0.9398, Mean Accuracy: 0.9864, per Category IOU: [0.99956765 0.88011088]
2024-11-28 14:00:55 - FewShotSeg - INFO - Epoch: 6, Iteration: 39, Training Loss: 0.0023, Mean IoU: 0.9336, Mean Accuracy: 0.9938, per Category IOU: [0.99956028 0.86766917]
2024-11-28 14:01:59 - FewShotSeg - INFO - Epoch : 6, Validation Results - Loss: 0.0036, Mean IoU: 0.9745, Mean Accuracy: 0.9911, per Category IOU: [0.99963301 0.5145255 ]
2024-11-28 14:01:59 - FewShotSeg - INFO - Epoch: 7
2024-11-28 14:01:59 - FewShotSeg - INFO - Epoch: 7, Iteration: 0, Training Loss: 0.0023, Mean IoU: 0.9380, Mean Accuracy: 0.9941, per Category IOU: [0.99953761 0.87641951]
2024-11-28 14:01:59 - FewShotSeg - INFO - Epoch: 7, Iteration: 1, Training Loss: 0.0036, Mean IoU: 0.9250, Mean Accuracy: 0.9873, per Category IOU: [0.99946776 0.85052632]
2024-11-28 14:01:59 - FewShotSeg - INFO - Epoch: 7, Iteration: 2, Training Loss: 0.0027, Mean IoU: 0.9389, Mean Accuracy: 0.9972, per Category IOU: [0.99937437 0.87852284]
2024-11-28 14:02:00 - FewShotSeg - INFO - Epoch: 7, Iteration: 3, Training Loss: 0.0018, Mean IoU: 0.9411, Mean Accuracy: 0.9953, per Category IOU: [0.99959519 0.8826937 ]
2024-11-28 14:02:00 - FewShotSeg - INFO - Epoch: 7, Iteration: 4, Training Loss: 0.0028, Mean IoU: 0.9366, Mean Accuracy: 0.9967, per Category IOU: [0.99939711 0.87382199]
2024-11-28 14:02:00 - FewShotSeg - INFO - Epoch: 7, Iteration: 5, Training Loss: 0.0035, Mean IoU: 0.9552, Mean Accuracy: 0.9935, per Category IOU: [0.99938077 0.9109589 ]
2024-11-28 14:02:00 - FewShotSeg - INFO - Epoch: 7, Iteration: 6, Training Loss: 0.0029, Mean IoU: 0.9297, Mean Accuracy: 0.9926, per Category IOU: [0.99941245 0.85995232]
2024-11-28 14:02:00 - FewShotSeg - INFO - Epoch: 7, Iteration: 7, Training Loss: 0.0024, Mean IoU: 0.9353, Mean Accuracy: 0.9956, per Category IOU: [0.99956776 0.87108793]
2024-11-28 14:02:00 - FewShotSeg - INFO - Epoch: 7, Iteration: 8, Training Loss: 0.0028, Mean IoU: 0.9569, Mean Accuracy: 0.9934, per Category IOU: [0.99949406 0.91422505]
2024-11-28 14:02:01 - FewShotSeg - INFO - Epoch: 7, Iteration: 9, Training Loss: 0.0025, Mean IoU: 0.9309, Mean Accuracy: 0.9913, per Category IOU: [0.99960792 0.8622807 ]
2024-11-28 14:02:01 - FewShotSeg - INFO - Epoch: 7, Iteration: 10, Training Loss: 0.0019, Mean IoU: 0.9443, Mean Accuracy: 0.9950, per Category IOU: [0.99964775 0.88897638]
2024-11-28 14:02:01 - FewShotSeg - INFO - Epoch: 7, Iteration: 11, Training Loss: 0.0019, Mean IoU: 0.9574, Mean Accuracy: 0.9949, per Category IOU: [0.99965493 0.91512915]
2024-11-28 14:02:01 - FewShotSeg - INFO - Epoch: 7, Iteration: 12, Training Loss: 0.0024, Mean IoU: 0.9321, Mean Accuracy: 0.9960, per Category IOU: [0.99947759 0.86472492]
2024-11-28 14:02:01 - FewShotSeg - INFO - Epoch: 7, Iteration: 13, Training Loss: 0.0022, Mean IoU: 0.9269, Mean Accuracy: 0.9983, per Category IOU: [0.99940753 0.85433313]
2024-11-28 14:02:01 - FewShotSeg - INFO - Epoch: 7, Iteration: 14, Training Loss: 0.0035, Mean IoU: 0.9413, Mean Accuracy: 0.9868, per Category IOU: [0.99935412 0.88315217]
2024-11-28 14:02:01 - FewShotSeg - INFO - Epoch: 7, Iteration: 15, Training Loss: 0.0028, Mean IoU: 0.9374, Mean Accuracy: 0.9892, per Category IOU: [0.99957272 0.87527352]
2024-11-28 14:02:02 - FewShotSeg - INFO - Epoch: 7, Iteration: 16, Training Loss: 0.0020, Mean IoU: 0.9502, Mean Accuracy: 0.9971, per Category IOU: [0.99954472 0.90087146]
2024-11-28 14:02:02 - FewShotSeg - INFO - Epoch: 7, Iteration: 17, Training Loss: 0.0030, Mean IoU: 0.9263, Mean Accuracy: 0.9909, per Category IOU: [0.99950031 0.85315712]
2024-11-28 14:02:02 - FewShotSeg - INFO - Epoch: 7, Iteration: 18, Training Loss: 0.0022, Mean IoU: 0.9350, Mean Accuracy: 0.9977, per Category IOU: [0.99944739 0.87045721]
2024-11-28 14:02:02 - FewShotSeg - INFO - Epoch: 7, Iteration: 19, Training Loss: 0.0030, Mean IoU: 0.9312, Mean Accuracy: 0.9910, per Category IOU: [0.99955783 0.8627907 ]
2024-11-28 14:02:02 - FewShotSeg - INFO - Epoch: 7, Iteration: 20, Training Loss: 0.0029, Mean IoU: 0.9273, Mean Accuracy: 0.9917, per Category IOU: [0.99951281 0.85501859]
2024-11-28 14:02:02 - FewShotSeg - INFO - Epoch: 7, Iteration: 21, Training Loss: 0.0029, Mean IoU: 0.9476, Mean Accuracy: 0.9964, per Category IOU: [0.99933354 0.89580885]
2024-11-28 14:02:03 - FewShotSeg - INFO - Epoch: 7, Iteration: 22, Training Loss: 0.0036, Mean IoU: 0.9387, Mean Accuracy: 0.9881, per Category IOU: [0.99940455 0.87794872]
2024-11-28 14:02:03 - FewShotSeg - INFO - Epoch: 7, Iteration: 23, Training Loss: 0.0034, Mean IoU: 0.9167, Mean Accuracy: 0.9892, per Category IOU: [0.99937774 0.83411059]
2024-11-28 14:02:03 - FewShotSeg - INFO - Epoch: 7, Iteration: 24, Training Loss: 0.0031, Mean IoU: 0.9336, Mean Accuracy: 0.9969, per Category IOU: [0.99931181 0.86791547]
2024-11-28 14:02:03 - FewShotSeg - INFO - Epoch: 7, Iteration: 25, Training Loss: 0.0027, Mean IoU: 0.9270, Mean Accuracy: 0.9931, per Category IOU: [0.99936235 0.85461802]
2024-11-28 14:02:03 - FewShotSeg - INFO - Epoch: 7, Iteration: 26, Training Loss: 0.0022, Mean IoU: 0.9389, Mean Accuracy: 0.9957, per Category IOU: [0.99948741 0.87826603]
2024-11-28 14:02:03 - FewShotSeg - INFO - Epoch: 7, Iteration: 27, Training Loss: 0.0022, Mean IoU: 0.9394, Mean Accuracy: 0.9936, per Category IOU: [0.99958771 0.87912088]
2024-11-28 14:02:04 - FewShotSeg - INFO - Epoch: 7, Iteration: 28, Training Loss: 0.0035, Mean IoU: 0.9116, Mean Accuracy: 0.9850, per Category IOU: [0.99940293 0.82374631]
2024-11-28 14:02:04 - FewShotSeg - INFO - Epoch: 7, Iteration: 29, Training Loss: 0.0021, Mean IoU: 0.9397, Mean Accuracy: 0.9978, per Category IOU: [0.99947985 0.87997692]
2024-11-28 14:02:04 - FewShotSeg - INFO - Epoch: 7, Iteration: 30, Training Loss: 0.0028, Mean IoU: 0.9336, Mean Accuracy: 0.9883, per Category IOU: [0.99959535 0.86753884]
2024-11-28 14:02:04 - FewShotSeg - INFO - Epoch: 7, Iteration: 31, Training Loss: 0.0024, Mean IoU: 0.9195, Mean Accuracy: 0.9977, per Category IOU: [0.99941276 0.83959044]
2024-11-28 14:02:04 - FewShotSeg - INFO - Epoch: 7, Iteration: 32, Training Loss: 0.0034, Mean IoU: 0.9145, Mean Accuracy: 0.9956, per Category IOU: [0.99924739 0.82965478]
2024-11-28 14:02:04 - FewShotSeg - INFO - Epoch: 7, Iteration: 33, Training Loss: 0.0030, Mean IoU: 0.9267, Mean Accuracy: 0.9857, per Category IOU: [0.99954289 0.85395052]
2024-11-28 14:02:05 - FewShotSeg - INFO - Epoch: 7, Iteration: 34, Training Loss: 0.0035, Mean IoU: 0.9363, Mean Accuracy: 0.9873, per Category IOU: [0.99950506 0.87307692]
2024-11-28 14:02:05 - FewShotSeg - INFO - Epoch: 7, Iteration: 35, Training Loss: 0.0030, Mean IoU: 0.8995, Mean Accuracy: 0.9980, per Category IOU: [0.99924287 0.79973562]
2024-11-28 14:02:05 - FewShotSeg - INFO - Epoch: 7, Iteration: 36, Training Loss: 0.0031, Mean IoU: 0.9165, Mean Accuracy: 0.9961, per Category IOU: [0.99929499 0.83372642]
2024-11-28 14:02:05 - FewShotSeg - INFO - Epoch: 7, Iteration: 37, Training Loss: 0.0034, Mean IoU: 0.9194, Mean Accuracy: 0.9977, per Category IOU: [0.99910647 0.83962264]
2024-11-28 14:02:05 - FewShotSeg - INFO - Epoch: 7, Iteration: 38, Training Loss: 0.0023, Mean IoU: 0.9495, Mean Accuracy: 0.9955, per Category IOU: [0.99951963 0.89952904]
2024-11-28 14:02:05 - FewShotSeg - INFO - Epoch: 7, Iteration: 39, Training Loss: 0.0019, Mean IoU: 0.9496, Mean Accuracy: 0.9960, per Category IOU: [0.9995573  0.89971671]
2024-11-28 14:03:10 - FewShotSeg - INFO - Epoch : 7, Validation Results - Loss: 0.0035, Mean IoU: 0.9748, Mean Accuracy: 0.9911, per Category IOU: [0.99963853 0.51521177]
2024-11-28 14:03:11 - FewShotSeg - INFO - Model saved!
2024-11-28 14:03:11 - FewShotSeg - INFO - Epoch: 8
2024-11-28 14:03:11 - FewShotSeg - INFO - Epoch: 8, Iteration: 0, Training Loss: 0.0034, Mean IoU: 0.9364, Mean Accuracy: 0.9884, per Category IOU: [0.99938958 0.87337831]
2024-11-28 14:03:11 - FewShotSeg - INFO - Epoch: 8, Iteration: 1, Training Loss: 0.0025, Mean IoU: 0.9348, Mean Accuracy: 0.9940, per Category IOU: [0.99945242 0.87018376]
2024-11-28 14:03:11 - FewShotSeg - INFO - Epoch: 8, Iteration: 2, Training Loss: 0.0027, Mean IoU: 0.9316, Mean Accuracy: 0.9908, per Category IOU: [0.99961291 0.86367634]
2024-11-28 14:03:11 - FewShotSeg - INFO - Epoch: 8, Iteration: 3, Training Loss: 0.0016, Mean IoU: 0.9490, Mean Accuracy: 0.9924, per Category IOU: [0.99968273 0.8984    ]
2024-11-28 14:03:12 - FewShotSeg - INFO - Epoch: 8, Iteration: 4, Training Loss: 0.0030, Mean IoU: 0.9317, Mean Accuracy: 0.9835, per Category IOU: [0.99958036 0.86374696]
2024-11-28 14:03:12 - FewShotSeg - INFO - Epoch: 8, Iteration: 5, Training Loss: 0.0028, Mean IoU: 0.9310, Mean Accuracy: 0.9908, per Category IOU: [0.9995428  0.86250939]
2024-11-28 14:03:12 - FewShotSeg - INFO - Epoch: 8, Iteration: 6, Training Loss: 0.0035, Mean IoU: 0.9562, Mean Accuracy: 0.9906, per Category IOU: [0.99951676 0.91282746]
2024-11-28 14:03:12 - FewShotSeg - INFO - Epoch: 8, Iteration: 7, Training Loss: 0.0028, Mean IoU: 0.9279, Mean Accuracy: 0.9931, per Category IOU: [0.99944261 0.85631443]
2024-11-28 14:03:12 - FewShotSeg - INFO - Epoch: 8, Iteration: 8, Training Loss: 0.0023, Mean IoU: 0.9503, Mean Accuracy: 0.9962, per Category IOU: [0.99954472 0.90103317]
2024-11-28 14:03:12 - FewShotSeg - INFO - Epoch: 8, Iteration: 9, Training Loss: 0.0024, Mean IoU: 0.9557, Mean Accuracy: 0.9939, per Category IOU: [0.99947399 0.91202346]
2024-11-28 14:03:13 - FewShotSeg - INFO - Epoch: 8, Iteration: 10, Training Loss: 0.0033, Mean IoU: 0.9420, Mean Accuracy: 0.9895, per Category IOU: [0.99940941 0.88459658]
2024-11-28 14:03:13 - FewShotSeg - INFO - Epoch: 8, Iteration: 11, Training Loss: 0.0022, Mean IoU: 0.9409, Mean Accuracy: 0.9951, per Category IOU: [0.99957765 0.88214784]
2024-11-28 14:03:13 - FewShotSeg - INFO - Epoch: 8, Iteration: 12, Training Loss: 0.0024, Mean IoU: 0.9290, Mean Accuracy: 0.9948, per Category IOU: [0.99946765 0.85856574]
2024-11-28 14:03:13 - FewShotSeg - INFO - Epoch: 8, Iteration: 13, Training Loss: 0.0023, Mean IoU: 0.9517, Mean Accuracy: 0.9944, per Category IOU: [0.99958484 0.90387956]
2024-11-28 14:03:13 - FewShotSeg - INFO - Epoch: 8, Iteration: 14, Training Loss: 0.0019, Mean IoU: 0.9469, Mean Accuracy: 0.9954, per Category IOU: [0.99963265 0.8942446 ]
2024-11-28 14:03:13 - FewShotSeg - INFO - Epoch: 8, Iteration: 15, Training Loss: 0.0025, Mean IoU: 0.9292, Mean Accuracy: 0.9940, per Category IOU: [0.99954033 0.85889571]
2024-11-28 14:03:14 - FewShotSeg - INFO - Epoch: 8, Iteration: 16, Training Loss: 0.0022, Mean IoU: 0.9456, Mean Accuracy: 0.9910, per Category IOU: [0.9995223  0.89166194]
2024-11-28 14:03:14 - FewShotSeg - INFO - Epoch: 8, Iteration: 17, Training Loss: 0.0030, Mean IoU: 0.9356, Mean Accuracy: 0.9961, per Category IOU: [0.99944486 0.87182448]
2024-11-28 14:03:14 - FewShotSeg - INFO - Epoch: 8, Iteration: 18, Training Loss: 0.0026, Mean IoU: 0.9446, Mean Accuracy: 0.9966, per Category IOU: [0.99946206 0.88974359]
2024-11-28 14:03:14 - FewShotSeg - INFO - Epoch: 8, Iteration: 19, Training Loss: 0.0036, Mean IoU: 0.9234, Mean Accuracy: 0.9956, per Category IOU: [0.99923192 0.84764268]
2024-11-28 14:03:14 - FewShotSeg - INFO - Epoch: 8, Iteration: 20, Training Loss: 0.0020, Mean IoU: 0.9524, Mean Accuracy: 0.9881, per Category IOU: [0.99968516 0.90504898]
2024-11-28 14:03:14 - FewShotSeg - INFO - Epoch: 8, Iteration: 21, Training Loss: 0.0024, Mean IoU: 0.9344, Mean Accuracy: 0.9964, per Category IOU: [0.99949759 0.86931079]
2024-11-28 14:03:15 - FewShotSeg - INFO - Epoch: 8, Iteration: 22, Training Loss: 0.0033, Mean IoU: 0.9139, Mean Accuracy: 0.9965, per Category IOU: [0.99924992 0.82847341]
2024-11-28 14:03:15 - FewShotSeg - INFO - Epoch: 8, Iteration: 23, Training Loss: 0.0031, Mean IoU: 0.9317, Mean Accuracy: 0.9954, per Category IOU: [0.99940987 0.8638985 ]
2024-11-28 14:03:15 - FewShotSeg - INFO - Epoch: 8, Iteration: 24, Training Loss: 0.0024, Mean IoU: 0.9264, Mean Accuracy: 0.9959, per Category IOU: [0.99939249 0.85343788]
2024-11-28 14:03:15 - FewShotSeg - INFO - Epoch: 8, Iteration: 25, Training Loss: 0.0029, Mean IoU: 0.9087, Mean Accuracy: 0.9931, per Category IOU: [0.99941803 0.81796875]
2024-11-28 14:03:15 - FewShotSeg - INFO - Epoch: 8, Iteration: 26, Training Loss: 0.0038, Mean IoU: 0.9175, Mean Accuracy: 0.9829, per Category IOU: [0.99938023 0.83554377]
2024-11-28 14:03:15 - FewShotSeg - INFO - Epoch: 8, Iteration: 27, Training Loss: 0.0030, Mean IoU: 0.9276, Mean Accuracy: 0.9814, per Category IOU: [0.99952533 0.8556231 ]
2024-11-28 14:03:16 - FewShotSeg - INFO - Epoch: 8, Iteration: 28, Training Loss: 0.0026, Mean IoU: 0.9293, Mean Accuracy: 0.9940, per Category IOU: [0.99954534 0.85902401]
2024-11-28 14:03:16 - FewShotSeg - INFO - Epoch: 8, Iteration: 29, Training Loss: 0.0025, Mean IoU: 0.9384, Mean Accuracy: 0.9976, per Category IOU: [0.99933669 0.87754159]
2024-11-28 14:03:16 - FewShotSeg - INFO - Epoch: 8, Iteration: 30, Training Loss: 0.0021, Mean IoU: 0.9439, Mean Accuracy: 0.9980, per Category IOU: [0.99956503 0.88824663]
2024-11-28 14:03:16 - FewShotSeg - INFO - Epoch: 8, Iteration: 31, Training Loss: 0.0014, Mean IoU: 0.9607, Mean Accuracy: 0.9957, per Category IOU: [0.99974764 0.92164469]
2024-11-28 14:03:16 - FewShotSeg - INFO - Epoch: 8, Iteration: 32, Training Loss: 0.0028, Mean IoU: 0.9455, Mean Accuracy: 0.9946, per Category IOU: [0.99931606 0.89175258]
2024-11-28 14:03:16 - FewShotSeg - INFO - Epoch: 8, Iteration: 33, Training Loss: 0.0032, Mean IoU: 0.9367, Mean Accuracy: 0.9842, per Category IOU: [0.99962034 0.87375415]
2024-11-28 14:03:16 - FewShotSeg - INFO - Epoch: 8, Iteration: 34, Training Loss: 0.0028, Mean IoU: 0.9355, Mean Accuracy: 0.9933, per Category IOU: [0.99946745 0.87153197]
2024-11-28 14:03:17 - FewShotSeg - INFO - Epoch: 8, Iteration: 35, Training Loss: 0.0025, Mean IoU: 0.9424, Mean Accuracy: 0.9972, per Category IOU: [0.99943703 0.88543788]
2024-11-28 14:03:17 - FewShotSeg - INFO - Epoch: 8, Iteration: 36, Training Loss: 0.0035, Mean IoU: 0.9248, Mean Accuracy: 0.9891, per Category IOU: [0.99939004 0.85021486]
2024-11-28 14:03:17 - FewShotSeg - INFO - Epoch: 8, Iteration: 37, Training Loss: 0.0026, Mean IoU: 0.9282, Mean Accuracy: 0.9949, per Category IOU: [0.99948522 0.85694444]
2024-11-28 14:03:17 - FewShotSeg - INFO - Epoch: 8, Iteration: 38, Training Loss: 0.0022, Mean IoU: 0.9616, Mean Accuracy: 0.9941, per Category IOU: [0.99954913 0.92366412]
2024-11-28 14:03:17 - FewShotSeg - INFO - Epoch: 8, Iteration: 39, Training Loss: 0.0023, Mean IoU: 0.9390, Mean Accuracy: 0.9959, per Category IOU: [0.99941709 0.8785826 ]
2024-11-28 14:04:22 - FewShotSeg - INFO - Epoch : 8, Validation Results - Loss: 0.0034, Mean IoU: 0.9746, Mean Accuracy: 0.9915, per Category IOU: [0.99963458 0.51480476]
2024-11-28 14:04:22 - FewShotSeg - INFO - Epoch: 9
2024-11-28 14:04:23 - FewShotSeg - INFO - Epoch: 9, Iteration: 0, Training Loss: 0.0025, Mean IoU: 0.9362, Mean Accuracy: 0.9941, per Category IOU: [0.99941973 0.87294633]
2024-11-28 14:04:23 - FewShotSeg - INFO - Epoch: 9, Iteration: 1, Training Loss: 0.0032, Mean IoU: 0.9275, Mean Accuracy: 0.9950, per Category IOU: [0.99937739 0.85565217]
2024-11-28 14:04:23 - FewShotSeg - INFO - Epoch: 9, Iteration: 2, Training Loss: 0.0024, Mean IoU: 0.9307, Mean Accuracy: 0.9964, per Category IOU: [0.99946509 0.8620245 ]
2024-11-28 14:04:23 - FewShotSeg - INFO - Epoch: 9, Iteration: 3, Training Loss: 0.0038, Mean IoU: 0.9156, Mean Accuracy: 0.9927, per Category IOU: [0.99936273 0.8317942 ]
2024-11-28 14:04:23 - FewShotSeg - INFO - Epoch: 9, Iteration: 4, Training Loss: 0.0036, Mean IoU: 0.9325, Mean Accuracy: 0.9919, per Category IOU: [0.99938724 0.86567982]
2024-11-28 14:04:23 - FewShotSeg - INFO - Epoch: 9, Iteration: 5, Training Loss: 0.0030, Mean IoU: 0.9242, Mean Accuracy: 0.9929, per Category IOU: [0.99938755 0.84904498]
2024-11-28 14:04:24 - FewShotSeg - INFO - Epoch: 9, Iteration: 6, Training Loss: 0.0021, Mean IoU: 0.9375, Mean Accuracy: 0.9974, per Category IOU: [0.9994724  0.87551622]
2024-11-28 14:04:24 - FewShotSeg - INFO - Epoch: 9, Iteration: 7, Training Loss: 0.0027, Mean IoU: 0.9527, Mean Accuracy: 0.9936, per Category IOU: [0.99941628 0.9059346 ]
2024-11-28 14:04:24 - FewShotSeg - INFO - Epoch: 9, Iteration: 8, Training Loss: 0.0019, Mean IoU: 0.9485, Mean Accuracy: 0.9957, per Category IOU: [0.99962509 0.89740082]
2024-11-28 14:04:24 - FewShotSeg - INFO - Epoch: 9, Iteration: 9, Training Loss: 0.0025, Mean IoU: 0.9438, Mean Accuracy: 0.9922, per Category IOU: [0.99961267 0.88800578]
2024-11-28 14:04:24 - FewShotSeg - INFO - Epoch: 9, Iteration: 10, Training Loss: 0.0022, Mean IoU: 0.9441, Mean Accuracy: 0.9976, per Category IOU: [0.9994847  0.88864865]
2024-11-28 14:04:24 - FewShotSeg - INFO - Epoch: 9, Iteration: 11, Training Loss: 0.0023, Mean IoU: 0.9263, Mean Accuracy: 0.9929, per Category IOU: [0.99950281 0.85313653]
2024-11-28 14:04:25 - FewShotSeg - INFO - Epoch: 9, Iteration: 12, Training Loss: 0.0031, Mean IoU: 0.9406, Mean Accuracy: 0.9856, per Category IOU: [0.99949488 0.88166374]
2024-11-28 14:04:25 - FewShotSeg - INFO - Epoch: 9, Iteration: 13, Training Loss: 0.0029, Mean IoU: 0.9392, Mean Accuracy: 0.9941, per Category IOU: [0.99945727 0.87890625]
2024-11-28 14:04:25 - FewShotSeg - INFO - Epoch: 9, Iteration: 14, Training Loss: 0.0032, Mean IoU: 0.9203, Mean Accuracy: 0.9959, per Category IOU: [0.99931743 0.84127907]
2024-11-28 14:04:25 - FewShotSeg - INFO - Epoch: 9, Iteration: 15, Training Loss: 0.0017, Mean IoU: 0.9422, Mean Accuracy: 0.9982, per Category IOU: [0.99960268 0.88486604]
2024-11-28 14:04:25 - FewShotSeg - INFO - Epoch: 9, Iteration: 16, Training Loss: 0.0029, Mean IoU: 0.9354, Mean Accuracy: 0.9961, per Category IOU: [0.99944236 0.87132141]
2024-11-28 14:04:25 - FewShotSeg - INFO - Epoch: 9, Iteration: 17, Training Loss: 0.0023, Mean IoU: 0.9514, Mean Accuracy: 0.9935, per Category IOU: [0.99958234 0.90318841]
2024-11-28 14:04:26 - FewShotSeg - INFO - Epoch: 9, Iteration: 18, Training Loss: 0.0035, Mean IoU: 0.9173, Mean Accuracy: 0.9840, per Category IOU: [0.99937773 0.83531746]
2024-11-28 14:04:26 - FewShotSeg - INFO - Epoch: 9, Iteration: 19, Training Loss: 0.0030, Mean IoU: 0.9122, Mean Accuracy: 0.9955, per Category IOU: [0.99937285 0.82508711]
2024-11-28 14:04:26 - FewShotSeg - INFO - Epoch: 9, Iteration: 20, Training Loss: 0.0026, Mean IoU: 0.9107, Mean Accuracy: 0.9917, per Category IOU: [0.99943551 0.82204724]
2024-11-28 14:04:26 - FewShotSeg - INFO - Epoch: 9, Iteration: 21, Training Loss: 0.0033, Mean IoU: 0.9687, Mean Accuracy: 0.9914, per Category IOU: [0.99950809 0.93795505]
2024-11-28 14:04:26 - FewShotSeg - INFO - Epoch: 9, Iteration: 22, Training Loss: 0.0036, Mean IoU: 0.9247, Mean Accuracy: 0.9799, per Category IOU: [0.9995955  0.84972171]
2024-11-28 14:04:26 - FewShotSeg - INFO - Epoch: 9, Iteration: 23, Training Loss: 0.0022, Mean IoU: 0.9453, Mean Accuracy: 0.9971, per Category IOU: [0.99954742 0.89109507]
2024-11-28 14:04:26 - FewShotSeg - INFO - Epoch: 9, Iteration: 24, Training Loss: 0.0021, Mean IoU: 0.9400, Mean Accuracy: 0.9955, per Category IOU: [0.99957015 0.88038943]
2024-11-28 14:04:27 - FewShotSeg - INFO - Epoch: 9, Iteration: 25, Training Loss: 0.0023, Mean IoU: 0.9404, Mean Accuracy: 0.9966, per Category IOU: [0.99952249 0.88136646]
2024-11-28 14:04:27 - FewShotSeg - INFO - Epoch: 9, Iteration: 26, Training Loss: 0.0023, Mean IoU: 0.9303, Mean Accuracy: 0.9911, per Category IOU: [0.99947514 0.86111111]
2024-11-28 14:04:27 - FewShotSeg - INFO - Epoch: 9, Iteration: 27, Training Loss: 0.0017, Mean IoU: 0.9422, Mean Accuracy: 0.9982, per Category IOU: [0.99960268 0.88486604]
2024-11-28 14:04:27 - FewShotSeg - INFO - Epoch: 9, Iteration: 28, Training Loss: 0.0016, Mean IoU: 0.9368, Mean Accuracy: 0.9982, per Category IOU: [0.9995602  0.87410587]
2024-11-28 14:04:27 - FewShotSeg - INFO - Epoch: 9, Iteration: 29, Training Loss: 0.0028, Mean IoU: 0.9273, Mean Accuracy: 0.9958, per Category IOU: [0.99941253 0.85520641]
2024-11-28 14:04:27 - FewShotSeg - INFO - Epoch: 9, Iteration: 30, Training Loss: 0.0028, Mean IoU: 0.9189, Mean Accuracy: 0.9829, per Category IOU: [0.99951799 0.83835846]
2024-11-28 14:04:28 - FewShotSeg - INFO - Epoch: 9, Iteration: 31, Training Loss: 0.0026, Mean IoU: 0.9540, Mean Accuracy: 0.9941, per Category IOU: [0.99945145 0.9085595 ]
2024-11-28 14:04:28 - FewShotSeg - INFO - Epoch: 9, Iteration: 32, Training Loss: 0.0027, Mean IoU: 0.9382, Mean Accuracy: 0.9908, per Category IOU: [0.99957772 0.87673231]
2024-11-28 14:04:28 - FewShotSeg - INFO - Epoch: 9, Iteration: 33, Training Loss: 0.0030, Mean IoU: 0.9051, Mean Accuracy: 0.9970, per Category IOU: [0.99923769 0.81091135]
2024-11-28 14:04:28 - FewShotSeg - INFO - Epoch: 9, Iteration: 34, Training Loss: 0.0030, Mean IoU: 0.9347, Mean Accuracy: 0.9960, per Category IOU: [0.99939468 0.87010199]
2024-11-28 14:04:28 - FewShotSeg - INFO - Epoch: 9, Iteration: 35, Training Loss: 0.0025, Mean IoU: 0.9466, Mean Accuracy: 0.9886, per Category IOU: [0.99953482 0.89371429]
2024-11-28 14:04:28 - FewShotSeg - INFO - Epoch: 9, Iteration: 36, Training Loss: 0.0027, Mean IoU: 0.9324, Mean Accuracy: 0.9954, per Category IOU: [0.99933198 0.86549118]
2024-11-28 14:04:29 - FewShotSeg - INFO - Epoch: 9, Iteration: 37, Training Loss: 0.0024, Mean IoU: 0.9290, Mean Accuracy: 0.9907, per Category IOU: [0.99951027 0.85858586]
2024-11-28 14:04:29 - FewShotSeg - INFO - Epoch: 9, Iteration: 38, Training Loss: 0.0021, Mean IoU: 0.9523, Mean Accuracy: 0.9959, per Category IOU: [0.99952955 0.90514632]
2024-11-28 14:04:29 - FewShotSeg - INFO - Epoch: 9, Iteration: 39, Training Loss: 0.0020, Mean IoU: 0.9527, Mean Accuracy: 0.9971, per Category IOU: [0.99956974 0.90580504]
