2024-11-28 11:10:51 - FewShotSeg - INFO - Config Options:
{
    "_VERSION": "202",
    "_EPOCHS": 50,
    "_N_SHOTS": 2,
    "_N_INSTANCE": 1,
    "_MODEL_SAVE": true,
    "_MODEL_VERSION": "nvidia/mit-b5",
    "_MODEL_VERSION_SAVE": "mit-b5",
    "_BATCH_SIZE": 2,
    "_DEVICE": "cuda:1"
}
2024-11-28 11:10:57 - FewShotSeg - INFO - Epoch: 0
2024-11-28 11:10:58 - FewShotSeg - INFO - Epoch: 0, Iteration: 0, Training Loss: 0.6616, Mean IoU: 0.3438, Mean Accuracy: 0.3562, per Category IOU: [6.87400967e-01 2.23109347e-04]
2024-11-28 11:10:58 - FewShotSeg - INFO - Epoch: 0, Iteration: 1, Training Loss: 0.5510, Mean IoU: 0.4866, Mean Accuracy: 0.4965, per Category IOU: [0.96964608 0.00351709]
2024-11-28 11:10:59 - FewShotSeg - INFO - Epoch: 0, Iteration: 2, Training Loss: 0.4379, Mean IoU: 0.4974, Mean Accuracy: 0.4987, per Category IOU: [0.99489796 0.        ]
2024-11-28 11:10:59 - FewShotSeg - INFO - Epoch: 0, Iteration: 3, Training Loss: 0.3831, Mean IoU: 0.4980, Mean Accuracy: 0.4999, per Category IOU: [0.99602649 0.        ]
2024-11-28 11:11:47 - FewShotSeg - INFO - Epoch : 0, Validation Results - Loss: 0.3301, Mean IoU: 0.5362, Mean Accuracy: 0.7176, per Category IOU: [9.95664159e-01 7.08465967e-04]
2024-11-28 11:11:47 - FewShotSeg - INFO - Model saved!
2024-11-28 11:11:47 - FewShotSeg - INFO - Epoch: 1
2024-11-28 11:11:48 - FewShotSeg - INFO - Epoch: 1, Iteration: 0, Training Loss: 0.3213, Mean IoU: 0.4967, Mean Accuracy: 0.4998, per Category IOU: [0.99349041 0.        ]
2024-11-28 11:11:48 - FewShotSeg - INFO - Epoch: 1, Iteration: 1, Training Loss: 0.2602, Mean IoU: 0.4984, Mean Accuracy: 0.5000, per Category IOU: [0.99672403 0.        ]
2024-11-28 11:11:48 - FewShotSeg - INFO - Epoch: 1, Iteration: 2, Training Loss: 0.2360, Mean IoU: 0.4986, Mean Accuracy: 0.5000, per Category IOU: [0.99712761 0.        ]
2024-11-28 11:11:48 - FewShotSeg - INFO - Epoch: 1, Iteration: 3, Training Loss: 0.2220, Mean IoU: 0.4985, Mean Accuracy: 0.5000, per Category IOU: [0.99691835 0.        ]
2024-11-28 11:12:37 - FewShotSeg - INFO - Epoch : 1, Validation Results - Loss: 0.2010, Mean IoU: 0.6529, Mean Accuracy: 0.7174, per Category IOU: [9.95936572e-01 3.09782609e-07]
2024-11-28 11:12:37 - FewShotSeg - INFO - Model saved!
2024-11-28 11:12:37 - FewShotSeg - INFO - Epoch: 2
2024-11-28 11:12:38 - FewShotSeg - INFO - Epoch: 2, Iteration: 0, Training Loss: 0.1831, Mean IoU: 0.4971, Mean Accuracy: 0.5000, per Category IOU: [0.99426519 0.        ]
2024-11-28 11:12:38 - FewShotSeg - INFO - Epoch: 2, Iteration: 1, Training Loss: 0.1697, Mean IoU: 0.4982, Mean Accuracy: 0.5000, per Category IOU: [0.99636779 0.        ]
2024-11-28 11:12:38 - FewShotSeg - INFO - Epoch: 2, Iteration: 2, Training Loss: 0.1410, Mean IoU: 0.4985, Mean Accuracy: 0.5000, per Category IOU: [0.99692333 0.        ]
2024-11-28 11:12:39 - FewShotSeg - INFO - Epoch: 2, Iteration: 3, Training Loss: 0.1492, Mean IoU: 0.4986, Mean Accuracy: 0.5000, per Category IOU: [0.99712263 0.        ]
2024-11-28 11:13:27 - FewShotSeg - INFO - Epoch : 2, Validation Results - Loss: 0.1552, Mean IoU: 0.6936, Mean Accuracy: 0.7174, per Category IOU: [9.95955067e-01 3.91304348e-07]
2024-11-28 11:13:28 - FewShotSeg - INFO - Model saved!
2024-11-28 11:13:28 - FewShotSeg - INFO - Epoch: 3
2024-11-28 11:13:28 - FewShotSeg - INFO - Epoch: 3, Iteration: 0, Training Loss: 0.1112, Mean IoU: 0.4988, Mean Accuracy: 0.5000, per Category IOU: [0.99750877 0.        ]
2024-11-28 11:13:28 - FewShotSeg - INFO - Epoch: 3, Iteration: 1, Training Loss: 0.1289, Mean IoU: 0.4982, Mean Accuracy: 0.5000, per Category IOU: [0.99636779 0.        ]
2024-11-28 11:13:28 - FewShotSeg - INFO - Epoch: 3, Iteration: 2, Training Loss: 0.1334, Mean IoU: 0.4971, Mean Accuracy: 0.5000, per Category IOU: [0.99426519 0.        ]
2024-11-28 11:13:29 - FewShotSeg - INFO - Epoch: 3, Iteration: 3, Training Loss: 0.1120, Mean IoU: 0.4983, Mean Accuracy: 0.5000, per Category IOU: [0.99653719 0.        ]
2024-11-28 11:14:17 - FewShotSeg - INFO - Epoch : 3, Validation Results - Loss: 0.1321, Mean IoU: 0.7072, Mean Accuracy: 0.7174, per Category IOU: [9.95958750e-01 4.18478261e-07]
2024-11-28 11:14:17 - FewShotSeg - INFO - Model saved!
2024-11-28 11:14:17 - FewShotSeg - INFO - Epoch: 4
2024-11-28 11:14:18 - FewShotSeg - INFO - Epoch: 4, Iteration: 0, Training Loss: 0.1071, Mean IoU: 0.4982, Mean Accuracy: 0.5000, per Category IOU: [0.99636779 0.        ]
2024-11-28 11:14:18 - FewShotSeg - INFO - Epoch: 4, Iteration: 1, Training Loss: 0.0695, Mean IoU: 0.4986, Mean Accuracy: 0.5000, per Category IOU: [0.99712761 0.        ]
2024-11-28 11:14:18 - FewShotSeg - INFO - Epoch: 4, Iteration: 2, Training Loss: 0.1148, Mean IoU: 0.5129, Mean Accuracy: 0.5156, per Category IOU: [0.99444356 0.03127715]
2024-11-28 11:14:19 - FewShotSeg - INFO - Epoch: 4, Iteration: 3, Training Loss: 0.0868, Mean IoU: 0.4985, Mean Accuracy: 0.5000, per Category IOU: [0.99691835 0.        ]
2024-11-28 11:15:07 - FewShotSeg - INFO - Epoch : 4, Validation Results - Loss: 0.1100, Mean IoU: 0.7108, Mean Accuracy: 0.7182, per Category IOU: [0.99597197 0.00161901]
2024-11-28 11:15:07 - FewShotSeg - INFO - Model saved!
2024-11-28 11:15:07 - FewShotSeg - INFO - Epoch: 5
2024-11-28 11:15:08 - FewShotSeg - INFO - Epoch: 5, Iteration: 0, Training Loss: 0.0833, Mean IoU: 0.5034, Mean Accuracy: 0.5049, per Category IOU: [0.99700047 0.00986842]
2024-11-28 11:15:08 - FewShotSeg - INFO - Epoch: 5, Iteration: 1, Training Loss: 0.0911, Mean IoU: 0.5811, Mean Accuracy: 0.5832, per Category IOU: [0.99591354 0.16632757]
2024-11-28 11:15:08 - FewShotSeg - INFO - Epoch: 5, Iteration: 2, Training Loss: 0.0566, Mean IoU: 0.8071, Mean Accuracy: 0.8079, per Category IOU: [0.99843408 0.61580882]
2024-11-28 11:15:09 - FewShotSeg - INFO - Epoch: 5, Iteration: 3, Training Loss: 0.0465, Mean IoU: 0.7071, Mean Accuracy: 0.7081, per Category IOU: [0.99805414 0.41616766]
2024-11-28 11:15:57 - FewShotSeg - INFO - Epoch : 5, Validation Results - Loss: 0.0860, Mean IoU: 0.7293, Mean Accuracy: 0.7501, per Category IOU: [0.9965189  0.06539456]
2024-11-28 11:15:58 - FewShotSeg - INFO - Model saved!
2024-11-28 11:15:58 - FewShotSeg - INFO - Epoch: 6
2024-11-28 11:15:58 - FewShotSeg - INFO - Epoch: 6, Iteration: 0, Training Loss: 0.0899, Mean IoU: 0.6646, Mean Accuracy: 0.6667, per Category IOU: [0.99593103 0.33333333]
2024-11-28 11:15:58 - FewShotSeg - INFO - Epoch: 6, Iteration: 1, Training Loss: 0.0487, Mean IoU: 0.7551, Mean Accuracy: 0.7558, per Category IOU: [0.99859287 0.51168831]
2024-11-28 11:15:58 - FewShotSeg - INFO - Epoch: 6, Iteration: 2, Training Loss: 0.0345, Mean IoU: 0.8427, Mean Accuracy: 0.8431, per Category IOU: [0.99916891 0.68614515]
2024-11-28 11:15:59 - FewShotSeg - INFO - Epoch: 6, Iteration: 3, Training Loss: 0.0276, Mean IoU: 0.9203, Mean Accuracy: 0.9284, per Category IOU: [0.9993977  0.84113382]
2024-11-28 11:16:47 - FewShotSeg - INFO - Epoch : 6, Validation Results - Loss: 0.0644, Mean IoU: 0.7927, Mean Accuracy: 0.8214, per Category IOU: [0.99760609 0.20744404]
2024-11-28 11:16:47 - FewShotSeg - INFO - Model saved!
2024-11-28 11:16:47 - FewShotSeg - INFO - Epoch: 7
2024-11-28 11:16:48 - FewShotSeg - INFO - Epoch: 7, Iteration: 0, Training Loss: 0.0313, Mean IoU: 0.8929, Mean Accuracy: 0.8962, per Category IOU: [0.99929315 0.78641509]
2024-11-28 11:16:48 - FewShotSeg - INFO - Epoch: 7, Iteration: 1, Training Loss: 0.0345, Mean IoU: 0.8835, Mean Accuracy: 0.8974, per Category IOU: [0.99916563 0.76789437]
2024-11-28 11:16:48 - FewShotSeg - INFO - Epoch: 7, Iteration: 2, Training Loss: 0.0279, Mean IoU: 0.8949, Mean Accuracy: 0.8982, per Category IOU: [0.99922045 0.79060403]
2024-11-28 11:16:49 - FewShotSeg - INFO - Epoch: 7, Iteration: 3, Training Loss: 0.0487, Mean IoU: 0.7844, Mean Accuracy: 0.7876, per Category IOU: [0.99787647 0.57092378]
2024-11-28 11:17:37 - FewShotSeg - INFO - Epoch : 7, Validation Results - Loss: 0.0492, Mean IoU: 0.8396, Mean Accuracy: 0.8769, per Category IOU: [0.99834859 0.31676556]
2024-11-28 11:17:37 - FewShotSeg - INFO - Model saved!
2024-11-28 11:17:37 - FewShotSeg - INFO - Epoch: 8
2024-11-28 11:17:38 - FewShotSeg - INFO - Epoch: 8, Iteration: 0, Training Loss: 0.0485, Mean IoU: 0.7923, Mean Accuracy: 0.8041, per Category IOU: [0.99783095 0.5868634 ]
2024-11-28 11:17:38 - FewShotSeg - INFO - Epoch: 8, Iteration: 1, Training Loss: 0.0239, Mean IoU: 0.9214, Mean Accuracy: 0.9423, per Category IOU: [0.99932994 0.84345794]
2024-11-28 11:17:38 - FewShotSeg - INFO - Epoch: 8, Iteration: 2, Training Loss: 0.0172, Mean IoU: 0.9416, Mean Accuracy: 0.9565, per Category IOU: [0.99962275 0.88348765]
2024-11-28 11:17:38 - FewShotSeg - INFO - Epoch: 8, Iteration: 3, Training Loss: 0.0216, Mean IoU: 0.9436, Mean Accuracy: 0.9503, per Category IOU: [0.99964776 0.8876494 ]
2024-11-28 11:18:27 - FewShotSeg - INFO - Epoch : 8, Validation Results - Loss: 0.0383, Mean IoU: 0.8615, Mean Accuracy: 0.9134, per Category IOU: [0.99880994 0.38721367]
2024-11-28 11:18:27 - FewShotSeg - INFO - Model saved!
2024-11-28 11:18:27 - FewShotSeg - INFO - Epoch: 9
2024-11-28 11:18:28 - FewShotSeg - INFO - Epoch: 9, Iteration: 0, Training Loss: 0.0153, Mean IoU: 0.9487, Mean Accuracy: 0.9830, per Category IOU: [0.99968273 0.89766317]
2024-11-28 11:18:28 - FewShotSeg - INFO - Epoch: 9, Iteration: 1, Training Loss: 0.0218, Mean IoU: 0.9030, Mean Accuracy: 0.9391, per Category IOU: [0.99923274 0.80667506]
2024-11-28 11:18:28 - FewShotSeg - INFO - Epoch: 9, Iteration: 2, Training Loss: 0.0110, Mean IoU: 0.9532, Mean Accuracy: 0.9734, per Category IOU: [0.99967512 0.90681004]
2024-11-28 11:18:28 - FewShotSeg - INFO - Epoch: 9, Iteration: 3, Training Loss: 0.0333, Mean IoU: 0.9178, Mean Accuracy: 0.9228, per Category IOU: [0.99908896 0.83655141]
2024-11-28 11:19:17 - FewShotSeg - INFO - Epoch : 9, Validation Results - Loss: 0.0310, Mean IoU: 0.8913, Mean Accuracy: 0.9330, per Category IOU: [0.99906447 0.42482945]
2024-11-28 11:19:17 - FewShotSeg - INFO - Model saved!
2024-11-28 11:19:17 - FewShotSeg - INFO - Epoch: 10
2024-11-28 11:19:17 - FewShotSeg - INFO - Epoch: 10, Iteration: 0, Training Loss: 0.0233, Mean IoU: 0.9314, Mean Accuracy: 0.9416, per Category IOU: [0.99928428 0.86348449]
2024-11-28 11:19:18 - FewShotSeg - INFO - Epoch: 10, Iteration: 1, Training Loss: 0.0122, Mean IoU: 0.9434, Mean Accuracy: 0.9877, per Category IOU: [0.99964275 0.88722397]
2024-11-28 11:19:18 - FewShotSeg - INFO - Epoch: 10, Iteration: 2, Training Loss: 0.0160, Mean IoU: 0.9558, Mean Accuracy: 0.9718, per Category IOU: [0.99966    0.91186001]
2024-11-28 11:19:18 - FewShotSeg - INFO - Epoch: 10, Iteration: 3, Training Loss: 0.0156, Mean IoU: 0.9194, Mean Accuracy: 0.9532, per Category IOU: [0.99936764 0.83936508]
2024-11-28 11:20:07 - FewShotSeg - INFO - Epoch : 10, Validation Results - Loss: 0.0255, Mean IoU: 0.9159, Mean Accuracy: 0.9476, per Category IOU: [0.9992457  0.45213549]
2024-11-28 11:20:07 - FewShotSeg - INFO - Model saved!
2024-11-28 11:20:07 - FewShotSeg - INFO - Epoch: 11
2024-11-28 11:20:07 - FewShotSeg - INFO - Epoch: 11, Iteration: 0, Training Loss: 0.0190, Mean IoU: 0.9469, Mean Accuracy: 0.9696, per Category IOU: [0.99938899 0.89446367]
2024-11-28 11:20:08 - FewShotSeg - INFO - Epoch: 11, Iteration: 1, Training Loss: 0.0161, Mean IoU: 0.9414, Mean Accuracy: 0.9723, per Category IOU: [0.99962025 0.88316679]
2024-11-28 11:20:08 - FewShotSeg - INFO - Epoch: 11, Iteration: 2, Training Loss: 0.0119, Mean IoU: 0.9274, Mean Accuracy: 0.9612, per Category IOU: [0.99945516 0.85534174]
2024-11-28 11:20:08 - FewShotSeg - INFO - Epoch: 11, Iteration: 3, Training Loss: 0.0070, Mean IoU: 0.9532, Mean Accuracy: 0.9838, per Category IOU: [0.9996676  0.90673212]
2024-11-28 11:20:57 - FewShotSeg - INFO - Epoch : 11, Validation Results - Loss: 0.0213, Mean IoU: 0.9302, Mean Accuracy: 0.9570, per Category IOU: [0.99936423 0.46972726]
2024-11-28 11:20:57 - FewShotSeg - INFO - Model saved!
2024-11-28 11:20:57 - FewShotSeg - INFO - Epoch: 12
2024-11-28 11:20:57 - FewShotSeg - INFO - Epoch: 12, Iteration: 0, Training Loss: 0.0121, Mean IoU: 0.9519, Mean Accuracy: 0.9880, per Category IOU: [0.99964005 0.90406396]
2024-11-28 11:20:58 - FewShotSeg - INFO - Epoch: 12, Iteration: 1, Training Loss: 0.0095, Mean IoU: 0.9429, Mean Accuracy: 0.9722, per Category IOU: [0.9994747  0.88630211]
2024-11-28 11:20:58 - FewShotSeg - INFO - Epoch: 12, Iteration: 2, Training Loss: 0.0149, Mean IoU: 0.9464, Mean Accuracy: 0.9708, per Category IOU: [0.99942929 0.89330838]
2024-11-28 11:20:58 - FewShotSeg - INFO - Epoch: 12, Iteration: 3, Training Loss: 0.0066, Mean IoU: 0.9407, Mean Accuracy: 0.9844, per Category IOU: [0.99967536 0.88171065]
2024-11-28 11:21:47 - FewShotSeg - INFO - Epoch : 12, Validation Results - Loss: 0.0183, Mean IoU: 0.9435, Mean Accuracy: 0.9626, per Category IOU: [0.99943361 0.47986429]
2024-11-28 11:21:47 - FewShotSeg - INFO - Model saved!
2024-11-28 11:21:47 - FewShotSeg - INFO - Epoch: 13
2024-11-28 11:21:47 - FewShotSeg - INFO - Epoch: 13, Iteration: 0, Training Loss: 0.0074, Mean IoU: 0.9471, Mean Accuracy: 0.9839, per Category IOU: [0.99964267 0.89462049]
2024-11-28 11:21:48 - FewShotSeg - INFO - Epoch: 13, Iteration: 1, Training Loss: 0.0069, Mean IoU: 0.9420, Mean Accuracy: 0.9789, per Category IOU: [0.99953749 0.88451935]
2024-11-28 11:21:48 - FewShotSeg - INFO - Epoch: 13, Iteration: 2, Training Loss: 0.0110, Mean IoU: 0.9531, Mean Accuracy: 0.9812, per Category IOU: [0.99945403 0.90671801]
2024-11-28 11:21:48 - FewShotSeg - INFO - Epoch: 13, Iteration: 3, Training Loss: 0.0103, Mean IoU: 0.9390, Mean Accuracy: 0.9785, per Category IOU: [0.99959775 0.87849057]
2024-11-28 11:22:37 - FewShotSeg - INFO - Epoch : 13, Validation Results - Loss: 0.0161, Mean IoU: 0.9603, Mean Accuracy: 0.9664, per Category IOU: [0.99947652 0.48639197]
2024-11-28 11:22:37 - FewShotSeg - INFO - Model saved!
2024-11-28 11:22:37 - FewShotSeg - INFO - Epoch: 14
2024-11-28 11:22:37 - FewShotSeg - INFO - Epoch: 14, Iteration: 0, Training Loss: 0.0060, Mean IoU: 0.9464, Mean Accuracy: 0.9911, per Category IOU: [0.99956244 0.89316239]
2024-11-28 11:22:38 - FewShotSeg - INFO - Epoch: 14, Iteration: 1, Training Loss: 0.0072, Mean IoU: 0.9412, Mean Accuracy: 0.9802, per Category IOU: [0.99955507 0.88289474]
2024-11-28 11:22:38 - FewShotSeg - INFO - Epoch: 14, Iteration: 2, Training Loss: 0.0086, Mean IoU: 0.9570, Mean Accuracy: 0.9799, per Category IOU: [0.99953936 0.9144186 ]
2024-11-28 11:22:38 - FewShotSeg - INFO - Epoch: 14, Iteration: 3, Training Loss: 0.0089, Mean IoU: 0.9388, Mean Accuracy: 0.9789, per Category IOU: [0.99959525 0.87792012]
2024-11-28 11:23:27 - FewShotSeg - INFO - Epoch : 14, Validation Results - Loss: 0.0145, Mean IoU: 0.9626, Mean Accuracy: 0.9690, per Category IOU: [0.9995056 0.4908435]
2024-11-28 11:23:27 - FewShotSeg - INFO - Model saved!
2024-11-28 11:23:27 - FewShotSeg - INFO - Epoch: 15
2024-11-28 11:23:27 - FewShotSeg - INFO - Epoch: 15, Iteration: 0, Training Loss: 0.0081, Mean IoU: 0.9529, Mean Accuracy: 0.9821, per Category IOU: [0.99959233 0.90626797]
2024-11-28 11:23:28 - FewShotSeg - INFO - Epoch: 15, Iteration: 1, Training Loss: 0.0055, Mean IoU: 0.9349, Mean Accuracy: 0.9911, per Category IOU: [0.99957779 0.87019969]
2024-11-28 11:23:28 - FewShotSeg - INFO - Epoch: 15, Iteration: 2, Training Loss: 0.0094, Mean IoU: 0.9503, Mean Accuracy: 0.9789, per Category IOU: [0.99946679 0.90116009]
2024-11-28 11:23:28 - FewShotSeg - INFO - Epoch: 15, Iteration: 3, Training Loss: 0.0043, Mean IoU: 0.9500, Mean Accuracy: 0.9868, per Category IOU: [0.9996401  0.90034602]
2024-11-28 11:24:16 - FewShotSeg - INFO - Epoch : 15, Validation Results - Loss: 0.0132, Mean IoU: 0.9643, Mean Accuracy: 0.9709, per Category IOU: [0.99952724 0.494198  ]
2024-11-28 11:24:17 - FewShotSeg - INFO - Model saved!
2024-11-28 11:24:17 - FewShotSeg - INFO - Epoch: 16
2024-11-28 11:24:17 - FewShotSeg - INFO - Epoch: 16, Iteration: 0, Training Loss: 0.0055, Mean IoU: 0.9519, Mean Accuracy: 0.9843, per Category IOU: [0.9995547  0.90414647]
2024-11-28 11:24:17 - FewShotSeg - INFO - Epoch: 16, Iteration: 1, Training Loss: 0.0056, Mean IoU: 0.9277, Mean Accuracy: 0.9891, per Category IOU: [0.99950027 0.85590778]
2024-11-28 11:24:18 - FewShotSeg - INFO - Epoch: 16, Iteration: 2, Training Loss: 0.0043, Mean IoU: 0.9377, Mean Accuracy: 0.9864, per Category IOU: [0.99965537 0.87578758]
2024-11-28 11:24:18 - FewShotSeg - INFO - Epoch: 16, Iteration: 3, Training Loss: 0.0087, Mean IoU: 0.9659, Mean Accuracy: 0.9838, per Category IOU: [0.9996118  0.93222562]
2024-11-28 11:25:06 - FewShotSeg - INFO - Epoch : 16, Validation Results - Loss: 0.0123, Mean IoU: 0.9656, Mean Accuracy: 0.9725, per Category IOU: [0.9995443  0.49692353]
2024-11-28 11:25:07 - FewShotSeg - INFO - Model saved!
2024-11-28 11:25:07 - FewShotSeg - INFO - Epoch: 17
2024-11-28 11:25:07 - FewShotSeg - INFO - Epoch: 17, Iteration: 0, Training Loss: 0.0085, Mean IoU: 0.9661, Mean Accuracy: 0.9840, per Category IOU: [0.9996143  0.93266288]
2024-11-28 11:25:07 - FewShotSeg - INFO - Epoch: 17, Iteration: 1, Training Loss: 0.0039, Mean IoU: 0.9500, Mean Accuracy: 0.9871, per Category IOU: [0.9996401  0.90041494]
2024-11-28 11:25:08 - FewShotSeg - INFO - Epoch: 17, Iteration: 2, Training Loss: 0.0057, Mean IoU: 0.9379, Mean Accuracy: 0.9834, per Category IOU: [0.9995025 0.8763207]
2024-11-28 11:25:08 - FewShotSeg - INFO - Epoch: 17, Iteration: 3, Training Loss: 0.0044, Mean IoU: 0.9353, Mean Accuracy: 0.9916, per Category IOU: [0.99958029 0.87096774]
