2024-11-27 14:40:59 - FewShotSeg - INFO - Epoch: 0
2024-11-27 14:40:59 - FewShotSeg - INFO - Epoch: 0, Iteration: 0, Training Loss: 0.6999, Mean IoU: 0.2481, Mean Accuracy: 0.4581, per Category IOU: [0.49350905 0.00266238]
2024-11-27 14:41:00 - FewShotSeg - INFO - Epoch: 0, Iteration: 1, Training Loss: 0.6387, Mean IoU: 0.4115, Mean Accuracy: 0.5662, per Category IOU: [0.81632852 0.00677125]
2024-11-27 14:41:00 - FewShotSeg - INFO - Epoch: 0, Iteration: 2, Training Loss: 0.5545, Mean IoU: 0.4911, Mean Accuracy: 0.6095, per Category IOU: [0.96356801 0.01860184]
2024-11-27 14:41:00 - FewShotSeg - INFO - Epoch: 0, Iteration: 3, Training Loss: 0.4557, Mean IoU: 0.4971, Mean Accuracy: 0.4994, per Category IOU: [0.99420291 0.        ]
2024-11-27 14:41:00 - FewShotSeg - INFO - Epoch: 0, Iteration: 4, Training Loss: 0.4333, Mean IoU: 0.4960, Mean Accuracy: 0.4990, per Category IOU: [0.99201062 0.        ]
2024-11-27 14:41:01 - FewShotSeg - INFO - Epoch: 0, Iteration: 5, Training Loss: 0.3531, Mean IoU: 0.4982, Mean Accuracy: 0.5000, per Category IOU: [0.99634038 0.        ]
2024-11-27 14:41:01 - FewShotSeg - INFO - Epoch: 0, Iteration: 6, Training Loss: 0.3005, Mean IoU: 0.4984, Mean Accuracy: 0.5000, per Category IOU: [0.99675143 0.        ]
2024-11-27 14:41:01 - FewShotSeg - INFO - Epoch: 0, Iteration: 7, Training Loss: 0.3221, Mean IoU: 0.4971, Mean Accuracy: 0.5000, per Category IOU: [0.99429259 0.        ]
2024-11-27 14:41:01 - FewShotSeg - INFO - Epoch: 0, Iteration: 8, Training Loss: 0.2615, Mean IoU: 0.4983, Mean Accuracy: 0.5000, per Category IOU: [0.99652224 0.        ]
2024-11-27 14:41:02 - FewShotSeg - INFO - Epoch: 0, Iteration: 9, Training Loss: 0.1834, Mean IoU: 0.4987, Mean Accuracy: 0.5000, per Category IOU: [0.99748137 0.        ]
2024-11-27 14:41:02 - FewShotSeg - INFO - Epoch: 0, Iteration: 10, Training Loss: 0.2015, Mean IoU: 0.4981, Mean Accuracy: 0.5000, per Category IOU: [0.99621582 0.        ]
2024-11-27 14:41:02 - FewShotSeg - INFO - Epoch: 0, Iteration: 11, Training Loss: 0.2028, Mean IoU: 0.4978, Mean Accuracy: 0.5000, per Category IOU: [0.99568021 0.        ]
2024-11-27 14:41:03 - FewShotSeg - INFO - Epoch: 0, Iteration: 12, Training Loss: 0.1462, Mean IoU: 0.4985, Mean Accuracy: 0.5000, per Category IOU: [0.99699059 0.        ]
2024-11-27 14:41:03 - FewShotSeg - INFO - Epoch: 0, Iteration: 13, Training Loss: 0.1392, Mean IoU: 0.4984, Mean Accuracy: 0.5000, per Category IOU: [0.99687351 0.        ]
2024-11-27 14:41:03 - FewShotSeg - INFO - Epoch: 0, Iteration: 14, Training Loss: 0.1390, Mean IoU: 0.4986, Mean Accuracy: 0.5000, per Category IOU: [0.99716 0.     ]
2024-11-27 14:41:03 - FewShotSeg - INFO - Epoch: 0, Iteration: 15, Training Loss: 0.1313, Mean IoU: 0.4985, Mean Accuracy: 0.5000, per Category IOU: [0.99694575 0.        ]
2024-11-27 14:41:04 - FewShotSeg - INFO - Epoch: 0, Iteration: 16, Training Loss: 0.1440, Mean IoU: 0.4979, Mean Accuracy: 0.5000, per Category IOU: [0.99570014 0.        ]
2024-11-27 14:41:04 - FewShotSeg - INFO - Epoch: 0, Iteration: 17, Training Loss: 0.1277, Mean IoU: 0.4983, Mean Accuracy: 0.5000, per Category IOU: [0.99669414 0.        ]
2024-11-27 14:41:04 - FewShotSeg - INFO - Epoch: 0, Iteration: 18, Training Loss: 0.1647, Mean IoU: 0.4976, Mean Accuracy: 0.5000, per Category IOU: [0.99512715 0.        ]
2024-11-27 14:41:04 - FewShotSeg - INFO - Epoch: 0, Iteration: 19, Training Loss: 0.1223, Mean IoU: 0.4984, Mean Accuracy: 0.5000, per Category IOU: [0.99686105 0.        ]
2024-11-27 14:41:05 - FewShotSeg - INFO - Epoch: 0, Iteration: 20, Training Loss: 0.1612, Mean IoU: 0.4975, Mean Accuracy: 0.5000, per Category IOU: [0.99504245 0.        ]
2024-11-27 14:41:05 - FewShotSeg - INFO - Epoch: 0, Iteration: 21, Training Loss: 0.0894, Mean IoU: 0.4985, Mean Accuracy: 0.5000, per Category IOU: [0.99697565 0.        ]
2024-11-27 14:41:05 - FewShotSeg - INFO - Epoch: 0, Iteration: 22, Training Loss: 0.1129, Mean IoU: 0.4984, Mean Accuracy: 0.5000, per Category IOU: [0.996876 0.      ]
2024-11-27 14:41:06 - FewShotSeg - INFO - Epoch: 0, Iteration: 23, Training Loss: 0.1165, Mean IoU: 0.4979, Mean Accuracy: 0.5000, per Category IOU: [0.99580726 0.        ]
2024-11-27 14:41:06 - FewShotSeg - INFO - Epoch: 0, Iteration: 24, Training Loss: 0.1254, Mean IoU: 0.4981, Mean Accuracy: 0.5000, per Category IOU: [0.99621084 0.        ]
2024-11-27 14:41:06 - FewShotSeg - INFO - Epoch: 0, Iteration: 25, Training Loss: 0.0909, Mean IoU: 0.4986, Mean Accuracy: 0.5000, per Category IOU: [0.99727708 0.        ]
2024-11-27 14:41:06 - FewShotSeg - INFO - Epoch: 0, Iteration: 26, Training Loss: 0.0743, Mean IoU: 0.4983, Mean Accuracy: 0.5000, per Category IOU: [0.996592 0.      ]
2024-11-27 14:41:07 - FewShotSeg - INFO - Epoch: 0, Iteration: 27, Training Loss: 0.1088, Mean IoU: 0.4985, Mean Accuracy: 0.5000, per Category IOU: [0.99694575 0.        ]
2024-11-27 14:41:07 - FewShotSeg - INFO - Epoch: 0, Iteration: 28, Training Loss: 0.0634, Mean IoU: 0.4983, Mean Accuracy: 0.5000, per Category IOU: [0.99653719 0.        ]
2024-11-27 14:41:07 - FewShotSeg - INFO - Epoch: 0, Iteration: 29, Training Loss: 0.1019, Mean IoU: 0.5513, Mean Accuracy: 0.5533, per Category IOU: [0.99607198 0.10657596]
2024-11-27 14:41:08 - FewShotSeg - INFO - Epoch: 0, Iteration: 30, Training Loss: 0.0669, Mean IoU: 0.5981, Mean Accuracy: 0.5995, per Category IOU: [0.99721038 0.19899785]
2024-11-27 14:41:08 - FewShotSeg - INFO - Epoch: 0, Iteration: 31, Training Loss: 0.1015, Mean IoU: 0.5982, Mean Accuracy: 0.6004, per Category IOU: [0.99565304 0.20082531]
2024-11-27 14:41:08 - FewShotSeg - INFO - Epoch: 0, Iteration: 32, Training Loss: 0.0461, Mean IoU: 0.7341, Mean Accuracy: 0.7349, per Category IOU: [0.99855823 0.46972477]
2024-11-27 14:41:08 - FewShotSeg - INFO - Epoch: 0, Iteration: 33, Training Loss: 0.0578, Mean IoU: 0.6011, Mean Accuracy: 0.6025, per Category IOU: [0.99727268 0.20494186]
2024-11-27 14:41:09 - FewShotSeg - INFO - Epoch: 0, Iteration: 34, Training Loss: 0.0794, Mean IoU: 0.5409, Mean Accuracy: 0.5427, per Category IOU: [0.99640145 0.08549715]
2024-11-27 14:41:09 - FewShotSeg - INFO - Epoch: 0, Iteration: 35, Training Loss: 0.0349, Mean IoU: 0.8756, Mean Accuracy: 0.8760, per Category IOU: [0.99918085 0.75207861]
2024-11-27 14:41:09 - FewShotSeg - INFO - Epoch: 0, Iteration: 36, Training Loss: 0.0347, Mean IoU: 0.9114, Mean Accuracy: 0.9117, per Category IOU: [0.99934781 0.82341001]
2024-11-27 14:41:09 - FewShotSeg - INFO - Epoch: 0, Iteration: 37, Training Loss: 0.0506, Mean IoU: 0.8559, Mean Accuracy: 0.8566, per Category IOU: [0.99856493 0.71328671]
2024-11-27 14:41:10 - FewShotSeg - INFO - Epoch: 0, Iteration: 38, Training Loss: 0.0588, Mean IoU: 0.7857, Mean Accuracy: 0.7870, per Category IOU: [0.99882978 0.57247037]
2024-11-27 14:41:10 - FewShotSeg - INFO - Epoch: 0, Iteration: 39, Training Loss: 0.0303, Mean IoU: 0.8901, Mean Accuracy: 0.8911, per Category IOU: [0.99941834 0.78080903]
2024-11-27 14:43:10 - FewShotSeg - INFO - Epoch : 0, Validation Results - Loss: 0.0393, Mean IoU: 0.9177, Mean Accuracy: 0.9202, per Category IOU: [0.9989436       nan]
2024-11-27 14:43:11 - FewShotSeg - INFO - Model saved!
2024-11-27 14:43:11 - FewShotSeg - INFO - Epoch: 1
2024-11-27 14:43:11 - FewShotSeg - INFO - Epoch: 1, Iteration: 0, Training Loss: 0.0630, Mean IoU: 0.8150, Mean Accuracy: 0.8159, per Category IOU: [0.99803278 0.63189897]
2024-11-27 14:43:11 - FewShotSeg - INFO - Epoch: 1, Iteration: 1, Training Loss: 0.0406, Mean IoU: 0.8555, Mean Accuracy: 0.8584, per Category IOU: [0.99916622 0.71182053]
2024-11-27 14:43:11 - FewShotSeg - INFO - Epoch: 1, Iteration: 2, Training Loss: 0.0288, Mean IoU: 0.9251, Mean Accuracy: 0.9341, per Category IOU: [0.99925194 0.85094716]
2024-11-27 14:43:12 - FewShotSeg - INFO - Epoch: 1, Iteration: 3, Training Loss: 0.0263, Mean IoU: 0.9228, Mean Accuracy: 0.9272, per Category IOU: [0.9992847  0.84623656]
2024-11-27 14:43:12 - FewShotSeg - INFO - Epoch: 1, Iteration: 4, Training Loss: 0.0372, Mean IoU: 0.8886, Mean Accuracy: 0.8906, per Category IOU: [0.99907024 0.77804296]
2024-11-27 14:43:12 - FewShotSeg - INFO - Epoch: 1, Iteration: 5, Training Loss: 0.0186, Mean IoU: 0.9414, Mean Accuracy: 0.9569, per Category IOU: [0.99961022 0.88314607]
2024-11-27 14:43:13 - FewShotSeg - INFO - Epoch: 1, Iteration: 6, Training Loss: 0.0299, Mean IoU: 0.9297, Mean Accuracy: 0.9365, per Category IOU: [0.99951526 0.85982659]
2024-11-27 14:43:13 - FewShotSeg - INFO - Epoch: 1, Iteration: 7, Training Loss: 0.0330, Mean IoU: 0.9163, Mean Accuracy: 0.9282, per Category IOU: [0.99929249 0.83323512]
2024-11-27 14:43:13 - FewShotSeg - INFO - Epoch: 1, Iteration: 8, Training Loss: 0.0250, Mean IoU: 0.9497, Mean Accuracy: 0.9567, per Category IOU: [0.99968522 0.89968153]
2024-11-27 14:43:13 - FewShotSeg - INFO - Epoch: 1, Iteration: 9, Training Loss: 0.0283, Mean IoU: 0.9107, Mean Accuracy: 0.9280, per Category IOU: [0.99940796 0.82207207]
2024-11-27 14:43:14 - FewShotSeg - INFO - Epoch: 1, Iteration: 10, Training Loss: 0.0161, Mean IoU: 0.9286, Mean Accuracy: 0.9518, per Category IOU: [0.99955287 0.85771065]
2024-11-27 14:43:14 - FewShotSeg - INFO - Epoch: 1, Iteration: 11, Training Loss: 0.0161, Mean IoU: 0.9297, Mean Accuracy: 0.9707, per Category IOU: [0.99959292 0.85972461]
2024-11-27 14:43:14 - FewShotSeg - INFO - Epoch: 1, Iteration: 12, Training Loss: 0.0211, Mean IoU: 0.8765, Mean Accuracy: 0.8947, per Category IOU: [0.99929596 0.75371179]
2024-11-27 14:43:14 - FewShotSeg - INFO - Epoch: 1, Iteration: 13, Training Loss: 0.0151, Mean IoU: 0.9374, Mean Accuracy: 0.9660, per Category IOU: [0.99948495 0.87522714]
2024-11-27 14:43:15 - FewShotSeg - INFO - Epoch: 1, Iteration: 14, Training Loss: 0.0126, Mean IoU: 0.9480, Mean Accuracy: 0.9705, per Category IOU: [0.99945937 0.89660124]
2024-11-27 14:43:15 - FewShotSeg - INFO - Epoch: 1, Iteration: 15, Training Loss: 0.0142, Mean IoU: 0.9420, Mean Accuracy: 0.9558, per Category IOU: [0.99966282 0.88441781]
2024-11-27 14:43:15 - FewShotSeg - INFO - Epoch: 1, Iteration: 16, Training Loss: 0.0104, Mean IoU: 0.9371, Mean Accuracy: 0.9681, per Category IOU: [0.99961532 0.87459283]
2024-11-27 14:43:16 - FewShotSeg - INFO - Epoch: 1, Iteration: 17, Training Loss: 0.0124, Mean IoU: 0.9605, Mean Accuracy: 0.9790, per Category IOU: [0.99955424 0.92151675]
2024-11-27 14:43:16 - FewShotSeg - INFO - Epoch: 1, Iteration: 18, Training Loss: 0.0140, Mean IoU: 0.9517, Mean Accuracy: 0.9790, per Category IOU: [0.99962751 0.90368455]
2024-11-27 14:43:16 - FewShotSeg - INFO - Epoch: 1, Iteration: 19, Training Loss: 0.0095, Mean IoU: 0.9255, Mean Accuracy: 0.9632, per Category IOU: [0.99956545 0.85140905]
2024-11-27 14:43:16 - FewShotSeg - INFO - Epoch: 1, Iteration: 20, Training Loss: 0.0080, Mean IoU: 0.9506, Mean Accuracy: 0.9776, per Category IOU: [0.9996852 0.9015625]
2024-11-27 14:43:17 - FewShotSeg - INFO - Epoch: 1, Iteration: 21, Training Loss: 0.0155, Mean IoU: 0.9588, Mean Accuracy: 0.9731, per Category IOU: [0.99958956 0.91791792]
2024-11-27 14:43:17 - FewShotSeg - INFO - Epoch: 1, Iteration: 22, Training Loss: 0.0100, Mean IoU: 0.9502, Mean Accuracy: 0.9798, per Category IOU: [0.99951205 0.90091463]
2024-11-27 14:43:17 - FewShotSeg - INFO - Epoch: 1, Iteration: 23, Training Loss: 0.0090, Mean IoU: 0.9306, Mean Accuracy: 0.9753, per Category IOU: [0.99950271 0.86170952]
2024-11-27 14:43:18 - FewShotSeg - INFO - Epoch: 1, Iteration: 24, Training Loss: 0.0084, Mean IoU: 0.9476, Mean Accuracy: 0.9652, per Category IOU: [0.99966772 0.89544025]
2024-11-27 14:43:18 - FewShotSeg - INFO - Epoch: 1, Iteration: 25, Training Loss: 0.0098, Mean IoU: 0.9579, Mean Accuracy: 0.9815, per Category IOU: [0.99963985 0.91618161]
2024-11-27 14:43:18 - FewShotSeg - INFO - Epoch: 1, Iteration: 26, Training Loss: 0.0144, Mean IoU: 0.9396, Mean Accuracy: 0.9626, per Category IOU: [0.99947734 0.87967761]
2024-11-27 14:43:18 - FewShotSeg - INFO - Epoch: 1, Iteration: 27, Training Loss: 0.0078, Mean IoU: 0.9519, Mean Accuracy: 0.9714, per Category IOU: [0.99964506 0.90424815]
2024-11-27 14:43:19 - FewShotSeg - INFO - Epoch: 1, Iteration: 28, Training Loss: 0.0103, Mean IoU: 0.9437, Mean Accuracy: 0.9641, per Category IOU: [0.99953743 0.8879467 ]
2024-11-27 14:43:19 - FewShotSeg - INFO - Epoch: 1, Iteration: 29, Training Loss: 0.0060, Mean IoU: 0.9488, Mean Accuracy: 0.9756, per Category IOU: [0.99967271 0.89797508]
2024-11-27 14:43:19 - FewShotSeg - INFO - Epoch: 1, Iteration: 30, Training Loss: 0.0090, Mean IoU: 0.9631, Mean Accuracy: 0.9874, per Category IOU: [0.99957421 0.92659758]
2024-11-27 14:43:19 - FewShotSeg - INFO - Epoch: 1, Iteration: 31, Training Loss: 0.0071, Mean IoU: 0.9645, Mean Accuracy: 0.9852, per Category IOU: [0.99970489 0.9293836 ]
2024-11-27 14:43:20 - FewShotSeg - INFO - Epoch: 1, Iteration: 32, Training Loss: 0.0065, Mean IoU: 0.9526, Mean Accuracy: 0.9794, per Category IOU: [0.99970771 0.90541633]
2024-11-27 14:43:20 - FewShotSeg - INFO - Epoch: 1, Iteration: 33, Training Loss: 0.0079, Mean IoU: 0.9385, Mean Accuracy: 0.9688, per Category IOU: [0.99956267 0.87745098]
2024-11-27 14:43:20 - FewShotSeg - INFO - Epoch: 1, Iteration: 34, Training Loss: 0.0054, Mean IoU: 0.9561, Mean Accuracy: 0.9831, per Category IOU: [0.99964745 0.91247672]
2024-11-27 14:43:21 - FewShotSeg - INFO - Epoch: 1, Iteration: 35, Training Loss: 0.0056, Mean IoU: 0.9451, Mean Accuracy: 0.9751, per Category IOU: [0.99965274 0.89063729]
2024-11-27 14:43:21 - FewShotSeg - INFO - Epoch: 1, Iteration: 36, Training Loss: 0.0055, Mean IoU: 0.9554, Mean Accuracy: 0.9882, per Category IOU: [0.99965249 0.91112532]
2024-11-27 14:43:21 - FewShotSeg - INFO - Epoch: 1, Iteration: 37, Training Loss: 0.0041, Mean IoU: 0.9465, Mean Accuracy: 0.9870, per Category IOU: [0.99961511 0.89342561]
2024-11-27 14:43:21 - FewShotSeg - INFO - Epoch: 1, Iteration: 38, Training Loss: 0.0101, Mean IoU: 0.9370, Mean Accuracy: 0.9599, per Category IOU: [0.99949249 0.87445887]
2024-11-27 14:43:22 - FewShotSeg - INFO - Epoch: 1, Iteration: 39, Training Loss: 0.0049, Mean IoU: 0.9457, Mean Accuracy: 0.9830, per Category IOU: [0.99961764 0.89179632]
2024-11-27 14:45:22 - FewShotSeg - INFO - Epoch : 1, Validation Results - Loss: 0.0071, Mean IoU: 0.9743, Mean Accuracy: 0.9858, per Category IOU: [0.99964865        nan]
2024-11-27 14:45:23 - FewShotSeg - INFO - Model saved!
2024-11-27 14:45:23 - FewShotSeg - INFO - Epoch: 2
2024-11-27 14:45:23 - FewShotSeg - INFO - Epoch: 2, Iteration: 0, Training Loss: 0.0081, Mean IoU: 0.9217, Mean Accuracy: 0.9612, per Category IOU: [0.99954298 0.84385666]
2024-11-27 14:45:23 - FewShotSeg - INFO - Epoch: 2, Iteration: 1, Training Loss: 0.0052, Mean IoU: 0.9482, Mean Accuracy: 0.9785, per Category IOU: [0.99966521 0.89668466]
2024-11-27 14:45:24 - FewShotSeg - INFO - Epoch: 2, Iteration: 2, Training Loss: 0.0047, Mean IoU: 0.9498, Mean Accuracy: 0.9806, per Category IOU: [0.9996401  0.89986092]
2024-11-27 14:45:24 - FewShotSeg - INFO - Epoch: 2, Iteration: 3, Training Loss: 0.0046, Mean IoU: 0.9666, Mean Accuracy: 0.9843, per Category IOU: [0.99972491 0.93357488]
2024-11-27 14:45:24 - FewShotSeg - INFO - Epoch: 2, Iteration: 4, Training Loss: 0.0066, Mean IoU: 0.9391, Mean Accuracy: 0.9648, per Category IOU: [0.99967538 0.87850467]
2024-11-27 14:45:24 - FewShotSeg - INFO - Epoch: 2, Iteration: 5, Training Loss: 0.0047, Mean IoU: 0.9379, Mean Accuracy: 0.9822, per Category IOU: [0.99959526 0.87624141]
2024-11-27 14:45:25 - FewShotSeg - INFO - Epoch: 2, Iteration: 6, Training Loss: 0.0058, Mean IoU: 0.9511, Mean Accuracy: 0.9862, per Category IOU: [0.99957733 0.90270581]
2024-11-27 14:45:25 - FewShotSeg - INFO - Epoch: 2, Iteration: 7, Training Loss: 0.0049, Mean IoU: 0.9469, Mean Accuracy: 0.9793, per Category IOU: [0.99952225 0.89418283]
2024-11-27 14:45:25 - FewShotSeg - INFO - Epoch: 2, Iteration: 8, Training Loss: 0.0041, Mean IoU: 0.9492, Mean Accuracy: 0.9737, per Category IOU: [0.99971027 0.89868996]
2024-11-27 14:45:26 - FewShotSeg - INFO - Epoch: 2, Iteration: 9, Training Loss: 0.0055, Mean IoU: 0.9398, Mean Accuracy: 0.9782, per Category IOU: [0.99953254 0.87997433]
2024-11-27 14:45:26 - FewShotSeg - INFO - Epoch: 2, Iteration: 10, Training Loss: 0.0049, Mean IoU: 0.9532, Mean Accuracy: 0.9750, per Category IOU: [0.99970018 0.90661479]
2024-11-27 14:45:26 - FewShotSeg - INFO - Epoch: 2, Iteration: 11, Training Loss: 0.0040, Mean IoU: 0.9488, Mean Accuracy: 0.9845, per Category IOU: [0.9996326  0.89805825]
2024-11-27 14:45:26 - FewShotSeg - INFO - Epoch: 2, Iteration: 12, Training Loss: 0.0066, Mean IoU: 0.9637, Mean Accuracy: 0.9835, per Category IOU: [0.99968986 0.92761238]
2024-11-27 14:45:27 - FewShotSeg - INFO - Epoch: 2, Iteration: 13, Training Loss: 0.0043, Mean IoU: 0.9490, Mean Accuracy: 0.9811, per Category IOU: [0.99966018 0.89827973]
2024-11-27 14:45:27 - FewShotSeg - INFO - Epoch: 2, Iteration: 14, Training Loss: 0.0074, Mean IoU: 0.9539, Mean Accuracy: 0.9779, per Category IOU: [0.99964249 0.90821566]
2024-11-27 14:45:27 - FewShotSeg - INFO - Epoch: 2, Iteration: 15, Training Loss: 0.0055, Mean IoU: 0.9611, Mean Accuracy: 0.9848, per Category IOU: [0.99970249 0.92252604]
