2024-11-28 12:38:48 - FewShotSeg - INFO - Config Options:
{
    "_VERSION": "204",
    "_EPOCHS": 50,
    "_N_SHOTS": 5,
    "_N_INSTANCE": 1,
    "_MODEL_SAVE": true,
    "_MODEL_VERSION": "nvidia/mit-b5",
    "_MODEL_VERSION_SAVE": "mit-b5",
    "_BATCH_SIZE": 2,
    "_DEVICE": "cuda:1"
}
2024-11-28 12:38:54 - FewShotSeg - INFO - Epoch: 0
2024-11-28 12:38:55 - FewShotSeg - INFO - Epoch: 0, Iteration: 0, Training Loss: 0.7695, Mean IoU: 0.0955, Mean Accuracy: 0.5748, per Category IOU: [0.18670116 0.00420236]
2024-11-28 12:38:55 - FewShotSeg - INFO - Epoch: 0, Iteration: 1, Training Loss: 0.6411, Mean IoU: 0.3786, Mean Accuracy: 0.4834, per Category IOU: [0.75188146 0.00523052]
2024-11-28 12:38:55 - FewShotSeg - INFO - Epoch: 0, Iteration: 2, Training Loss: 0.5235, Mean IoU: 0.4991, Mean Accuracy: 0.6971, per Category IOU: [0.96423075 0.03401819]
2024-11-28 12:38:56 - FewShotSeg - INFO - Epoch: 0, Iteration: 3, Training Loss: 0.4299, Mean IoU: 0.4938, Mean Accuracy: 0.4954, per Category IOU: [0.98751146 0.        ]
2024-11-28 12:38:56 - FewShotSeg - INFO - Epoch: 0, Iteration: 4, Training Loss: 0.3861, Mean IoU: 0.5082, Mean Accuracy: 0.5284, per Category IOU: [0.99086745 0.02552513]
2024-11-28 12:38:56 - FewShotSeg - INFO - Epoch: 0, Iteration: 5, Training Loss: 0.3011, Mean IoU: 0.4984, Mean Accuracy: 0.4999, per Category IOU: [0.99671407 0.        ]
2024-11-28 12:38:57 - FewShotSeg - INFO - Epoch: 0, Iteration: 6, Training Loss: 0.2673, Mean IoU: 0.4986, Mean Accuracy: 0.5000, per Category IOU: [0.99727708 0.        ]
2024-11-28 12:38:57 - FewShotSeg - INFO - Epoch: 0, Iteration: 7, Training Loss: 0.2664, Mean IoU: 0.4980, Mean Accuracy: 0.4999, per Category IOU: [0.99609126 0.        ]
2024-11-28 12:38:58 - FewShotSeg - INFO - Epoch: 0, Iteration: 8, Training Loss: 0.1942, Mean IoU: 0.4981, Mean Accuracy: 0.5000, per Category IOU: [0.99617596 0.        ]
2024-11-28 12:38:58 - FewShotSeg - INFO - Epoch: 0, Iteration: 9, Training Loss: 0.2468, Mean IoU: 0.4983, Mean Accuracy: 0.5000, per Category IOU: [0.99651477 0.        ]
2024-11-28 12:38:58 - FewShotSeg - INFO - Epoch: 0, Iteration: 10, Training Loss: 0.1634, Mean IoU: 0.4984, Mean Accuracy: 0.5000, per Category IOU: [0.99674894 0.        ]
2024-11-28 12:38:59 - FewShotSeg - INFO - Epoch: 0, Iteration: 11, Training Loss: 0.1844, Mean IoU: 0.4984, Mean Accuracy: 0.5000, per Category IOU: [0.99677884 0.        ]
2024-11-28 12:38:59 - FewShotSeg - INFO - Epoch: 0, Iteration: 12, Training Loss: 0.1600, Mean IoU: 0.4984, Mean Accuracy: 0.5000, per Category IOU: [0.9967041 0.       ]
2024-11-28 12:38:59 - FewShotSeg - INFO - Epoch: 0, Iteration: 13, Training Loss: 0.1650, Mean IoU: 0.4983, Mean Accuracy: 0.4999, per Category IOU: [0.99669414 0.        ]
2024-11-28 12:39:00 - FewShotSeg - INFO - Epoch: 0, Iteration: 14, Training Loss: 0.1964, Mean IoU: 0.4972, Mean Accuracy: 0.5000, per Category IOU: [0.99447694 0.        ]
2024-11-28 12:39:00 - FewShotSeg - INFO - Epoch: 0, Iteration: 15, Training Loss: 0.1670, Mean IoU: 0.4980, Mean Accuracy: 0.5000, per Category IOU: [0.99600407 0.        ]
2024-11-28 12:39:00 - FewShotSeg - INFO - Epoch: 0, Iteration: 16, Training Loss: 0.1273, Mean IoU: 0.4987, Mean Accuracy: 0.5000, per Category IOU: [0.99731944 0.        ]
2024-11-28 12:39:01 - FewShotSeg - INFO - Epoch: 0, Iteration: 17, Training Loss: 0.1224, Mean IoU: 0.4983, Mean Accuracy: 0.5000, per Category IOU: [0.99664431 0.        ]
2024-11-28 12:39:01 - FewShotSeg - INFO - Epoch: 0, Iteration: 18, Training Loss: 0.1606, Mean IoU: 0.4977, Mean Accuracy: 0.4999, per Category IOU: [0.99548091 0.        ]
2024-11-28 12:39:01 - FewShotSeg - INFO - Epoch: 0, Iteration: 19, Training Loss: 0.1515, Mean IoU: 0.4979, Mean Accuracy: 0.5000, per Category IOU: [0.99575743 0.        ]
2024-11-28 12:39:02 - FewShotSeg - INFO - Epoch: 0, Iteration: 20, Training Loss: 0.1323, Mean IoU: 0.4982, Mean Accuracy: 0.5000, per Category IOU: [0.99636529 0.        ]
2024-11-28 12:39:02 - FewShotSeg - INFO - Epoch: 0, Iteration: 21, Training Loss: 0.1020, Mean IoU: 0.4984, Mean Accuracy: 0.5000, per Category IOU: [0.99678631 0.        ]
2024-11-28 12:39:03 - FewShotSeg - INFO - Epoch: 0, Iteration: 22, Training Loss: 0.0927, Mean IoU: 0.4983, Mean Accuracy: 0.5000, per Category IOU: [0.99651477 0.        ]
2024-11-28 12:39:03 - FewShotSeg - INFO - Epoch: 0, Iteration: 23, Training Loss: 0.1365, Mean IoU: 0.4973, Mean Accuracy: 0.5000, per Category IOU: [0.99468371 0.        ]
2024-11-28 12:39:03 - FewShotSeg - INFO - Epoch: 0, Iteration: 24, Training Loss: 0.0789, Mean IoU: 0.4985, Mean Accuracy: 0.5000, per Category IOU: [0.99702547 0.        ]
2024-11-28 12:39:04 - FewShotSeg - INFO - Epoch: 0, Iteration: 25, Training Loss: 0.0588, Mean IoU: 0.4988, Mean Accuracy: 0.5000, per Category IOU: [0.99756108 0.        ]
2024-11-28 12:39:04 - FewShotSeg - INFO - Epoch: 0, Iteration: 26, Training Loss: 0.1315, Mean IoU: 0.4974, Mean Accuracy: 0.5000, per Category IOU: [0.99475347 0.        ]
2024-11-28 12:39:04 - FewShotSeg - INFO - Epoch: 0, Iteration: 27, Training Loss: 0.0924, Mean IoU: 0.5315, Mean Accuracy: 0.5335, per Category IOU: [0.9959406  0.06701031]
2024-11-28 12:39:05 - FewShotSeg - INFO - Epoch: 0, Iteration: 28, Training Loss: 0.0747, Mean IoU: 0.5280, Mean Accuracy: 0.5297, per Category IOU: [0.99668348 0.05936396]
2024-11-28 12:39:05 - FewShotSeg - INFO - Epoch: 0, Iteration: 29, Training Loss: 0.0835, Mean IoU: 0.6667, Mean Accuracy: 0.6683, per Category IOU: [0.99670608 0.33668342]
2024-11-28 12:39:06 - FewShotSeg - INFO - Epoch: 0, Iteration: 30, Training Loss: 0.0447, Mean IoU: 0.7665, Mean Accuracy: 0.7672, per Category IOU: [0.99856518 0.53441296]
2024-11-28 12:39:06 - FewShotSeg - INFO - Epoch: 0, Iteration: 31, Training Loss: 0.0591, Mean IoU: 0.6353, Mean Accuracy: 0.6368, per Category IOU: [0.99694223 0.27369668]
2024-11-28 12:39:06 - FewShotSeg - INFO - Epoch: 0, Iteration: 32, Training Loss: 0.0600, Mean IoU: 0.7156, Mean Accuracy: 0.7165, per Category IOU: [0.9982688  0.43300654]
2024-11-28 12:39:07 - FewShotSeg - INFO - Epoch: 0, Iteration: 33, Training Loss: 0.0549, Mean IoU: 0.7849, Mean Accuracy: 0.7859, per Category IOU: [0.99805679 0.57182168]
2024-11-28 12:39:07 - FewShotSeg - INFO - Epoch: 0, Iteration: 34, Training Loss: 0.0401, Mean IoU: 0.8064, Mean Accuracy: 0.8071, per Category IOU: [0.99865435 0.61417323]
2024-11-28 12:39:07 - FewShotSeg - INFO - Epoch: 0, Iteration: 35, Training Loss: 0.0364, Mean IoU: 0.7911, Mean Accuracy: 0.7917, per Category IOU: [0.9987922  0.58347676]
2024-11-28 12:39:08 - FewShotSeg - INFO - Epoch: 0, Iteration: 36, Training Loss: 0.0296, Mean IoU: 0.8959, Mean Accuracy: 0.8965, per Category IOU: [0.99940074 0.79238754]
2024-11-28 12:39:08 - FewShotSeg - INFO - Epoch: 0, Iteration: 37, Training Loss: 0.0749, Mean IoU: 0.8343, Mean Accuracy: 0.8351, per Category IOU: [0.99893144 0.66975309]
2024-11-28 12:39:08 - FewShotSeg - INFO - Epoch: 0, Iteration: 38, Training Loss: 0.0478, Mean IoU: 0.8497, Mean Accuracy: 0.8512, per Category IOU: [0.99880336 0.700625  ]
2024-11-28 12:39:09 - FewShotSeg - INFO - Epoch: 0, Iteration: 39, Training Loss: 0.0433, Mean IoU: 0.7762, Mean Accuracy: 0.7814, per Category IOU: [0.99852499 0.55396226]
2024-11-28 12:41:24 - FewShotSeg - INFO - Epoch : 0, Validation Results - Loss: 0.0328, Mean IoU: 0.9291, Mean Accuracy: 0.9367, per Category IOU: [0.99915402 0.4350409 ]
2024-11-28 12:41:24 - FewShotSeg - INFO - Model saved!
2024-11-28 12:41:24 - FewShotSeg - INFO - Epoch: 1
2024-11-28 12:41:25 - FewShotSeg - INFO - Epoch: 1, Iteration: 0, Training Loss: 0.0361, Mean IoU: 0.9086, Mean Accuracy: 0.9117, per Category IOU: [0.9994706  0.81771281]
2024-11-28 12:41:25 - FewShotSeg - INFO - Epoch: 1, Iteration: 1, Training Loss: 0.0261, Mean IoU: 0.9411, Mean Accuracy: 0.9550, per Category IOU: [0.99936419 0.88289534]
2024-11-28 12:41:26 - FewShotSeg - INFO - Epoch: 1, Iteration: 2, Training Loss: 0.0556, Mean IoU: 0.8393, Mean Accuracy: 0.8428, per Category IOU: [0.99873605 0.6799494 ]
2024-11-28 12:41:26 - FewShotSeg - INFO - Epoch: 1, Iteration: 3, Training Loss: 0.0219, Mean IoU: 0.9361, Mean Accuracy: 0.9482, per Category IOU: [0.99934939 0.87279843]
2024-11-28 12:41:26 - FewShotSeg - INFO - Epoch: 1, Iteration: 4, Training Loss: 0.0366, Mean IoU: 0.8970, Mean Accuracy: 0.9070, per Category IOU: [0.99894942 0.79512195]
2024-11-28 12:41:27 - FewShotSeg - INFO - Epoch: 1, Iteration: 5, Training Loss: 0.0316, Mean IoU: 0.9094, Mean Accuracy: 0.9230, per Category IOU: [0.99905678 0.81978967]
2024-11-28 12:41:27 - FewShotSeg - INFO - Epoch: 1, Iteration: 6, Training Loss: 0.0172, Mean IoU: 0.9350, Mean Accuracy: 0.9526, per Category IOU: [0.99956526 0.87034277]
2024-11-28 12:41:27 - FewShotSeg - INFO - Epoch: 1, Iteration: 7, Training Loss: 0.0138, Mean IoU: 0.9506, Mean Accuracy: 0.9619, per Category IOU: [0.99960245 0.90166976]
2024-11-28 12:41:28 - FewShotSeg - INFO - Epoch: 1, Iteration: 8, Training Loss: 0.0174, Mean IoU: 0.9301, Mean Accuracy: 0.9566, per Category IOU: [0.99960793 0.86056838]
2024-11-28 12:41:28 - FewShotSeg - INFO - Epoch: 1, Iteration: 9, Training Loss: 0.0224, Mean IoU: 0.8773, Mean Accuracy: 0.8918, per Category IOU: [0.99915326 0.75541126]
2024-11-28 12:41:29 - FewShotSeg - INFO - Epoch: 1, Iteration: 10, Training Loss: 0.0129, Mean IoU: 0.9600, Mean Accuracy: 0.9801, per Category IOU: [0.99974264 0.92021689]
2024-11-28 12:41:29 - FewShotSeg - INFO - Epoch: 1, Iteration: 11, Training Loss: 0.0164, Mean IoU: 0.9341, Mean Accuracy: 0.9503, per Category IOU: [0.99949258 0.86860841]
2024-11-28 12:41:29 - FewShotSeg - INFO - Epoch: 1, Iteration: 12, Training Loss: 0.0120, Mean IoU: 0.9512, Mean Accuracy: 0.9696, per Category IOU: [0.99972527 0.90265487]
2024-11-28 12:41:30 - FewShotSeg - INFO - Epoch: 1, Iteration: 13, Training Loss: 0.0109, Mean IoU: 0.9371, Mean Accuracy: 0.9749, per Category IOU: [0.99962534 0.87458194]
2024-11-28 12:41:30 - FewShotSeg - INFO - Epoch: 1, Iteration: 14, Training Loss: 0.0115, Mean IoU: 0.9474, Mean Accuracy: 0.9629, per Category IOU: [0.99966021 0.89514264]
2024-11-28 12:41:30 - FewShotSeg - INFO - Epoch: 1, Iteration: 15, Training Loss: 0.0135, Mean IoU: 0.9574, Mean Accuracy: 0.9717, per Category IOU: [0.99966748 0.91517857]
2024-11-28 12:41:31 - FewShotSeg - INFO - Epoch: 1, Iteration: 16, Training Loss: 0.0123, Mean IoU: 0.9520, Mean Accuracy: 0.9818, per Category IOU: [0.99955469 0.9043525 ]
2024-11-28 12:41:31 - FewShotSeg - INFO - Epoch: 1, Iteration: 17, Training Loss: 0.0144, Mean IoU: 0.9555, Mean Accuracy: 0.9710, per Category IOU: [0.99966001 0.91140065]
2024-11-28 12:41:32 - FewShotSeg - INFO - Epoch: 1, Iteration: 18, Training Loss: 0.0095, Mean IoU: 0.9473, Mean Accuracy: 0.9654, per Category IOU: [0.99964016 0.89489051]
2024-11-28 12:41:32 - FewShotSeg - INFO - Epoch: 1, Iteration: 19, Training Loss: 0.0148, Mean IoU: 0.9439, Mean Accuracy: 0.9660, per Category IOU: [0.99953743 0.88835244]
2024-11-28 12:41:32 - FewShotSeg - INFO - Epoch: 1, Iteration: 20, Training Loss: 0.0119, Mean IoU: 0.9404, Mean Accuracy: 0.9506, per Category IOU: [0.99962778 0.88118022]
2024-11-28 12:41:33 - FewShotSeg - INFO - Epoch: 1, Iteration: 21, Training Loss: 0.0067, Mean IoU: 0.9632, Mean Accuracy: 0.9880, per Category IOU: [0.99968234 0.926632  ]
2024-11-28 12:41:33 - FewShotSeg - INFO - Epoch: 1, Iteration: 22, Training Loss: 0.0078, Mean IoU: 0.9495, Mean Accuracy: 0.9764, per Category IOU: [0.99971027 0.89921807]
2024-11-28 12:41:33 - FewShotSeg - INFO - Epoch: 1, Iteration: 23, Training Loss: 0.0085, Mean IoU: 0.9641, Mean Accuracy: 0.9823, per Category IOU: [0.99967226 0.92853246]
2024-11-28 12:41:34 - FewShotSeg - INFO - Epoch: 1, Iteration: 24, Training Loss: 0.0096, Mean IoU: 0.9321, Mean Accuracy: 0.9694, per Category IOU: [0.99953024 0.86465083]
2024-11-28 12:41:34 - FewShotSeg - INFO - Epoch: 1, Iteration: 25, Training Loss: 0.0089, Mean IoU: 0.9359, Mean Accuracy: 0.9640, per Category IOU: [0.99960282 0.8721865 ]
2024-11-28 12:41:35 - FewShotSeg - INFO - Epoch: 1, Iteration: 26, Training Loss: 0.0090, Mean IoU: 0.9594, Mean Accuracy: 0.9793, per Category IOU: [0.99955935 0.91919192]
2024-11-28 12:41:35 - FewShotSeg - INFO - Epoch: 1, Iteration: 27, Training Loss: 0.0053, Mean IoU: 0.9507, Mean Accuracy: 0.9942, per Category IOU: [0.99966766 0.90177253]
2024-11-28 12:41:35 - FewShotSeg - INFO - Epoch: 1, Iteration: 28, Training Loss: 0.0056, Mean IoU: 0.9531, Mean Accuracy: 0.9807, per Category IOU: [0.99967763 0.90652174]
2024-11-28 12:41:36 - FewShotSeg - INFO - Epoch: 1, Iteration: 29, Training Loss: 0.0077, Mean IoU: 0.9641, Mean Accuracy: 0.9848, per Category IOU: [0.99974004 0.92847318]
2024-11-28 12:41:36 - FewShotSeg - INFO - Epoch: 1, Iteration: 30, Training Loss: 0.0079, Mean IoU: 0.9520, Mean Accuracy: 0.9718, per Category IOU: [0.99968517 0.90432802]
2024-11-28 12:41:36 - FewShotSeg - INFO - Epoch: 1, Iteration: 31, Training Loss: 0.0090, Mean IoU: 0.9439, Mean Accuracy: 0.9758, per Category IOU: [0.9995575  0.88825758]
2024-11-28 12:41:37 - FewShotSeg - INFO - Epoch: 1, Iteration: 32, Training Loss: 0.0137, Mean IoU: 0.9558, Mean Accuracy: 0.9728, per Category IOU: [0.9995193  0.91208791]
2024-11-28 12:41:37 - FewShotSeg - INFO - Epoch: 1, Iteration: 33, Training Loss: 0.0073, Mean IoU: 0.9456, Mean Accuracy: 0.9823, per Category IOU: [0.99958254 0.89162881]
2024-11-28 12:41:38 - FewShotSeg - INFO - Epoch: 1, Iteration: 34, Training Loss: 0.0086, Mean IoU: 0.9443, Mean Accuracy: 0.9732, per Category IOU: [0.99961768 0.88888889]
2024-11-28 12:41:38 - FewShotSeg - INFO - Epoch: 1, Iteration: 35, Training Loss: 0.0056, Mean IoU: 0.9580, Mean Accuracy: 0.9824, per Category IOU: [0.99967248 0.91624041]
2024-11-28 12:41:38 - FewShotSeg - INFO - Epoch: 1, Iteration: 36, Training Loss: 0.0070, Mean IoU: 0.9514, Mean Accuracy: 0.9777, per Category IOU: [0.99964257 0.90318213]
2024-11-28 12:41:39 - FewShotSeg - INFO - Epoch: 1, Iteration: 37, Training Loss: 0.0080, Mean IoU: 0.9549, Mean Accuracy: 0.9820, per Category IOU: [0.99959476 0.91019956]
2024-11-28 12:41:39 - FewShotSeg - INFO - Epoch: 1, Iteration: 38, Training Loss: 0.0057, Mean IoU: 0.9572, Mean Accuracy: 0.9842, per Category IOU: [0.99970511 0.91467824]
2024-11-28 12:41:39 - FewShotSeg - INFO - Epoch: 1, Iteration: 39, Training Loss: 0.0070, Mean IoU: 0.9502, Mean Accuracy: 0.9807, per Category IOU: [0.9995849  0.90089552]
2024-11-28 12:43:56 - FewShotSeg - INFO - Epoch : 1, Validation Results - Loss: 0.0074, Mean IoU: 0.9744, Mean Accuracy: 0.9858, per Category IOU: [0.99964968 0.51442793]
2024-11-28 12:43:56 - FewShotSeg - INFO - Model saved!
2024-11-28 12:43:56 - FewShotSeg - INFO - Epoch: 2
2024-11-28 12:43:57 - FewShotSeg - INFO - Epoch: 2, Iteration: 0, Training Loss: 0.0050, Mean IoU: 0.9577, Mean Accuracy: 0.9831, per Category IOU: [0.99966998 0.9157626 ]
2024-11-28 12:43:57 - FewShotSeg - INFO - Epoch: 2, Iteration: 1, Training Loss: 0.0045, Mean IoU: 0.9622, Mean Accuracy: 0.9880, per Category IOU: [0.99964973 0.92481203]
2024-11-28 12:43:58 - FewShotSeg - INFO - Epoch: 2, Iteration: 2, Training Loss: 0.0054, Mean IoU: 0.9399, Mean Accuracy: 0.9725, per Category IOU: [0.99960023 0.88014981]
2024-11-28 12:43:58 - FewShotSeg - INFO - Epoch: 2, Iteration: 3, Training Loss: 0.0041, Mean IoU: 0.9526, Mean Accuracy: 0.9906, per Category IOU: [0.9995823  0.90559638]
2024-11-28 12:43:58 - FewShotSeg - INFO - Epoch: 2, Iteration: 4, Training Loss: 0.0073, Mean IoU: 0.9622, Mean Accuracy: 0.9857, per Category IOU: [0.99951633 0.92487349]
2024-11-28 12:43:59 - FewShotSeg - INFO - Epoch: 2, Iteration: 5, Training Loss: 0.0075, Mean IoU: 0.9573, Mean Accuracy: 0.9755, per Category IOU: [0.99969256 0.91499654]
2024-11-28 12:43:59 - FewShotSeg - INFO - Epoch: 2, Iteration: 6, Training Loss: 0.0076, Mean IoU: 0.9526, Mean Accuracy: 0.9766, per Category IOU: [0.9996325  0.90564827]
2024-11-28 12:43:59 - FewShotSeg - INFO - Epoch: 2, Iteration: 7, Training Loss: 0.0051, Mean IoU: 0.9456, Mean Accuracy: 0.9758, per Category IOU: [0.99961012 0.89159138]
2024-11-28 12:44:00 - FewShotSeg - INFO - Epoch: 2, Iteration: 8, Training Loss: 0.0063, Mean IoU: 0.9475, Mean Accuracy: 0.9834, per Category IOU: [0.99959753 0.8953186 ]
2024-11-28 12:44:00 - FewShotSeg - INFO - Epoch: 2, Iteration: 9, Training Loss: 0.0066, Mean IoU: 0.9521, Mean Accuracy: 0.9785, per Category IOU: [0.99957478 0.90454801]
2024-11-28 12:44:01 - FewShotSeg - INFO - Epoch: 2, Iteration: 10, Training Loss: 0.0068, Mean IoU: 0.9528, Mean Accuracy: 0.9841, per Category IOU: [0.99961744 0.90590406]
2024-11-28 12:44:01 - FewShotSeg - INFO - Epoch: 2, Iteration: 11, Training Loss: 0.0074, Mean IoU: 0.9416, Mean Accuracy: 0.9658, per Category IOU: [0.99957262 0.88367347]
2024-11-28 12:44:01 - FewShotSeg - INFO - Epoch: 2, Iteration: 12, Training Loss: 0.0043, Mean IoU: 0.9686, Mean Accuracy: 0.9882, per Category IOU: [0.99969468 0.93746797]
2024-11-28 12:44:02 - FewShotSeg - INFO - Epoch: 2, Iteration: 13, Training Loss: 0.0055, Mean IoU: 0.9654, Mean Accuracy: 0.9917, per Category IOU: [0.99959924 0.9311828 ]
2024-11-28 12:44:02 - FewShotSeg - INFO - Epoch: 2, Iteration: 14, Training Loss: 0.0035, Mean IoU: 0.9533, Mean Accuracy: 0.9836, per Category IOU: [0.9997102  0.90690209]
2024-11-28 12:44:02 - FewShotSeg - INFO - Epoch: 2, Iteration: 15, Training Loss: 0.0033, Mean IoU: 0.9526, Mean Accuracy: 0.9909, per Category IOU: [0.9995823  0.90564972]
2024-11-28 12:44:03 - FewShotSeg - INFO - Epoch: 2, Iteration: 16, Training Loss: 0.0062, Mean IoU: 0.9555, Mean Accuracy: 0.9818, per Category IOU: [0.99960478 0.91148459]
2024-11-28 12:44:03 - FewShotSeg - INFO - Epoch: 2, Iteration: 17, Training Loss: 0.0057, Mean IoU: 0.9420, Mean Accuracy: 0.9733, per Category IOU: [0.99961021 0.88435878]
2024-11-28 12:44:04 - FewShotSeg - INFO - Epoch: 2, Iteration: 18, Training Loss: 0.0050, Mean IoU: 0.9324, Mean Accuracy: 0.9709, per Category IOU: [0.99962041 0.86524823]
2024-11-28 12:44:04 - FewShotSeg - INFO - Epoch: 2, Iteration: 19, Training Loss: 0.0046, Mean IoU: 0.9553, Mean Accuracy: 0.9825, per Category IOU: [0.999655   0.91102515]
2024-11-28 12:44:04 - FewShotSeg - INFO - Epoch: 2, Iteration: 20, Training Loss: 0.0067, Mean IoU: 0.9448, Mean Accuracy: 0.9670, per Category IOU: [0.99964523 0.89000775]
2024-11-28 12:44:05 - FewShotSeg - INFO - Epoch: 2, Iteration: 21, Training Loss: 0.0050, Mean IoU: 0.9406, Mean Accuracy: 0.9835, per Category IOU: [0.99958267 0.88156028]
2024-11-28 12:44:05 - FewShotSeg - INFO - Epoch: 2, Iteration: 22, Training Loss: 0.0057, Mean IoU: 0.9559, Mean Accuracy: 0.9828, per Category IOU: [0.99957713 0.91216216]
2024-11-28 12:44:05 - FewShotSeg - INFO - Epoch: 2, Iteration: 23, Training Loss: 0.0029, Mean IoU: 0.9517, Mean Accuracy: 0.9894, per Category IOU: [0.99967766 0.90373134]
2024-11-28 12:44:06 - FewShotSeg - INFO - Epoch: 2, Iteration: 24, Training Loss: 0.0046, Mean IoU: 0.9555, Mean Accuracy: 0.9911, per Category IOU: [0.99967255 0.9113067 ]
2024-11-28 12:44:06 - FewShotSeg - INFO - Epoch: 2, Iteration: 25, Training Loss: 0.0049, Mean IoU: 0.9499, Mean Accuracy: 0.9742, per Category IOU: [0.9996777 0.9001548]
2024-11-28 12:44:06 - FewShotSeg - INFO - Epoch: 2, Iteration: 26, Training Loss: 0.0040, Mean IoU: 0.9527, Mean Accuracy: 0.9827, per Category IOU: [0.99964253 0.90567282]
2024-11-28 12:44:07 - FewShotSeg - INFO - Epoch: 2, Iteration: 27, Training Loss: 0.0045, Mean IoU: 0.9393, Mean Accuracy: 0.9754, per Category IOU: [0.99957769 0.87893983]
2024-11-28 12:44:07 - FewShotSeg - INFO - Epoch: 2, Iteration: 28, Training Loss: 0.0037, Mean IoU: 0.9425, Mean Accuracy: 0.9818, per Category IOU: [0.99963776 0.88537549]
2024-11-28 12:44:08 - FewShotSeg - INFO - Epoch: 2, Iteration: 29, Training Loss: 0.0033, Mean IoU: 0.9518, Mean Accuracy: 0.9825, per Category IOU: [0.9996977  0.90396825]
2024-11-28 12:44:08 - FewShotSeg - INFO - Epoch: 2, Iteration: 30, Training Loss: 0.0034, Mean IoU: 0.9439, Mean Accuracy: 0.9881, per Category IOU: [0.99959262 0.88812629]
2024-11-28 12:44:08 - FewShotSeg - INFO - Epoch: 2, Iteration: 31, Training Loss: 0.0057, Mean IoU: 0.9454, Mean Accuracy: 0.9833, per Category IOU: [0.99949217 0.89132762]
2024-11-28 12:44:09 - FewShotSeg - INFO - Epoch: 2, Iteration: 32, Training Loss: 0.0044, Mean IoU: 0.9423, Mean Accuracy: 0.9839, per Category IOU: [0.99952493 0.88505747]
2024-11-28 12:44:09 - FewShotSeg - INFO - Epoch: 2, Iteration: 33, Training Loss: 0.0048, Mean IoU: 0.9249, Mean Accuracy: 0.9742, per Category IOU: [0.99955294 0.85033445]
2024-11-28 12:44:09 - FewShotSeg - INFO - Epoch: 2, Iteration: 34, Training Loss: 0.0048, Mean IoU: 0.9446, Mean Accuracy: 0.9791, per Category IOU: [0.99963521 0.88947767]
2024-11-28 12:44:10 - FewShotSeg - INFO - Epoch: 2, Iteration: 35, Training Loss: 0.0040, Mean IoU: 0.9373, Mean Accuracy: 0.9779, per Category IOU: [0.99962784 0.87489505]
2024-11-28 12:44:10 - FewShotSeg - INFO - Epoch: 2, Iteration: 36, Training Loss: 0.0060, Mean IoU: 0.9461, Mean Accuracy: 0.9746, per Category IOU: [0.99954237 0.89273154]
2024-11-28 12:44:11 - FewShotSeg - INFO - Epoch: 2, Iteration: 37, Training Loss: 0.0047, Mean IoU: 0.9614, Mean Accuracy: 0.9864, per Category IOU: [0.999602   0.92326255]
2024-11-28 12:44:11 - FewShotSeg - INFO - Epoch: 2, Iteration: 38, Training Loss: 0.0039, Mean IoU: 0.9261, Mean Accuracy: 0.9880, per Category IOU: [0.99955292 0.8526749 ]
2024-11-28 12:44:11 - FewShotSeg - INFO - Epoch: 2, Iteration: 39, Training Loss: 0.0038, Mean IoU: 0.9675, Mean Accuracy: 0.9921, per Category IOU: [0.99962429 0.93531695]
2024-11-28 12:46:28 - FewShotSeg - INFO - Epoch : 2, Validation Results - Loss: 0.0045, Mean IoU: 0.9752, Mean Accuracy: 0.9898, per Category IOU: [0.9996487  0.51592061]
2024-11-28 12:46:28 - FewShotSeg - INFO - Model saved!
2024-11-28 12:46:28 - FewShotSeg - INFO - Epoch: 3
2024-11-28 12:46:29 - FewShotSeg - INFO - Epoch: 3, Iteration: 0, Training Loss: 0.0031, Mean IoU: 0.9590, Mean Accuracy: 0.9925, per Category IOU: [0.99963981 0.91832104]
2024-11-28 12:46:29 - FewShotSeg - INFO - Epoch: 3, Iteration: 1, Training Loss: 0.0029, Mean IoU: 0.9362, Mean Accuracy: 0.9858, per Category IOU: [0.99958528 0.87279693]
2024-11-28 12:46:30 - FewShotSeg - INFO - Epoch: 3, Iteration: 2, Training Loss: 0.0038, Mean IoU: 0.9689, Mean Accuracy: 0.9909, per Category IOU: [0.99960906 0.93819334]
2024-11-28 12:46:30 - FewShotSeg - INFO - Epoch: 3, Iteration: 3, Training Loss: 0.0034, Mean IoU: 0.9451, Mean Accuracy: 0.9850, per Category IOU: [0.99964021 0.89057751]
2024-11-28 12:46:30 - FewShotSeg - INFO - Epoch: 3, Iteration: 4, Training Loss: 0.0041, Mean IoU: 0.9574, Mean Accuracy: 0.9958, per Category IOU: [0.99956952 0.91527094]
2024-11-28 12:46:31 - FewShotSeg - INFO - Epoch: 3, Iteration: 5, Training Loss: 0.0043, Mean IoU: 0.9624, Mean Accuracy: 0.9900, per Category IOU: [0.99956671 0.92514063]
2024-11-28 12:46:31 - FewShotSeg - INFO - Epoch: 3, Iteration: 6, Training Loss: 0.0045, Mean IoU: 0.9375, Mean Accuracy: 0.9715, per Category IOU: [0.99964536 0.8754386 ]
2024-11-28 12:46:31 - FewShotSeg - INFO - Epoch: 3, Iteration: 7, Training Loss: 0.0029, Mean IoU: 0.9533, Mean Accuracy: 0.9882, per Category IOU: [0.99966759 0.90692792]
2024-11-28 12:46:32 - FewShotSeg - INFO - Epoch: 3, Iteration: 8, Training Loss: 0.0048, Mean IoU: 0.9334, Mean Accuracy: 0.9862, per Category IOU: [0.99944996 0.86731001]
2024-11-28 12:46:32 - FewShotSeg - INFO - Epoch: 3, Iteration: 9, Training Loss: 0.0053, Mean IoU: 0.9227, Mean Accuracy: 0.9660, per Category IOU: [0.99955548 0.8457539 ]
2024-11-28 12:46:33 - FewShotSeg - INFO - Epoch: 3, Iteration: 10, Training Loss: 0.0050, Mean IoU: 0.9354, Mean Accuracy: 0.9683, per Category IOU: [0.9996504  0.87120515]
2024-11-28 12:46:33 - FewShotSeg - INFO - Epoch: 3, Iteration: 11, Training Loss: 0.0045, Mean IoU: 0.9449, Mean Accuracy: 0.9799, per Category IOU: [0.99953237 0.89019378]
2024-11-28 12:46:33 - FewShotSeg - INFO - Epoch: 3, Iteration: 12, Training Loss: 0.0034, Mean IoU: 0.9471, Mean Accuracy: 0.9823, per Category IOU: [0.99959503 0.8946684 ]
2024-11-28 12:46:34 - FewShotSeg - INFO - Epoch: 3, Iteration: 13, Training Loss: 0.0042, Mean IoU: 0.9476, Mean Accuracy: 0.9871, per Category IOU: [0.99950966 0.89563365]
2024-11-28 12:46:34 - FewShotSeg - INFO - Epoch: 3, Iteration: 14, Training Loss: 0.0036, Mean IoU: 0.9274, Mean Accuracy: 0.9748, per Category IOU: [0.99956792 0.85523013]
2024-11-28 12:46:34 - FewShotSeg - INFO - Epoch: 3, Iteration: 15, Training Loss: 0.0050, Mean IoU: 0.9656, Mean Accuracy: 0.9910, per Category IOU: [0.99958915 0.93155259]
2024-11-28 12:46:35 - FewShotSeg - INFO - Epoch: 3, Iteration: 16, Training Loss: 0.0033, Mean IoU: 0.9540, Mean Accuracy: 0.9918, per Category IOU: [0.99962995 0.90835913]
2024-11-28 12:46:35 - FewShotSeg - INFO - Epoch: 3, Iteration: 17, Training Loss: 0.0036, Mean IoU: 0.9263, Mean Accuracy: 0.9820, per Category IOU: [0.99957044 0.85311699]
2024-11-28 12:46:36 - FewShotSeg - INFO - Epoch: 3, Iteration: 18, Training Loss: 0.0039, Mean IoU: 0.9498, Mean Accuracy: 0.9877, per Category IOU: [0.99953218 0.90005345]
2024-11-28 12:46:36 - FewShotSeg - INFO - Epoch: 3, Iteration: 19, Training Loss: 0.0030, Mean IoU: 0.9449, Mean Accuracy: 0.9851, per Category IOU: [0.99967529 0.8902027 ]
2024-11-28 12:46:36 - FewShotSeg - INFO - Epoch: 3, Iteration: 20, Training Loss: 0.0031, Mean IoU: 0.9440, Mean Accuracy: 0.9876, per Category IOU: [0.99953491 0.88848921]
2024-11-28 12:46:37 - FewShotSeg - INFO - Epoch: 3, Iteration: 21, Training Loss: 0.0039, Mean IoU: 0.9477, Mean Accuracy: 0.9845, per Category IOU: [0.99955737 0.89575972]
2024-11-28 12:46:37 - FewShotSeg - INFO - Epoch: 3, Iteration: 22, Training Loss: 0.0035, Mean IoU: 0.9320, Mean Accuracy: 0.9954, per Category IOU: [0.99932195 0.86463536]
2024-11-28 12:46:37 - FewShotSeg - INFO - Epoch: 3, Iteration: 23, Training Loss: 0.0037, Mean IoU: 0.9207, Mean Accuracy: 0.9862, per Category IOU: [0.99949792 0.84198113]
2024-11-28 12:46:38 - FewShotSeg - INFO - Epoch: 3, Iteration: 24, Training Loss: 0.0027, Mean IoU: 0.9580, Mean Accuracy: 0.9905, per Category IOU: [0.99964236 0.91632534]
2024-11-28 12:46:38 - FewShotSeg - INFO - Epoch: 3, Iteration: 25, Training Loss: 0.0041, Mean IoU: 0.9547, Mean Accuracy: 0.9904, per Category IOU: [0.99950678 0.90988106]
2024-11-28 12:46:38 - FewShotSeg - INFO - Epoch: 3, Iteration: 26, Training Loss: 0.0038, Mean IoU: 0.9610, Mean Accuracy: 0.9909, per Category IOU: [0.9996548  0.92234102]
2024-11-28 12:46:39 - FewShotSeg - INFO - Epoch: 3, Iteration: 27, Training Loss: 0.0036, Mean IoU: 0.9483, Mean Accuracy: 0.9900, per Category IOU: [0.99957241 0.89711191]
2024-11-28 12:46:39 - FewShotSeg - INFO - Epoch: 3, Iteration: 28, Training Loss: 0.0034, Mean IoU: 0.9493, Mean Accuracy: 0.9943, per Category IOU: [0.99959496 0.89906542]
2024-11-28 12:46:40 - FewShotSeg - INFO - Epoch: 3, Iteration: 29, Training Loss: 0.0038, Mean IoU: 0.9413, Mean Accuracy: 0.9864, per Category IOU: [0.99954504 0.8829582 ]
2024-11-28 12:46:40 - FewShotSeg - INFO - Epoch: 3, Iteration: 30, Training Loss: 0.0031, Mean IoU: 0.9404, Mean Accuracy: 0.9889, per Category IOU: [0.99960774 0.88124054]
2024-11-28 12:46:40 - FewShotSeg - INFO - Epoch: 3, Iteration: 31, Training Loss: 0.0039, Mean IoU: 0.9313, Mean Accuracy: 0.9888, per Category IOU: [0.99943497 0.86319613]
2024-11-28 12:46:41 - FewShotSeg - INFO - Epoch: 3, Iteration: 32, Training Loss: 0.0028, Mean IoU: 0.9410, Mean Accuracy: 0.9860, per Category IOU: [0.99963779 0.88240065]
2024-11-28 12:46:41 - FewShotSeg - INFO - Epoch: 3, Iteration: 33, Training Loss: 0.0033, Mean IoU: 0.9607, Mean Accuracy: 0.9878, per Category IOU: [0.99971755 0.92174515]
2024-11-28 12:46:41 - FewShotSeg - INFO - Epoch: 3, Iteration: 34, Training Loss: 0.0042, Mean IoU: 0.9563, Mean Accuracy: 0.9898, per Category IOU: [0.99969761 0.91294964]
2024-11-28 12:46:42 - FewShotSeg - INFO - Epoch: 3, Iteration: 35, Training Loss: 0.0048, Mean IoU: 0.9300, Mean Accuracy: 0.9889, per Category IOU: [0.99950774 0.86058033]
2024-11-28 12:46:42 - FewShotSeg - INFO - Epoch: 3, Iteration: 36, Training Loss: 0.0043, Mean IoU: 0.9427, Mean Accuracy: 0.9864, per Category IOU: [0.99949731 0.88592509]
2024-11-28 12:46:43 - FewShotSeg - INFO - Epoch: 3, Iteration: 37, Training Loss: 0.0029, Mean IoU: 0.9530, Mean Accuracy: 0.9919, per Category IOU: [0.99953203 0.9065    ]
2024-11-28 12:46:43 - FewShotSeg - INFO - Epoch: 3, Iteration: 38, Training Loss: 0.0029, Mean IoU: 0.9471, Mean Accuracy: 0.9890, per Category IOU: [0.9996151  0.89459274]
2024-11-28 12:46:43 - FewShotSeg - INFO - Epoch: 3, Iteration: 39, Training Loss: 0.0023, Mean IoU: 0.9410, Mean Accuracy: 0.9950, per Category IOU: [0.99959269 0.88239538]
2024-11-28 12:49:00 - FewShotSeg - INFO - Epoch : 3, Validation Results - Loss: 0.0037, Mean IoU: 0.9743, Mean Accuracy: 0.9918, per Category IOU: [0.99962785 0.51419746]
2024-11-28 12:49:00 - FewShotSeg - INFO - Epoch: 4
2024-11-28 12:49:01 - FewShotSeg - INFO - Epoch: 4, Iteration: 0, Training Loss: 0.0034, Mean IoU: 0.9586, Mean Accuracy: 0.9925, per Category IOU: [0.99954681 0.91768986]
2024-11-28 12:49:01 - FewShotSeg - INFO - Epoch: 4, Iteration: 1, Training Loss: 0.0034, Mean IoU: 0.9535, Mean Accuracy: 0.9875, per Category IOU: [0.99963749 0.90734824]
2024-11-28 12:49:01 - FewShotSeg - INFO - Epoch: 4, Iteration: 2, Training Loss: 0.0033, Mean IoU: 0.9276, Mean Accuracy: 0.9959, per Category IOU: [0.99951782 0.85564697]
2024-11-28 12:49:02 - FewShotSeg - INFO - Epoch: 4, Iteration: 3, Training Loss: 0.0029, Mean IoU: 0.9512, Mean Accuracy: 0.9904, per Category IOU: [0.99962251 0.90270619]
2024-11-28 12:49:02 - FewShotSeg - INFO - Epoch: 4, Iteration: 4, Training Loss: 0.0027, Mean IoU: 0.9523, Mean Accuracy: 0.9907, per Category IOU: [0.99956222 0.90504612]
2024-11-28 12:49:02 - FewShotSeg - INFO - Epoch: 4, Iteration: 5, Training Loss: 0.0037, Mean IoU: 0.9472, Mean Accuracy: 0.9838, per Category IOU: [0.99967274 0.89477912]
2024-11-28 12:49:03 - FewShotSeg - INFO - Epoch: 4, Iteration: 6, Training Loss: 0.0039, Mean IoU: 0.9412, Mean Accuracy: 0.9909, per Category IOU: [0.99950741 0.88280785]
2024-11-28 12:49:03 - FewShotSeg - INFO - Epoch: 4, Iteration: 7, Training Loss: 0.0033, Mean IoU: 0.9473, Mean Accuracy: 0.9874, per Category IOU: [0.99962011 0.89488243]
2024-11-28 12:49:04 - FewShotSeg - INFO - Epoch: 4, Iteration: 8, Training Loss: 0.0031, Mean IoU: 0.9307, Mean Accuracy: 0.9893, per Category IOU: [0.99955032 0.86185725]
2024-11-28 12:49:04 - FewShotSeg - INFO - Epoch: 4, Iteration: 9, Training Loss: 0.0042, Mean IoU: 0.9498, Mean Accuracy: 0.9883, per Category IOU: [0.99945676 0.90013806]
2024-11-28 12:49:04 - FewShotSeg - INFO - Epoch: 4, Iteration: 10, Training Loss: 0.0034, Mean IoU: 0.9537, Mean Accuracy: 0.9909, per Category IOU: [0.99947916 0.90792386]
2024-11-28 12:49:05 - FewShotSeg - INFO - Epoch: 4, Iteration: 11, Training Loss: 0.0041, Mean IoU: 0.9633, Mean Accuracy: 0.9915, per Category IOU: [0.99955909 0.92697095]
2024-11-28 12:49:05 - FewShotSeg - INFO - Epoch: 4, Iteration: 12, Training Loss: 0.0030, Mean IoU: 0.9581, Mean Accuracy: 0.9938, per Category IOU: [0.99964738 0.91656805]
2024-11-28 12:49:05 - FewShotSeg - INFO - Epoch: 4, Iteration: 13, Training Loss: 0.0038, Mean IoU: 0.9360, Mean Accuracy: 0.9789, per Category IOU: [0.99956524 0.87252747]
2024-11-28 12:49:06 - FewShotSeg - INFO - Epoch: 4, Iteration: 14, Training Loss: 0.0033, Mean IoU: 0.9389, Mean Accuracy: 0.9914, per Category IOU: [0.99942715 0.87845011]
2024-11-28 12:49:06 - FewShotSeg - INFO - Epoch: 4, Iteration: 15, Training Loss: 0.0035, Mean IoU: 0.9320, Mean Accuracy: 0.9957, per Category IOU: [0.99932195 0.86470295]
2024-11-28 12:49:07 - FewShotSeg - INFO - Epoch: 4, Iteration: 16, Training Loss: 0.0040, Mean IoU: 0.9481, Mean Accuracy: 0.9923, per Category IOU: [0.99948451 0.89679359]
2024-11-28 12:49:07 - FewShotSeg - INFO - Epoch: 4, Iteration: 17, Training Loss: 0.0029, Mean IoU: 0.9396, Mean Accuracy: 0.9931, per Category IOU: [0.99954509 0.87962963]
2024-11-28 12:49:07 - FewShotSeg - INFO - Epoch: 4, Iteration: 18, Training Loss: 0.0035, Mean IoU: 0.9178, Mean Accuracy: 0.9911, per Category IOU: [0.99947043 0.83616692]
2024-11-28 12:49:08 - FewShotSeg - INFO - Epoch: 4, Iteration: 19, Training Loss: 0.0028, Mean IoU: 0.9384, Mean Accuracy: 0.9891, per Category IOU: [0.99957019 0.87714286]
2024-11-28 12:49:08 - FewShotSeg - INFO - Epoch: 4, Iteration: 20, Training Loss: 0.0026, Mean IoU: 0.9383, Mean Accuracy: 0.9896, per Category IOU: [0.99959776 0.87700535]
2024-11-28 12:49:08 - FewShotSeg - INFO - Epoch: 4, Iteration: 21, Training Loss: 0.0041, Mean IoU: 0.9306, Mean Accuracy: 0.9913, per Category IOU: [0.99941743 0.86180308]
2024-11-28 12:49:09 - FewShotSeg - INFO - Epoch: 4, Iteration: 22, Training Loss: 0.0028, Mean IoU: 0.9605, Mean Accuracy: 0.9888, per Category IOU: [0.99967993 0.92123077]
2024-11-28 12:49:09 - FewShotSeg - INFO - Epoch: 4, Iteration: 23, Training Loss: 0.0025, Mean IoU: 0.9529, Mean Accuracy: 0.9925, per Category IOU: [0.99961994 0.90623072]
2024-11-28 12:49:10 - FewShotSeg - INFO - Epoch: 4, Iteration: 24, Training Loss: 0.0023, Mean IoU: 0.9563, Mean Accuracy: 0.9953, per Category IOU: [0.99968758 0.91295265]
2024-11-28 12:49:10 - FewShotSeg - INFO - Epoch: 4, Iteration: 25, Training Loss: 0.0034, Mean IoU: 0.9403, Mean Accuracy: 0.9921, per Category IOU: [0.99950493 0.88100962]
2024-11-28 12:49:10 - FewShotSeg - INFO - Epoch: 4, Iteration: 26, Training Loss: 0.0033, Mean IoU: 0.9525, Mean Accuracy: 0.9913, per Category IOU: [0.99956221 0.90535425]
2024-11-28 12:49:11 - FewShotSeg - INFO - Epoch: 4, Iteration: 27, Training Loss: 0.0037, Mean IoU: 0.9311, Mean Accuracy: 0.9825, per Category IOU: [0.99958037 0.86263287]
2024-11-28 12:49:11 - FewShotSeg - INFO - Epoch: 4, Iteration: 28, Training Loss: 0.0037, Mean IoU: 0.9211, Mean Accuracy: 0.9786, per Category IOU: [0.99955801 0.84266667]
2024-11-28 12:49:11 - FewShotSeg - INFO - Epoch: 4, Iteration: 29, Training Loss: 0.0029, Mean IoU: 0.9297, Mean Accuracy: 0.9945, per Category IOU: [0.9995829  0.85989933]
2024-11-28 12:49:12 - FewShotSeg - INFO - Epoch: 4, Iteration: 30, Training Loss: 0.0028, Mean IoU: 0.9431, Mean Accuracy: 0.9909, per Category IOU: [0.99957759 0.88665325]
2024-11-28 12:49:12 - FewShotSeg - INFO - Epoch: 4, Iteration: 31, Training Loss: 0.0027, Mean IoU: 0.9450, Mean Accuracy: 0.9857, per Category IOU: [0.99961014 0.89044944]
2024-11-28 12:49:13 - FewShotSeg - INFO - Epoch: 4, Iteration: 32, Training Loss: 0.0030, Mean IoU: 0.9490, Mean Accuracy: 0.9865, per Category IOU: [0.99957741 0.8984985 ]
2024-11-28 12:49:13 - FewShotSeg - INFO - Epoch: 4, Iteration: 33, Training Loss: 0.0031, Mean IoU: 0.9445, Mean Accuracy: 0.9946, per Category IOU: [0.99945704 0.88945492]
2024-11-28 12:49:13 - FewShotSeg - INFO - Epoch: 4, Iteration: 34, Training Loss: 0.0026, Mean IoU: 0.9460, Mean Accuracy: 0.9928, per Category IOU: [0.99955743 0.89240122]
2024-11-28 12:49:14 - FewShotSeg - INFO - Epoch: 4, Iteration: 35, Training Loss: 0.0039, Mean IoU: 0.9401, Mean Accuracy: 0.9938, per Category IOU: [0.99952752 0.88060644]
2024-11-28 12:49:14 - FewShotSeg - INFO - Epoch: 4, Iteration: 36, Training Loss: 0.0027, Mean IoU: 0.9531, Mean Accuracy: 0.9925, per Category IOU: [0.99958479 0.90653153]
2024-11-28 12:49:14 - FewShotSeg - INFO - Epoch: 4, Iteration: 37, Training Loss: 0.0039, Mean IoU: 0.9216, Mean Accuracy: 0.9882, per Category IOU: [0.9994102  0.84370861]
2024-11-28 12:49:15 - FewShotSeg - INFO - Epoch: 4, Iteration: 38, Training Loss: 0.0030, Mean IoU: 0.9467, Mean Accuracy: 0.9821, per Category IOU: [0.99967025 0.89371981]
2024-11-28 12:49:15 - FewShotSeg - INFO - Epoch: 4, Iteration: 39, Training Loss: 0.0028, Mean IoU: 0.9516, Mean Accuracy: 0.9941, per Category IOU: [0.9995145  0.90372208]
2024-11-28 12:51:32 - FewShotSeg - INFO - Epoch : 4, Validation Results - Loss: 0.0033, Mean IoU: 0.9737, Mean Accuracy: 0.9928, per Category IOU: [0.99961478 0.51298641]
2024-11-28 12:51:32 - FewShotSeg - INFO - Epoch: 5
2024-11-28 12:51:32 - FewShotSeg - INFO - Epoch: 5, Iteration: 0, Training Loss: 0.0035, Mean IoU: 0.9080, Mean Accuracy: 0.9858, per Category IOU: [0.99943306 0.81663974]
2024-11-28 12:51:32 - FewShotSeg - INFO - Epoch: 5, Iteration: 1, Training Loss: 0.0023, Mean IoU: 0.9530, Mean Accuracy: 0.9941, per Category IOU: [0.99967011 0.90638298]
2024-11-28 12:51:33 - FewShotSeg - INFO - Epoch: 5, Iteration: 2, Training Loss: 0.0027, Mean IoU: 0.9577, Mean Accuracy: 0.9959, per Category IOU: [0.99961977 0.91574279]
2024-11-28 12:51:33 - FewShotSeg - INFO - Epoch: 5, Iteration: 3, Training Loss: 0.0034, Mean IoU: 0.9457, Mean Accuracy: 0.9955, per Category IOU: [0.99942681 0.89198113]
2024-11-28 12:51:34 - FewShotSeg - INFO - Epoch: 5, Iteration: 4, Training Loss: 0.0024, Mean IoU: 0.9444, Mean Accuracy: 0.9958, per Category IOU: [0.99961767 0.88913043]
2024-11-28 12:51:34 - FewShotSeg - INFO - Epoch: 5, Iteration: 5, Training Loss: 0.0029, Mean IoU: 0.9434, Mean Accuracy: 0.9863, per Category IOU: [0.99956755 0.88722295]
2024-11-28 12:51:34 - FewShotSeg - INFO - Epoch: 5, Iteration: 6, Training Loss: 0.0026, Mean IoU: 0.9348, Mean Accuracy: 0.9921, per Category IOU: [0.99952516 0.87012987]
2024-11-28 12:51:35 - FewShotSeg - INFO - Epoch: 5, Iteration: 7, Training Loss: 0.0024, Mean IoU: 0.9395, Mean Accuracy: 0.9883, per Category IOU: [0.99960776 0.87941628]
2024-11-28 12:51:35 - FewShotSeg - INFO - Epoch: 5, Iteration: 8, Training Loss: 0.0024, Mean IoU: 0.9467, Mean Accuracy: 0.9946, per Category IOU: [0.99957498 0.89375   ]
2024-11-28 12:51:35 - FewShotSeg - INFO - Epoch: 5, Iteration: 9, Training Loss: 0.0030, Mean IoU: 0.9316, Mean Accuracy: 0.9943, per Category IOU: [0.99950268 0.86369863]
2024-11-28 12:51:36 - FewShotSeg - INFO - Epoch: 5, Iteration: 10, Training Loss: 0.0036, Mean IoU: 0.9646, Mean Accuracy: 0.9912, per Category IOU: [0.99943782 0.9296924 ]
2024-11-28 12:51:36 - FewShotSeg - INFO - Epoch: 5, Iteration: 11, Training Loss: 0.0040, Mean IoU: 0.9249, Mean Accuracy: 0.9798, per Category IOU: [0.99955795 0.85025381]
2024-11-28 12:51:37 - FewShotSeg - INFO - Epoch: 5, Iteration: 12, Training Loss: 0.0037, Mean IoU: 0.9408, Mean Accuracy: 0.9891, per Category IOU: [0.99951244 0.88203267]
2024-11-28 12:51:37 - FewShotSeg - INFO - Epoch: 5, Iteration: 13, Training Loss: 0.0035, Mean IoU: 0.9194, Mean Accuracy: 0.9958, per Category IOU: [0.99945286 0.83932502]
2024-11-28 12:51:37 - FewShotSeg - INFO - Epoch: 5, Iteration: 14, Training Loss: 0.0032, Mean IoU: 0.9497, Mean Accuracy: 0.9963, per Category IOU: [0.99944166 0.9       ]
2024-11-28 12:51:38 - FewShotSeg - INFO - Epoch: 5, Iteration: 15, Training Loss: 0.0033, Mean IoU: 0.9176, Mean Accuracy: 0.9902, per Category IOU: [0.99944539 0.83567728]
2024-11-28 12:51:38 - FewShotSeg - INFO - Epoch: 5, Iteration: 16, Training Loss: 0.0035, Mean IoU: 0.9460, Mean Accuracy: 0.9925, per Category IOU: [0.99948712 0.89244491]
2024-11-28 12:51:38 - FewShotSeg - INFO - Epoch: 5, Iteration: 17, Training Loss: 0.0036, Mean IoU: 0.9490, Mean Accuracy: 0.9879, per Category IOU: [0.99957239 0.89839572]
2024-11-28 12:51:39 - FewShotSeg - INFO - Epoch: 5, Iteration: 18, Training Loss: 0.0030, Mean IoU: 0.9446, Mean Accuracy: 0.9904, per Category IOU: [0.99962769 0.88962963]
2024-11-28 12:51:39 - FewShotSeg - INFO - Epoch: 5, Iteration: 19, Training Loss: 0.0028, Mean IoU: 0.9445, Mean Accuracy: 0.9959, per Category IOU: [0.99955999 0.88951664]
2024-11-28 12:51:40 - FewShotSeg - INFO - Epoch: 5, Iteration: 20, Training Loss: 0.0027, Mean IoU: 0.9474, Mean Accuracy: 0.9937, per Category IOU: [0.99954734 0.89519398]
2024-11-28 12:51:40 - FewShotSeg - INFO - Epoch: 5, Iteration: 21, Training Loss: 0.0023, Mean IoU: 0.9493, Mean Accuracy: 0.9928, per Category IOU: [0.99958744 0.89908257]
2024-11-28 12:51:40 - FewShotSeg - INFO - Epoch: 5, Iteration: 22, Training Loss: 0.0033, Mean IoU: 0.9383, Mean Accuracy: 0.9916, per Category IOU: [0.99962281 0.87693562]
2024-11-28 12:51:41 - FewShotSeg - INFO - Epoch: 5, Iteration: 23, Training Loss: 0.0025, Mean IoU: 0.9327, Mean Accuracy: 0.9870, per Category IOU: [0.99954276 0.86583578]
2024-11-28 12:51:41 - FewShotSeg - INFO - Epoch: 5, Iteration: 24, Training Loss: 0.0027, Mean IoU: 0.9367, Mean Accuracy: 0.9887, per Category IOU: [0.9995577  0.87393162]
2024-11-28 12:51:41 - FewShotSeg - INFO - Epoch: 5, Iteration: 25, Training Loss: 0.0030, Mean IoU: 0.9409, Mean Accuracy: 0.9929, per Category IOU: [0.99954505 0.88227684]
2024-11-28 12:51:42 - FewShotSeg - INFO - Epoch: 5, Iteration: 26, Training Loss: 0.0033, Mean IoU: 0.9257, Mean Accuracy: 0.9889, per Category IOU: [0.99951285 0.85193622]
2024-11-28 12:51:42 - FewShotSeg - INFO - Epoch: 5, Iteration: 27, Training Loss: 0.0030, Mean IoU: 0.9435, Mean Accuracy: 0.9842, per Category IOU: [0.99963774 0.88733489]
2024-11-28 12:51:42 - FewShotSeg - INFO - Epoch: 5, Iteration: 28, Training Loss: 0.0032, Mean IoU: 0.9469, Mean Accuracy: 0.9919, per Category IOU: [0.99946195 0.89424496]
2024-11-28 12:51:43 - FewShotSeg - INFO - Epoch: 5, Iteration: 29, Training Loss: 0.0037, Mean IoU: 0.9421, Mean Accuracy: 0.9884, per Category IOU: [0.99958013 0.88453608]
2024-11-28 12:51:43 - FewShotSeg - INFO - Epoch: 5, Iteration: 30, Training Loss: 0.0027, Mean IoU: 0.9523, Mean Accuracy: 0.9944, per Category IOU: [0.99952201 0.90511674]
2024-11-28 12:51:44 - FewShotSeg - INFO - Epoch: 5, Iteration: 31, Training Loss: 0.0027, Mean IoU: 0.9430, Mean Accuracy: 0.9904, per Category IOU: [0.9996152  0.88634686]
2024-11-28 12:51:44 - FewShotSeg - INFO - Epoch: 5, Iteration: 32, Training Loss: 0.0033, Mean IoU: 0.9359, Mean Accuracy: 0.9948, per Category IOU: [0.99937453 0.87238387]
2024-11-28 12:51:44 - FewShotSeg - INFO - Epoch: 5, Iteration: 33, Training Loss: 0.0021, Mean IoU: 0.9467, Mean Accuracy: 0.9962, per Category IOU: [0.99963516 0.8937409 ]
2024-11-28 12:51:45 - FewShotSeg - INFO - Epoch: 5, Iteration: 34, Training Loss: 0.0027, Mean IoU: 0.9396, Mean Accuracy: 0.9923, per Category IOU: [0.99950495 0.87963526]
2024-11-28 12:51:45 - FewShotSeg - INFO - Epoch: 5, Iteration: 35, Training Loss: 0.0024, Mean IoU: 0.9584, Mean Accuracy: 0.9949, per Category IOU: [0.99965741 0.91712039]
2024-11-28 12:51:45 - FewShotSeg - INFO - Epoch: 5, Iteration: 36, Training Loss: 0.0040, Mean IoU: 0.9365, Mean Accuracy: 0.9921, per Category IOU: [0.99943729 0.87359551]
2024-11-28 12:51:46 - FewShotSeg - INFO - Epoch: 5, Iteration: 37, Training Loss: 0.0038, Mean IoU: 0.9337, Mean Accuracy: 0.9853, per Category IOU: [0.9995277  0.86792453]
2024-11-28 12:51:46 - FewShotSeg - INFO - Epoch: 5, Iteration: 38, Training Loss: 0.0034, Mean IoU: 0.9605, Mean Accuracy: 0.9928, per Category IOU: [0.99936502 0.92155039]
2024-11-28 12:51:47 - FewShotSeg - INFO - Epoch: 5, Iteration: 39, Training Loss: 0.0026, Mean IoU: 0.9305, Mean Accuracy: 0.9874, per Category IOU: [0.99952527 0.86151603]
2024-11-28 12:54:04 - FewShotSeg - INFO - Epoch : 5, Validation Results - Loss: 0.0031, Mean IoU: 0.9731, Mean Accuracy: 0.9937, per Category IOU: [0.99960278 0.51183556]
2024-11-28 12:54:04 - FewShotSeg - INFO - Epoch: 6
2024-11-28 12:54:04 - FewShotSeg - INFO - Epoch: 6, Iteration: 0, Training Loss: 0.0026, Mean IoU: 0.9237, Mean Accuracy: 0.9908, per Category IOU: [0.99953293 0.84784378]
2024-11-28 12:54:04 - FewShotSeg - INFO - Epoch: 6, Iteration: 1, Training Loss: 0.0032, Mean IoU: 0.9337, Mean Accuracy: 0.9829, per Category IOU: [0.99956529 0.86788155]
2024-11-28 12:54:05 - FewShotSeg - INFO - Epoch: 6, Iteration: 2, Training Loss: 0.0034, Mean IoU: 0.9436, Mean Accuracy: 0.9925, per Category IOU: [0.99946211 0.88778706]
2024-11-28 12:54:05 - FewShotSeg - INFO - Epoch: 6, Iteration: 3, Training Loss: 0.0026, Mean IoU: 0.9448, Mean Accuracy: 0.9949, per Category IOU: [0.9996302  0.88988095]
2024-11-28 12:54:05 - FewShotSeg - INFO - Epoch: 6, Iteration: 4, Training Loss: 0.0038, Mean IoU: 0.9286, Mean Accuracy: 0.9937, per Category IOU: [0.99945763 0.85779817]
2024-11-28 12:54:06 - FewShotSeg - INFO - Epoch: 6, Iteration: 5, Training Loss: 0.0024, Mean IoU: 0.9442, Mean Accuracy: 0.9920, per Category IOU: [0.99950729 0.88882619]
2024-11-28 12:54:06 - FewShotSeg - INFO - Epoch: 6, Iteration: 6, Training Loss: 0.0030, Mean IoU: 0.9413, Mean Accuracy: 0.9919, per Category IOU: [0.99954504 0.88310854]
2024-11-28 12:54:07 - FewShotSeg - INFO - Epoch: 6, Iteration: 7, Training Loss: 0.0029, Mean IoU: 0.9434, Mean Accuracy: 0.9942, per Category IOU: [0.99930867 0.88748471]
2024-11-28 12:54:07 - FewShotSeg - INFO - Epoch: 6, Iteration: 8, Training Loss: 0.0030, Mean IoU: 0.9490, Mean Accuracy: 0.9951, per Category IOU: [0.99935609 0.89873916]
2024-11-28 12:54:07 - FewShotSeg - INFO - Epoch: 6, Iteration: 9, Training Loss: 0.0023, Mean IoU: 0.9539, Mean Accuracy: 0.9944, per Category IOU: [0.99963497 0.90823382]
2024-11-28 12:54:08 - FewShotSeg - INFO - Epoch: 6, Iteration: 10, Training Loss: 0.0023, Mean IoU: 0.9572, Mean Accuracy: 0.9963, per Category IOU: [0.99956701 0.91490408]
2024-11-28 12:54:08 - FewShotSeg - INFO - Epoch: 6, Iteration: 11, Training Loss: 0.0027, Mean IoU: 0.9394, Mean Accuracy: 0.9969, per Category IOU: [0.99945475 0.87935805]
2024-11-28 12:54:08 - FewShotSeg - INFO - Epoch: 6, Iteration: 12, Training Loss: 0.0031, Mean IoU: 0.9385, Mean Accuracy: 0.9949, per Category IOU: [0.99950248 0.87746305]
2024-11-28 12:54:09 - FewShotSeg - INFO - Epoch: 6, Iteration: 13, Training Loss: 0.0026, Mean IoU: 0.9275, Mean Accuracy: 0.9938, per Category IOU: [0.99954538 0.85544083]
2024-11-28 12:54:09 - FewShotSeg - INFO - Epoch: 6, Iteration: 14, Training Loss: 0.0028, Mean IoU: 0.9428, Mean Accuracy: 0.9951, per Category IOU: [0.9996628  0.88588335]
2024-11-28 12:54:10 - FewShotSeg - INFO - Epoch: 6, Iteration: 15, Training Loss: 0.0025, Mean IoU: 0.9432, Mean Accuracy: 0.9978, per Category IOU: [0.99951988 0.88679245]
2024-11-28 12:54:10 - FewShotSeg - INFO - Epoch: 6, Iteration: 16, Training Loss: 0.0026, Mean IoU: 0.9467, Mean Accuracy: 0.9943, per Category IOU: [0.99959755 0.89379947]
2024-11-28 12:54:10 - FewShotSeg - INFO - Epoch: 6, Iteration: 17, Training Loss: 0.0039, Mean IoU: 0.9329, Mean Accuracy: 0.9946, per Category IOU: [0.99940982 0.86644029]
2024-11-28 12:54:11 - FewShotSeg - INFO - Epoch: 6, Iteration: 18, Training Loss: 0.0035, Mean IoU: 0.9203, Mean Accuracy: 0.9874, per Category IOU: [0.99951797 0.84102142]
2024-11-28 12:54:11 - FewShotSeg - INFO - Epoch: 6, Iteration: 19, Training Loss: 0.0035, Mean IoU: 0.9253, Mean Accuracy: 0.9920, per Category IOU: [0.99941259 0.85117163]
2024-11-28 12:54:11 - FewShotSeg - INFO - Epoch: 6, Iteration: 20, Training Loss: 0.0025, Mean IoU: 0.9407, Mean Accuracy: 0.9894, per Category IOU: [0.99954255 0.88193548]
2024-11-28 12:54:12 - FewShotSeg - INFO - Epoch: 6, Iteration: 21, Training Loss: 0.0031, Mean IoU: 0.9378, Mean Accuracy: 0.9928, per Category IOU: [0.99949999 0.87600744]
2024-11-28 12:54:12 - FewShotSeg - INFO - Epoch: 6, Iteration: 22, Training Loss: 0.0029, Mean IoU: 0.9566, Mean Accuracy: 0.9924, per Category IOU: [0.99946385 0.91377921]
2024-11-28 12:54:13 - FewShotSeg - INFO - Epoch: 6, Iteration: 23, Training Loss: 0.0023, Mean IoU: 0.9504, Mean Accuracy: 0.9941, per Category IOU: [0.99962253 0.90111329]
2024-11-28 12:54:13 - FewShotSeg - INFO - Epoch: 6, Iteration: 24, Training Loss: 0.0026, Mean IoU: 0.9312, Mean Accuracy: 0.9930, per Category IOU: [0.99948264 0.86291391]
2024-11-28 12:54:13 - FewShotSeg - INFO - Epoch: 6, Iteration: 25, Training Loss: 0.0029, Mean IoU: 0.9467, Mean Accuracy: 0.9890, per Category IOU: [0.99966524 0.89365079]
2024-11-28 12:54:14 - FewShotSeg - INFO - Epoch: 6, Iteration: 26, Training Loss: 0.0029, Mean IoU: 0.9569, Mean Accuracy: 0.9961, per Category IOU: [0.99942349 0.91443452]
2024-11-28 12:54:14 - FewShotSeg - INFO - Epoch: 6, Iteration: 27, Training Loss: 0.0033, Mean IoU: 0.9470, Mean Accuracy: 0.9940, per Category IOU: [0.99941919 0.8944975 ]
2024-11-28 12:54:14 - FewShotSeg - INFO - Epoch: 6, Iteration: 28, Training Loss: 0.0027, Mean IoU: 0.9190, Mean Accuracy: 0.9970, per Category IOU: [0.99939021 0.83862434]
2024-11-28 12:54:15 - FewShotSeg - INFO - Epoch: 6, Iteration: 29, Training Loss: 0.0024, Mean IoU: 0.9415, Mean Accuracy: 0.9960, per Category IOU: [0.99961774 0.88338415]
2024-11-28 12:54:15 - FewShotSeg - INFO - Epoch: 6, Iteration: 30, Training Loss: 0.0030, Mean IoU: 0.9463, Mean Accuracy: 0.9904, per Category IOU: [0.99956495 0.89298893]
2024-11-28 12:54:15 - FewShotSeg - INFO - Epoch: 6, Iteration: 31, Training Loss: 0.0023, Mean IoU: 0.9471, Mean Accuracy: 0.9928, per Category IOU: [0.99963014 0.89451176]
2024-11-28 12:54:16 - FewShotSeg - INFO - Epoch: 6, Iteration: 32, Training Loss: 0.0025, Mean IoU: 0.9370, Mean Accuracy: 0.9932, per Category IOU: [0.99951256 0.87443657]
2024-11-28 12:54:16 - FewShotSeg - INFO - Epoch: 6, Iteration: 33, Training Loss: 0.0019, Mean IoU: 0.9573, Mean Accuracy: 0.9942, per Category IOU: [0.99965493 0.91502463]
2024-11-28 12:54:17 - FewShotSeg - INFO - Epoch: 6, Iteration: 34, Training Loss: 0.0029, Mean IoU: 0.9434, Mean Accuracy: 0.9928, per Category IOU: [0.99945709 0.88733126]
2024-11-28 12:54:17 - FewShotSeg - INFO - Epoch: 6, Iteration: 35, Training Loss: 0.0034, Mean IoU: 0.9170, Mean Accuracy: 0.9836, per Category IOU: [0.99954305 0.83453888]
2024-11-28 12:54:17 - FewShotSeg - INFO - Epoch: 6, Iteration: 36, Training Loss: 0.0031, Mean IoU: 0.9212, Mean Accuracy: 0.9960, per Category IOU: [0.99943778 0.84287709]
2024-11-28 12:54:18 - FewShotSeg - INFO - Epoch: 6, Iteration: 37, Training Loss: 0.0039, Mean IoU: 0.9361, Mean Accuracy: 0.9892, per Category IOU: [0.99942727 0.87270706]
2024-11-28 12:54:18 - FewShotSeg - INFO - Epoch: 6, Iteration: 38, Training Loss: 0.0039, Mean IoU: 0.8955, Mean Accuracy: 0.9929, per Category IOU: [0.99932564 0.79166667]
2024-11-28 12:54:19 - FewShotSeg - INFO - Epoch: 6, Iteration: 39, Training Loss: 0.0033, Mean IoU: 0.9497, Mean Accuracy: 0.9921, per Category IOU: [0.99953721 0.89983757]
2024-11-28 12:56:35 - FewShotSeg - INFO - Epoch : 6, Validation Results - Loss: 0.0030, Mean IoU: 0.9729, Mean Accuracy: 0.9940, per Category IOU: [0.9995983 0.5113387]
2024-11-28 12:56:35 - FewShotSeg - INFO - Epoch: 7
2024-11-28 12:56:35 - FewShotSeg - INFO - Epoch: 7, Iteration: 0, Training Loss: 0.0027, Mean IoU: 0.9404, Mean Accuracy: 0.9966, per Category IOU: [0.99946476 0.88124306]
2024-11-28 12:56:36 - FewShotSeg - INFO - Epoch: 7, Iteration: 1, Training Loss: 0.0040, Mean IoU: 0.9325, Mean Accuracy: 0.9934, per Category IOU: [0.99939477 0.86563021]
2024-11-28 12:56:36 - FewShotSeg - INFO - Epoch: 7, Iteration: 2, Training Loss: 0.0026, Mean IoU: 0.9517, Mean Accuracy: 0.9953, per Category IOU: [0.99956475 0.9038674 ]
2024-11-28 12:56:37 - FewShotSeg - INFO - Epoch: 7, Iteration: 3, Training Loss: 0.0025, Mean IoU: 0.9425, Mean Accuracy: 0.9905, per Category IOU: [0.99957259 0.88538874]
2024-11-28 12:56:37 - FewShotSeg - INFO - Epoch: 7, Iteration: 4, Training Loss: 0.0028, Mean IoU: 0.9511, Mean Accuracy: 0.9906, per Category IOU: [0.99943402 0.9027957 ]
2024-11-28 12:56:37 - FewShotSeg - INFO - Epoch: 7, Iteration: 5, Training Loss: 0.0028, Mean IoU: 0.9312, Mean Accuracy: 0.9840, per Category IOU: [0.99955031 0.86280488]
2024-11-28 12:56:38 - FewShotSeg - INFO - Epoch: 7, Iteration: 6, Training Loss: 0.0023, Mean IoU: 0.9483, Mean Accuracy: 0.9957, per Category IOU: [0.9995448  0.89711702]
2024-11-28 12:56:38 - FewShotSeg - INFO - Epoch: 7, Iteration: 7, Training Loss: 0.0029, Mean IoU: 0.9364, Mean Accuracy: 0.9901, per Category IOU: [0.99954267 0.87318087]
2024-11-28 12:56:38 - FewShotSeg - INFO - Epoch: 7, Iteration: 8, Training Loss: 0.0021, Mean IoU: 0.9481, Mean Accuracy: 0.9934, per Category IOU: [0.99962259 0.89664613]
2024-11-28 12:56:39 - FewShotSeg - INFO - Epoch: 7, Iteration: 9, Training Loss: 0.0025, Mean IoU: 0.9539, Mean Accuracy: 0.9944, per Category IOU: [0.99963497 0.90823382]
2024-11-28 12:56:39 - FewShotSeg - INFO - Epoch: 7, Iteration: 10, Training Loss: 0.0025, Mean IoU: 0.9349, Mean Accuracy: 0.9950, per Category IOU: [0.99949507 0.87026333]
2024-11-28 12:56:40 - FewShotSeg - INFO - Epoch: 7, Iteration: 11, Training Loss: 0.0024, Mean IoU: 0.9397, Mean Accuracy: 0.9912, per Category IOU: [0.99963281 0.8797054 ]
2024-11-28 12:56:40 - FewShotSeg - INFO - Epoch: 7, Iteration: 12, Training Loss: 0.0025, Mean IoU: 0.9289, Mean Accuracy: 0.9911, per Category IOU: [0.99955787 0.85817308]
2024-11-28 12:56:40 - FewShotSeg - INFO - Epoch: 7, Iteration: 13, Training Loss: 0.0031, Mean IoU: 0.9452, Mean Accuracy: 0.9941, per Category IOU: [0.99946957 0.89100257]
2024-11-28 12:56:41 - FewShotSeg - INFO - Epoch: 7, Iteration: 14, Training Loss: 0.0032, Mean IoU: 0.9170, Mean Accuracy: 0.9914, per Category IOU: [0.99953555 0.83451957]
2024-11-28 12:56:41 - FewShotSeg - INFO - Epoch: 7, Iteration: 15, Training Loss: 0.0023, Mean IoU: 0.9421, Mean Accuracy: 0.9947, per Category IOU: [0.99958765 0.88453464]
2024-11-28 12:56:41 - FewShotSeg - INFO - Epoch: 7, Iteration: 16, Training Loss: 0.0020, Mean IoU: 0.9457, Mean Accuracy: 0.9947, per Category IOU: [0.99961764 0.89171975]
2024-11-28 12:56:42 - FewShotSeg - INFO - Epoch: 7, Iteration: 17, Training Loss: 0.0026, Mean IoU: 0.9439, Mean Accuracy: 0.9943, per Category IOU: [0.99951484 0.88831318]
2024-11-28 12:56:42 - FewShotSeg - INFO - Epoch: 7, Iteration: 18, Training Loss: 0.0030, Mean IoU: 0.9265, Mean Accuracy: 0.9914, per Category IOU: [0.99944516 0.85346535]
2024-11-28 12:56:42 - FewShotSeg - INFO - Epoch: 7, Iteration: 19, Training Loss: 0.0034, Mean IoU: 0.9346, Mean Accuracy: 0.9853, per Category IOU: [0.99958782 0.86956522]
2024-11-28 12:56:43 - FewShotSeg - INFO - Epoch: 7, Iteration: 20, Training Loss: 0.0033, Mean IoU: 0.9207, Mean Accuracy: 0.9927, per Category IOU: [0.99957553 0.84186047]
2024-11-28 12:56:43 - FewShotSeg - INFO - Epoch: 7, Iteration: 21, Training Loss: 0.0028, Mean IoU: 0.9404, Mean Accuracy: 0.9875, per Category IOU: [0.99961275 0.88122605]
2024-11-28 12:56:44 - FewShotSeg - INFO - Epoch: 7, Iteration: 22, Training Loss: 0.0032, Mean IoU: 0.9274, Mean Accuracy: 0.9916, per Category IOU: [0.99954538 0.85521082]
2024-11-28 12:56:44 - FewShotSeg - INFO - Epoch: 7, Iteration: 23, Training Loss: 0.0026, Mean IoU: 0.9512, Mean Accuracy: 0.9953, per Category IOU: [0.99958235 0.90279395]
2024-11-28 12:56:44 - FewShotSeg - INFO - Epoch: 7, Iteration: 24, Training Loss: 0.0032, Mean IoU: 0.9397, Mean Accuracy: 0.9974, per Category IOU: [0.99931396 0.88013998]
2024-11-28 12:56:45 - FewShotSeg - INFO - Epoch: 7, Iteration: 25, Training Loss: 0.0030, Mean IoU: 0.9438, Mean Accuracy: 0.9864, per Category IOU: [0.99956754 0.88809832]
2024-11-28 12:56:45 - FewShotSeg - INFO - Epoch: 7, Iteration: 26, Training Loss: 0.0034, Mean IoU: 0.9022, Mean Accuracy: 0.9959, per Category IOU: [0.99936307 0.80504587]
2024-11-28 12:56:45 - FewShotSeg - INFO - Epoch: 7, Iteration: 27, Training Loss: 0.0032, Mean IoU: 0.9294, Mean Accuracy: 0.9955, per Category IOU: [0.99942249 0.85940353]
2024-11-28 12:56:46 - FewShotSeg - INFO - Epoch: 7, Iteration: 28, Training Loss: 0.0034, Mean IoU: 0.9380, Mean Accuracy: 0.9962, per Category IOU: [0.9994096  0.87656904]
2024-11-28 12:56:46 - FewShotSeg - INFO - Epoch: 7, Iteration: 29, Training Loss: 0.0034, Mean IoU: 0.9573, Mean Accuracy: 0.9937, per Category IOU: [0.99952676 0.91497976]
2024-11-28 12:56:47 - FewShotSeg - INFO - Epoch: 7, Iteration: 30, Training Loss: 0.0030, Mean IoU: 0.9385, Mean Accuracy: 0.9951, per Category IOU: [0.99944224 0.87747253]
2024-11-28 12:56:47 - FewShotSeg - INFO - Epoch: 7, Iteration: 31, Training Loss: 0.0035, Mean IoU: 0.9311, Mean Accuracy: 0.9968, per Category IOU: [0.99930943 0.86282306]
2024-11-28 12:56:47 - FewShotSeg - INFO - Epoch: 7, Iteration: 32, Training Loss: 0.0032, Mean IoU: 0.9611, Mean Accuracy: 0.9941, per Category IOU: [0.99937504 0.92288634]
2024-11-28 12:56:48 - FewShotSeg - INFO - Epoch: 7, Iteration: 33, Training Loss: 0.0023, Mean IoU: 0.9346, Mean Accuracy: 0.9982, per Category IOU: [0.99951764 0.86977058]
2024-11-28 12:56:48 - FewShotSeg - INFO - Epoch: 7, Iteration: 34, Training Loss: 0.0036, Mean IoU: 0.9427, Mean Accuracy: 0.9939, per Category IOU: [0.99936661 0.88603604]
2024-11-28 12:56:48 - FewShotSeg - INFO - Epoch: 7, Iteration: 35, Training Loss: 0.0022, Mean IoU: 0.9432, Mean Accuracy: 0.9970, per Category IOU: [0.99960767 0.88680606]
2024-11-28 12:56:49 - FewShotSeg - INFO - Epoch: 7, Iteration: 36, Training Loss: 0.0028, Mean IoU: 0.9360, Mean Accuracy: 0.9935, per Category IOU: [0.99945237 0.87260035]
2024-11-28 12:56:49 - FewShotSeg - INFO - Epoch: 7, Iteration: 37, Training Loss: 0.0021, Mean IoU: 0.9465, Mean Accuracy: 0.9956, per Category IOU: [0.99957247 0.89339152]
2024-11-28 12:56:50 - FewShotSeg - INFO - Epoch: 7, Iteration: 38, Training Loss: 0.0026, Mean IoU: 0.9410, Mean Accuracy: 0.9945, per Category IOU: [0.99963028 0.88235294]
2024-11-28 12:56:50 - FewShotSeg - INFO - Epoch: 7, Iteration: 39, Training Loss: 0.0024, Mean IoU: 0.9492, Mean Accuracy: 0.9961, per Category IOU: [0.99950708 0.89887064]
2024-11-28 12:57:27 - FewShotSeg - INFO - Config Options:
{
    "_VERSION": "205",
    "_EPOCHS": 50,
    "_N_SHOTS": 2,
    "_N_INSTANCE": 1,
    "_MODEL_SAVE": true,
    "_MODEL_VERSION": "nvidia/mit-b5",
    "_MODEL_VERSION_SAVE": "mit-b5",
    "_BATCH_SIZE": 2,
    "_DEVICE": "cuda:1"
}
2024-11-28 12:57:33 - FewShotSeg - INFO - Epoch: 0
2024-11-28 12:57:33 - FewShotSeg - INFO - Epoch: 0, Iteration: 0, Training Loss: 0.6962, Mean IoU: 0.2505, Mean Accuracy: 0.6561, per Category IOU: [0.49511494 0.00594304]
2024-11-28 12:57:34 - FewShotSeg - INFO - Epoch: 0, Iteration: 1, Training Loss: 0.6037, Mean IoU: 0.4446, Mean Accuracy: 0.4516, per Category IOU: [8.88934563e-01 3.13936540e-04]
2024-11-28 12:57:34 - FewShotSeg - INFO - Epoch: 0, Iteration: 2, Training Loss: 0.5065, Mean IoU: 0.4973, Mean Accuracy: 0.5088, per Category IOU: [0.98538946 0.0091247 ]
2024-11-28 12:57:34 - FewShotSeg - INFO - Epoch: 0, Iteration: 3, Training Loss: 0.4331, Mean IoU: 0.4949, Mean Accuracy: 0.4968, per Category IOU: [0.98986069 0.        ]
2024-11-28 12:58:29 - FewShotSeg - INFO - Epoch : 0, Validation Results - Loss: 0.3660, Mean IoU: 0.5035, Mean Accuracy: 0.7175, per Category IOU: [0.99501853 0.00116568]
2024-11-28 12:58:29 - FewShotSeg - INFO - Model saved!
2024-11-28 12:58:29 - FewShotSeg - INFO - Epoch: 1
2024-11-28 12:58:30 - FewShotSeg - INFO - Epoch: 1, Iteration: 0, Training Loss: 0.3588, Mean IoU: 0.4978, Mean Accuracy: 0.4996, per Category IOU: [0.99552077 0.        ]
2024-11-28 12:58:30 - FewShotSeg - INFO - Epoch: 1, Iteration: 1, Training Loss: 0.2965, Mean IoU: 0.4986, Mean Accuracy: 0.4999, per Category IOU: [0.99722477 0.        ]
2024-11-28 12:58:31 - FewShotSeg - INFO - Epoch: 1, Iteration: 2, Training Loss: 0.2730, Mean IoU: 0.4979, Mean Accuracy: 0.5000, per Category IOU: [0.99588449 0.        ]
2024-11-28 12:58:31 - FewShotSeg - INFO - Epoch: 1, Iteration: 3, Training Loss: 0.2420, Mean IoU: 0.4975, Mean Accuracy: 0.4999, per Category IOU: [0.99494031 0.        ]
2024-11-28 12:59:26 - FewShotSeg - INFO - Epoch : 1, Validation Results - Loss: 0.2218, Mean IoU: 0.5850, Mean Accuracy: 0.7174, per Category IOU: [9.95856359e-01 1.66227724e-04]
2024-11-28 12:59:26 - FewShotSeg - INFO - Model saved!
2024-11-28 12:59:26 - FewShotSeg - INFO - Epoch: 2
2024-11-28 12:59:26 - FewShotSeg - INFO - Epoch: 2, Iteration: 0, Training Loss: 0.2234, Mean IoU: 0.4985, Mean Accuracy: 0.5000, per Category IOU: [0.99697565 0.        ]
2024-11-28 12:59:27 - FewShotSeg - INFO - Epoch: 2, Iteration: 1, Training Loss: 0.1836, Mean IoU: 0.4974, Mean Accuracy: 0.5000, per Category IOU: [0.99487803 0.        ]
2024-11-28 12:59:27 - FewShotSeg - INFO - Epoch: 2, Iteration: 2, Training Loss: 0.1588, Mean IoU: 0.4978, Mean Accuracy: 0.5000, per Category IOU: [0.9956827 0.       ]
2024-11-28 12:59:28 - FewShotSeg - INFO - Epoch: 2, Iteration: 3, Training Loss: 0.1590, Mean IoU: 0.4986, Mean Accuracy: 0.5000, per Category IOU: [0.99712263 0.        ]
2024-11-28 13:00:23 - FewShotSeg - INFO - Epoch : 2, Validation Results - Loss: 0.1626, Mean IoU: 0.6610, Mean Accuracy: 0.7174, per Category IOU: [9.95914463e-01 3.26086957e-07]
2024-11-28 13:00:23 - FewShotSeg - INFO - Model saved!
2024-11-28 13:00:23 - FewShotSeg - INFO - Epoch: 3
2024-11-28 13:00:23 - FewShotSeg - INFO - Epoch: 3, Iteration: 0, Training Loss: 0.1544, Mean IoU: 0.4980, Mean Accuracy: 0.5000, per Category IOU: [0.99592933 0.        ]
2024-11-28 13:00:24 - FewShotSeg - INFO - Epoch: 3, Iteration: 1, Training Loss: 0.1175, Mean IoU: 0.4983, Mean Accuracy: 0.5000, per Category IOU: [0.99667172 0.        ]
2024-11-28 13:00:24 - FewShotSeg - INFO - Epoch: 3, Iteration: 2, Training Loss: 0.1500, Mean IoU: 0.4975, Mean Accuracy: 0.5000, per Category IOU: [0.99495028 0.        ]
2024-11-28 13:00:25 - FewShotSeg - INFO - Epoch: 3, Iteration: 3, Training Loss: 0.0983, Mean IoU: 0.4986, Mean Accuracy: 0.5000, per Category IOU: [0.99712761 0.        ]
2024-11-28 13:01:19 - FewShotSeg - INFO - Epoch : 3, Validation Results - Loss: 0.1355, Mean IoU: 0.6828, Mean Accuracy: 0.7174, per Category IOU: [9.95934514e-01 5.08585875e-05]
2024-11-28 13:01:20 - FewShotSeg - INFO - Model saved!
2024-11-28 13:01:20 - FewShotSeg - INFO - Epoch: 4
2024-11-28 13:01:20 - FewShotSeg - INFO - Epoch: 4, Iteration: 0, Training Loss: 0.1180, Mean IoU: 0.4980, Mean Accuracy: 0.5000, per Category IOU: [0.99592933 0.        ]
2024-11-28 13:01:21 - FewShotSeg - INFO - Epoch: 4, Iteration: 1, Training Loss: 0.0900, Mean IoU: 0.4983, Mean Accuracy: 0.5000, per Category IOU: [0.99667172 0.        ]
2024-11-28 13:01:21 - FewShotSeg - INFO - Epoch: 4, Iteration: 2, Training Loss: 0.1163, Mean IoU: 0.4973, Mean Accuracy: 0.5000, per Category IOU: [0.9945168 0.       ]
2024-11-28 13:01:21 - FewShotSeg - INFO - Epoch: 4, Iteration: 3, Training Loss: 0.0774, Mean IoU: 0.5331, Mean Accuracy: 0.5342, per Category IOU: [0.99772762 0.06843718]
2024-11-28 13:02:16 - FewShotSeg - INFO - Epoch : 4, Validation Results - Loss: 0.1129, Mean IoU: 0.6914, Mean Accuracy: 0.7178, per Category IOU: [9.95949958e-01 9.12935447e-04]
2024-11-28 13:02:17 - FewShotSeg - INFO - Model saved!
2024-11-28 13:02:17 - FewShotSeg - INFO - Epoch: 5
2024-11-28 13:02:17 - FewShotSeg - INFO - Epoch: 5, Iteration: 0, Training Loss: 0.0650, Mean IoU: 0.5824, Mean Accuracy: 0.5837, per Category IOU: [0.99739779 0.16746411]
2024-11-28 13:02:17 - FewShotSeg - INFO - Epoch: 5, Iteration: 1, Training Loss: 0.0844, Mean IoU: 0.6076, Mean Accuracy: 0.6092, per Category IOU: [0.99681587 0.21848225]
2024-11-28 13:02:18 - FewShotSeg - INFO - Epoch: 5, Iteration: 2, Training Loss: 0.0925, Mean IoU: 0.5399, Mean Accuracy: 0.5422, per Category IOU: [0.99532693 0.08447266]
2024-11-28 13:02:18 - FewShotSeg - INFO - Epoch: 5, Iteration: 3, Training Loss: 0.0541, Mean IoU: 0.8124, Mean Accuracy: 0.8130, per Category IOU: [0.99886684 0.62602965]
2024-11-28 13:03:13 - FewShotSeg - INFO - Epoch : 5, Validation Results - Loss: 0.0887, Mean IoU: 0.6953, Mean Accuracy: 0.7461, per Category IOU: [0.99641887 0.05722657]
2024-11-28 13:03:13 - FewShotSeg - INFO - Model saved!
2024-11-28 13:03:13 - FewShotSeg - INFO - Epoch: 6
2024-11-28 13:03:14 - FewShotSeg - INFO - Epoch: 6, Iteration: 0, Training Loss: 0.0503, Mean IoU: 0.8674, Mean Accuracy: 0.8680, per Category IOU: [0.99892306 0.73590686]
2024-11-28 13:03:14 - FewShotSeg - INFO - Epoch: 6, Iteration: 1, Training Loss: 0.0520, Mean IoU: 0.7391, Mean Accuracy: 0.7398, per Category IOU: [0.9985007  0.47965368]
2024-11-28 13:03:15 - FewShotSeg - INFO - Epoch: 6, Iteration: 2, Training Loss: 0.0429, Mean IoU: 0.8183, Mean Accuracy: 0.8288, per Category IOU: [0.99877416 0.6379056 ]
2024-11-28 13:03:15 - FewShotSeg - INFO - Epoch: 6, Iteration: 3, Training Loss: 0.0632, Mean IoU: 0.6967, Mean Accuracy: 0.6982, per Category IOU: [0.9969146  0.39648438]
2024-11-28 13:04:10 - FewShotSeg - INFO - Epoch : 6, Validation Results - Loss: 0.0667, Mean IoU: 0.7639, Mean Accuracy: 0.8174, per Category IOU: [0.99751748 0.19874903]
2024-11-28 13:04:10 - FewShotSeg - INFO - Model saved!
2024-11-28 13:04:10 - FewShotSeg - INFO - Epoch: 7
2024-11-28 13:04:11 - FewShotSeg - INFO - Epoch: 7, Iteration: 0, Training Loss: 0.0334, Mean IoU: 0.8763, Mean Accuracy: 0.9125, per Category IOU: [0.99918083 0.75338346]
2024-11-28 13:04:11 - FewShotSeg - INFO - Epoch: 7, Iteration: 1, Training Loss: 0.0242, Mean IoU: 0.9055, Mean Accuracy: 0.9070, per Category IOU: [0.9995282 0.8115653]
2024-11-28 13:04:11 - FewShotSeg - INFO - Epoch: 7, Iteration: 2, Training Loss: 0.0625, Mean IoU: 0.7426, Mean Accuracy: 0.7440, per Category IOU: [0.99718235 0.48797095]
2024-11-28 13:04:12 - FewShotSeg - INFO - Epoch: 7, Iteration: 3, Training Loss: 0.0296, Mean IoU: 0.9037, Mean Accuracy: 0.9122, per Category IOU: [0.99915246 0.80825792]
2024-11-28 13:05:07 - FewShotSeg - INFO - Epoch : 7, Validation Results - Loss: 0.0501, Mean IoU: 0.8207, Mean Accuracy: 0.8748, per Category IOU: [0.9982999  0.31161287]
2024-11-28 13:05:07 - FewShotSeg - INFO - Model saved!
2024-11-28 13:05:07 - FewShotSeg - INFO - Epoch: 8
2024-11-28 13:05:07 - FewShotSeg - INFO - Epoch: 8, Iteration: 0, Training Loss: 0.0439, Mean IoU: 0.8230, Mean Accuracy: 0.8318, per Category IOU: [0.99801474 0.64789357]
2024-11-28 13:05:08 - FewShotSeg - INFO - Epoch: 8, Iteration: 1, Training Loss: 0.0168, Mean IoU: 0.9409, Mean Accuracy: 0.9487, per Category IOU: [0.99960021 0.88226637]
2024-11-28 13:05:08 - FewShotSeg - INFO - Epoch: 8, Iteration: 2, Training Loss: 0.0269, Mean IoU: 0.9272, Mean Accuracy: 0.9333, per Category IOU: [0.99957543 0.85482494]
2024-11-28 13:05:09 - FewShotSeg - INFO - Epoch: 8, Iteration: 3, Training Loss: 0.0262, Mean IoU: 0.8821, Mean Accuracy: 0.9254, per Category IOU: [0.9990479  0.76510481]
2024-11-28 13:06:03 - FewShotSeg - INFO - Epoch : 8, Validation Results - Loss: 0.0386, Mean IoU: 0.8486, Mean Accuracy: 0.9119, per Category IOU: [0.99877454 0.383275  ]
2024-11-28 13:06:04 - FewShotSeg - INFO - Model saved!
2024-11-28 13:06:04 - FewShotSeg - INFO - Epoch: 9
2024-11-28 13:06:04 - FewShotSeg - INFO - Epoch: 9, Iteration: 0, Training Loss: 0.0330, Mean IoU: 0.8907, Mean Accuracy: 0.8962, per Category IOU: [0.99891709 0.78252135]
2024-11-28 13:06:05 - FewShotSeg - INFO - Epoch: 9, Iteration: 1, Training Loss: 0.0218, Mean IoU: 0.9500, Mean Accuracy: 0.9711, per Category IOU: [0.99963759 0.90034364]
2024-11-28 13:06:05 - FewShotSeg - INFO - Epoch: 9, Iteration: 2, Training Loss: 0.0165, Mean IoU: 0.9276, Mean Accuracy: 0.9448, per Category IOU: [0.99944513 0.8556567 ]
2024-11-28 13:06:05 - FewShotSeg - INFO - Epoch: 9, Iteration: 3, Training Loss: 0.0161, Mean IoU: 0.9194, Mean Accuracy: 0.9667, per Category IOU: [0.99941276 0.83937116]
2024-11-28 13:07:00 - FewShotSeg - INFO - Epoch : 9, Validation Results - Loss: 0.0306, Mean IoU: 0.8808, Mean Accuracy: 0.9339, per Category IOU: [0.99906029 0.4255131 ]
2024-11-28 13:07:01 - FewShotSeg - INFO - Model saved!
2024-11-28 13:07:01 - FewShotSeg - INFO - Epoch: 10
2024-11-28 13:07:01 - FewShotSeg - INFO - Epoch: 10, Iteration: 0, Training Loss: 0.0112, Mean IoU: 0.9525, Mean Accuracy: 0.9873, per Category IOU: [0.99968516 0.90526316]
2024-11-28 13:07:01 - FewShotSeg - INFO - Epoch: 10, Iteration: 1, Training Loss: 0.0168, Mean IoU: 0.9553, Mean Accuracy: 0.9704, per Category IOU: [0.9996575  0.91103896]
2024-11-28 13:07:02 - FewShotSeg - INFO - Epoch: 10, Iteration: 2, Training Loss: 0.0148, Mean IoU: 0.9235, Mean Accuracy: 0.9652, per Category IOU: [0.99959051 0.84744186]
2024-11-28 13:07:02 - FewShotSeg - INFO - Epoch: 10, Iteration: 3, Training Loss: 0.0224, Mean IoU: 0.9404, Mean Accuracy: 0.9533, per Category IOU: [0.99925349 0.88151093]
2024-11-28 13:07:57 - FewShotSeg - INFO - Epoch : 10, Validation Results - Loss: 0.0253, Mean IoU: 0.9093, Mean Accuracy: 0.9465, per Category IOU: [0.99923346 0.44973231]
2024-11-28 13:07:57 - FewShotSeg - INFO - Model saved!
2024-11-28 13:07:57 - FewShotSeg - INFO - Epoch: 11
2024-11-28 13:07:58 - FewShotSeg - INFO - Epoch: 11, Iteration: 0, Training Loss: 0.0109, Mean IoU: 0.9339, Mean Accuracy: 0.9749, per Category IOU: [0.99961788 0.86821705]
2024-11-28 13:07:58 - FewShotSeg - INFO - Epoch: 11, Iteration: 1, Training Loss: 0.0118, Mean IoU: 0.9393, Mean Accuracy: 0.9641, per Category IOU: [0.99944722 0.87923497]
2024-11-28 13:07:58 - FewShotSeg - INFO - Epoch: 11, Iteration: 2, Training Loss: 0.0133, Mean IoU: 0.9553, Mean Accuracy: 0.9851, per Category IOU: [0.99967005 0.91087103]
2024-11-28 13:07:59 - FewShotSeg - INFO - Epoch: 11, Iteration: 3, Training Loss: 0.0167, Mean IoU: 0.9521, Mean Accuracy: 0.9679, per Category IOU: [0.99951448 0.90462144]
2024-11-28 13:08:54 - FewShotSeg - INFO - Epoch : 11, Validation Results - Loss: 0.0214, Mean IoU: 0.9311, Mean Accuracy: 0.9550, per Category IOU: [0.99934609 0.4660449 ]
2024-11-28 13:08:54 - FewShotSeg - INFO - Model saved!
2024-11-28 13:08:54 - FewShotSeg - INFO - Epoch: 12
2024-11-28 13:08:54 - FewShotSeg - INFO - Epoch: 12, Iteration: 0, Training Loss: 0.0154, Mean IoU: 0.9543, Mean Accuracy: 0.9771, per Category IOU: [0.99947409 0.90913025]
2024-11-28 13:08:55 - FewShotSeg - INFO - Epoch: 12, Iteration: 1, Training Loss: 0.0090, Mean IoU: 0.9483, Mean Accuracy: 0.9784, per Category IOU: [0.99965518 0.89686099]
2024-11-28 13:08:55 - FewShotSeg - INFO - Epoch: 12, Iteration: 2, Training Loss: 0.0107, Mean IoU: 0.9278, Mean Accuracy: 0.9696, per Category IOU: [0.99942505 0.85625   ]
2024-11-28 13:08:56 - FewShotSeg - INFO - Epoch: 12, Iteration: 3, Training Loss: 0.0092, Mean IoU: 0.9560, Mean Accuracy: 0.9833, per Category IOU: [0.99971265 0.9122807 ]
2024-11-28 13:09:51 - FewShotSeg - INFO - Epoch : 12, Validation Results - Loss: 0.0184, Mean IoU: 0.9476, Mean Accuracy: 0.9614, per Category IOU: [0.99942146 0.47735661]
2024-11-28 13:09:51 - FewShotSeg - INFO - Model saved!
2024-11-28 13:09:51 - FewShotSeg - INFO - Epoch: 13
2024-11-28 13:09:51 - FewShotSeg - INFO - Epoch: 13, Iteration: 0, Training Loss: 0.0108, Mean IoU: 0.9488, Mean Accuracy: 0.9772, per Category IOU: [0.99955733 0.89810017]
2024-11-28 13:09:52 - FewShotSeg - INFO - Epoch: 13, Iteration: 1, Training Loss: 0.0117, Mean IoU: 0.9604, Mean Accuracy: 0.9771, per Category IOU: [0.99952907 0.921174  ]
2024-11-28 13:09:52 - FewShotSeg - INFO - Epoch: 13, Iteration: 2, Training Loss: 0.0084, Mean IoU: 0.9316, Mean Accuracy: 0.9874, per Category IOU: [0.99953276 0.86360321]
2024-11-28 13:09:52 - FewShotSeg - INFO - Epoch: 13, Iteration: 3, Training Loss: 0.0062, Mean IoU: 0.9408, Mean Accuracy: 0.9854, per Category IOU: [0.99967535 0.88192552]
2024-11-28 13:10:47 - FewShotSeg - INFO - Epoch : 13, Validation Results - Loss: 0.0162, Mean IoU: 0.9595, Mean Accuracy: 0.9656, per Category IOU: [0.99946908 0.4847906 ]
2024-11-28 13:10:48 - FewShotSeg - INFO - Model saved!
2024-11-28 13:10:48 - FewShotSeg - INFO - Epoch: 14
2024-11-28 13:10:48 - FewShotSeg - INFO - Epoch: 14, Iteration: 0, Training Loss: 0.0086, Mean IoU: 0.9584, Mean Accuracy: 0.9821, per Category IOU: [0.99967498 0.91709184]
2024-11-28 13:10:49 - FewShotSeg - INFO - Epoch: 14, Iteration: 1, Training Loss: 0.0058, Mean IoU: 0.9404, Mean Accuracy: 0.9854, per Category IOU: [0.99967286 0.88112523]
2024-11-28 13:10:49 - FewShotSeg - INFO - Epoch: 14, Iteration: 2, Training Loss: 0.0073, Mean IoU: 0.9309, Mean Accuracy: 0.9874, per Category IOU: [0.99952776 0.86234523]
2024-11-28 13:10:49 - FewShotSeg - INFO - Epoch: 14, Iteration: 3, Training Loss: 0.0097, Mean IoU: 0.9567, Mean Accuracy: 0.9796, per Category IOU: [0.9994462  0.91390728]
2024-11-28 13:11:44 - FewShotSeg - INFO - Epoch : 14, Validation Results - Loss: 0.0146, Mean IoU: 0.9617, Mean Accuracy: 0.9682, per Category IOU: [0.99949643 0.48911088]
2024-11-28 13:11:45 - FewShotSeg - INFO - Model saved!
2024-11-28 13:11:45 - FewShotSeg - INFO - Epoch: 15
2024-11-28 13:11:45 - FewShotSeg - INFO - Epoch: 15, Iteration: 0, Training Loss: 0.0053, Mean IoU: 0.9397, Mean Accuracy: 0.9859, per Category IOU: [0.99966786 0.87963801]
2024-11-28 13:11:46 - FewShotSeg - INFO - Epoch: 15, Iteration: 1, Training Loss: 0.0073, Mean IoU: 0.9509, Mean Accuracy: 0.9905, per Category IOU: [0.99963004 0.9021164 ]
2024-11-28 13:11:46 - FewShotSeg - INFO - Epoch: 15, Iteration: 2, Training Loss: 0.0068, Mean IoU: 0.9361, Mean Accuracy: 0.9820, per Category IOU: [0.9994875  0.87274984]
2024-11-28 13:11:46 - FewShotSeg - INFO - Epoch: 15, Iteration: 3, Training Loss: 0.0083, Mean IoU: 0.9622, Mean Accuracy: 0.9810, per Category IOU: [0.99954909 0.92484342]
2024-11-28 13:12:41 - FewShotSeg - INFO - Epoch : 15, Validation Results - Loss: 0.0134, Mean IoU: 0.9634, Mean Accuracy: 0.9702, per Category IOU: [0.9995175  0.49247025]
2024-11-28 13:12:42 - FewShotSeg - INFO - Model saved!
2024-11-28 13:12:42 - FewShotSeg - INFO - Epoch: 16
2024-11-28 13:12:42 - FewShotSeg - INFO - Epoch: 16, Iteration: 0, Training Loss: 0.0064, Mean IoU: 0.9393, Mean Accuracy: 0.9805, per Category IOU: [0.99956516 0.87899861]
2024-11-28 13:12:43 - FewShotSeg - INFO - Epoch: 16, Iteration: 1, Training Loss: 0.0070, Mean IoU: 0.9599, Mean Accuracy: 0.9842, per Category IOU: [0.99956938 0.92022263]
2024-11-28 13:12:43 - FewShotSeg - INFO - Epoch: 16, Iteration: 2, Training Loss: 0.0067, Mean IoU: 0.9495, Mean Accuracy: 0.9834, per Category IOU: [0.99968773 0.89935588]
2024-11-28 13:12:43 - FewShotSeg - INFO - Epoch: 16, Iteration: 3, Training Loss: 0.0051, Mean IoU: 0.9435, Mean Accuracy: 0.9906, per Category IOU: [0.99949225 0.88753463]
2024-11-28 13:13:38 - FewShotSeg - INFO - Epoch : 16, Validation Results - Loss: 0.0124, Mean IoU: 0.9649, Mean Accuracy: 0.9721, per Category IOU: [0.99953683 0.49557574]
2024-11-28 13:13:39 - FewShotSeg - INFO - Model saved!
2024-11-28 13:13:39 - FewShotSeg - INFO - Epoch: 17
2024-11-28 13:13:39 - FewShotSeg - INFO - Epoch: 17, Iteration: 0, Training Loss: 0.0060, Mean IoU: 0.9501, Mean Accuracy: 0.9916, per Category IOU: [0.99962254 0.90052701]
2024-11-28 13:13:39 - FewShotSeg - INFO - Epoch: 17, Iteration: 1, Training Loss: 0.0071, Mean IoU: 0.9605, Mean Accuracy: 0.9853, per Category IOU: [0.99949378 0.92158385]
2024-11-28 13:13:40 - FewShotSeg - INFO - Epoch: 17, Iteration: 2, Training Loss: 0.0043, Mean IoU: 0.9365, Mean Accuracy: 0.9859, per Category IOU: [0.99964788 0.87331536]
2024-11-28 13:13:40 - FewShotSeg - INFO - Epoch: 17, Iteration: 3, Training Loss: 0.0056, Mean IoU: 0.9405, Mean Accuracy: 0.9827, per Category IOU: [0.99957265 0.88133241]
2024-11-28 13:14:35 - FewShotSeg - INFO - Epoch : 17, Validation Results - Loss: 0.0116, Mean IoU: 0.9662, Mean Accuracy: 0.9735, per Category IOU: [0.99955177 0.49800417]
2024-11-28 13:14:36 - FewShotSeg - INFO - Model saved!
2024-11-28 13:14:36 - FewShotSeg - INFO - Epoch: 18
2024-11-28 13:14:36 - FewShotSeg - INFO - Epoch: 18, Iteration: 0, Training Loss: 0.0057, Mean IoU: 0.9248, Mean Accuracy: 0.9804, per Category IOU: [0.99958548 0.85004517]
2024-11-28 13:14:36 - FewShotSeg - INFO - Epoch: 18, Iteration: 1, Training Loss: 0.0045, Mean IoU: 0.9471, Mean Accuracy: 0.9904, per Category IOU: [0.99956994 0.89467238]
2024-11-28 13:14:37 - FewShotSeg - INFO - Epoch: 18, Iteration: 2, Training Loss: 0.0056, Mean IoU: 0.9618, Mean Accuracy: 0.9872, per Category IOU: [0.9995894  0.92407407]
2024-11-28 13:14:37 - FewShotSeg - INFO - Epoch: 18, Iteration: 3, Training Loss: 0.0054, Mean IoU: 0.9521, Mean Accuracy: 0.9870, per Category IOU: [0.99957981 0.90454545]
2024-11-28 13:15:32 - FewShotSeg - INFO - Epoch : 18, Validation Results - Loss: 0.0109, Mean IoU: 0.9671, Mean Accuracy: 0.9747, per Category IOU: [0.99956399 0.4999532 ]
2024-11-28 13:15:32 - FewShotSeg - INFO - Model saved!
2024-11-28 13:15:32 - FewShotSeg - INFO - Epoch: 19
2024-11-28 13:15:33 - FewShotSeg - INFO - Epoch: 19, Iteration: 0, Training Loss: 0.0043, Mean IoU: 0.9472, Mean Accuracy: 0.9908, per Category IOU: [0.99956994 0.89473684]
2024-11-28 13:15:33 - FewShotSeg - INFO - Epoch: 19, Iteration: 1, Training Loss: 0.0061, Mean IoU: 0.9612, Mean Accuracy: 0.9856, per Category IOU: [0.9995995  0.92270531]
2024-11-28 13:15:34 - FewShotSeg - INFO - Epoch: 19, Iteration: 2, Training Loss: 0.0051, Mean IoU: 0.9521, Mean Accuracy: 0.9870, per Category IOU: [0.99957981 0.90454545]
2024-11-28 13:15:34 - FewShotSeg - INFO - Epoch: 19, Iteration: 3, Training Loss: 0.0044, Mean IoU: 0.9297, Mean Accuracy: 0.9857, per Category IOU: [0.9995804  0.85988324]
2024-11-28 13:16:29 - FewShotSeg - INFO - Epoch : 19, Validation Results - Loss: 0.0104, Mean IoU: 0.9679, Mean Accuracy: 0.9757, per Category IOU: [0.99957318 0.50145975]
2024-11-28 13:16:29 - FewShotSeg - INFO - Model saved!
2024-11-28 13:16:29 - FewShotSeg - INFO - Epoch: 20
2024-11-28 13:16:30 - FewShotSeg - INFO - Epoch: 20, Iteration: 0, Training Loss: 0.0055, Mean IoU: 0.9608, Mean Accuracy: 0.9914, per Category IOU: [0.99954163 0.92202812]
2024-11-28 13:16:30 - FewShotSeg - INFO - Epoch: 20, Iteration: 1, Training Loss: 0.0056, Mean IoU: 0.9416, Mean Accuracy: 0.9838, per Category IOU: [0.99961272 0.88363363]
2024-11-28 13:16:30 - FewShotSeg - INFO - Epoch: 20, Iteration: 2, Training Loss: 0.0044, Mean IoU: 0.9454, Mean Accuracy: 0.9831, per Category IOU: [0.99963018 0.89117647]
2024-11-28 13:16:31 - FewShotSeg - INFO - Epoch: 20, Iteration: 3, Training Loss: 0.0036, Mean IoU: 0.9425, Mean Accuracy: 0.9887, per Category IOU: [0.99953246 0.88548683]
