2024-11-28 12:15:20 - FewShotSeg - INFO - Config Options:
{
    "_VERSION": "203",
    "_EPOCHS": 50,
    "_N_SHOTS": 2,
    "_N_INSTANCE": 1,
    "_MODEL_SAVE": true,
    "_MODEL_VERSION": "nvidia/mit-b5",
    "_MODEL_VERSION_SAVE": "mit-b5",
    "_BATCH_SIZE": 2,
    "_DEVICE": "cuda:1"
}
2024-11-28 12:15:26 - FewShotSeg - INFO - Epoch: 0
2024-11-28 12:15:26 - FewShotSeg - INFO - Epoch: 0, Iteration: 0, Training Loss: 0.6765, Mean IoU: 0.2973, Mean Accuracy: 0.5027, per Category IOU: [0.59165145 0.00289897]
2024-11-28 12:15:27 - FewShotSeg - INFO - Epoch: 0, Iteration: 1, Training Loss: 0.5729, Mean IoU: 0.4722, Mean Accuracy: 0.5154, per Category IOU: [0.93634877 0.00800218]
2024-11-28 12:15:27 - FewShotSeg - INFO - Epoch: 0, Iteration: 2, Training Loss: 0.5225, Mean IoU: 0.4948, Mean Accuracy: 0.4963, per Category IOU: [0.98967634 0.        ]
2024-11-28 12:15:27 - FewShotSeg - INFO - Epoch: 0, Iteration: 3, Training Loss: 0.3906, Mean IoU: 0.4982, Mean Accuracy: 0.5000, per Category IOU: [0.99631298 0.        ]
2024-11-28 12:16:17 - FewShotSeg - INFO - Epoch : 0, Validation Results - Loss: 0.3500, Mean IoU: 0.5417, Mean Accuracy: 0.7176, per Category IOU: [9.95674781e-01 8.18172168e-04]
2024-11-28 12:16:17 - FewShotSeg - INFO - Model saved!
2024-11-28 12:16:17 - FewShotSeg - INFO - Epoch: 1
2024-11-28 12:16:18 - FewShotSeg - INFO - Epoch: 1, Iteration: 0, Training Loss: 0.3342, Mean IoU: 0.4970, Mean Accuracy: 0.4999, per Category IOU: [0.99399115 0.        ]
2024-11-28 12:16:18 - FewShotSeg - INFO - Epoch: 1, Iteration: 1, Training Loss: 0.3386, Mean IoU: 0.4985, Mean Accuracy: 0.5000, per Category IOU: [0.99697066 0.        ]
2024-11-28 12:16:18 - FewShotSeg - INFO - Epoch: 1, Iteration: 2, Training Loss: 0.2226, Mean IoU: 0.4988, Mean Accuracy: 0.5000, per Category IOU: [0.99750877 0.        ]
2024-11-28 12:16:19 - FewShotSeg - INFO - Epoch: 1, Iteration: 3, Training Loss: 0.2178, Mean IoU: 0.4980, Mean Accuracy: 0.5000, per Category IOU: [0.99593431 0.        ]
2024-11-28 12:17:09 - FewShotSeg - INFO - Epoch : 1, Validation Results - Loss: 0.2115, Mean IoU: 0.7072, Mean Accuracy: 0.7174, per Category IOU: [9.95959061e-01 4.18478261e-07]
2024-11-28 12:17:10 - FewShotSeg - INFO - Model saved!
2024-11-28 12:17:10 - FewShotSeg - INFO - Epoch: 2
2024-11-28 12:17:10 - FewShotSeg - INFO - Epoch: 2, Iteration: 0, Training Loss: 0.1979, Mean IoU: 0.4985, Mean Accuracy: 0.5000, per Category IOU: [0.99697565 0.        ]
2024-11-28 12:17:10 - FewShotSeg - INFO - Epoch: 2, Iteration: 1, Training Loss: 0.1802, Mean IoU: 0.4976, Mean Accuracy: 0.5000, per Category IOU: [0.99510224 0.        ]
2024-11-28 12:17:11 - FewShotSeg - INFO - Epoch: 2, Iteration: 2, Training Loss: 0.1862, Mean IoU: 0.4980, Mean Accuracy: 0.5000, per Category IOU: [0.99592933 0.        ]
2024-11-28 12:17:11 - FewShotSeg - INFO - Epoch: 2, Iteration: 3, Training Loss: 0.1269, Mean IoU: 0.4983, Mean Accuracy: 0.5000, per Category IOU: [0.99667172 0.        ]
2024-11-28 12:18:02 - FewShotSeg - INFO - Epoch : 2, Validation Results - Loss: 0.1585, Mean IoU: 0.7154, Mean Accuracy: 0.7174, per Category IOU: [9.95959630e-01 4.34782609e-07]
2024-11-28 12:18:02 - FewShotSeg - INFO - Model saved!
2024-11-28 12:18:02 - FewShotSeg - INFO - Epoch: 3
2024-11-28 12:18:02 - FewShotSeg - INFO - Epoch: 3, Iteration: 0, Training Loss: 0.1613, Mean IoU: 0.4975, Mean Accuracy: 0.5000, per Category IOU: [0.99495028 0.        ]
2024-11-28 12:18:03 - FewShotSeg - INFO - Epoch: 3, Iteration: 1, Training Loss: 0.1347, Mean IoU: 0.4981, Mean Accuracy: 0.5000, per Category IOU: [0.99628557 0.        ]
2024-11-28 12:18:03 - FewShotSeg - INFO - Epoch: 3, Iteration: 2, Training Loss: 0.0967, Mean IoU: 0.4988, Mean Accuracy: 0.5000, per Category IOU: [0.99750877 0.        ]
2024-11-28 12:18:03 - FewShotSeg - INFO - Epoch: 3, Iteration: 3, Training Loss: 0.1120, Mean IoU: 0.4980, Mean Accuracy: 0.5000, per Category IOU: [0.99593431 0.        ]
2024-11-28 12:18:54 - FewShotSeg - INFO - Epoch : 3, Validation Results - Loss: 0.1339, Mean IoU: 0.7154, Mean Accuracy: 0.7174, per Category IOU: [9.95959630e-01 4.34782609e-07]
2024-11-28 12:18:54 - FewShotSeg - INFO - Epoch: 4
2024-11-28 12:18:54 - FewShotSeg - INFO - Epoch: 4, Iteration: 0, Training Loss: 0.0848, Mean IoU: 0.4984, Mean Accuracy: 0.5000, per Category IOU: [0.996876 0.      ]
2024-11-28 12:18:55 - FewShotSeg - INFO - Epoch: 4, Iteration: 1, Training Loss: 0.1069, Mean IoU: 0.4985, Mean Accuracy: 0.5000, per Category IOU: [0.99697066 0.        ]
2024-11-28 12:18:55 - FewShotSeg - INFO - Epoch: 4, Iteration: 2, Training Loss: 0.1174, Mean IoU: 0.4974, Mean Accuracy: 0.5000, per Category IOU: [0.99489796 0.        ]
2024-11-28 12:18:55 - FewShotSeg - INFO - Epoch: 4, Iteration: 3, Training Loss: 0.0812, Mean IoU: 0.5463, Mean Accuracy: 0.5481, per Category IOU: [0.996324   0.09620098]
2024-11-28 12:19:45 - FewShotSeg - INFO - Epoch : 4, Validation Results - Loss: 0.1117, Mean IoU: 0.7129, Mean Accuracy: 0.7176, per Category IOU: [9.95962235e-01 4.86118852e-04]
2024-11-28 12:19:45 - FewShotSeg - INFO - Epoch: 5
2024-11-28 12:19:45 - FewShotSeg - INFO - Epoch: 5, Iteration: 0, Training Loss: 0.0590, Mean IoU: 0.7194, Mean Accuracy: 0.7202, per Category IOU: [0.99827622 0.44048583]
2024-11-28 12:19:46 - FewShotSeg - INFO - Epoch: 5, Iteration: 1, Training Loss: 0.1050, Mean IoU: 0.5451, Mean Accuracy: 0.5474, per Category IOU: [0.9954264  0.09472126]
2024-11-28 12:19:46 - FewShotSeg - INFO - Epoch: 5, Iteration: 2, Training Loss: 0.0656, Mean IoU: 0.7060, Mean Accuracy: 0.7077, per Category IOU: [0.99746187 0.41450777]
2024-11-28 12:19:46 - FewShotSeg - INFO - Epoch: 5, Iteration: 3, Training Loss: 0.0594, Mean IoU: 0.7035, Mean Accuracy: 0.7043, per Category IOU: [0.99829649 0.40865801]
2024-11-28 12:20:37 - FewShotSeg - INFO - Epoch : 5, Validation Results - Loss: 0.0862, Mean IoU: 0.7375, Mean Accuracy: 0.7582, per Category IOU: [0.99663361 0.08156712]
2024-11-28 12:20:37 - FewShotSeg - INFO - Model saved!
2024-11-28 12:20:37 - FewShotSeg - INFO - Epoch: 6
2024-11-28 12:20:38 - FewShotSeg - INFO - Epoch: 6, Iteration: 0, Training Loss: 0.0472, Mean IoU: 0.7712, Mean Accuracy: 0.7734, per Category IOU: [0.99849509 0.54387292]
2024-11-28 12:20:38 - FewShotSeg - INFO - Epoch: 6, Iteration: 1, Training Loss: 0.0506, Mean IoU: 0.7356, Mean Accuracy: 0.7365, per Category IOU: [0.99837335 0.47291835]
2024-11-28 12:20:38 - FewShotSeg - INFO - Epoch: 6, Iteration: 2, Training Loss: 0.0695, Mean IoU: 0.6976, Mean Accuracy: 0.6991, per Category IOU: [0.99704462 0.39806812]
2024-11-28 12:20:38 - FewShotSeg - INFO - Epoch: 6, Iteration: 3, Training Loss: 0.0375, Mean IoU: 0.8945, Mean Accuracy: 0.9028, per Category IOU: [0.9991252  0.78978979]
2024-11-28 12:21:28 - FewShotSeg - INFO - Epoch : 6, Validation Results - Loss: 0.0646, Mean IoU: 0.7949, Mean Accuracy: 0.8345, per Category IOU: [0.99777912 0.23329292]
2024-11-28 12:21:29 - FewShotSeg - INFO - Model saved!
2024-11-28 12:21:29 - FewShotSeg - INFO - Epoch: 7
2024-11-28 12:21:29 - FewShotSeg - INFO - Epoch: 7, Iteration: 0, Training Loss: 0.0735, Mean IoU: 0.7112, Mean Accuracy: 0.7131, per Category IOU: [0.99683621 0.4256573 ]
2024-11-28 12:21:29 - FewShotSeg - INFO - Epoch: 7, Iteration: 1, Training Loss: 0.0251, Mean IoU: 0.9199, Mean Accuracy: 0.9278, per Category IOU: [0.99949043 0.84025059]
2024-11-28 12:21:29 - FewShotSeg - INFO - Epoch: 7, Iteration: 2, Training Loss: 0.0193, Mean IoU: 0.9416, Mean Accuracy: 0.9611, per Category IOU: [0.99962525 0.88363072]
2024-11-28 12:21:30 - FewShotSeg - INFO - Epoch: 7, Iteration: 3, Training Loss: 0.0330, Mean IoU: 0.8693, Mean Accuracy: 0.9069, per Category IOU: [0.99895558 0.73956386]
2024-11-28 12:22:20 - FewShotSeg - INFO - Epoch : 7, Validation Results - Loss: 0.0491, Mean IoU: 0.8311, Mean Accuracy: 0.8878, per Category IOU: [0.99847717 0.33765023]
2024-11-28 12:22:20 - FewShotSeg - INFO - Model saved!
2024-11-28 12:22:20 - FewShotSeg - INFO - Epoch: 8
2024-11-28 12:22:20 - FewShotSeg - INFO - Epoch: 8, Iteration: 0, Training Loss: 0.0245, Mean IoU: 0.9123, Mean Accuracy: 0.9212, per Category IOU: [0.99934027 0.82516556]
2024-11-28 12:22:21 - FewShotSeg - INFO - Epoch: 8, Iteration: 1, Training Loss: 0.0187, Mean IoU: 0.9397, Mean Accuracy: 0.9525, per Category IOU: [0.99961276 0.87984496]
2024-11-28 12:22:21 - FewShotSeg - INFO - Epoch: 8, Iteration: 2, Training Loss: 0.0424, Mean IoU: 0.8281, Mean Accuracy: 0.8540, per Category IOU: [0.99813487 0.65811182]
2024-11-28 12:22:21 - FewShotSeg - INFO - Epoch: 8, Iteration: 3, Training Loss: 0.0243, Mean IoU: 0.9470, Mean Accuracy: 0.9686, per Category IOU: [0.9996151  0.89430336]
2024-11-28 12:23:11 - FewShotSeg - INFO - Epoch : 8, Validation Results - Loss: 0.0385, Mean IoU: 0.8551, Mean Accuracy: 0.9183, per Category IOU: [0.99886338 0.39616329]
2024-11-28 12:23:11 - FewShotSeg - INFO - Model saved!
2024-11-28 12:23:11 - FewShotSeg - INFO - Epoch: 9
2024-11-28 12:23:12 - FewShotSeg - INFO - Epoch: 9, Iteration: 0, Training Loss: 0.0386, Mean IoU: 0.8777, Mean Accuracy: 0.8856, per Category IOU: [0.99848319 0.75682183]
2024-11-28 12:23:12 - FewShotSeg - INFO - Epoch: 9, Iteration: 1, Training Loss: 0.0209, Mean IoU: 0.9486, Mean Accuracy: 0.9614, per Category IOU: [0.99960753 0.89758643]
2024-11-28 12:23:12 - FewShotSeg - INFO - Epoch: 9, Iteration: 2, Training Loss: 0.0175, Mean IoU: 0.8911, Mean Accuracy: 0.9635, per Category IOU: [0.99937079 0.78275862]
2024-11-28 12:23:13 - FewShotSeg - INFO - Epoch: 9, Iteration: 3, Training Loss: 0.0113, Mean IoU: 0.9546, Mean Accuracy: 0.9877, per Category IOU: [0.99970015 0.90943396]
2024-11-28 12:24:02 - FewShotSeg - INFO - Epoch : 9, Validation Results - Loss: 0.0307, Mean IoU: 0.8908, Mean Accuracy: 0.9387, per Category IOU: [0.99911978 0.43459077]
2024-11-28 12:24:03 - FewShotSeg - INFO - Model saved!
2024-11-28 12:24:03 - FewShotSeg - INFO - Epoch: 10
2024-11-28 12:24:03 - FewShotSeg - INFO - Epoch: 10, Iteration: 0, Training Loss: 0.0184, Mean IoU: 0.9543, Mean Accuracy: 0.9805, per Category IOU: [0.99966506 0.90884354]
2024-11-28 12:24:03 - FewShotSeg - INFO - Epoch: 10, Iteration: 1, Training Loss: 0.0150, Mean IoU: 0.9018, Mean Accuracy: 0.9676, per Category IOU: [0.99944318 0.80421422]
2024-11-28 12:24:04 - FewShotSeg - INFO - Epoch: 10, Iteration: 2, Training Loss: 0.0247, Mean IoU: 0.9328, Mean Accuracy: 0.9443, per Category IOU: [0.9991609  0.86642743]
2024-11-28 12:24:04 - FewShotSeg - INFO - Epoch: 10, Iteration: 3, Training Loss: 0.0083, Mean IoU: 0.9533, Mean Accuracy: 0.9812, per Category IOU: [0.9996701  0.90691114]
2024-11-28 12:24:54 - FewShotSeg - INFO - Epoch : 10, Validation Results - Loss: 0.0252, Mean IoU: 0.9188, Mean Accuracy: 0.9509, per Category IOU: [0.99928093 0.4579141 ]
2024-11-28 12:24:55 - FewShotSeg - INFO - Model saved!
2024-11-28 12:24:55 - FewShotSeg - INFO - Epoch: 11
2024-11-28 12:24:55 - FewShotSeg - INFO - Epoch: 11, Iteration: 0, Training Loss: 0.0148, Mean IoU: 0.9566, Mean Accuracy: 0.9862, per Category IOU: [0.99968004 0.91351351]
2024-11-28 12:24:55 - FewShotSeg - INFO - Epoch: 11, Iteration: 1, Training Loss: 0.0113, Mean IoU: 0.9362, Mean Accuracy: 0.9774, per Category IOU: [0.99954267 0.87282835]
2024-11-28 12:24:56 - FewShotSeg - INFO - Epoch: 11, Iteration: 2, Training Loss: 0.0190, Mean IoU: 0.9434, Mean Accuracy: 0.9596, per Category IOU: [0.999286  0.8874852]
2024-11-28 12:24:56 - FewShotSeg - INFO - Epoch: 11, Iteration: 3, Training Loss: 0.0078, Mean IoU: 0.9421, Mean Accuracy: 0.9824, per Category IOU: [0.99968535 0.88450962]
2024-11-28 12:25:46 - FewShotSeg - INFO - Epoch : 11, Validation Results - Loss: 0.0212, Mean IoU: 0.9316, Mean Accuracy: 0.9587, per Category IOU: [0.99938306 0.47245384]
2024-11-28 12:25:47 - FewShotSeg - INFO - Model saved!
2024-11-28 12:25:47 - FewShotSeg - INFO - Epoch: 12
2024-11-28 12:25:47 - FewShotSeg - INFO - Epoch: 12, Iteration: 0, Training Loss: 0.0105, Mean IoU: 0.9325, Mean Accuracy: 0.9870, per Category IOU: [0.99954026 0.86539868]
2024-11-28 12:25:47 - FewShotSeg - INFO - Epoch: 12, Iteration: 1, Training Loss: 0.0142, Mean IoU: 0.9571, Mean Accuracy: 0.9725, per Category IOU: [0.99949152 0.91467003]
2024-11-28 12:25:47 - FewShotSeg - INFO - Epoch: 12, Iteration: 2, Training Loss: 0.0113, Mean IoU: 0.9503, Mean Accuracy: 0.9796, per Category IOU: [0.99969523 0.90081301]
2024-11-28 12:25:48 - FewShotSeg - INFO - Epoch: 12, Iteration: 3, Training Loss: 0.0073, Mean IoU: 0.9424, Mean Accuracy: 0.9775, per Category IOU: [0.99954249 0.88533835]
2024-11-28 12:26:38 - FewShotSeg - INFO - Epoch : 12, Validation Results - Loss: 0.0182, Mean IoU: 0.9553, Mean Accuracy: 0.9640, per Category IOU: [0.9994456  0.48174847]
2024-11-28 12:26:38 - FewShotSeg - INFO - Model saved!
2024-11-28 12:26:38 - FewShotSeg - INFO - Epoch: 13
2024-11-28 12:26:39 - FewShotSeg - INFO - Epoch: 13, Iteration: 0, Training Loss: 0.0087, Mean IoU: 0.9379, Mean Accuracy: 0.9762, per Category IOU: [0.99953009 0.87623436]
2024-11-28 12:26:39 - FewShotSeg - INFO - Epoch: 13, Iteration: 1, Training Loss: 0.0072, Mean IoU: 0.9287, Mean Accuracy: 0.9805, per Category IOU: [0.99957791 0.85786375]
2024-11-28 12:26:39 - FewShotSeg - INFO - Epoch: 13, Iteration: 2, Training Loss: 0.0138, Mean IoU: 0.9593, Mean Accuracy: 0.9743, per Category IOU: [0.99953921 0.91908531]
2024-11-28 12:26:40 - FewShotSeg - INFO - Epoch: 13, Iteration: 3, Training Loss: 0.0064, Mean IoU: 0.9504, Mean Accuracy: 0.9904, per Category IOU: [0.99959995 0.9012955 ]
2024-11-28 12:27:30 - FewShotSeg - INFO - Epoch : 13, Validation Results - Loss: 0.0159, Mean IoU: 0.9612, Mean Accuracy: 0.9677, per Category IOU: [0.99948761 0.48806204]
2024-11-28 12:27:30 - FewShotSeg - INFO - Model saved!
2024-11-28 12:27:30 - FewShotSeg - INFO - Epoch: 14
2024-11-28 12:27:31 - FewShotSeg - INFO - Epoch: 14, Iteration: 0, Training Loss: 0.0062, Mean IoU: 0.9502, Mean Accuracy: 0.9904, per Category IOU: [0.99959745 0.90073983]
2024-11-28 12:27:31 - FewShotSeg - INFO - Epoch: 14, Iteration: 1, Training Loss: 0.0114, Mean IoU: 0.9478, Mean Accuracy: 0.9749, per Category IOU: [0.99944178 0.89623081]
2024-11-28 12:27:31 - FewShotSeg - INFO - Epoch: 14, Iteration: 2, Training Loss: 0.0084, Mean IoU: 0.9527, Mean Accuracy: 0.9827, per Category IOU: [0.99958983 0.90585534]
2024-11-28 12:27:32 - FewShotSeg - INFO - Epoch: 14, Iteration: 3, Training Loss: 0.0051, Mean IoU: 0.9384, Mean Accuracy: 0.9854, per Category IOU: [0.99966037 0.87714544]
2024-11-28 12:28:22 - FewShotSeg - INFO - Epoch : 14, Validation Results - Loss: 0.0143, Mean IoU: 0.9634, Mean Accuracy: 0.9703, per Category IOU: [0.9995157  0.49248904]
2024-11-28 12:28:22 - FewShotSeg - INFO - Model saved!
2024-11-28 12:28:22 - FewShotSeg - INFO - Epoch: 15
2024-11-28 12:28:23 - FewShotSeg - INFO - Epoch: 15, Iteration: 0, Training Loss: 0.0078, Mean IoU: 0.9533, Mean Accuracy: 0.9836, per Category IOU: [0.99959482 0.9070568 ]
2024-11-28 12:28:23 - FewShotSeg - INFO - Epoch: 15, Iteration: 1, Training Loss: 0.0054, Mean IoU: 0.9496, Mean Accuracy: 0.9908, per Category IOU: [0.99959244 0.89969231]
2024-11-28 12:28:23 - FewShotSeg - INFO - Epoch: 15, Iteration: 2, Training Loss: 0.0048, Mean IoU: 0.9384, Mean Accuracy: 0.9854, per Category IOU: [0.99966037 0.87714544]
2024-11-28 12:28:23 - FewShotSeg - INFO - Epoch: 15, Iteration: 3, Training Loss: 0.0094, Mean IoU: 0.9514, Mean Accuracy: 0.9794, per Category IOU: [0.9994793  0.90334572]
2024-11-28 12:29:13 - FewShotSeg - INFO - Epoch : 15, Validation Results - Loss: 0.0131, Mean IoU: 0.9651, Mean Accuracy: 0.9722, per Category IOU: [0.99953725 0.49586096]
2024-11-28 12:29:14 - FewShotSeg - INFO - Model saved!
2024-11-28 12:29:14 - FewShotSeg - INFO - Epoch: 16
2024-11-28 12:29:14 - FewShotSeg - INFO - Epoch: 16, Iteration: 0, Training Loss: 0.0054, Mean IoU: 0.9473, Mean Accuracy: 0.9906, per Category IOU: [0.99952977 0.89497207]
2024-11-28 12:29:14 - FewShotSeg - INFO - Epoch: 16, Iteration: 1, Training Loss: 0.0059, Mean IoU: 0.9395, Mean Accuracy: 0.9823, per Category IOU: [0.99956515 0.87941788]
2024-11-28 12:29:14 - FewShotSeg - INFO - Epoch: 16, Iteration: 2, Training Loss: 0.0065, Mean IoU: 0.9485, Mean Accuracy: 0.9839, per Category IOU: [0.99968023 0.89727127]
2024-11-28 12:29:15 - FewShotSeg - INFO - Epoch: 16, Iteration: 3, Training Loss: 0.0068, Mean IoU: 0.9598, Mean Accuracy: 0.9835, per Category IOU: [0.99956938 0.92011147]
2024-11-28 12:30:05 - FewShotSeg - INFO - Epoch : 16, Validation Results - Loss: 0.0122, Mean IoU: 0.9663, Mean Accuracy: 0.9737, per Category IOU: [0.99955318 0.49834168]
2024-11-28 12:30:05 - FewShotSeg - INFO - Model saved!
2024-11-28 12:30:05 - FewShotSeg - INFO - Epoch: 17
2024-11-28 12:30:06 - FewShotSeg - INFO - Epoch: 17, Iteration: 0, Training Loss: 0.0077, Mean IoU: 0.9571, Mean Accuracy: 0.9818, per Category IOU: [0.99955696 0.91457529]
2024-11-28 12:30:06 - FewShotSeg - INFO - Epoch: 17, Iteration: 1, Training Loss: 0.0067, Mean IoU: 0.9409, Mean Accuracy: 0.9830, per Category IOU: [0.99960773 0.88213213]
2024-11-28 12:30:06 - FewShotSeg - INFO - Epoch: 17, Iteration: 2, Training Loss: 0.0038, Mean IoU: 0.9444, Mean Accuracy: 0.9938, per Category IOU: [0.99962018 0.88921283]
2024-11-28 12:30:07 - FewShotSeg - INFO - Epoch: 17, Iteration: 3, Training Loss: 0.0047, Mean IoU: 0.9533, Mean Accuracy: 0.9866, per Category IOU: [0.9995672  0.90698925]
2024-11-28 12:30:57 - FewShotSeg - INFO - Epoch : 17, Validation Results - Loss: 0.0115, Mean IoU: 0.9674, Mean Accuracy: 0.9751, per Category IOU: [0.99956726 0.5005446 ]
2024-11-28 12:30:57 - FewShotSeg - INFO - Model saved!
2024-11-28 12:30:57 - FewShotSeg - INFO - Epoch: 18
2024-11-28 12:30:58 - FewShotSeg - INFO - Epoch: 18, Iteration: 0, Training Loss: 0.0055, Mean IoU: 0.9230, Mean Accuracy: 0.9809, per Category IOU: [0.999573   0.84636119]
2024-11-28 12:30:58 - FewShotSeg - INFO - Epoch: 18, Iteration: 1, Training Loss: 0.0060, Mean IoU: 0.9615, Mean Accuracy: 0.9857, per Category IOU: [0.9995869  0.92343387]
2024-11-28 12:30:58 - FewShotSeg - INFO - Epoch: 18, Iteration: 2, Training Loss: 0.0051, Mean IoU: 0.9522, Mean Accuracy: 0.9916, per Category IOU: [0.99964004 0.90469887]
2024-11-28 12:30:58 - FewShotSeg - INFO - Epoch: 18, Iteration: 3, Training Loss: 0.0044, Mean IoU: 0.9533, Mean Accuracy: 0.9866, per Category IOU: [0.9995672  0.90698925]
2024-11-28 12:31:49 - FewShotSeg - INFO - Epoch : 18, Validation Results - Loss: 0.0109, Mean IoU: 0.9682, Mean Accuracy: 0.9761, per Category IOU: [0.99957697 0.50211993]
2024-11-28 12:31:49 - FewShotSeg - INFO - Model saved!
2024-11-28 12:31:49 - FewShotSeg - INFO - Epoch: 19
2024-11-28 12:31:50 - FewShotSeg - INFO - Epoch: 19, Iteration: 0, Training Loss: 0.0058, Mean IoU: 0.9409, Mean Accuracy: 0.9834, per Category IOU: [0.99960773 0.88222056]
2024-11-28 12:31:50 - FewShotSeg - INFO - Epoch: 19, Iteration: 1, Training Loss: 0.0063, Mean IoU: 0.9593, Mean Accuracy: 0.9849, per Category IOU: [0.99957948 0.91903614]
2024-11-28 12:31:50 - FewShotSeg - INFO - Epoch: 19, Iteration: 2, Training Loss: 0.0034, Mean IoU: 0.9447, Mean Accuracy: 0.9938, per Category IOU: [0.99962268 0.88986142]
2024-11-28 12:31:50 - FewShotSeg - INFO - Epoch: 19, Iteration: 3, Training Loss: 0.0042, Mean IoU: 0.9533, Mean Accuracy: 0.9871, per Category IOU: [0.9995672  0.90708915]
2024-11-28 12:32:41 - FewShotSeg - INFO - Epoch : 19, Validation Results - Loss: 0.0104, Mean IoU: 0.9689, Mean Accuracy: 0.9770, per Category IOU: [0.99958555 0.50347788]
2024-11-28 12:32:41 - FewShotSeg - INFO - Model saved!
2024-11-28 12:32:41 - FewShotSeg - INFO - Epoch: 20
2024-11-28 12:32:41 - FewShotSeg - INFO - Epoch: 20, Iteration: 0, Training Loss: 0.0033, Mean IoU: 0.9447, Mean Accuracy: 0.9938, per Category IOU: [0.99962268 0.88986142]
2024-11-28 12:32:42 - FewShotSeg - INFO - Epoch: 20, Iteration: 1, Training Loss: 0.0041, Mean IoU: 0.9531, Mean Accuracy: 0.9871, per Category IOU: [0.99956469 0.90660225]
2024-11-28 12:32:42 - FewShotSeg - INFO - Epoch: 20, Iteration: 2, Training Loss: 0.0058, Mean IoU: 0.9596, Mean Accuracy: 0.9856, per Category IOU: [0.99958198 0.91959557]
2024-11-28 12:32:42 - FewShotSeg - INFO - Epoch: 20, Iteration: 3, Training Loss: 0.0053, Mean IoU: 0.9410, Mean Accuracy: 0.9846, per Category IOU: [0.99960772 0.88248503]
2024-11-28 12:33:32 - FewShotSeg - INFO - Epoch : 20, Validation Results - Loss: 0.0100, Mean IoU: 0.9694, Mean Accuracy: 0.9777, per Category IOU: [0.99959128 0.50444988]
2024-11-28 12:33:32 - FewShotSeg - INFO - Model saved!
2024-11-28 12:33:32 - FewShotSeg - INFO - Epoch: 21
2024-11-28 12:33:33 - FewShotSeg - INFO - Epoch: 21, Iteration: 0, Training Loss: 0.0049, Mean IoU: 0.9627, Mean Accuracy: 0.9877, per Category IOU: [0.99959941 0.92585728]
2024-11-28 12:33:33 - FewShotSeg - INFO - Epoch: 21, Iteration: 1, Training Loss: 0.0039, Mean IoU: 0.9482, Mean Accuracy: 0.9928, per Category IOU: [0.99953727 0.89687848]
2024-11-28 12:33:33 - FewShotSeg - INFO - Epoch: 21, Iteration: 2, Training Loss: 0.0044, Mean IoU: 0.9576, Mean Accuracy: 0.9865, per Category IOU: [0.99966496 0.91545741]
2024-11-28 12:33:34 - FewShotSeg - INFO - Epoch: 21, Iteration: 3, Training Loss: 0.0047, Mean IoU: 0.9228, Mean Accuracy: 0.9825, per Category IOU: [0.9995705  0.84601611]
