2024-11-28 13:45:38 - FewShotSeg - INFO - Config Options:
{
    "_VERSION": "207",
    "_EPOCHS": 50,
    "_N_SHOTS": 5,
    "_N_INSTANCE": 1,
    "_MODEL_SAVE": true,
    "_MODEL_VERSION": "nvidia/mit-b5",
    "_MODEL_VERSION_SAVE": "mit-b5",
    "_BATCH_SIZE": 2,
    "_DEVICE": "cuda:1"
}
2024-11-28 13:45:46 - FewShotSeg - INFO - Epoch: 0
2024-11-28 13:45:46 - FewShotSeg - INFO - Epoch: 0, Iteration: 0, Training Loss: 0.7578, Mean IoU: 0.1211, Mean Accuracy: 0.4186, per Category IOU: [0.23903913 0.00306857]
2024-11-28 13:45:47 - FewShotSeg - INFO - Epoch: 0, Iteration: 1, Training Loss: 0.4761, Mean IoU: 0.4969, Mean Accuracy: 0.4982, per Category IOU: [0.99378438 0.        ]
2024-11-28 13:45:47 - FewShotSeg - INFO - Epoch: 0, Iteration: 2, Training Loss: 0.3453, Mean IoU: 0.4985, Mean Accuracy: 0.5000, per Category IOU: [0.99701551 0.        ]
2024-11-28 13:45:47 - FewShotSeg - INFO - Epoch: 0, Iteration: 3, Training Loss: 0.2493, Mean IoU: 0.4984, Mean Accuracy: 0.5000, per Category IOU: [0.99681372 0.        ]
2024-11-28 13:45:47 - FewShotSeg - INFO - Epoch: 0, Iteration: 4, Training Loss: 0.1695, Mean IoU: 0.4982, Mean Accuracy: 0.5000, per Category IOU: [0.9964475 0.       ]
2024-11-28 13:45:47 - FewShotSeg - INFO - Epoch: 0, Iteration: 5, Training Loss: 0.1770, Mean IoU: 0.4978, Mean Accuracy: 0.5000, per Category IOU: [0.9956827 0.       ]
2024-11-28 13:45:47 - FewShotSeg - INFO - Epoch: 0, Iteration: 6, Training Loss: 0.1858, Mean IoU: 0.4986, Mean Accuracy: 0.5000, per Category IOU: [0.99712263 0.        ]
2024-11-28 13:45:48 - FewShotSeg - INFO - Epoch: 0, Iteration: 7, Training Loss: 0.1778, Mean IoU: 0.4984, Mean Accuracy: 0.5000, per Category IOU: [0.99671905 0.        ]
2024-11-28 13:45:48 - FewShotSeg - INFO - Epoch: 0, Iteration: 8, Training Loss: 0.1986, Mean IoU: 0.4983, Mean Accuracy: 0.5000, per Category IOU: [0.99658701 0.        ]
2024-11-28 13:45:48 - FewShotSeg - INFO - Epoch: 0, Iteration: 9, Training Loss: 0.1913, Mean IoU: 0.4986, Mean Accuracy: 0.5000, per Category IOU: [0.99712761 0.        ]
2024-11-28 13:45:48 - FewShotSeg - INFO - Epoch: 0, Iteration: 10, Training Loss: 0.2580, Mean IoU: 0.4978, Mean Accuracy: 0.5000, per Category IOU: [0.99564533 0.        ]
2024-11-28 13:45:48 - FewShotSeg - INFO - Epoch: 0, Iteration: 11, Training Loss: 0.1688, Mean IoU: 0.4987, Mean Accuracy: 0.5000, per Category IOU: [0.99741908 0.        ]
2024-11-28 13:45:48 - FewShotSeg - INFO - Epoch: 0, Iteration: 12, Training Loss: 0.1365, Mean IoU: 0.4987, Mean Accuracy: 0.5000, per Category IOU: [0.99740912 0.        ]
2024-11-28 13:45:49 - FewShotSeg - INFO - Epoch: 0, Iteration: 13, Training Loss: 0.2057, Mean IoU: 0.4986, Mean Accuracy: 0.5000, per Category IOU: [0.99713259 0.        ]
2024-11-28 13:45:49 - FewShotSeg - INFO - Epoch: 0, Iteration: 14, Training Loss: 0.2081, Mean IoU: 0.4981, Mean Accuracy: 0.5000, per Category IOU: [0.99617098 0.        ]
2024-11-28 13:45:49 - FewShotSeg - INFO - Epoch: 0, Iteration: 15, Training Loss: 0.2028, Mean IoU: 0.4983, Mean Accuracy: 0.5000, per Category IOU: [0.996592 0.      ]
2024-11-28 13:45:49 - FewShotSeg - INFO - Epoch: 0, Iteration: 16, Training Loss: 0.2273, Mean IoU: 0.4977, Mean Accuracy: 0.5000, per Category IOU: [0.99533392 0.        ]
2024-11-28 13:45:49 - FewShotSeg - INFO - Epoch: 0, Iteration: 17, Training Loss: 0.1299, Mean IoU: 0.4985, Mean Accuracy: 0.5000, per Category IOU: [0.99708028 0.        ]
2024-11-28 13:45:49 - FewShotSeg - INFO - Epoch: 0, Iteration: 18, Training Loss: 0.1024, Mean IoU: 0.4987, Mean Accuracy: 0.5000, per Category IOU: [0.99740912 0.        ]
2024-11-28 13:45:50 - FewShotSeg - INFO - Epoch: 0, Iteration: 19, Training Loss: 0.1394, Mean IoU: 0.4981, Mean Accuracy: 0.5000, per Category IOU: [0.99614607 0.        ]
2024-11-28 13:45:50 - FewShotSeg - INFO - Epoch: 0, Iteration: 20, Training Loss: 0.1734, Mean IoU: 0.4977, Mean Accuracy: 0.5000, per Category IOU: [0.99533392 0.        ]
2024-11-28 13:45:50 - FewShotSeg - INFO - Epoch: 0, Iteration: 21, Training Loss: 0.1749, Mean IoU: 0.4973, Mean Accuracy: 0.5000, per Category IOU: [0.99467375 0.        ]
2024-11-28 13:45:50 - FewShotSeg - INFO - Epoch: 0, Iteration: 22, Training Loss: 0.0841, Mean IoU: 0.4984, Mean Accuracy: 0.5000, per Category IOU: [0.99687351 0.        ]
2024-11-28 13:45:50 - FewShotSeg - INFO - Epoch: 0, Iteration: 23, Training Loss: 0.1137, Mean IoU: 0.4982, Mean Accuracy: 0.5000, per Category IOU: [0.99631796 0.        ]
2024-11-28 13:45:51 - FewShotSeg - INFO - Epoch: 0, Iteration: 24, Training Loss: 0.0978, Mean IoU: 0.4986, Mean Accuracy: 0.5000, per Category IOU: [0.99727708 0.        ]
2024-11-28 13:45:51 - FewShotSeg - INFO - Epoch: 0, Iteration: 25, Training Loss: 0.0809, Mean IoU: 0.4984, Mean Accuracy: 0.5000, per Category IOU: [0.99671905 0.        ]
2024-11-28 13:45:51 - FewShotSeg - INFO - Epoch: 0, Iteration: 26, Training Loss: 0.0813, Mean IoU: 0.4983, Mean Accuracy: 0.5000, per Category IOU: [0.99659947 0.        ]
2024-11-28 13:45:51 - FewShotSeg - INFO - Epoch: 0, Iteration: 27, Training Loss: 0.0746, Mean IoU: 0.7331, Mean Accuracy: 0.7361, per Category IOU: [0.99776846 0.46848989]
2024-11-28 13:45:51 - FewShotSeg - INFO - Epoch: 0, Iteration: 28, Training Loss: 0.0919, Mean IoU: 0.5736, Mean Accuracy: 0.5757, per Category IOU: [0.99572428 0.15141019]
2024-11-28 13:45:51 - FewShotSeg - INFO - Epoch: 0, Iteration: 29, Training Loss: 0.0546, Mean IoU: 0.8174, Mean Accuracy: 0.9038, per Category IOU: [0.99804017 0.63670065]
2024-11-28 13:45:52 - FewShotSeg - INFO - Epoch: 0, Iteration: 30, Training Loss: 0.0497, Mean IoU: 0.9107, Mean Accuracy: 0.9113, per Category IOU: [0.99940546 0.82198953]
2024-11-28 13:45:52 - FewShotSeg - INFO - Epoch: 0, Iteration: 31, Training Loss: 0.0960, Mean IoU: 0.5876, Mean Accuracy: 0.5897, per Category IOU: [0.99590324 0.17932068]
2024-11-28 13:45:52 - FewShotSeg - INFO - Epoch: 0, Iteration: 32, Training Loss: 0.0558, Mean IoU: 0.9425, Mean Accuracy: 0.9498, per Category IOU: [0.99928859 0.88566828]
2024-11-28 13:45:52 - FewShotSeg - INFO - Epoch: 0, Iteration: 33, Training Loss: 0.0632, Mean IoU: 0.9134, Mean Accuracy: 0.9149, per Category IOU: [0.99936029 0.82749326]
2024-11-28 13:45:52 - FewShotSeg - INFO - Epoch: 0, Iteration: 34, Training Loss: 0.0464, Mean IoU: 0.9533, Mean Accuracy: 0.9792, per Category IOU: [0.99968013 0.90690909]
2024-11-28 13:45:52 - FewShotSeg - INFO - Epoch: 0, Iteration: 35, Training Loss: 0.0369, Mean IoU: 0.9243, Mean Accuracy: 0.9304, per Category IOU: [0.99953793 0.84897959]
2024-11-28 13:45:53 - FewShotSeg - INFO - Epoch: 0, Iteration: 36, Training Loss: 0.0404, Mean IoU: 0.9341, Mean Accuracy: 0.9435, per Category IOU: [0.99959284 0.86854839]
2024-11-28 13:45:53 - FewShotSeg - INFO - Epoch: 0, Iteration: 37, Training Loss: 0.0317, Mean IoU: 0.9416, Mean Accuracy: 0.9733, per Category IOU: [0.99964279 0.88364524]
2024-11-28 13:45:53 - FewShotSeg - INFO - Epoch: 0, Iteration: 38, Training Loss: 0.0465, Mean IoU: 0.8980, Mean Accuracy: 0.9028, per Category IOU: [0.99906737 0.79695155]
2024-11-28 13:45:53 - FewShotSeg - INFO - Epoch: 0, Iteration: 39, Training Loss: 0.0422, Mean IoU: 0.8599, Mean Accuracy: 0.8635, per Category IOU: [0.9982608  0.72144289]
2024-11-28 13:47:01 - FewShotSeg - INFO - Epoch : 0, Validation Results - Loss: 0.0360, Mean IoU: 0.9216, Mean Accuracy: 0.9252, per Category IOU: [0.99892507 0.41175437]
2024-11-28 13:47:02 - FewShotSeg - INFO - Model saved!
2024-11-28 13:47:02 - FewShotSeg - INFO - Epoch: 1
2024-11-28 13:47:02 - FewShotSeg - INFO - Epoch: 1, Iteration: 0, Training Loss: 0.0311, Mean IoU: 0.9637, Mean Accuracy: 0.9696, per Category IOU: [0.99969488 0.92763938]
2024-11-28 13:47:02 - FewShotSeg - INFO - Epoch: 1, Iteration: 1, Training Loss: 0.0277, Mean IoU: 0.8105, Mean Accuracy: 0.8335, per Category IOU: [0.99885437 0.62222222]
2024-11-28 13:47:02 - FewShotSeg - INFO - Epoch: 1, Iteration: 2, Training Loss: 0.0223, Mean IoU: 0.9198, Mean Accuracy: 0.9321, per Category IOU: [0.99948792 0.8400936 ]
2024-11-28 13:47:02 - FewShotSeg - INFO - Epoch: 1, Iteration: 3, Training Loss: 0.0167, Mean IoU: 0.8322, Mean Accuracy: 0.9741, per Category IOU: [0.99809948 0.66637401]
2024-11-28 13:47:02 - FewShotSeg - INFO - Epoch: 1, Iteration: 4, Training Loss: 0.0195, Mean IoU: 0.9365, Mean Accuracy: 0.9417, per Category IOU: [0.99963537 0.87337381]
2024-11-28 13:47:03 - FewShotSeg - INFO - Epoch: 1, Iteration: 5, Training Loss: 0.0153, Mean IoU: 0.9456, Mean Accuracy: 0.9618, per Category IOU: [0.99954741 0.89161677]
2024-11-28 13:47:03 - FewShotSeg - INFO - Epoch: 1, Iteration: 6, Training Loss: 0.0223, Mean IoU: 0.8808, Mean Accuracy: 0.8968, per Category IOU: [0.99913815 0.76256022]
2024-11-28 13:47:03 - FewShotSeg - INFO - Epoch: 1, Iteration: 7, Training Loss: 0.0241, Mean IoU: 0.8231, Mean Accuracy: 0.8270, per Category IOU: [0.99899168 0.64716157]
2024-11-28 13:47:03 - FewShotSeg - INFO - Epoch: 1, Iteration: 8, Training Loss: 0.0181, Mean IoU: 0.9293, Mean Accuracy: 0.9348, per Category IOU: [0.99938235 0.85925926]
2024-11-28 13:47:03 - FewShotSeg - INFO - Epoch: 1, Iteration: 9, Training Loss: 0.0102, Mean IoU: 0.9585, Mean Accuracy: 0.9664, per Category IOU: [0.99967999 0.91725921]
2024-11-28 13:47:03 - FewShotSeg - INFO - Epoch: 1, Iteration: 10, Training Loss: 0.0129, Mean IoU: 0.9531, Mean Accuracy: 0.9730, per Category IOU: [0.99957474 0.90669594]
2024-11-28 13:47:04 - FewShotSeg - INFO - Epoch: 1, Iteration: 11, Training Loss: 0.0106, Mean IoU: 0.9469, Mean Accuracy: 0.9705, per Category IOU: [0.99964518 0.89418778]
2024-11-28 13:47:04 - FewShotSeg - INFO - Epoch: 1, Iteration: 12, Training Loss: 0.0092, Mean IoU: 0.9579, Mean Accuracy: 0.9709, per Category IOU: [0.99971512 0.91617647]
2024-11-28 13:47:04 - FewShotSeg - INFO - Epoch: 1, Iteration: 13, Training Loss: 0.0150, Mean IoU: 0.9125, Mean Accuracy: 0.9153, per Category IOU: [0.99949557 0.82556131]
2024-11-28 13:47:04 - FewShotSeg - INFO - Epoch: 1, Iteration: 14, Training Loss: 0.0139, Mean IoU: 0.8943, Mean Accuracy: 0.9167, per Category IOU: [0.99945581 0.78916828]
2024-11-28 13:47:04 - FewShotSeg - INFO - Epoch: 1, Iteration: 15, Training Loss: 0.0089, Mean IoU: 0.9494, Mean Accuracy: 0.9665, per Category IOU: [0.99964763 0.89914163]
2024-11-28 13:47:04 - FewShotSeg - INFO - Epoch: 1, Iteration: 16, Training Loss: 0.0069, Mean IoU: 0.9645, Mean Accuracy: 0.9805, per Category IOU: [0.99969987 0.92937022]
2024-11-28 13:47:05 - FewShotSeg - INFO - Epoch: 1, Iteration: 17, Training Loss: 0.0140, Mean IoU: 0.9484, Mean Accuracy: 0.9707, per Category IOU: [0.99941155 0.89733508]
2024-11-28 13:47:05 - FewShotSeg - INFO - Epoch: 1, Iteration: 18, Training Loss: 0.0104, Mean IoU: 0.9053, Mean Accuracy: 0.9297, per Category IOU: [0.9995232  0.81107814]
2024-11-28 13:47:05 - FewShotSeg - INFO - Epoch: 1, Iteration: 19, Training Loss: 0.0124, Mean IoU: 0.9229, Mean Accuracy: 0.9399, per Category IOU: [0.99948535 0.8463833 ]
2024-11-28 13:47:05 - FewShotSeg - INFO - Epoch: 1, Iteration: 20, Training Loss: 0.0106, Mean IoU: 0.9601, Mean Accuracy: 0.9761, per Category IOU: [0.99947365 0.9206649 ]
2024-11-28 13:47:05 - FewShotSeg - INFO - Epoch: 1, Iteration: 21, Training Loss: 0.0057, Mean IoU: 0.9436, Mean Accuracy: 0.9790, per Category IOU: [0.99957256 0.8877216 ]
2024-11-28 13:47:05 - FewShotSeg - INFO - Epoch: 1, Iteration: 22, Training Loss: 0.0061, Mean IoU: 0.9429, Mean Accuracy: 0.9838, per Category IOU: [0.99947721 0.88628945]
2024-11-28 13:47:06 - FewShotSeg - INFO - Epoch: 1, Iteration: 23, Training Loss: 0.0111, Mean IoU: 0.9564, Mean Accuracy: 0.9729, per Category IOU: [0.99961731 0.91326531]
2024-11-28 13:47:06 - FewShotSeg - INFO - Epoch: 1, Iteration: 24, Training Loss: 0.0069, Mean IoU: 0.9344, Mean Accuracy: 0.9831, per Category IOU: [0.99948756 0.86934353]
2024-11-28 13:47:06 - FewShotSeg - INFO - Epoch: 1, Iteration: 25, Training Loss: 0.0058, Mean IoU: 0.9539, Mean Accuracy: 0.9857, per Category IOU: [0.99953952 0.90832088]
2024-11-28 13:47:06 - FewShotSeg - INFO - Epoch: 1, Iteration: 26, Training Loss: 0.0132, Mean IoU: 0.7985, Mean Accuracy: 0.9576, per Category IOU: [0.9976475 0.599404 ]
2024-11-28 13:47:06 - FewShotSeg - INFO - Epoch: 1, Iteration: 27, Training Loss: 0.0061, Mean IoU: 0.9442, Mean Accuracy: 0.9894, per Category IOU: [0.99951231 0.88888889]
2024-11-28 13:47:06 - FewShotSeg - INFO - Epoch: 1, Iteration: 28, Training Loss: 0.0066, Mean IoU: 0.9621, Mean Accuracy: 0.9845, per Category IOU: [0.99970497 0.92450416]
2024-11-28 13:47:07 - FewShotSeg - INFO - Epoch: 1, Iteration: 29, Training Loss: 0.0075, Mean IoU: 0.9339, Mean Accuracy: 0.9695, per Category IOU: [0.99960787 0.868178  ]
2024-11-28 13:47:07 - FewShotSeg - INFO - Epoch: 1, Iteration: 30, Training Loss: 0.0068, Mean IoU: 0.9730, Mean Accuracy: 0.9902, per Category IOU: [0.99970702 0.94637947]
2024-11-28 13:47:07 - FewShotSeg - INFO - Epoch: 1, Iteration: 31, Training Loss: 0.0066, Mean IoU: 0.9300, Mean Accuracy: 0.9641, per Category IOU: [0.99959541 0.86046512]
2024-11-28 13:47:07 - FewShotSeg - INFO - Epoch: 1, Iteration: 32, Training Loss: 0.0094, Mean IoU: 0.8220, Mean Accuracy: 0.9959, per Category IOU: [0.99772857 0.6462797 ]
2024-11-28 13:47:07 - FewShotSeg - INFO - Epoch: 1, Iteration: 33, Training Loss: 0.0043, Mean IoU: 0.9465, Mean Accuracy: 0.9864, per Category IOU: [0.9996126  0.89347079]
2024-11-28 13:47:07 - FewShotSeg - INFO - Epoch: 1, Iteration: 34, Training Loss: 0.0075, Mean IoU: 0.8474, Mean Accuracy: 0.9868, per Category IOU: [0.99851266 0.69627361]
2024-11-28 13:47:08 - FewShotSeg - INFO - Epoch: 1, Iteration: 35, Training Loss: 0.0059, Mean IoU: 0.8399, Mean Accuracy: 0.9853, per Category IOU: [0.99879364 0.68097754]
2024-11-28 13:47:08 - FewShotSeg - INFO - Epoch: 1, Iteration: 36, Training Loss: 0.0075, Mean IoU: 0.9219, Mean Accuracy: 0.9644, per Category IOU: [0.99953546 0.84435146]
2024-11-28 13:47:08 - FewShotSeg - INFO - Epoch: 1, Iteration: 37, Training Loss: 0.0080, Mean IoU: 0.9638, Mean Accuracy: 0.9890, per Category IOU: [0.99958172 0.92807924]
2024-11-28 13:47:08 - FewShotSeg - INFO - Epoch: 1, Iteration: 38, Training Loss: 0.0143, Mean IoU: 0.9228, Mean Accuracy: 0.9403, per Category IOU: [0.99937254 0.84620098]
2024-11-28 13:47:08 - FewShotSeg - INFO - Epoch: 1, Iteration: 39, Training Loss: 0.0034, Mean IoU: 0.9655, Mean Accuracy: 0.9912, per Category IOU: [0.99978263 0.93117089]
2024-11-28 13:48:16 - FewShotSeg - INFO - Epoch : 1, Validation Results - Loss: 0.0077, Mean IoU: 0.9715, Mean Accuracy: 0.9827, per Category IOU: [0.99959644 0.50854125]
2024-11-28 13:48:16 - FewShotSeg - INFO - Model saved!
2024-11-28 13:48:16 - FewShotSeg - INFO - Epoch: 2
2024-11-28 13:48:16 - FewShotSeg - INFO - Epoch: 2, Iteration: 0, Training Loss: 0.0068, Mean IoU: 0.9647, Mean Accuracy: 0.9808, per Category IOU: [0.99964207 0.92969518]
2024-11-28 13:48:16 - FewShotSeg - INFO - Epoch: 2, Iteration: 1, Training Loss: 0.0049, Mean IoU: 0.9545, Mean Accuracy: 0.9937, per Category IOU: [0.99963997 0.90926276]
2024-11-28 13:48:17 - FewShotSeg - INFO - Epoch: 2, Iteration: 2, Training Loss: 0.0050, Mean IoU: 0.9603, Mean Accuracy: 0.9945, per Category IOU: [0.99972509 0.9209202 ]
2024-11-28 13:48:17 - FewShotSeg - INFO - Epoch: 2, Iteration: 3, Training Loss: 0.0069, Mean IoU: 0.9387, Mean Accuracy: 0.9607, per Category IOU: [0.99959525 0.87773585]
2024-11-28 13:48:17 - FewShotSeg - INFO - Epoch: 2, Iteration: 4, Training Loss: 0.0040, Mean IoU: 0.9484, Mean Accuracy: 0.9903, per Category IOU: [0.99958747 0.89726027]
2024-11-28 13:48:17 - FewShotSeg - INFO - Epoch: 2, Iteration: 5, Training Loss: 0.0064, Mean IoU: 0.9489, Mean Accuracy: 0.9747, per Category IOU: [0.99963762 0.89817416]
2024-11-28 13:48:17 - FewShotSeg - INFO - Epoch: 2, Iteration: 6, Training Loss: 0.0043, Mean IoU: 0.9492, Mean Accuracy: 0.9935, per Category IOU: [0.99957991 0.89873418]
2024-11-28 13:48:18 - FewShotSeg - INFO - Epoch: 2, Iteration: 7, Training Loss: 0.0056, Mean IoU: 0.9019, Mean Accuracy: 0.9940, per Category IOU: [0.999145   0.80457143]
2024-11-28 13:48:18 - FewShotSeg - INFO - Epoch: 2, Iteration: 8, Training Loss: 0.0051, Mean IoU: 0.9682, Mean Accuracy: 0.9856, per Category IOU: [0.99974243 0.93665437]
2024-11-28 13:48:18 - FewShotSeg - INFO - Epoch: 2, Iteration: 9, Training Loss: 0.0044, Mean IoU: 0.9324, Mean Accuracy: 0.9795, per Category IOU: [0.99958786 0.86519608]
2024-11-28 13:48:18 - FewShotSeg - INFO - Epoch: 2, Iteration: 10, Training Loss: 0.0045, Mean IoU: 0.9520, Mean Accuracy: 0.9806, per Category IOU: [0.99963753 0.90435356]
2024-11-28 13:48:18 - FewShotSeg - INFO - Epoch: 2, Iteration: 11, Training Loss: 0.0025, Mean IoU: 0.9441, Mean Accuracy: 0.9938, per Category IOU: [0.99961768 0.88856519]
2024-11-28 13:48:18 - FewShotSeg - INFO - Epoch: 2, Iteration: 12, Training Loss: 0.0058, Mean IoU: 0.9472, Mean Accuracy: 0.9740, per Category IOU: [0.99965019 0.89465764]
2024-11-28 13:48:19 - FewShotSeg - INFO - Epoch: 2, Iteration: 13, Training Loss: 0.0049, Mean IoU: 0.9373, Mean Accuracy: 0.9690, per Category IOU: [0.99962033 0.87489712]
2024-11-28 13:48:19 - FewShotSeg - INFO - Epoch: 2, Iteration: 14, Training Loss: 0.0049, Mean IoU: 0.9130, Mean Accuracy: 0.9762, per Category IOU: [0.99949306 0.82649573]
2024-11-28 13:48:19 - FewShotSeg - INFO - Epoch: 2, Iteration: 15, Training Loss: 0.0078, Mean IoU: 0.9164, Mean Accuracy: 0.9346, per Category IOU: [0.99954807 0.83317972]
2024-11-28 13:48:19 - FewShotSeg - INFO - Epoch: 2, Iteration: 16, Training Loss: 0.0040, Mean IoU: 0.9423, Mean Accuracy: 0.9947, per Category IOU: [0.99949732 0.88514286]
2024-11-28 13:48:19 - FewShotSeg - INFO - Epoch: 2, Iteration: 17, Training Loss: 0.0041, Mean IoU: 0.9323, Mean Accuracy: 0.9902, per Category IOU: [0.99935711 0.86530398]
2024-11-28 13:48:19 - FewShotSeg - INFO - Epoch: 2, Iteration: 18, Training Loss: 0.0046, Mean IoU: 0.9388, Mean Accuracy: 0.9867, per Category IOU: [0.9994171  0.87826541]
2024-11-28 13:48:20 - FewShotSeg - INFO - Epoch: 2, Iteration: 19, Training Loss: 0.0045, Mean IoU: 0.9257, Mean Accuracy: 0.9877, per Category IOU: [0.99938248 0.85209581]
2024-11-28 13:48:20 - FewShotSeg - INFO - Epoch: 2, Iteration: 20, Training Loss: 0.0032, Mean IoU: 0.9403, Mean Accuracy: 0.9962, per Category IOU: [0.99948485 0.88106236]
2024-11-28 13:48:20 - FewShotSeg - INFO - Epoch: 2, Iteration: 21, Training Loss: 0.0050, Mean IoU: 0.9593, Mean Accuracy: 0.9923, per Category IOU: [0.99952159 0.91910208]
2024-11-28 13:48:20 - FewShotSeg - INFO - Epoch: 2, Iteration: 22, Training Loss: 0.0048, Mean IoU: 0.9604, Mean Accuracy: 0.9842, per Category IOU: [0.99968244 0.92106899]
2024-11-28 13:48:20 - FewShotSeg - INFO - Epoch: 2, Iteration: 23, Training Loss: 0.0036, Mean IoU: 0.9322, Mean Accuracy: 0.9855, per Category IOU: [0.99949765 0.86491935]
2024-11-28 13:48:20 - FewShotSeg - INFO - Epoch: 2, Iteration: 24, Training Loss: 0.0040, Mean IoU: 0.9269, Mean Accuracy: 0.9985, per Category IOU: [0.99923174 0.85457129]
2024-11-28 13:48:21 - FewShotSeg - INFO - Epoch: 2, Iteration: 25, Training Loss: 0.0032, Mean IoU: 0.9310, Mean Accuracy: 0.9986, per Category IOU: [0.99947512 0.86256545]
2024-11-28 13:48:21 - FewShotSeg - INFO - Epoch: 2, Iteration: 26, Training Loss: 0.0039, Mean IoU: 0.9208, Mean Accuracy: 0.9875, per Category IOU: [0.99934502 0.84216867]
2024-11-28 13:48:21 - FewShotSeg - INFO - Epoch: 2, Iteration: 27, Training Loss: 0.0031, Mean IoU: 0.9356, Mean Accuracy: 0.9947, per Category IOU: [0.99941975 0.87175235]
2024-11-28 13:48:21 - FewShotSeg - INFO - Epoch: 2, Iteration: 28, Training Loss: 0.0024, Mean IoU: 0.9352, Mean Accuracy: 0.9958, per Category IOU: [0.99943483 0.8709309 ]
2024-11-28 13:48:21 - FewShotSeg - INFO - Epoch: 2, Iteration: 29, Training Loss: 0.0042, Mean IoU: 0.9292, Mean Accuracy: 0.9780, per Category IOU: [0.99956788 0.8588907 ]
2024-11-28 13:48:21 - FewShotSeg - INFO - Epoch: 2, Iteration: 30, Training Loss: 0.0034, Mean IoU: 0.9206, Mean Accuracy: 0.9871, per Category IOU: [0.99945534 0.84168482]
2024-11-28 13:48:22 - FewShotSeg - INFO - Epoch: 2, Iteration: 31, Training Loss: 0.0044, Mean IoU: 0.9123, Mean Accuracy: 0.9762, per Category IOU: [0.99948806 0.82508532]
2024-11-28 13:48:22 - FewShotSeg - INFO - Epoch: 2, Iteration: 32, Training Loss: 0.0037, Mean IoU: 0.9449, Mean Accuracy: 0.9929, per Category IOU: [0.99948968 0.89032258]
2024-11-28 13:48:22 - FewShotSeg - INFO - Epoch: 2, Iteration: 33, Training Loss: 0.0076, Mean IoU: 0.9619, Mean Accuracy: 0.9792, per Category IOU: [0.99954911 0.92424242]
2024-11-28 13:48:22 - FewShotSeg - INFO - Epoch: 2, Iteration: 34, Training Loss: 0.0059, Mean IoU: 0.9348, Mean Accuracy: 0.9567, per Category IOU: [0.99964541 0.86996337]
2024-11-28 13:48:22 - FewShotSeg - INFO - Epoch: 2, Iteration: 35, Training Loss: 0.0055, Mean IoU: 0.9526, Mean Accuracy: 0.9842, per Category IOU: [0.99955718 0.9056    ]
2024-11-28 13:48:22 - FewShotSeg - INFO - Epoch: 2, Iteration: 36, Training Loss: 0.0035, Mean IoU: 0.9244, Mean Accuracy: 0.9972, per Category IOU: [0.99926453 0.84961637]
2024-11-28 13:48:23 - FewShotSeg - INFO - Epoch: 2, Iteration: 37, Training Loss: 0.0039, Mean IoU: 0.9639, Mean Accuracy: 0.9932, per Category IOU: [0.9995792  0.92820513]
2024-11-28 13:48:23 - FewShotSeg - INFO - Epoch: 2, Iteration: 38, Training Loss: 0.0025, Mean IoU: 0.9464, Mean Accuracy: 0.9960, per Category IOU: [0.99960759 0.89319728]
2024-11-28 13:48:23 - FewShotSeg - INFO - Epoch: 2, Iteration: 39, Training Loss: 0.0031, Mean IoU: 0.9530, Mean Accuracy: 0.9922, per Category IOU: [0.99958228 0.90644258]
2024-11-28 13:49:31 - FewShotSeg - INFO - Epoch : 2, Validation Results - Loss: 0.0050, Mean IoU: 0.9740, Mean Accuracy: 0.9884, per Category IOU: [0.99962882 0.51355685]
2024-11-28 13:49:32 - FewShotSeg - INFO - Model saved!
2024-11-28 13:49:32 - FewShotSeg - INFO - Epoch: 3
2024-11-28 13:49:32 - FewShotSeg - INFO - Epoch: 3, Iteration: 0, Training Loss: 0.0035, Mean IoU: 0.9353, Mean Accuracy: 0.9985, per Category IOU: [0.99939717 0.87119188]
2024-11-28 13:49:32 - FewShotSeg - INFO - Epoch: 3, Iteration: 1, Training Loss: 0.0022, Mean IoU: 0.9452, Mean Accuracy: 0.9972, per Category IOU: [0.99959759 0.89084746]
2024-11-28 13:49:32 - FewShotSeg - INFO - Epoch: 3, Iteration: 2, Training Loss: 0.0050, Mean IoU: 0.9389, Mean Accuracy: 0.9633, per Category IOU: [0.99967538 0.87816307]
2024-11-28 13:49:32 - FewShotSeg - INFO - Epoch: 3, Iteration: 3, Training Loss: 0.0027, Mean IoU: 0.9300, Mean Accuracy: 0.9973, per Category IOU: [0.99941997 0.86057692]
2024-11-28 13:49:32 - FewShotSeg - INFO - Epoch: 3, Iteration: 4, Training Loss: 0.0029, Mean IoU: 0.9576, Mean Accuracy: 0.9937, per Category IOU: [0.99943604 0.91576189]
2024-11-28 13:49:33 - FewShotSeg - INFO - Epoch: 3, Iteration: 5, Training Loss: 0.0043, Mean IoU: 0.9227, Mean Accuracy: 0.9884, per Category IOU: [0.99931232 0.8461108 ]
2024-11-28 13:49:33 - FewShotSeg - INFO - Epoch: 3, Iteration: 6, Training Loss: 0.0034, Mean IoU: 0.9097, Mean Accuracy: 0.9907, per Category IOU: [0.99937041 0.82      ]
2024-11-28 13:49:33 - FewShotSeg - INFO - Epoch: 3, Iteration: 7, Training Loss: 0.0034, Mean IoU: 0.9613, Mean Accuracy: 0.9913, per Category IOU: [0.99957936 0.92297111]
2024-11-28 13:49:33 - FewShotSeg - INFO - Epoch: 3, Iteration: 8, Training Loss: 0.0040, Mean IoU: 0.9287, Mean Accuracy: 0.9878, per Category IOU: [0.99937484 0.85795455]
2024-11-28 13:49:33 - FewShotSeg - INFO - Epoch: 3, Iteration: 9, Training Loss: 0.0037, Mean IoU: 0.9381, Mean Accuracy: 0.9882, per Category IOU: [0.99952507 0.87670344]
2024-11-28 13:49:33 - FewShotSeg - INFO - Epoch: 3, Iteration: 10, Training Loss: 0.0026, Mean IoU: 0.9468, Mean Accuracy: 0.9969, per Category IOU: [0.99959003 0.89391979]
2024-11-28 13:49:34 - FewShotSeg - INFO - Epoch: 3, Iteration: 11, Training Loss: 0.0040, Mean IoU: 0.9292, Mean Accuracy: 0.9780, per Category IOU: [0.99956788 0.8588907 ]
2024-11-28 13:49:34 - FewShotSeg - INFO - Epoch: 3, Iteration: 12, Training Loss: 0.0034, Mean IoU: 0.9520, Mean Accuracy: 0.9913, per Category IOU: [0.99955721 0.90437601]
2024-11-28 13:49:34 - FewShotSeg - INFO - Epoch: 3, Iteration: 13, Training Loss: 0.0039, Mean IoU: 0.9276, Mean Accuracy: 0.9881, per Category IOU: [0.99945516 0.85582011]
2024-11-28 13:49:34 - FewShotSeg - INFO - Epoch: 3, Iteration: 14, Training Loss: 0.0047, Mean IoU: 0.9527, Mean Accuracy: 0.9850, per Category IOU: [0.99955718 0.9057508 ]
2024-11-28 13:49:34 - FewShotSeg - INFO - Epoch: 3, Iteration: 15, Training Loss: 0.0031, Mean IoU: 0.9571, Mean Accuracy: 0.9870, per Category IOU: [0.99964741 0.91459721]
2024-11-28 13:49:34 - FewShotSeg - INFO - Epoch: 3, Iteration: 16, Training Loss: 0.0031, Mean IoU: 0.9243, Mean Accuracy: 0.9928, per Category IOU: [0.99949785 0.8490991 ]
2024-11-28 13:49:35 - FewShotSeg - INFO - Epoch: 3, Iteration: 17, Training Loss: 0.0035, Mean IoU: 0.9440, Mean Accuracy: 0.9922, per Category IOU: [0.99952989 0.88849348]
2024-11-28 13:49:35 - FewShotSeg - INFO - Epoch: 3, Iteration: 18, Training Loss: 0.0041, Mean IoU: 0.9313, Mean Accuracy: 0.9892, per Category IOU: [0.9993898  0.86315199]
2024-11-28 13:49:35 - FewShotSeg - INFO - Epoch: 3, Iteration: 19, Training Loss: 0.0044, Mean IoU: 0.9352, Mean Accuracy: 0.9845, per Category IOU: [0.99952014 0.87088097]
2024-11-28 13:49:35 - FewShotSeg - INFO - Epoch: 3, Iteration: 20, Training Loss: 0.0041, Mean IoU: 0.9291, Mean Accuracy: 0.9876, per Category IOU: [0.99944006 0.85885318]
2024-11-28 13:49:35 - FewShotSeg - INFO - Epoch: 3, Iteration: 21, Training Loss: 0.0034, Mean IoU: 0.9464, Mean Accuracy: 0.9870, per Category IOU: [0.99956746 0.89320988]
2024-11-28 13:49:35 - FewShotSeg - INFO - Epoch: 3, Iteration: 22, Training Loss: 0.0021, Mean IoU: 0.9484, Mean Accuracy: 0.9943, per Category IOU: [0.99964515 0.89725036]
2024-11-28 13:49:36 - FewShotSeg - INFO - Epoch: 3, Iteration: 23, Training Loss: 0.0029, Mean IoU: 0.9342, Mean Accuracy: 0.9902, per Category IOU: [0.99959534 0.86882591]
2024-11-28 13:49:36 - FewShotSeg - INFO - Epoch: 3, Iteration: 24, Training Loss: 0.0024, Mean IoU: 0.9496, Mean Accuracy: 0.9851, per Category IOU: [0.99968021 0.89945012]
2024-11-28 13:49:36 - FewShotSeg - INFO - Epoch: 3, Iteration: 25, Training Loss: 0.0037, Mean IoU: 0.9367, Mean Accuracy: 0.9910, per Category IOU: [0.99934684 0.87397393]
2024-11-28 13:49:36 - FewShotSeg - INFO - Epoch: 3, Iteration: 26, Training Loss: 0.0034, Mean IoU: 0.9399, Mean Accuracy: 0.9835, per Category IOU: [0.9995877  0.88026125]
2024-11-28 13:49:36 - FewShotSeg - INFO - Epoch: 3, Iteration: 27, Training Loss: 0.0033, Mean IoU: 0.9254, Mean Accuracy: 0.9884, per Category IOU: [0.99943516 0.85141354]
2024-11-28 13:49:36 - FewShotSeg - INFO - Epoch: 3, Iteration: 28, Training Loss: 0.0034, Mean IoU: 0.9468, Mean Accuracy: 0.9929, per Category IOU: [0.9995323  0.89405099]
2024-11-28 13:49:37 - FewShotSeg - INFO - Epoch: 3, Iteration: 29, Training Loss: 0.0032, Mean IoU: 0.9385, Mean Accuracy: 0.9869, per Category IOU: [0.99952506 0.87741935]
2024-11-28 13:49:37 - FewShotSeg - INFO - Epoch: 3, Iteration: 30, Training Loss: 0.0025, Mean IoU: 0.9327, Mean Accuracy: 0.9936, per Category IOU: [0.99953524 0.86580087]
2024-11-28 13:49:37 - FewShotSeg - INFO - Epoch: 3, Iteration: 31, Training Loss: 0.0031, Mean IoU: 0.9418, Mean Accuracy: 0.9861, per Category IOU: [0.99954502 0.88400255]
2024-11-28 13:49:37 - FewShotSeg - INFO - Epoch: 3, Iteration: 32, Training Loss: 0.0037, Mean IoU: 0.9580, Mean Accuracy: 0.9932, per Category IOU: [0.99950405 0.91652614]
2024-11-28 13:49:37 - FewShotSeg - INFO - Epoch: 3, Iteration: 33, Training Loss: 0.0043, Mean IoU: 0.9493, Mean Accuracy: 0.9906, per Category IOU: [0.99944169 0.89923181]
2024-11-28 13:49:37 - FewShotSeg - INFO - Epoch: 3, Iteration: 34, Training Loss: 0.0054, Mean IoU: 0.9355, Mean Accuracy: 0.9780, per Category IOU: [0.99946745 0.87153197]
2024-11-28 13:49:38 - FewShotSeg - INFO - Epoch: 3, Iteration: 35, Training Loss: 0.0033, Mean IoU: 0.9391, Mean Accuracy: 0.9920, per Category IOU: [0.99954259 0.87872763]
2024-11-28 13:49:38 - FewShotSeg - INFO - Epoch: 3, Iteration: 36, Training Loss: 0.0030, Mean IoU: 0.9400, Mean Accuracy: 0.9939, per Category IOU: [0.99954257 0.88047028]
2024-11-28 13:49:38 - FewShotSeg - INFO - Epoch: 3, Iteration: 37, Training Loss: 0.0028, Mean IoU: 0.9251, Mean Accuracy: 0.9903, per Category IOU: [0.99943015 0.85078534]
2024-11-28 13:49:38 - FewShotSeg - INFO - Epoch: 3, Iteration: 38, Training Loss: 0.0027, Mean IoU: 0.9316, Mean Accuracy: 0.9908, per Category IOU: [0.99948262 0.86372614]
2024-11-28 13:49:38 - FewShotSeg - INFO - Epoch: 3, Iteration: 39, Training Loss: 0.0031, Mean IoU: 0.9218, Mean Accuracy: 0.9984, per Category IOU: [0.9992747 0.8444206]
2024-11-28 13:50:47 - FewShotSeg - INFO - Epoch : 3, Validation Results - Loss: 0.0041, Mean IoU: 0.9738, Mean Accuracy: 0.9905, per Category IOU: [0.99962298 0.51327617]
2024-11-28 13:50:47 - FewShotSeg - INFO - Epoch: 4
2024-11-28 13:50:47 - FewShotSeg - INFO - Epoch: 4, Iteration: 0, Training Loss: 0.0025, Mean IoU: 0.9484, Mean Accuracy: 0.9970, per Category IOU: [0.99953224 0.89730917]
2024-11-28 13:50:47 - FewShotSeg - INFO - Epoch: 4, Iteration: 1, Training Loss: 0.0038, Mean IoU: 0.9367, Mean Accuracy: 0.9866, per Category IOU: [0.99947996 0.87386295]
2024-11-28 13:50:47 - FewShotSeg - INFO - Epoch: 4, Iteration: 2, Training Loss: 0.0025, Mean IoU: 0.9153, Mean Accuracy: 0.9982, per Category IOU: [0.99930758 0.83120049]
2024-11-28 13:50:47 - FewShotSeg - INFO - Epoch: 4, Iteration: 3, Training Loss: 0.0043, Mean IoU: 0.9468, Mean Accuracy: 0.9841, per Category IOU: [0.99959003 0.89398836]
2024-11-28 13:50:48 - FewShotSeg - INFO - Epoch: 4, Iteration: 4, Training Loss: 0.0024, Mean IoU: 0.9563, Mean Accuracy: 0.9958, per Category IOU: [0.99962233 0.91291811]
2024-11-28 13:50:48 - FewShotSeg - INFO - Epoch: 4, Iteration: 5, Training Loss: 0.0032, Mean IoU: 0.9489, Mean Accuracy: 0.9925, per Category IOU: [0.99952468 0.89828694]
2024-11-28 13:50:48 - FewShotSeg - INFO - Epoch: 4, Iteration: 6, Training Loss: 0.0033, Mean IoU: 0.9483, Mean Accuracy: 0.9914, per Category IOU: [0.99964766 0.89692982]
2024-11-28 13:50:48 - FewShotSeg - INFO - Epoch: 4, Iteration: 7, Training Loss: 0.0036, Mean IoU: 0.9207, Mean Accuracy: 0.9906, per Category IOU: [0.99942025 0.84206943]
2024-11-28 13:50:48 - FewShotSeg - INFO - Epoch: 4, Iteration: 8, Training Loss: 0.0032, Mean IoU: 0.9332, Mean Accuracy: 0.9950, per Category IOU: [0.99939474 0.86703297]
2024-11-28 13:50:48 - FewShotSeg - INFO - Epoch: 4, Iteration: 9, Training Loss: 0.0027, Mean IoU: 0.9357, Mean Accuracy: 0.9978, per Category IOU: [0.99943984 0.87192682]
2024-11-28 13:50:49 - FewShotSeg - INFO - Epoch: 4, Iteration: 10, Training Loss: 0.0037, Mean IoU: 0.9209, Mean Accuracy: 0.9816, per Category IOU: [0.99949291 0.8423913 ]
2024-11-28 13:50:49 - FewShotSeg - INFO - Epoch: 4, Iteration: 11, Training Loss: 0.0032, Mean IoU: 0.9374, Mean Accuracy: 0.9900, per Category IOU: [0.99942972 0.87534172]
2024-11-28 13:50:49 - FewShotSeg - INFO - Epoch: 4, Iteration: 12, Training Loss: 0.0028, Mean IoU: 0.9386, Mean Accuracy: 0.9956, per Category IOU: [0.99945981 0.87782805]
2024-11-28 13:50:49 - FewShotSeg - INFO - Epoch: 4, Iteration: 13, Training Loss: 0.0028, Mean IoU: 0.9390, Mean Accuracy: 0.9948, per Category IOU: [0.99936934 0.87861272]
2024-11-28 13:50:49 - FewShotSeg - INFO - Epoch: 4, Iteration: 14, Training Loss: 0.0038, Mean IoU: 0.9254, Mean Accuracy: 0.9905, per Category IOU: [0.99932727 0.85154525]
2024-11-28 13:50:49 - FewShotSeg - INFO - Epoch: 4, Iteration: 15, Training Loss: 0.0039, Mean IoU: 0.8984, Mean Accuracy: 0.9825, per Category IOU: [0.99937817 0.79739626]
2024-11-28 13:50:50 - FewShotSeg - INFO - Epoch: 4, Iteration: 16, Training Loss: 0.0030, Mean IoU: 0.9200, Mean Accuracy: 0.9944, per Category IOU: [0.99942528 0.84060984]
2024-11-28 13:50:50 - FewShotSeg - INFO - Epoch: 4, Iteration: 17, Training Loss: 0.0030, Mean IoU: 0.9470, Mean Accuracy: 0.9894, per Category IOU: [0.99949964 0.89457037]
2024-11-28 13:50:50 - FewShotSeg - INFO - Epoch: 4, Iteration: 18, Training Loss: 0.0031, Mean IoU: 0.9571, Mean Accuracy: 0.9917, per Category IOU: [0.99952929 0.91466182]
2024-11-28 13:50:50 - FewShotSeg - INFO - Epoch: 4, Iteration: 19, Training Loss: 0.0028, Mean IoU: 0.9303, Mean Accuracy: 0.9984, per Category IOU: [0.9993572  0.86115613]
2024-11-28 13:50:50 - FewShotSeg - INFO - Epoch: 4, Iteration: 20, Training Loss: 0.0029, Mean IoU: 0.9231, Mean Accuracy: 0.9935, per Category IOU: [0.99950038 0.8467433 ]
2024-11-28 13:50:50 - FewShotSeg - INFO - Epoch: 4, Iteration: 21, Training Loss: 0.0028, Mean IoU: 0.9425, Mean Accuracy: 0.9929, per Category IOU: [0.99946467 0.8855615 ]
2024-11-28 13:50:51 - FewShotSeg - INFO - Epoch: 4, Iteration: 22, Training Loss: 0.0026, Mean IoU: 0.9446, Mean Accuracy: 0.9934, per Category IOU: [0.99961767 0.88953069]
2024-11-28 13:50:51 - FewShotSeg - INFO - Epoch: 4, Iteration: 23, Training Loss: 0.0024, Mean IoU: 0.9319, Mean Accuracy: 0.9887, per Category IOU: [0.99955029 0.86425339]
2024-11-28 13:50:51 - FewShotSeg - INFO - Epoch: 4, Iteration: 24, Training Loss: 0.0027, Mean IoU: 0.9455, Mean Accuracy: 0.9885, per Category IOU: [0.99968529 0.89137931]
2024-11-28 13:50:51 - FewShotSeg - INFO - Epoch: 4, Iteration: 25, Training Loss: 0.0025, Mean IoU: 0.9374, Mean Accuracy: 0.9898, per Category IOU: [0.99951255 0.87523992]
2024-11-28 13:50:51 - FewShotSeg - INFO - Epoch: 4, Iteration: 26, Training Loss: 0.0021, Mean IoU: 0.9490, Mean Accuracy: 0.9924, per Category IOU: [0.99958494 0.89847095]
2024-11-28 13:50:51 - FewShotSeg - INFO - Epoch: 4, Iteration: 27, Training Loss: 0.0019, Mean IoU: 0.9563, Mean Accuracy: 0.9951, per Category IOU: [0.99962987 0.91299236]
2024-11-28 13:50:52 - FewShotSeg - INFO - Epoch: 4, Iteration: 28, Training Loss: 0.0030, Mean IoU: 0.9250, Mean Accuracy: 0.9949, per Category IOU: [0.99945774 0.85044797]
2024-11-28 13:50:52 - FewShotSeg - INFO - Epoch: 4, Iteration: 29, Training Loss: 0.0037, Mean IoU: 0.9270, Mean Accuracy: 0.9775, per Category IOU: [0.99956292 0.85453034]
2024-11-28 13:50:52 - FewShotSeg - INFO - Epoch: 4, Iteration: 30, Training Loss: 0.0029, Mean IoU: 0.9576, Mean Accuracy: 0.9930, per Category IOU: [0.99948393 0.91581528]
2024-11-28 13:50:52 - FewShotSeg - INFO - Epoch: 4, Iteration: 31, Training Loss: 0.0031, Mean IoU: 0.9546, Mean Accuracy: 0.9939, per Category IOU: [0.99940856 0.90988927]
2024-11-28 13:50:52 - FewShotSeg - INFO - Epoch: 4, Iteration: 32, Training Loss: 0.0028, Mean IoU: 0.9310, Mean Accuracy: 0.9874, per Category IOU: [0.99951272 0.86257928]
2024-11-28 13:50:52 - FewShotSeg - INFO - Epoch: 4, Iteration: 33, Training Loss: 0.0030, Mean IoU: 0.9523, Mean Accuracy: 0.9857, per Category IOU: [0.99959486 0.90509666]
2024-11-28 13:50:53 - FewShotSeg - INFO - Epoch: 4, Iteration: 34, Training Loss: 0.0028, Mean IoU: 0.9438, Mean Accuracy: 0.9833, per Category IOU: [0.99967781 0.88802083]
2024-11-28 13:50:53 - FewShotSeg - INFO - Epoch: 4, Iteration: 35, Training Loss: 0.0051, Mean IoU: 0.9389, Mean Accuracy: 0.9762, per Category IOU: [0.99953257 0.8781759 ]
2024-11-28 13:50:53 - FewShotSeg - INFO - Epoch: 4, Iteration: 36, Training Loss: 0.0035, Mean IoU: 0.9306, Mean Accuracy: 0.9843, per Category IOU: [0.99948516 0.86174497]
2024-11-28 13:50:53 - FewShotSeg - INFO - Epoch: 4, Iteration: 37, Training Loss: 0.0041, Mean IoU: 0.9360, Mean Accuracy: 0.9808, per Category IOU: [0.99952011 0.87242525]
2024-11-28 13:50:53 - FewShotSeg - INFO - Epoch: 4, Iteration: 38, Training Loss: 0.0029, Mean IoU: 0.9056, Mean Accuracy: 0.9960, per Category IOU: [0.99930285 0.81199461]
2024-11-28 13:50:53 - FewShotSeg - INFO - Epoch: 4, Iteration: 39, Training Loss: 0.0042, Mean IoU: 0.9621, Mean Accuracy: 0.9861, per Category IOU: [0.99960951 0.9245648 ]
2024-11-28 13:52:01 - FewShotSeg - INFO - Epoch : 4, Validation Results - Loss: 0.0038, Mean IoU: 0.9741, Mean Accuracy: 0.9911, per Category IOU: [0.99962508 0.51370855]
2024-11-28 13:52:02 - FewShotSeg - INFO - Model saved!
2024-11-28 13:52:02 - FewShotSeg - INFO - Epoch: 5
2024-11-28 13:52:02 - FewShotSeg - INFO - Epoch: 5, Iteration: 0, Training Loss: 0.0032, Mean IoU: 0.9545, Mean Accuracy: 0.9936, per Category IOU: [0.99939849 0.90960452]
2024-11-28 13:52:02 - FewShotSeg - INFO - Epoch: 5, Iteration: 1, Training Loss: 0.0029, Mean IoU: 0.9289, Mean Accuracy: 0.9908, per Category IOU: [0.99936479 0.85849582]
2024-11-28 13:52:02 - FewShotSeg - INFO - Epoch: 5, Iteration: 2, Training Loss: 0.0029, Mean IoU: 0.9071, Mean Accuracy: 0.9889, per Category IOU: [0.99941055 0.81475667]
2024-11-28 13:52:02 - FewShotSeg - INFO - Epoch: 5, Iteration: 3, Training Loss: 0.0044, Mean IoU: 0.9216, Mean Accuracy: 0.9810, per Category IOU: [0.99943025 0.84372858]
2024-11-28 13:52:03 - FewShotSeg - INFO - Epoch: 5, Iteration: 4, Training Loss: 0.0025, Mean IoU: 0.9385, Mean Accuracy: 0.9978, per Category IOU: [0.99934925 0.87770461]
2024-11-28 13:52:03 - FewShotSeg - INFO - Epoch: 5, Iteration: 5, Training Loss: 0.0040, Mean IoU: 0.9283, Mean Accuracy: 0.9859, per Category IOU: [0.99944761 0.85723514]
2024-11-28 13:52:03 - FewShotSeg - INFO - Epoch: 5, Iteration: 6, Training Loss: 0.0035, Mean IoU: 0.9443, Mean Accuracy: 0.9817, per Category IOU: [0.99965276 0.88897764]
2024-11-28 13:52:03 - FewShotSeg - INFO - Epoch: 5, Iteration: 7, Training Loss: 0.0024, Mean IoU: 0.9284, Mean Accuracy: 0.9994, per Category IOU: [0.99942253 0.85740741]
2024-11-28 13:52:03 - FewShotSeg - INFO - Epoch: 5, Iteration: 8, Training Loss: 0.0034, Mean IoU: 0.9281, Mean Accuracy: 0.9945, per Category IOU: [0.9993598 0.8569033]
2024-11-28 13:52:03 - FewShotSeg - INFO - Epoch: 5, Iteration: 9, Training Loss: 0.0027, Mean IoU: 0.9270, Mean Accuracy: 0.9873, per Category IOU: [0.99958545 0.85451358]
2024-11-28 13:52:04 - FewShotSeg - INFO - Epoch: 5, Iteration: 10, Training Loss: 0.0032, Mean IoU: 0.9084, Mean Accuracy: 0.9989, per Category IOU: [0.99923758 0.81747457]
2024-11-28 13:52:04 - FewShotSeg - INFO - Epoch: 5, Iteration: 11, Training Loss: 0.0035, Mean IoU: 0.9403, Mean Accuracy: 0.9942, per Category IOU: [0.99933657 0.88132557]
2024-11-28 13:52:04 - FewShotSeg - INFO - Epoch: 5, Iteration: 12, Training Loss: 0.0024, Mean IoU: 0.9325, Mean Accuracy: 0.9978, per Category IOU: [0.99940733 0.86549376]
2024-11-28 13:52:04 - FewShotSeg - INFO - Epoch: 5, Iteration: 13, Training Loss: 0.0038, Mean IoU: 0.8996, Mean Accuracy: 0.9936, per Category IOU: [0.99933808 0.79984894]
2024-11-28 13:52:04 - FewShotSeg - INFO - Epoch: 5, Iteration: 14, Training Loss: 0.0023, Mean IoU: 0.9461, Mean Accuracy: 0.9973, per Category IOU: [0.99952229 0.89263631]
2024-11-28 13:52:04 - FewShotSeg - INFO - Epoch: 5, Iteration: 15, Training Loss: 0.0027, Mean IoU: 0.9532, Mean Accuracy: 0.9938, per Category IOU: [0.99944143 0.90700584]
2024-11-28 13:52:05 - FewShotSeg - INFO - Epoch: 5, Iteration: 16, Training Loss: 0.0025, Mean IoU: 0.9388, Mean Accuracy: 0.9887, per Category IOU: [0.99957269 0.87794433]
2024-11-28 13:52:05 - FewShotSeg - INFO - Epoch: 5, Iteration: 17, Training Loss: 0.0027, Mean IoU: 0.9173, Mean Accuracy: 0.9981, per Category IOU: [0.99940279 0.83517241]
2024-11-28 13:52:05 - FewShotSeg - INFO - Epoch: 5, Iteration: 18, Training Loss: 0.0028, Mean IoU: 0.9205, Mean Accuracy: 0.9896, per Category IOU: [0.99947789 0.84154663]
2024-11-28 13:52:05 - FewShotSeg - INFO - Epoch: 5, Iteration: 19, Training Loss: 0.0023, Mean IoU: 0.9423, Mean Accuracy: 0.9967, per Category IOU: [0.99951991 0.88516746]
2024-11-28 13:52:05 - FewShotSeg - INFO - Epoch: 5, Iteration: 20, Training Loss: 0.0025, Mean IoU: 0.9321, Mean Accuracy: 0.9948, per Category IOU: [0.99944749 0.86466626]
2024-11-28 13:52:06 - FewShotSeg - INFO - Epoch: 5, Iteration: 21, Training Loss: 0.0034, Mean IoU: 0.9123, Mean Accuracy: 0.9861, per Category IOU: [0.99943298 0.82511556]
2024-11-28 13:52:06 - FewShotSeg - INFO - Epoch: 5, Iteration: 22, Training Loss: 0.0026, Mean IoU: 0.9343, Mean Accuracy: 0.9979, per Category IOU: [0.9993746  0.86931521]
2024-11-28 13:52:06 - FewShotSeg - INFO - Epoch: 5, Iteration: 23, Training Loss: 0.0045, Mean IoU: 0.9396, Mean Accuracy: 0.9833, per Category IOU: [0.99946981 0.87975043]
2024-11-28 13:52:06 - FewShotSeg - INFO - Epoch: 5, Iteration: 24, Training Loss: 0.0032, Mean IoU: 0.9322, Mean Accuracy: 0.9916, per Category IOU: [0.99943745 0.86486486]
2024-11-28 13:52:06 - FewShotSeg - INFO - Epoch: 5, Iteration: 25, Training Loss: 0.0038, Mean IoU: 0.9228, Mean Accuracy: 0.9920, per Category IOU: [0.99929725 0.84636413]
2024-11-28 13:52:06 - FewShotSeg - INFO - Epoch: 5, Iteration: 26, Training Loss: 0.0036, Mean IoU: 0.9319, Mean Accuracy: 0.9901, per Category IOU: [0.99933703 0.86438076]
2024-11-28 13:52:07 - FewShotSeg - INFO - Epoch: 5, Iteration: 27, Training Loss: 0.0026, Mean IoU: 0.9445, Mean Accuracy: 0.9922, per Category IOU: [0.99961767 0.88929088]
2024-11-28 13:52:07 - FewShotSeg - INFO - Epoch: 5, Iteration: 28, Training Loss: 0.0027, Mean IoU: 0.9536, Mean Accuracy: 0.9824, per Category IOU: [0.99969767 0.90749235]
2024-11-28 13:52:07 - FewShotSeg - INFO - Epoch: 5, Iteration: 29, Training Loss: 0.0026, Mean IoU: 0.9471, Mean Accuracy: 0.9934, per Category IOU: [0.99959503 0.89453125]
2024-11-28 13:52:07 - FewShotSeg - INFO - Epoch: 5, Iteration: 30, Training Loss: 0.0013, Mean IoU: 0.9602, Mean Accuracy: 0.9932, per Category IOU: [0.99974514 0.92056075]
2024-11-28 13:52:07 - FewShotSeg - INFO - Epoch: 5, Iteration: 31, Training Loss: 0.0024, Mean IoU: 0.9471, Mean Accuracy: 0.9938, per Category IOU: [0.99948707 0.89476386]
2024-11-28 13:52:07 - FewShotSeg - INFO - Epoch: 5, Iteration: 32, Training Loss: 0.0023, Mean IoU: 0.9537, Mean Accuracy: 0.9954, per Category IOU: [0.99959732 0.90784201]
2024-11-28 13:52:08 - FewShotSeg - INFO - Epoch: 5, Iteration: 33, Training Loss: 0.0030, Mean IoU: 0.9366, Mean Accuracy: 0.9901, per Category IOU: [0.9995226  0.87367725]
2024-11-28 13:52:08 - FewShotSeg - INFO - Epoch: 5, Iteration: 34, Training Loss: 0.0030, Mean IoU: 0.9225, Mean Accuracy: 0.9805, per Category IOU: [0.99954547 0.84550085]
2024-11-28 13:52:08 - FewShotSeg - INFO - Epoch: 5, Iteration: 35, Training Loss: 0.0034, Mean IoU: 0.9226, Mean Accuracy: 0.9945, per Category IOU: [0.99930229 0.84585635]
2024-11-28 13:52:08 - FewShotSeg - INFO - Epoch: 5, Iteration: 36, Training Loss: 0.0026, Mean IoU: 0.9386, Mean Accuracy: 0.9927, per Category IOU: [0.99953759 0.8776455 ]
2024-11-28 13:52:08 - FewShotSeg - INFO - Epoch: 5, Iteration: 37, Training Loss: 0.0031, Mean IoU: 0.9318, Mean Accuracy: 0.9797, per Category IOU: [0.9996079  0.86406926]
2024-11-28 13:52:08 - FewShotSeg - INFO - Epoch: 5, Iteration: 38, Training Loss: 0.0025, Mean IoU: 0.9666, Mean Accuracy: 0.9939, per Category IOU: [0.99962938 0.93360251]
2024-11-28 13:52:09 - FewShotSeg - INFO - Epoch: 5, Iteration: 39, Training Loss: 0.0029, Mean IoU: 0.9497, Mean Accuracy: 0.9929, per Category IOU: [0.99940139 0.9       ]
