2024-11-27 14:29:16 - FewShotSeg - INFO - Epoch: 0
2024-11-27 14:29:16 - FewShotSeg - INFO - Epoch: 0, Iteration: 0, Training Loss: 0.7766, Mean IoU: 0.0777, Mean Accuracy: 0.2858per Category IOU: [0.15357418 0.00185665]
2024-11-27 14:29:16 - FewShotSeg - INFO - Epoch: 0, Iteration: 1, Training Loss: 0.6524, Mean IoU: 0.3627, Mean Accuracy: 0.4447per Category IOU: [0.72358615 0.00178221]
2024-11-27 14:29:17 - FewShotSeg - INFO - Epoch: 0, Iteration: 2, Training Loss: 0.5143, Mean IoU: 0.5012, Mean Accuracy: 0.6467per Category IOU: [0.96994801 0.03235908]
2024-11-27 14:29:17 - FewShotSeg - INFO - Epoch: 0, Iteration: 3, Training Loss: 0.4840, Mean IoU: 0.4911, Mean Accuracy: 0.4933per Category IOU: [0.98215531 0.        ]
2024-11-27 14:29:17 - FewShotSeg - INFO - Epoch: 0, Iteration: 4, Training Loss: 0.4393, Mean IoU: 0.4965, Mean Accuracy: 0.4980per Category IOU: [0.99308434 0.        ]
2024-11-27 14:29:17 - FewShotSeg - INFO - Epoch: 0, Iteration: 5, Training Loss: 0.3653, Mean IoU: 0.4964, Mean Accuracy: 0.4989per Category IOU: [0.99273806 0.        ]
2024-11-27 14:29:18 - FewShotSeg - INFO - Epoch: 0, Iteration: 6, Training Loss: 0.2960, Mean IoU: 0.4981, Mean Accuracy: 0.4999per Category IOU: [0.99611866 0.        ]
2024-11-27 14:29:18 - FewShotSeg - INFO - Epoch: 0, Iteration: 7, Training Loss: 0.2924, Mean IoU: 0.4982, Mean Accuracy: 0.5000per Category IOU: [0.99643007 0.        ]
2024-11-27 14:29:18 - FewShotSeg - INFO - Epoch: 0, Iteration: 8, Training Loss: 0.2267, Mean IoU: 0.4983, Mean Accuracy: 0.5000per Category IOU: [0.99657207 0.        ]
2024-11-27 14:29:19 - FewShotSeg - INFO - Epoch: 0, Iteration: 9, Training Loss: 0.2208, Mean IoU: 0.4981, Mean Accuracy: 0.5000per Category IOU: [0.99623824 0.        ]
2024-11-27 14:29:19 - FewShotSeg - INFO - Epoch: 0, Iteration: 10, Training Loss: 0.2266, Mean IoU: 0.4980, Mean Accuracy: 0.5000per Category IOU: [0.99590691 0.        ]
2024-11-27 14:29:19 - FewShotSeg - INFO - Epoch: 0, Iteration: 11, Training Loss: 0.1508, Mean IoU: 0.4982, Mean Accuracy: 0.5000per Category IOU: [0.9964475 0.       ]
2024-11-27 14:29:19 - FewShotSeg - INFO - Epoch: 0, Iteration: 12, Training Loss: 0.1700, Mean IoU: 0.4987, Mean Accuracy: 0.5000per Category IOU: [0.99740912 0.        ]
2024-11-27 14:29:20 - FewShotSeg - INFO - Epoch: 0, Iteration: 13, Training Loss: 0.1365, Mean IoU: 0.4982, Mean Accuracy: 0.5000per Category IOU: [0.99645249 0.        ]
2024-11-27 14:29:20 - FewShotSeg - INFO - Epoch: 0, Iteration: 14, Training Loss: 0.2109, Mean IoU: 0.4974, Mean Accuracy: 0.5000per Category IOU: [0.99487056 0.        ]
2024-11-27 14:29:20 - FewShotSeg - INFO - Epoch: 0, Iteration: 15, Training Loss: 0.1701, Mean IoU: 0.4970, Mean Accuracy: 0.5000per Category IOU: [0.99390894 0.        ]
2024-11-27 14:29:20 - FewShotSeg - INFO - Epoch: 0, Iteration: 16, Training Loss: 0.1187, Mean IoU: 0.4982, Mean Accuracy: 0.5000per Category IOU: [0.9964475 0.       ]
2024-11-27 14:29:21 - FewShotSeg - INFO - Epoch: 0, Iteration: 17, Training Loss: 0.1134, Mean IoU: 0.4981, Mean Accuracy: 0.5000per Category IOU: [0.99610122 0.        ]
2024-11-27 14:29:21 - FewShotSeg - INFO - Epoch: 0, Iteration: 18, Training Loss: 0.1386, Mean IoU: 0.4979, Mean Accuracy: 0.5000per Category IOU: [0.99575743 0.        ]
2024-11-27 14:29:21 - FewShotSeg - INFO - Epoch: 0, Iteration: 19, Training Loss: 0.1123, Mean IoU: 0.4984, Mean Accuracy: 0.5000per Category IOU: [0.9967041 0.       ]
2024-11-27 14:29:22 - FewShotSeg - INFO - Epoch: 0, Iteration: 20, Training Loss: 0.1288, Mean IoU: 0.4982, Mean Accuracy: 0.5000per Category IOU: [0.99631796 0.        ]
2024-11-27 14:29:22 - FewShotSeg - INFO - Epoch: 0, Iteration: 21, Training Loss: 0.1328, Mean IoU: 0.4982, Mean Accuracy: 0.5000per Category IOU: [0.99641512 0.        ]
2024-11-27 14:29:22 - FewShotSeg - INFO - Epoch: 0, Iteration: 22, Training Loss: 0.1292, Mean IoU: 0.4980, Mean Accuracy: 0.5000per Category IOU: [0.99603147 0.        ]
2024-11-27 14:29:22 - FewShotSeg - INFO - Epoch: 0, Iteration: 23, Training Loss: 0.0946, Mean IoU: 0.4987, Mean Accuracy: 0.5000per Category IOU: [0.99741908 0.        ]
2024-11-27 14:29:23 - FewShotSeg - INFO - Epoch: 0, Iteration: 24, Training Loss: 0.0767, Mean IoU: 0.4985, Mean Accuracy: 0.5000per Category IOU: [0.99697565 0.        ]
2024-11-27 14:29:23 - FewShotSeg - INFO - Epoch: 0, Iteration: 25, Training Loss: 0.0662, Mean IoU: 0.4985, Mean Accuracy: 0.5000per Category IOU: [0.99708775 0.        ]
2024-11-27 14:29:23 - FewShotSeg - INFO - Epoch: 0, Iteration: 26, Training Loss: 0.0865, Mean IoU: 0.4986, Mean Accuracy: 0.5000per Category IOU: [0.99712263 0.        ]
2024-11-27 14:29:24 - FewShotSeg - INFO - Epoch: 0, Iteration: 27, Training Loss: 0.0770, Mean IoU: 0.5227, Mean Accuracy: 0.5245per Category IOU: [0.99637209 0.04898759]
2024-11-27 14:29:24 - FewShotSeg - INFO - Epoch: 0, Iteration: 28, Training Loss: 0.1135, Mean IoU: 0.5227, Mean Accuracy: 0.5246per Category IOU: [0.99628486 0.04910714]
2024-11-27 14:29:24 - FewShotSeg - INFO - Epoch: 0, Iteration: 29, Training Loss: 0.1015, Mean IoU: 0.5909, Mean Accuracy: 0.5925per Category IOU: [0.99681391 0.18494898]
2024-11-27 14:29:24 - FewShotSeg - INFO - Epoch: 0, Iteration: 30, Training Loss: 0.0814, Mean IoU: 0.5002, Mean Accuracy: 0.5020per Category IOU: [0.99631541 0.0040404 ]
2024-11-27 14:29:25 - FewShotSeg - INFO - Epoch: 0, Iteration: 31, Training Loss: 0.0611, Mean IoU: 0.6503, Mean Accuracy: 0.6515per Category IOU: [0.99761841 0.30291971]
2024-11-27 14:29:25 - FewShotSeg - INFO - Epoch: 0, Iteration: 32, Training Loss: 0.0780, Mean IoU: 0.8175, Mean Accuracy: 0.8187per Category IOU: [0.99767871 0.63735834]
2024-11-27 14:29:25 - FewShotSeg - INFO - Epoch: 0, Iteration: 33, Training Loss: 0.0810, Mean IoU: 0.5855, Mean Accuracy: 0.5868per Category IOU: [0.99724809 0.17365269]
2024-11-27 14:29:25 - FewShotSeg - INFO - Epoch: 0, Iteration: 34, Training Loss: 0.0511, Mean IoU: 0.7762, Mean Accuracy: 0.7769per Category IOU: [0.99861249 0.55377207]
2024-11-27 14:29:26 - FewShotSeg - INFO - Epoch: 0, Iteration: 35, Training Loss: 0.0396, Mean IoU: 0.7529, Mean Accuracy: 0.7540per Category IOU: [0.99876777 0.50698603]
2024-11-27 14:29:26 - FewShotSeg - INFO - Epoch: 0, Iteration: 36, Training Loss: 0.0400, Mean IoU: 0.8099, Mean Accuracy: 0.8106per Category IOU: [0.99875434 0.62110858]
2024-11-27 14:29:26 - FewShotSeg - INFO - Epoch: 0, Iteration: 37, Training Loss: 0.0736, Mean IoU: 0.7613, Mean Accuracy: 0.7621per Category IOU: [0.99838031 0.52419355]
2024-11-27 14:29:27 - FewShotSeg - INFO - Epoch: 0, Iteration: 38, Training Loss: 0.0368, Mean IoU: 0.8359, Mean Accuracy: 0.8365per Category IOU: [0.99874618 0.67296417]
2024-11-27 14:29:27 - FewShotSeg - INFO - Epoch: 0, Iteration: 39, Training Loss: 0.0255, Mean IoU: 0.9198, Mean Accuracy: 0.9216per Category IOU: [0.99946788 0.84009009]
