2024-11-28 11:58:21 - FewShotSeg - INFO - Config Options:
{
    "_VERSION": "203",
    "_EPOCHS": 50,
    "_N_SHOTS": 5,
    "_N_INSTANCE": 1,
    "_MODEL_SAVE": true,
    "_MODEL_VERSION": "nvidia/mit-b5",
    "_MODEL_VERSION_SAVE": "mit-b5",
    "_BATCH_SIZE": 2,
    "_DEVICE": "cuda:1"
}
2024-11-28 11:58:27 - FewShotSeg - INFO - Epoch: 0
2024-11-28 11:58:27 - FewShotSeg - INFO - Epoch: 0, Iteration: 0, Training Loss: 0.7431, Mean IoU: 0.1652, Mean Accuracy: 0.5726, per Category IOU: [0.32590222 0.0044247 ]
2024-11-28 11:58:28 - FewShotSeg - INFO - Epoch: 0, Iteration: 1, Training Loss: 0.6253, Mean IoU: 0.4180, Mean Accuracy: 0.5444, per Category IOU: [0.82782949 0.00814889]
2024-11-28 11:58:28 - FewShotSeg - INFO - Epoch: 0, Iteration: 2, Training Loss: 0.4916, Mean IoU: 0.4951, Mean Accuracy: 0.4972, per Category IOU: [0.99027673 0.        ]
2024-11-28 11:58:28 - FewShotSeg - INFO - Epoch: 0, Iteration: 3, Training Loss: 0.4227, Mean IoU: 0.4964, Mean Accuracy: 0.4978, per Category IOU: [0.99284518 0.        ]
2024-11-28 11:58:29 - FewShotSeg - INFO - Epoch: 0, Iteration: 4, Training Loss: 0.3775, Mean IoU: 0.4975, Mean Accuracy: 0.4994, per Category IOU: [0.99490294 0.        ]
2024-11-28 11:58:29 - FewShotSeg - INFO - Epoch: 0, Iteration: 5, Training Loss: 0.3359, Mean IoU: 0.4987, Mean Accuracy: 0.5000, per Category IOU: [0.99746144 0.        ]
2024-11-28 11:58:29 - FewShotSeg - INFO - Epoch: 0, Iteration: 6, Training Loss: 0.2499, Mean IoU: 0.4978, Mean Accuracy: 0.4998, per Category IOU: [0.99553073 0.        ]
2024-11-28 11:58:29 - FewShotSeg - INFO - Epoch: 0, Iteration: 7, Training Loss: 0.2649, Mean IoU: 0.4983, Mean Accuracy: 0.5000, per Category IOU: [0.99669912 0.        ]
2024-11-28 11:58:30 - FewShotSeg - INFO - Epoch: 0, Iteration: 8, Training Loss: 0.2195, Mean IoU: 0.4987, Mean Accuracy: 0.5000, per Category IOU: [0.99748137 0.        ]
2024-11-28 11:58:30 - FewShotSeg - INFO - Epoch: 0, Iteration: 9, Training Loss: 0.2310, Mean IoU: 0.4980, Mean Accuracy: 0.5000, per Category IOU: [0.99608379 0.        ]
2024-11-28 11:58:30 - FewShotSeg - INFO - Epoch: 0, Iteration: 10, Training Loss: 0.2004, Mean IoU: 0.4983, Mean Accuracy: 0.5000, per Category IOU: [0.99660196 0.        ]
2024-11-28 11:58:31 - FewShotSeg - INFO - Epoch: 0, Iteration: 11, Training Loss: 0.1830, Mean IoU: 0.4984, Mean Accuracy: 0.5000, per Category IOU: [0.99689593 0.        ]
2024-11-28 11:58:31 - FewShotSeg - INFO - Epoch: 0, Iteration: 12, Training Loss: 0.1946, Mean IoU: 0.4978, Mean Accuracy: 0.4999, per Category IOU: [0.99566526 0.        ]
2024-11-28 11:58:31 - FewShotSeg - INFO - Epoch: 0, Iteration: 13, Training Loss: 0.1372, Mean IoU: 0.4985, Mean Accuracy: 0.5000, per Category IOU: [0.99693579 0.        ]
2024-11-28 11:58:32 - FewShotSeg - INFO - Epoch: 0, Iteration: 14, Training Loss: 0.1186, Mean IoU: 0.4984, Mean Accuracy: 0.5000, per Category IOU: [0.99682368 0.        ]
2024-11-28 11:58:32 - FewShotSeg - INFO - Epoch: 0, Iteration: 15, Training Loss: 0.1712, Mean IoU: 0.4976, Mean Accuracy: 0.5000, per Category IOU: [0.99510224 0.        ]
2024-11-28 11:58:32 - FewShotSeg - INFO - Epoch: 0, Iteration: 16, Training Loss: 0.1314, Mean IoU: 0.4982, Mean Accuracy: 0.5000, per Category IOU: [0.99636779 0.        ]
2024-11-28 11:58:32 - FewShotSeg - INFO - Epoch: 0, Iteration: 17, Training Loss: 0.1352, Mean IoU: 0.4980, Mean Accuracy: 0.5000, per Category IOU: [0.996024 0.      ]
2024-11-28 11:58:33 - FewShotSeg - INFO - Epoch: 0, Iteration: 18, Training Loss: 0.1174, Mean IoU: 0.4980, Mean Accuracy: 0.5000, per Category IOU: [0.99598414 0.        ]
2024-11-28 11:58:33 - FewShotSeg - INFO - Epoch: 0, Iteration: 19, Training Loss: 0.1125, Mean IoU: 0.4985, Mean Accuracy: 0.5000, per Category IOU: [0.99695073 0.        ]
2024-11-28 11:58:33 - FewShotSeg - INFO - Epoch: 0, Iteration: 20, Training Loss: 0.0950, Mean IoU: 0.4985, Mean Accuracy: 0.5000, per Category IOU: [0.99708028 0.        ]
2024-11-28 11:58:34 - FewShotSeg - INFO - Epoch: 0, Iteration: 21, Training Loss: 0.1028, Mean IoU: 0.4981, Mean Accuracy: 0.5000, per Category IOU: [0.99617596 0.        ]
2024-11-28 11:58:34 - FewShotSeg - INFO - Epoch: 0, Iteration: 22, Training Loss: 0.1228, Mean IoU: 0.4983, Mean Accuracy: 0.5000, per Category IOU: [0.99653221 0.        ]
2024-11-28 11:58:34 - FewShotSeg - INFO - Epoch: 0, Iteration: 23, Training Loss: 0.1269, Mean IoU: 0.4978, Mean Accuracy: 0.5000, per Category IOU: [0.9956827 0.       ]
2024-11-28 11:58:34 - FewShotSeg - INFO - Epoch: 0, Iteration: 24, Training Loss: 0.1502, Mean IoU: 0.4974, Mean Accuracy: 0.5000, per Category IOU: [0.99479831 0.        ]
2024-11-28 11:58:35 - FewShotSeg - INFO - Epoch: 0, Iteration: 25, Training Loss: 0.1460, Mean IoU: 0.4970, Mean Accuracy: 0.5000, per Category IOU: [0.99399364 0.        ]
2024-11-28 11:58:35 - FewShotSeg - INFO - Epoch: 0, Iteration: 26, Training Loss: 0.1052, Mean IoU: 0.4979, Mean Accuracy: 0.5000, per Category IOU: [0.99581722 0.        ]
2024-11-28 11:58:35 - FewShotSeg - INFO - Epoch: 0, Iteration: 27, Training Loss: 0.0925, Mean IoU: 0.4980, Mean Accuracy: 0.5000, per Category IOU: [0.99601403 0.        ]
2024-11-28 11:58:36 - FewShotSeg - INFO - Epoch: 0, Iteration: 28, Training Loss: 0.0723, Mean IoU: 0.5056, Mean Accuracy: 0.5072, per Category IOU: [0.99675128 0.0143613 ]
2024-11-28 11:58:36 - FewShotSeg - INFO - Epoch: 0, Iteration: 29, Training Loss: 0.0854, Mean IoU: 0.4980, Mean Accuracy: 0.4999, per Category IOU: [0.99592186 0.        ]
2024-11-28 11:58:36 - FewShotSeg - INFO - Epoch: 0, Iteration: 30, Training Loss: 0.0857, Mean IoU: 0.4983, Mean Accuracy: 0.5000, per Category IOU: [0.99669165 0.        ]
2024-11-28 11:58:37 - FewShotSeg - INFO - Epoch: 0, Iteration: 31, Training Loss: 0.0537, Mean IoU: 0.5168, Mean Accuracy: 0.5180, per Category IOU: [0.99759824 0.036     ]
2024-11-28 11:58:37 - FewShotSeg - INFO - Epoch: 0, Iteration: 32, Training Loss: 0.0732, Mean IoU: 0.6139, Mean Accuracy: 0.6152, per Category IOU: [0.99753435 0.23035019]
2024-11-28 11:58:37 - FewShotSeg - INFO - Epoch: 0, Iteration: 33, Training Loss: 0.0451, Mean IoU: 0.7293, Mean Accuracy: 0.7300, per Category IOU: [0.99855081 0.46003717]
2024-11-28 11:58:37 - FewShotSeg - INFO - Epoch: 0, Iteration: 34, Training Loss: 0.0707, Mean IoU: 0.6192, Mean Accuracy: 0.6205, per Category IOU: [0.99724478 0.24107143]
2024-11-28 11:58:38 - FewShotSeg - INFO - Epoch: 0, Iteration: 35, Training Loss: 0.0511, Mean IoU: 0.6860, Mean Accuracy: 0.6871, per Category IOU: [0.99767245 0.37424547]
2024-11-28 11:58:38 - FewShotSeg - INFO - Epoch: 0, Iteration: 36, Training Loss: 0.0472, Mean IoU: 0.7419, Mean Accuracy: 0.7429, per Category IOU: [0.99797325 0.48575047]
2024-11-28 11:58:38 - FewShotSeg - INFO - Epoch: 0, Iteration: 37, Training Loss: 0.0496, Mean IoU: 0.7802, Mean Accuracy: 0.7811, per Category IOU: [0.99837232 0.56212223]
2024-11-28 11:58:39 - FewShotSeg - INFO - Epoch: 0, Iteration: 38, Training Loss: 0.0641, Mean IoU: 0.7591, Mean Accuracy: 0.7599, per Category IOU: [0.99836536 0.51979472]
2024-11-28 11:58:39 - FewShotSeg - INFO - Epoch: 0, Iteration: 39, Training Loss: 0.0628, Mean IoU: 0.8148, Mean Accuracy: 0.8156, per Category IOU: [0.99872421 0.63078035]
2024-11-28 12:00:44 - FewShotSeg - INFO - Epoch : 0, Validation Results - Loss: 0.0390, Mean IoU: 0.9015, Mean Accuracy: 0.9155, per Category IOU: [0.9988937  0.39544181]
2024-11-28 12:00:45 - FewShotSeg - INFO - Model saved!
2024-11-28 12:00:45 - FewShotSeg - INFO - Epoch: 1
2024-11-28 12:00:45 - FewShotSeg - INFO - Epoch: 1, Iteration: 0, Training Loss: 0.0473, Mean IoU: 0.7255, Mean Accuracy: 0.7264, per Category IOU: [0.99850591 0.45246801]
2024-11-28 12:00:45 - FewShotSeg - INFO - Epoch: 1, Iteration: 1, Training Loss: 0.0341, Mean IoU: 0.8366, Mean Accuracy: 0.8379, per Category IOU: [0.99881376 0.67443454]
2024-11-28 12:00:46 - FewShotSeg - INFO - Epoch: 1, Iteration: 2, Training Loss: 0.0291, Mean IoU: 0.8908, Mean Accuracy: 0.8940, per Category IOU: [0.99906765 0.78250729]
2024-11-28 12:00:46 - FewShotSeg - INFO - Epoch: 1, Iteration: 3, Training Loss: 0.0209, Mean IoU: 0.9345, Mean Accuracy: 0.9454, per Category IOU: [0.9995803  0.86936236]
2024-11-28 12:00:46 - FewShotSeg - INFO - Epoch: 1, Iteration: 4, Training Loss: 0.0193, Mean IoU: 0.9367, Mean Accuracy: 0.9427, per Category IOU: [0.99956271 0.87391931]
2024-11-28 12:00:46 - FewShotSeg - INFO - Epoch: 1, Iteration: 5, Training Loss: 0.0310, Mean IoU: 0.9444, Mean Accuracy: 0.9528, per Category IOU: [0.99950728 0.88932584]
2024-11-28 12:00:47 - FewShotSeg - INFO - Epoch: 1, Iteration: 6, Training Loss: 0.0190, Mean IoU: 0.9439, Mean Accuracy: 0.9595, per Category IOU: [0.99942439 0.88829529]
2024-11-28 12:00:47 - FewShotSeg - INFO - Epoch: 1, Iteration: 7, Training Loss: 0.0143, Mean IoU: 0.9593, Mean Accuracy: 0.9716, per Category IOU: [0.99970255 0.91882674]
2024-11-28 12:00:47 - FewShotSeg - INFO - Epoch: 1, Iteration: 8, Training Loss: 0.0241, Mean IoU: 0.9569, Mean Accuracy: 0.9663, per Category IOU: [0.99963487 0.9140671 ]
2024-11-28 12:00:48 - FewShotSeg - INFO - Epoch: 1, Iteration: 9, Training Loss: 0.0233, Mean IoU: 0.9522, Mean Accuracy: 0.9620, per Category IOU: [0.99958733 0.90489914]
2024-11-28 12:00:48 - FewShotSeg - INFO - Epoch: 1, Iteration: 10, Training Loss: 0.0197, Mean IoU: 0.9502, Mean Accuracy: 0.9652, per Category IOU: [0.9996426  0.90083218]
2024-11-28 12:00:48 - FewShotSeg - INFO - Epoch: 1, Iteration: 11, Training Loss: 0.0227, Mean IoU: 0.9457, Mean Accuracy: 0.9638, per Category IOU: [0.99951226 0.89184692]
2024-11-28 12:00:48 - FewShotSeg - INFO - Epoch: 1, Iteration: 12, Training Loss: 0.0121, Mean IoU: 0.9261, Mean Accuracy: 0.9645, per Category IOU: [0.99951284 0.85271903]
2024-11-28 12:00:49 - FewShotSeg - INFO - Epoch: 1, Iteration: 13, Training Loss: 0.0128, Mean IoU: 0.9455, Mean Accuracy: 0.9641, per Category IOU: [0.99960511 0.89140893]
2024-11-28 12:00:49 - FewShotSeg - INFO - Epoch: 1, Iteration: 14, Training Loss: 0.0129, Mean IoU: 0.9623, Mean Accuracy: 0.9779, per Category IOU: [0.99972253 0.92479675]
2024-11-28 12:00:49 - FewShotSeg - INFO - Epoch: 1, Iteration: 15, Training Loss: 0.0247, Mean IoU: 0.9253, Mean Accuracy: 0.9356, per Category IOU: [0.99912872 0.85153584]
2024-11-28 12:00:50 - FewShotSeg - INFO - Epoch: 1, Iteration: 16, Training Loss: 0.0098, Mean IoU: 0.9478, Mean Accuracy: 0.9723, per Category IOU: [0.99956741 0.8960961 ]
2024-11-28 12:00:50 - FewShotSeg - INFO - Epoch: 1, Iteration: 17, Training Loss: 0.0115, Mean IoU: 0.9517, Mean Accuracy: 0.9662, per Category IOU: [0.99968768 0.903698  ]
2024-11-28 12:00:50 - FewShotSeg - INFO - Epoch: 1, Iteration: 18, Training Loss: 0.0099, Mean IoU: 0.9344, Mean Accuracy: 0.9677, per Category IOU: [0.99961287 0.86919831]
2024-11-28 12:00:51 - FewShotSeg - INFO - Epoch: 1, Iteration: 19, Training Loss: 0.0195, Mean IoU: 0.9275, Mean Accuracy: 0.9438, per Category IOU: [0.99957292 0.85545224]
2024-11-28 12:00:51 - FewShotSeg - INFO - Epoch: 1, Iteration: 20, Training Loss: 0.0113, Mean IoU: 0.9586, Mean Accuracy: 0.9880, per Category IOU: [0.99969504 0.91751183]
2024-11-28 12:00:51 - FewShotSeg - INFO - Epoch: 1, Iteration: 21, Training Loss: 0.0113, Mean IoU: 0.9657, Mean Accuracy: 0.9819, per Category IOU: [0.99957402 0.93183641]
2024-11-28 12:00:51 - FewShotSeg - INFO - Epoch: 1, Iteration: 22, Training Loss: 0.0106, Mean IoU: 0.9410, Mean Accuracy: 0.9648, per Category IOU: [0.99962025 0.88235294]
2024-11-28 12:00:52 - FewShotSeg - INFO - Epoch: 1, Iteration: 23, Training Loss: 0.0120, Mean IoU: 0.9449, Mean Accuracy: 0.9742, per Category IOU: [0.99956751 0.89015873]
2024-11-28 12:00:52 - FewShotSeg - INFO - Epoch: 1, Iteration: 24, Training Loss: 0.0178, Mean IoU: 0.9322, Mean Accuracy: 0.9437, per Category IOU: [0.99957534 0.86486486]
2024-11-28 12:00:52 - FewShotSeg - INFO - Epoch: 1, Iteration: 25, Training Loss: 0.0107, Mean IoU: 0.9576, Mean Accuracy: 0.9739, per Category IOU: [0.99954939 0.91557223]
2024-11-28 12:00:53 - FewShotSeg - INFO - Epoch: 1, Iteration: 26, Training Loss: 0.0123, Mean IoU: 0.9576, Mean Accuracy: 0.9778, per Category IOU: [0.99943604 0.91576189]
2024-11-28 12:00:53 - FewShotSeg - INFO - Epoch: 1, Iteration: 27, Training Loss: 0.0072, Mean IoU: 0.9519, Mean Accuracy: 0.9836, per Category IOU: [0.99970021 0.904     ]
2024-11-28 12:00:53 - FewShotSeg - INFO - Epoch: 1, Iteration: 28, Training Loss: 0.0064, Mean IoU: 0.9460, Mean Accuracy: 0.9776, per Category IOU: [0.99963769 0.89235338]
2024-11-28 12:00:54 - FewShotSeg - INFO - Epoch: 1, Iteration: 29, Training Loss: 0.0077, Mean IoU: 0.9242, Mean Accuracy: 0.9641, per Category IOU: [0.9995955 0.8487395]
2024-11-28 12:00:54 - FewShotSeg - INFO - Epoch: 1, Iteration: 30, Training Loss: 0.0103, Mean IoU: 0.9518, Mean Accuracy: 0.9754, per Category IOU: [0.99966011 0.9039548 ]
2024-11-28 12:00:54 - FewShotSeg - INFO - Epoch: 1, Iteration: 31, Training Loss: 0.0063, Mean IoU: 0.9497, Mean Accuracy: 0.9777, per Category IOU: [0.99962757 0.89973082]
2024-11-28 12:00:54 - FewShotSeg - INFO - Epoch: 1, Iteration: 32, Training Loss: 0.0094, Mean IoU: 0.9289, Mean Accuracy: 0.9565, per Category IOU: [0.99958792 0.85824742]
2024-11-28 12:00:55 - FewShotSeg - INFO - Epoch: 1, Iteration: 33, Training Loss: 0.0077, Mean IoU: 0.9463, Mean Accuracy: 0.9786, per Category IOU: [0.99954738 0.89308919]
2024-11-28 12:00:55 - FewShotSeg - INFO - Epoch: 1, Iteration: 34, Training Loss: 0.0069, Mean IoU: 0.9177, Mean Accuracy: 0.9772, per Category IOU: [0.99951301 0.83585859]
2024-11-28 12:00:55 - FewShotSeg - INFO - Epoch: 1, Iteration: 35, Training Loss: 0.0085, Mean IoU: 0.9562, Mean Accuracy: 0.9854, per Category IOU: [0.99963991 0.91267435]
2024-11-28 12:00:56 - FewShotSeg - INFO - Epoch: 1, Iteration: 36, Training Loss: 0.0072, Mean IoU: 0.9445, Mean Accuracy: 0.9690, per Category IOU: [0.99963271 0.88939052]
2024-11-28 12:00:56 - FewShotSeg - INFO - Epoch: 1, Iteration: 37, Training Loss: 0.0037, Mean IoU: 0.9523, Mean Accuracy: 0.9969, per Category IOU: [0.99963753 0.90491803]
2024-11-28 12:00:56 - FewShotSeg - INFO - Epoch: 1, Iteration: 38, Training Loss: 0.0075, Mean IoU: 0.9393, Mean Accuracy: 0.9695, per Category IOU: [0.99949994 0.87900786]
2024-11-28 12:00:57 - FewShotSeg - INFO - Epoch: 1, Iteration: 39, Training Loss: 0.0102, Mean IoU: 0.9334, Mean Accuracy: 0.9487, per Category IOU: [0.99957782 0.86724273]
2024-11-28 12:03:00 - FewShotSeg - INFO - Epoch : 1, Validation Results - Loss: 0.0074, Mean IoU: 0.9737, Mean Accuracy: 0.9854, per Category IOU: [0.9996559  0.51504214]
2024-11-28 12:03:01 - FewShotSeg - INFO - Model saved!
2024-11-28 12:03:01 - FewShotSeg - INFO - Epoch: 2
2024-11-28 12:03:01 - FewShotSeg - INFO - Epoch: 2, Iteration: 0, Training Loss: 0.0053, Mean IoU: 0.9476, Mean Accuracy: 0.9761, per Category IOU: [0.99968526 0.89543568]
2024-11-28 12:03:01 - FewShotSeg - INFO - Epoch: 2, Iteration: 1, Training Loss: 0.0047, Mean IoU: 0.9648, Mean Accuracy: 0.9883, per Category IOU: [0.99967474 0.9298435 ]
2024-11-28 12:03:02 - FewShotSeg - INFO - Epoch: 2, Iteration: 2, Training Loss: 0.0060, Mean IoU: 0.9471, Mean Accuracy: 0.9795, per Category IOU: [0.99954986 0.89461358]
2024-11-28 12:03:02 - FewShotSeg - INFO - Epoch: 2, Iteration: 3, Training Loss: 0.0084, Mean IoU: 0.9601, Mean Accuracy: 0.9831, per Category IOU: [0.99952154 0.92058212]
2024-11-28 12:03:02 - FewShotSeg - INFO - Epoch: 2, Iteration: 4, Training Loss: 0.0047, Mean IoU: 0.9548, Mean Accuracy: 0.9792, per Category IOU: [0.99966254 0.90987984]
2024-11-28 12:03:03 - FewShotSeg - INFO - Epoch: 2, Iteration: 5, Training Loss: 0.0074, Mean IoU: 0.9381, Mean Accuracy: 0.9607, per Category IOU: [0.99963283 0.87657431]
2024-11-28 12:03:03 - FewShotSeg - INFO - Epoch: 2, Iteration: 6, Training Loss: 0.0066, Mean IoU: 0.9495, Mean Accuracy: 0.9786, per Category IOU: [0.99958492 0.89933293]
2024-11-28 12:03:03 - FewShotSeg - INFO - Epoch: 2, Iteration: 7, Training Loss: 0.0083, Mean IoU: 0.9549, Mean Accuracy: 0.9687, per Category IOU: [0.99963744 0.91021672]
2024-11-28 12:03:04 - FewShotSeg - INFO - Epoch: 2, Iteration: 8, Training Loss: 0.0042, Mean IoU: 0.9513, Mean Accuracy: 0.9832, per Category IOU: [0.99964257 0.90291921]
2024-11-28 12:03:04 - FewShotSeg - INFO - Epoch: 2, Iteration: 9, Training Loss: 0.0052, Mean IoU: 0.9445, Mean Accuracy: 0.9834, per Category IOU: [0.99962519 0.88929889]
2024-11-28 12:03:04 - FewShotSeg - INFO - Epoch: 2, Iteration: 10, Training Loss: 0.0048, Mean IoU: 0.9689, Mean Accuracy: 0.9894, per Category IOU: [0.99964433 0.93823401]
2024-11-28 12:03:04 - FewShotSeg - INFO - Epoch: 2, Iteration: 11, Training Loss: 0.0045, Mean IoU: 0.9396, Mean Accuracy: 0.9788, per Category IOU: [0.99960275 0.87954545]
2024-11-28 12:03:05 - FewShotSeg - INFO - Epoch: 2, Iteration: 12, Training Loss: 0.0059, Mean IoU: 0.9590, Mean Accuracy: 0.9839, per Category IOU: [0.99962223 0.91829004]
2024-11-28 12:03:05 - FewShotSeg - INFO - Epoch: 2, Iteration: 13, Training Loss: 0.0064, Mean IoU: 0.9637, Mean Accuracy: 0.9848, per Category IOU: [0.9995162  0.92785047]
2024-11-28 12:03:05 - FewShotSeg - INFO - Epoch: 2, Iteration: 14, Training Loss: 0.0051, Mean IoU: 0.9357, Mean Accuracy: 0.9753, per Category IOU: [0.99963788 0.87168142]
2024-11-28 12:03:06 - FewShotSeg - INFO - Epoch: 2, Iteration: 15, Training Loss: 0.0052, Mean IoU: 0.9522, Mean Accuracy: 0.9841, per Category IOU: [0.99957227 0.9048414 ]
2024-11-28 12:03:06 - FewShotSeg - INFO - Epoch: 2, Iteration: 16, Training Loss: 0.0066, Mean IoU: 0.9570, Mean Accuracy: 0.9906, per Category IOU: [0.99966498 0.91443167]
2024-11-28 12:03:06 - FewShotSeg - INFO - Epoch: 2, Iteration: 17, Training Loss: 0.0067, Mean IoU: 0.9481, Mean Accuracy: 0.9734, per Category IOU: [0.99966521 0.8965251 ]
2024-11-28 12:03:07 - FewShotSeg - INFO - Epoch: 2, Iteration: 18, Training Loss: 0.0041, Mean IoU: 0.9511, Mean Accuracy: 0.9871, per Category IOU: [0.99954468 0.90272582]
2024-11-28 12:03:07 - FewShotSeg - INFO - Epoch: 2, Iteration: 19, Training Loss: 0.0051, Mean IoU: 0.9570, Mean Accuracy: 0.9803, per Category IOU: [0.99967251 0.91437908]
2024-11-28 12:03:07 - FewShotSeg - INFO - Epoch: 2, Iteration: 20, Training Loss: 0.0035, Mean IoU: 0.9597, Mean Accuracy: 0.9912, per Category IOU: [0.99968999 0.91968912]
2024-11-28 12:03:07 - FewShotSeg - INFO - Epoch: 2, Iteration: 21, Training Loss: 0.0048, Mean IoU: 0.9438, Mean Accuracy: 0.9739, per Category IOU: [0.9996728  0.88784247]
2024-11-28 12:03:08 - FewShotSeg - INFO - Epoch: 2, Iteration: 22, Training Loss: 0.0056, Mean IoU: 0.9432, Mean Accuracy: 0.9859, per Category IOU: [0.99962271 0.88672168]
2024-11-28 12:03:08 - FewShotSeg - INFO - Epoch: 2, Iteration: 23, Training Loss: 0.0050, Mean IoU: 0.9520, Mean Accuracy: 0.9908, per Category IOU: [0.99959739 0.90433749]
2024-11-28 12:03:08 - FewShotSeg - INFO - Epoch: 2, Iteration: 24, Training Loss: 0.0040, Mean IoU: 0.9367, Mean Accuracy: 0.9784, per Category IOU: [0.99962284 0.87385129]
2024-11-28 12:03:09 - FewShotSeg - INFO - Epoch: 2, Iteration: 25, Training Loss: 0.0029, Mean IoU: 0.9519, Mean Accuracy: 0.9893, per Category IOU: [0.9996576 0.9041958]
2024-11-28 12:03:09 - FewShotSeg - INFO - Epoch: 2, Iteration: 26, Training Loss: 0.0043, Mean IoU: 0.9612, Mean Accuracy: 0.9901, per Category IOU: [0.99962212 0.92284108]
2024-11-28 12:03:09 - FewShotSeg - INFO - Epoch: 2, Iteration: 27, Training Loss: 0.0029, Mean IoU: 0.9508, Mean Accuracy: 0.9936, per Category IOU: [0.99963255 0.90186916]
2024-11-28 12:03:09 - FewShotSeg - INFO - Epoch: 2, Iteration: 28, Training Loss: 0.0041, Mean IoU: 0.9428, Mean Accuracy: 0.9800, per Category IOU: [0.99965028 0.88599349]
2024-11-28 12:03:10 - FewShotSeg - INFO - Epoch: 2, Iteration: 29, Training Loss: 0.0046, Mean IoU: 0.9223, Mean Accuracy: 0.9789, per Category IOU: [0.9995705  0.84504505]
2024-11-28 12:03:10 - FewShotSeg - INFO - Epoch: 2, Iteration: 30, Training Loss: 0.0049, Mean IoU: 0.9372, Mean Accuracy: 0.9806, per Category IOU: [0.99961532 0.87479675]
2024-11-28 12:03:10 - FewShotSeg - INFO - Epoch: 2, Iteration: 31, Training Loss: 0.0052, Mean IoU: 0.9153, Mean Accuracy: 0.9698, per Category IOU: [0.99951555 0.83101045]
2024-11-28 12:03:11 - FewShotSeg - INFO - Epoch: 2, Iteration: 32, Training Loss: 0.0040, Mean IoU: 0.9687, Mean Accuracy: 0.9909, per Category IOU: [0.99960656 0.93782178]
2024-11-28 12:03:11 - FewShotSeg - INFO - Epoch: 2, Iteration: 33, Training Loss: 0.0038, Mean IoU: 0.9500, Mean Accuracy: 0.9859, per Category IOU: [0.99962505 0.9004645 ]
2024-11-28 12:03:11 - FewShotSeg - INFO - Epoch: 2, Iteration: 34, Training Loss: 0.0044, Mean IoU: 0.9451, Mean Accuracy: 0.9823, per Category IOU: [0.99955244 0.89065363]
2024-11-28 12:03:12 - FewShotSeg - INFO - Epoch: 2, Iteration: 35, Training Loss: 0.0038, Mean IoU: 0.9621, Mean Accuracy: 0.9903, per Category IOU: [0.99970748 0.92451613]
2024-11-28 12:03:12 - FewShotSeg - INFO - Epoch: 2, Iteration: 36, Training Loss: 0.0041, Mean IoU: 0.9512, Mean Accuracy: 0.9899, per Category IOU: [0.99950447 0.90279823]
2024-11-28 12:03:12 - FewShotSeg - INFO - Epoch: 2, Iteration: 37, Training Loss: 0.0038, Mean IoU: 0.9453, Mean Accuracy: 0.9792, per Category IOU: [0.99961765 0.89102564]
2024-11-28 12:03:12 - FewShotSeg - INFO - Epoch: 2, Iteration: 38, Training Loss: 0.0044, Mean IoU: 0.9307, Mean Accuracy: 0.9732, per Category IOU: [0.99957287 0.86176233]
2024-11-28 12:03:13 - FewShotSeg - INFO - Epoch: 2, Iteration: 39, Training Loss: 0.0046, Mean IoU: 0.9534, Mean Accuracy: 0.9823, per Category IOU: [0.99963498 0.90724269]
2024-11-28 12:05:16 - FewShotSeg - INFO - Epoch : 2, Validation Results - Loss: 0.0045, Mean IoU: 0.9753, Mean Accuracy: 0.9897, per Category IOU: [0.99965113 0.51625745]
2024-11-28 12:05:17 - FewShotSeg - INFO - Model saved!
2024-11-28 12:05:17 - FewShotSeg - INFO - Epoch: 3
2024-11-28 12:05:17 - FewShotSeg - INFO - Epoch: 3, Iteration: 0, Training Loss: 0.0042, Mean IoU: 0.9327, Mean Accuracy: 0.9756, per Category IOU: [0.99958284 0.86586345]
2024-11-28 12:05:18 - FewShotSeg - INFO - Epoch: 3, Iteration: 1, Training Loss: 0.0030, Mean IoU: 0.9446, Mean Accuracy: 0.9890, per Category IOU: [0.99965024 0.88958991]
2024-11-28 12:05:18 - FewShotSeg - INFO - Epoch: 3, Iteration: 2, Training Loss: 0.0030, Mean IoU: 0.9506, Mean Accuracy: 0.9858, per Category IOU: [0.99962252 0.90150033]
2024-11-28 12:05:18 - FewShotSeg - INFO - Epoch: 3, Iteration: 3, Training Loss: 0.0033, Mean IoU: 0.9588, Mean Accuracy: 0.9888, per Category IOU: [0.99965488 0.91790601]
2024-11-28 12:05:18 - FewShotSeg - INFO - Epoch: 3, Iteration: 4, Training Loss: 0.0044, Mean IoU: 0.9420, Mean Accuracy: 0.9878, per Category IOU: [0.99959016 0.88434415]
2024-11-28 12:05:19 - FewShotSeg - INFO - Epoch: 3, Iteration: 5, Training Loss: 0.0053, Mean IoU: 0.9298, Mean Accuracy: 0.9810, per Category IOU: [0.9994902 0.8601782]
2024-11-28 12:05:19 - FewShotSeg - INFO - Epoch: 3, Iteration: 6, Training Loss: 0.0047, Mean IoU: 0.9439, Mean Accuracy: 0.9835, per Category IOU: [0.99963773 0.88820355]
2024-11-28 12:05:19 - FewShotSeg - INFO - Epoch: 3, Iteration: 7, Training Loss: 0.0030, Mean IoU: 0.9564, Mean Accuracy: 0.9919, per Category IOU: [0.99961731 0.91311755]
2024-11-28 12:05:20 - FewShotSeg - INFO - Epoch: 3, Iteration: 8, Training Loss: 0.0040, Mean IoU: 0.9540, Mean Accuracy: 0.9854, per Category IOU: [0.99962744 0.90836408]
2024-11-28 12:05:20 - FewShotSeg - INFO - Epoch: 3, Iteration: 9, Training Loss: 0.0055, Mean IoU: 0.9617, Mean Accuracy: 0.9848, per Category IOU: [0.99954157 0.92390852]
2024-11-28 12:05:20 - FewShotSeg - INFO - Epoch: 3, Iteration: 10, Training Loss: 0.0028, Mean IoU: 0.9494, Mean Accuracy: 0.9887, per Category IOU: [0.99968021 0.8992126 ]
2024-11-28 12:05:21 - FewShotSeg - INFO - Epoch: 3, Iteration: 11, Training Loss: 0.0032, Mean IoU: 0.9618, Mean Accuracy: 0.9917, per Category IOU: [0.99968992 0.92392638]
2024-11-28 12:05:21 - FewShotSeg - INFO - Epoch: 3, Iteration: 12, Training Loss: 0.0042, Mean IoU: 0.9375, Mean Accuracy: 0.9833, per Category IOU: [0.99945985 0.87557604]
2024-11-28 12:05:21 - FewShotSeg - INFO - Epoch: 3, Iteration: 13, Training Loss: 0.0038, Mean IoU: 0.9491, Mean Accuracy: 0.9848, per Category IOU: [0.99966518 0.8985617 ]
2024-11-28 12:05:21 - FewShotSeg - INFO - Epoch: 3, Iteration: 14, Training Loss: 0.0037, Mean IoU: 0.9383, Mean Accuracy: 0.9770, per Category IOU: [0.99960528 0.87694704]
2024-11-28 12:05:22 - FewShotSeg - INFO - Epoch: 3, Iteration: 15, Training Loss: 0.0044, Mean IoU: 0.9603, Mean Accuracy: 0.9898, per Category IOU: [0.99946102 0.92104297]
2024-11-28 12:05:22 - FewShotSeg - INFO - Epoch: 3, Iteration: 16, Training Loss: 0.0038, Mean IoU: 0.9626, Mean Accuracy: 0.9896, per Category IOU: [0.99954654 0.92569787]
2024-11-28 12:05:22 - FewShotSeg - INFO - Epoch: 3, Iteration: 17, Training Loss: 0.0040, Mean IoU: 0.9538, Mean Accuracy: 0.9913, per Category IOU: [0.99954707 0.9079817 ]
2024-11-28 12:05:23 - FewShotSeg - INFO - Epoch: 3, Iteration: 18, Training Loss: 0.0042, Mean IoU: 0.9479, Mean Accuracy: 0.9921, per Category IOU: [0.99950211 0.89624609]
2024-11-28 12:05:23 - FewShotSeg - INFO - Epoch: 3, Iteration: 19, Training Loss: 0.0027, Mean IoU: 0.9524, Mean Accuracy: 0.9932, per Category IOU: [0.99967012 0.90517241]
2024-11-28 12:05:23 - FewShotSeg - INFO - Epoch: 3, Iteration: 20, Training Loss: 0.0037, Mean IoU: 0.9263, Mean Accuracy: 0.9871, per Category IOU: [0.99955542 0.85313531]
2024-11-28 12:05:24 - FewShotSeg - INFO - Epoch: 3, Iteration: 21, Training Loss: 0.0026, Mean IoU: 0.9603, Mean Accuracy: 0.9945, per Category IOU: [0.99965985 0.92088424]
2024-11-28 12:05:24 - FewShotSeg - INFO - Epoch: 3, Iteration: 22, Training Loss: 0.0032, Mean IoU: 0.9446, Mean Accuracy: 0.9827, per Category IOU: [0.99957253 0.88953488]
2024-11-28 12:05:24 - FewShotSeg - INFO - Epoch: 3, Iteration: 23, Training Loss: 0.0030, Mean IoU: 0.9589, Mean Accuracy: 0.9928, per Category IOU: [0.99965488 0.91805226]
2024-11-28 12:05:24 - FewShotSeg - INFO - Epoch: 3, Iteration: 24, Training Loss: 0.0038, Mean IoU: 0.9502, Mean Accuracy: 0.9952, per Category IOU: [0.99955225 0.90094079]
2024-11-28 12:05:25 - FewShotSeg - INFO - Epoch: 3, Iteration: 25, Training Loss: 0.0040, Mean IoU: 0.9540, Mean Accuracy: 0.9848, per Category IOU: [0.99958726 0.90843507]
2024-11-28 12:05:25 - FewShotSeg - INFO - Epoch: 3, Iteration: 26, Training Loss: 0.0025, Mean IoU: 0.9594, Mean Accuracy: 0.9905, per Category IOU: [0.99973514 0.91902215]
2024-11-28 12:05:25 - FewShotSeg - INFO - Epoch: 3, Iteration: 27, Training Loss: 0.0047, Mean IoU: 0.9407, Mean Accuracy: 0.9856, per Category IOU: [0.99959019 0.88184438]
2024-11-28 12:05:26 - FewShotSeg - INFO - Epoch: 3, Iteration: 28, Training Loss: 0.0038, Mean IoU: 0.9343, Mean Accuracy: 0.9823, per Category IOU: [0.9995753  0.86902928]
2024-11-28 12:05:26 - FewShotSeg - INFO - Epoch: 3, Iteration: 29, Training Loss: 0.0036, Mean IoU: 0.9511, Mean Accuracy: 0.9918, per Category IOU: [0.99950195 0.90268949]
2024-11-28 12:05:26 - FewShotSeg - INFO - Epoch: 3, Iteration: 30, Training Loss: 0.0040, Mean IoU: 0.9368, Mean Accuracy: 0.9884, per Category IOU: [0.99939458 0.87428571]
2024-11-28 12:05:26 - FewShotSeg - INFO - Epoch: 3, Iteration: 31, Training Loss: 0.0044, Mean IoU: 0.9598, Mean Accuracy: 0.9882, per Category IOU: [0.99956184 0.91994511]
2024-11-28 12:05:27 - FewShotSeg - INFO - Epoch: 3, Iteration: 32, Training Loss: 0.0026, Mean IoU: 0.9436, Mean Accuracy: 0.9932, per Category IOU: [0.99957256 0.88757396]
2024-11-28 12:05:27 - FewShotSeg - INFO - Epoch: 3, Iteration: 33, Training Loss: 0.0027, Mean IoU: 0.9308, Mean Accuracy: 0.9868, per Category IOU: [0.99961042 0.8619469 ]
2024-11-28 12:05:27 - FewShotSeg - INFO - Epoch: 3, Iteration: 34, Training Loss: 0.0038, Mean IoU: 0.9181, Mean Accuracy: 0.9798, per Category IOU: [0.99947293 0.83668731]
2024-11-28 12:05:28 - FewShotSeg - INFO - Epoch: 3, Iteration: 35, Training Loss: 0.0032, Mean IoU: 0.9375, Mean Accuracy: 0.9902, per Category IOU: [0.99956269 0.87544484]
2024-11-28 12:05:28 - FewShotSeg - INFO - Epoch: 3, Iteration: 36, Training Loss: 0.0038, Mean IoU: 0.9503, Mean Accuracy: 0.9851, per Category IOU: [0.99959493 0.9010989 ]
2024-11-28 12:05:28 - FewShotSeg - INFO - Epoch: 3, Iteration: 37, Training Loss: 0.0035, Mean IoU: 0.9472, Mean Accuracy: 0.9836, per Category IOU: [0.99965019 0.89473684]
2024-11-28 12:05:29 - FewShotSeg - INFO - Epoch: 3, Iteration: 38, Training Loss: 0.0030, Mean IoU: 0.9318, Mean Accuracy: 0.9874, per Category IOU: [0.99953526 0.86403509]
2024-11-28 12:05:29 - FewShotSeg - INFO - Epoch: 3, Iteration: 39, Training Loss: 0.0032, Mean IoU: 0.9207, Mean Accuracy: 0.9977, per Category IOU: [0.99942276 0.84188912]
2024-11-28 12:07:33 - FewShotSeg - INFO - Epoch : 3, Validation Results - Loss: 0.0036, Mean IoU: 0.9743, Mean Accuracy: 0.9918, per Category IOU: [0.99962802 0.51427356]
2024-11-28 12:07:33 - FewShotSeg - INFO - Epoch: 4
2024-11-28 12:07:33 - FewShotSeg - INFO - Epoch: 4, Iteration: 0, Training Loss: 0.0034, Mean IoU: 0.9560, Mean Accuracy: 0.9902, per Category IOU: [0.99949663 0.91253264]
2024-11-28 12:07:33 - FewShotSeg - INFO - Epoch: 4, Iteration: 1, Training Loss: 0.0035, Mean IoU: 0.9472, Mean Accuracy: 0.9860, per Category IOU: [0.99956492 0.89473684]
2024-11-28 12:07:34 - FewShotSeg - INFO - Epoch: 4, Iteration: 2, Training Loss: 0.0033, Mean IoU: 0.9327, Mean Accuracy: 0.9919, per Category IOU: [0.99946754 0.86586902]
2024-11-28 12:07:34 - FewShotSeg - INFO - Epoch: 4, Iteration: 3, Training Loss: 0.0040, Mean IoU: 0.9474, Mean Accuracy: 0.9801, per Category IOU: [0.99963013 0.89525832]
2024-11-28 12:07:34 - FewShotSeg - INFO - Epoch: 4, Iteration: 4, Training Loss: 0.0048, Mean IoU: 0.9328, Mean Accuracy: 0.9885, per Category IOU: [0.99953023 0.86600143]
2024-11-28 12:07:34 - FewShotSeg - INFO - Epoch: 4, Iteration: 5, Training Loss: 0.0039, Mean IoU: 0.9528, Mean Accuracy: 0.9886, per Category IOU: [0.9994918  0.90601852]
2024-11-28 12:07:35 - FewShotSeg - INFO - Epoch: 4, Iteration: 6, Training Loss: 0.0027, Mean IoU: 0.9325, Mean Accuracy: 0.9932, per Category IOU: [0.99947257 0.86551944]
2024-11-28 12:07:35 - FewShotSeg - INFO - Epoch: 4, Iteration: 7, Training Loss: 0.0039, Mean IoU: 0.9427, Mean Accuracy: 0.9793, per Category IOU: [0.99955001 0.88593156]
2024-11-28 12:07:35 - FewShotSeg - INFO - Epoch: 4, Iteration: 8, Training Loss: 0.0044, Mean IoU: 0.9420, Mean Accuracy: 0.9899, per Category IOU: [0.99941192 0.88452088]
2024-11-28 12:07:36 - FewShotSeg - INFO - Epoch: 4, Iteration: 9, Training Loss: 0.0034, Mean IoU: 0.9128, Mean Accuracy: 0.9903, per Category IOU: [0.999453   0.82619048]
2024-11-28 12:07:36 - FewShotSeg - INFO - Epoch: 4, Iteration: 10, Training Loss: 0.0028, Mean IoU: 0.9420, Mean Accuracy: 0.9960, per Category IOU: [0.99948227 0.88455103]
2024-11-28 12:07:36 - FewShotSeg - INFO - Epoch: 4, Iteration: 11, Training Loss: 0.0035, Mean IoU: 0.9433, Mean Accuracy: 0.9946, per Category IOU: [0.99953996 0.88697789]
2024-11-28 12:07:37 - FewShotSeg - INFO - Epoch: 4, Iteration: 12, Training Loss: 0.0036, Mean IoU: 0.9418, Mean Accuracy: 0.9897, per Category IOU: [0.99945967 0.88418231]
2024-11-28 12:07:37 - FewShotSeg - INFO - Epoch: 4, Iteration: 13, Training Loss: 0.0031, Mean IoU: 0.9337, Mean Accuracy: 0.9850, per Category IOU: [0.99955276 0.86789668]
2024-11-28 12:07:37 - FewShotSeg - INFO - Epoch: 4, Iteration: 14, Training Loss: 0.0033, Mean IoU: 0.9325, Mean Accuracy: 0.9913, per Category IOU: [0.99957283 0.86546027]
2024-11-28 12:07:37 - FewShotSeg - INFO - Epoch: 4, Iteration: 15, Training Loss: 0.0032, Mean IoU: 0.9503, Mean Accuracy: 0.9932, per Category IOU: [0.99954472 0.90103317]
2024-11-28 12:07:38 - FewShotSeg - INFO - Epoch: 4, Iteration: 16, Training Loss: 0.0036, Mean IoU: 0.9476, Mean Accuracy: 0.9867, per Category IOU: [0.99957997 0.89558732]
2024-11-28 12:07:38 - FewShotSeg - INFO - Epoch: 4, Iteration: 17, Training Loss: 0.0029, Mean IoU: 0.9611, Mean Accuracy: 0.9916, per Category IOU: [0.99968995 0.92259675]
2024-11-28 12:07:38 - FewShotSeg - INFO - Epoch: 4, Iteration: 18, Training Loss: 0.0039, Mean IoU: 0.9446, Mean Accuracy: 0.9902, per Category IOU: [0.99962017 0.88953488]
2024-11-28 12:07:39 - FewShotSeg - INFO - Epoch: 4, Iteration: 19, Training Loss: 0.0025, Mean IoU: 0.9584, Mean Accuracy: 0.9873, per Category IOU: [0.99973014 0.91711435]
2024-11-28 12:07:39 - FewShotSeg - INFO - Epoch: 4, Iteration: 20, Training Loss: 0.0029, Mean IoU: 0.9375, Mean Accuracy: 0.9901, per Category IOU: [0.99960529 0.87549251]
2024-11-28 12:07:39 - FewShotSeg - INFO - Epoch: 4, Iteration: 21, Training Loss: 0.0026, Mean IoU: 0.9497, Mean Accuracy: 0.9950, per Category IOU: [0.99957236 0.89976553]
2024-11-28 12:07:40 - FewShotSeg - INFO - Epoch: 4, Iteration: 22, Training Loss: 0.0040, Mean IoU: 0.9171, Mean Accuracy: 0.9849, per Category IOU: [0.99948547 0.83467095]
2024-11-28 12:07:40 - FewShotSeg - INFO - Epoch: 4, Iteration: 23, Training Loss: 0.0027, Mean IoU: 0.9511, Mean Accuracy: 0.9909, per Category IOU: [0.99958487 0.90252496]
2024-11-28 12:07:40 - FewShotSeg - INFO - Epoch: 4, Iteration: 24, Training Loss: 0.0027, Mean IoU: 0.9387, Mean Accuracy: 0.9900, per Category IOU: [0.99958522 0.87776141]
2024-11-28 12:07:40 - FewShotSeg - INFO - Epoch: 4, Iteration: 25, Training Loss: 0.0031, Mean IoU: 0.9526, Mean Accuracy: 0.9927, per Category IOU: [0.9994742  0.90578735]
2024-11-28 12:07:41 - FewShotSeg - INFO - Epoch: 4, Iteration: 26, Training Loss: 0.0034, Mean IoU: 0.9421, Mean Accuracy: 0.9937, per Category IOU: [0.99944459 0.88479502]
2024-11-28 12:07:41 - FewShotSeg - INFO - Epoch: 4, Iteration: 27, Training Loss: 0.0038, Mean IoU: 0.9220, Mean Accuracy: 0.9888, per Category IOU: [0.99946533 0.84458969]
2024-11-28 12:07:41 - FewShotSeg - INFO - Epoch: 4, Iteration: 28, Training Loss: 0.0026, Mean IoU: 0.9436, Mean Accuracy: 0.9902, per Category IOU: [0.99966279 0.8875    ]
2024-11-28 12:07:42 - FewShotSeg - INFO - Epoch: 4, Iteration: 29, Training Loss: 0.0035, Mean IoU: 0.9364, Mean Accuracy: 0.9828, per Category IOU: [0.99954768 0.87316048]
2024-11-28 12:07:42 - FewShotSeg - INFO - Epoch: 4, Iteration: 30, Training Loss: 0.0027, Mean IoU: 0.9555, Mean Accuracy: 0.9932, per Category IOU: [0.99959976 0.91145545]
2024-11-28 12:07:42 - FewShotSeg - INFO - Epoch: 4, Iteration: 31, Training Loss: 0.0033, Mean IoU: 0.9653, Mean Accuracy: 0.9924, per Category IOU: [0.99955893 0.93100745]
2024-11-28 12:07:43 - FewShotSeg - INFO - Epoch: 4, Iteration: 32, Training Loss: 0.0030, Mean IoU: 0.9410, Mean Accuracy: 0.9942, per Category IOU: [0.99949988 0.88249119]
2024-11-28 12:07:43 - FewShotSeg - INFO - Epoch: 4, Iteration: 33, Training Loss: 0.0027, Mean IoU: 0.9392, Mean Accuracy: 0.9860, per Category IOU: [0.99956265 0.87880886]
2024-11-28 12:07:43 - FewShotSeg - INFO - Epoch: 4, Iteration: 34, Training Loss: 0.0030, Mean IoU: 0.9443, Mean Accuracy: 0.9988, per Category IOU: [0.99948217 0.88912694]
2024-11-28 12:07:43 - FewShotSeg - INFO - Epoch: 4, Iteration: 35, Training Loss: 0.0024, Mean IoU: 0.9556, Mean Accuracy: 0.9914, per Category IOU: [0.99967505 0.91162475]
2024-11-28 12:07:44 - FewShotSeg - INFO - Epoch: 4, Iteration: 36, Training Loss: 0.0024, Mean IoU: 0.9522, Mean Accuracy: 0.9943, per Category IOU: [0.99957478 0.90481523]
2024-11-28 12:07:44 - FewShotSeg - INFO - Epoch: 4, Iteration: 37, Training Loss: 0.0025, Mean IoU: 0.9455, Mean Accuracy: 0.9963, per Category IOU: [0.99946704 0.89160305]
2024-11-28 12:07:44 - FewShotSeg - INFO - Epoch: 4, Iteration: 38, Training Loss: 0.0028, Mean IoU: 0.9368, Mean Accuracy: 0.9930, per Category IOU: [0.99952511 0.87400531]
2024-11-28 12:07:45 - FewShotSeg - INFO - Epoch: 4, Iteration: 39, Training Loss: 0.0029, Mean IoU: 0.9250, Mean Accuracy: 0.9940, per Category IOU: [0.99955043 0.85049834]
2024-11-28 12:09:48 - FewShotSeg - INFO - Epoch : 4, Validation Results - Loss: 0.0033, Mean IoU: 0.9738, Mean Accuracy: 0.9928, per Category IOU: [0.99961695 0.51324449]
2024-11-28 12:09:48 - FewShotSeg - INFO - Epoch: 5
2024-11-28 12:09:49 - FewShotSeg - INFO - Epoch: 5, Iteration: 0, Training Loss: 0.0026, Mean IoU: 0.9371, Mean Accuracy: 0.9918, per Category IOU: [0.99955769 0.87464589]
2024-11-28 12:09:49 - FewShotSeg - INFO - Epoch: 5, Iteration: 1, Training Loss: 0.0035, Mean IoU: 0.9464, Mean Accuracy: 0.9894, per Category IOU: [0.99940664 0.89333933]
2024-11-28 12:09:49 - FewShotSeg - INFO - Epoch: 5, Iteration: 2, Training Loss: 0.0028, Mean IoU: 0.9366, Mean Accuracy: 0.9940, per Category IOU: [0.99947494 0.87364621]
2024-11-28 12:09:50 - FewShotSeg - INFO - Epoch: 5, Iteration: 3, Training Loss: 0.0028, Mean IoU: 0.9394, Mean Accuracy: 0.9879, per Category IOU: [0.99958019 0.87931034]
2024-11-28 12:09:50 - FewShotSeg - INFO - Epoch: 5, Iteration: 4, Training Loss: 0.0025, Mean IoU: 0.9535, Mean Accuracy: 0.9927, per Category IOU: [0.99965003 0.90740741]
2024-11-28 12:09:50 - FewShotSeg - INFO - Epoch: 5, Iteration: 5, Training Loss: 0.0023, Mean IoU: 0.9438, Mean Accuracy: 0.9953, per Category IOU: [0.9995876 0.8880597]
2024-11-28 12:09:50 - FewShotSeg - INFO - Epoch: 5, Iteration: 6, Training Loss: 0.0034, Mean IoU: 0.9126, Mean Accuracy: 0.9947, per Category IOU: [0.99942546 0.82575758]
2024-11-28 12:09:51 - FewShotSeg - INFO - Epoch: 5, Iteration: 7, Training Loss: 0.0024, Mean IoU: 0.9456, Mean Accuracy: 0.9969, per Category IOU: [0.99958003 0.8916129 ]
2024-11-28 12:09:51 - FewShotSeg - INFO - Epoch: 5, Iteration: 8, Training Loss: 0.0038, Mean IoU: 0.9447, Mean Accuracy: 0.9926, per Category IOU: [0.99938159 0.88997773]
2024-11-28 12:09:51 - FewShotSeg - INFO - Epoch: 5, Iteration: 9, Training Loss: 0.0050, Mean IoU: 0.9214, Mean Accuracy: 0.9841, per Category IOU: [0.99942524 0.84343091]
2024-11-28 12:09:52 - FewShotSeg - INFO - Epoch: 5, Iteration: 10, Training Loss: 0.0028, Mean IoU: 0.9442, Mean Accuracy: 0.9891, per Category IOU: [0.99957254 0.88874431]
2024-11-28 12:09:52 - FewShotSeg - INFO - Epoch: 5, Iteration: 11, Training Loss: 0.0035, Mean IoU: 0.9405, Mean Accuracy: 0.9888, per Category IOU: [0.99944717 0.88162828]
2024-11-28 12:09:52 - FewShotSeg - INFO - Epoch: 5, Iteration: 12, Training Loss: 0.0034, Mean IoU: 0.9374, Mean Accuracy: 0.9840, per Category IOU: [0.99954264 0.87517053]
2024-11-28 12:09:53 - FewShotSeg - INFO - Epoch: 5, Iteration: 13, Training Loss: 0.0028, Mean IoU: 0.9492, Mean Accuracy: 0.9939, per Category IOU: [0.9996025  0.89872611]
2024-11-28 12:09:53 - FewShotSeg - INFO - Epoch: 5, Iteration: 14, Training Loss: 0.0026, Mean IoU: 0.9550, Mean Accuracy: 0.9932, per Category IOU: [0.99959476 0.91044776]
2024-11-28 12:09:53 - FewShotSeg - INFO - Epoch: 5, Iteration: 15, Training Loss: 0.0029, Mean IoU: 0.9455, Mean Accuracy: 0.9812, per Category IOU: [0.99966275 0.89139179]
2024-11-28 12:09:53 - FewShotSeg - INFO - Epoch: 5, Iteration: 16, Training Loss: 0.0029, Mean IoU: 0.9174, Mean Accuracy: 0.9922, per Category IOU: [0.99948547 0.83533173]
2024-11-28 12:09:54 - FewShotSeg - INFO - Epoch: 5, Iteration: 17, Training Loss: 0.0031, Mean IoU: 0.9421, Mean Accuracy: 0.9933, per Category IOU: [0.99958012 0.88469458]
2024-11-28 12:09:54 - FewShotSeg - INFO - Epoch: 5, Iteration: 18, Training Loss: 0.0030, Mean IoU: 0.9453, Mean Accuracy: 0.9896, per Category IOU: [0.99952985 0.89101449]
2024-11-28 12:09:54 - FewShotSeg - INFO - Epoch: 5, Iteration: 19, Training Loss: 0.0032, Mean IoU: 0.9198, Mean Accuracy: 0.9863, per Category IOU: [0.99945034 0.84023239]
2024-11-28 12:09:55 - FewShotSeg - INFO - Epoch: 5, Iteration: 20, Training Loss: 0.0029, Mean IoU: 0.9449, Mean Accuracy: 0.9966, per Category IOU: [0.99945953 0.89029964]
2024-11-28 12:09:55 - FewShotSeg - INFO - Epoch: 5, Iteration: 21, Training Loss: 0.0022, Mean IoU: 0.9646, Mean Accuracy: 0.9909, per Category IOU: [0.99971995 0.92947103]
2024-11-28 12:09:55 - FewShotSeg - INFO - Epoch: 5, Iteration: 22, Training Loss: 0.0032, Mean IoU: 0.9265, Mean Accuracy: 0.9924, per Category IOU: [0.9995454  0.85346216]
2024-11-28 12:09:55 - FewShotSeg - INFO - Epoch: 5, Iteration: 23, Training Loss: 0.0031, Mean IoU: 0.9640, Mean Accuracy: 0.9926, per Category IOU: [0.99954139 0.92848769]
2024-11-28 12:09:56 - FewShotSeg - INFO - Epoch: 5, Iteration: 24, Training Loss: 0.0025, Mean IoU: 0.9555, Mean Accuracy: 0.9950, per Category IOU: [0.99962236 0.91138498]
2024-11-28 12:09:56 - FewShotSeg - INFO - Epoch: 5, Iteration: 25, Training Loss: 0.0031, Mean IoU: 0.9329, Mean Accuracy: 0.9916, per Category IOU: [0.99951017 0.8662116 ]
2024-11-28 12:09:56 - FewShotSeg - INFO - Epoch: 5, Iteration: 26, Training Loss: 0.0034, Mean IoU: 0.9271, Mean Accuracy: 0.9893, per Category IOU: [0.99954538 0.85463259]
2024-11-28 12:09:57 - FewShotSeg - INFO - Epoch: 5, Iteration: 27, Training Loss: 0.0029, Mean IoU: 0.9395, Mean Accuracy: 0.9935, per Category IOU: [0.99945475 0.87955801]
2024-11-28 12:09:57 - FewShotSeg - INFO - Epoch: 5, Iteration: 28, Training Loss: 0.0024, Mean IoU: 0.9422, Mean Accuracy: 0.9978, per Category IOU: [0.99949733 0.88481375]
2024-11-28 12:09:57 - FewShotSeg - INFO - Epoch: 5, Iteration: 29, Training Loss: 0.0034, Mean IoU: 0.9428, Mean Accuracy: 0.9935, per Category IOU: [0.99946465 0.88623073]
2024-11-28 12:09:58 - FewShotSeg - INFO - Epoch: 5, Iteration: 30, Training Loss: 0.0033, Mean IoU: 0.9549, Mean Accuracy: 0.9926, per Category IOU: [0.99940601 0.91046468]
2024-11-28 12:09:58 - FewShotSeg - INFO - Epoch: 5, Iteration: 31, Training Loss: 0.0044, Mean IoU: 0.9367, Mean Accuracy: 0.9766, per Category IOU: [0.99954015 0.87379973]
2024-11-28 12:09:58 - FewShotSeg - INFO - Epoch: 5, Iteration: 32, Training Loss: 0.0030, Mean IoU: 0.9230, Mean Accuracy: 0.9934, per Category IOU: [0.9995129 0.8465775]
2024-11-28 12:09:58 - FewShotSeg - INFO - Epoch: 5, Iteration: 33, Training Loss: 0.0035, Mean IoU: 0.9411, Mean Accuracy: 0.9951, per Category IOU: [0.99943207 0.88280847]
2024-11-28 12:09:59 - FewShotSeg - INFO - Epoch: 5, Iteration: 34, Training Loss: 0.0029, Mean IoU: 0.9512, Mean Accuracy: 0.9941, per Category IOU: [0.99953463 0.90282132]
2024-11-28 12:09:59 - FewShotSeg - INFO - Epoch: 5, Iteration: 35, Training Loss: 0.0022, Mean IoU: 0.9482, Mean Accuracy: 0.9885, per Category IOU: [0.99970278 0.89679098]
2024-11-28 12:09:59 - FewShotSeg - INFO - Epoch: 5, Iteration: 36, Training Loss: 0.0037, Mean IoU: 0.9195, Mean Accuracy: 0.9933, per Category IOU: [0.99941276 0.83959044]
2024-11-28 12:10:00 - FewShotSeg - INFO - Epoch: 5, Iteration: 37, Training Loss: 0.0025, Mean IoU: 0.9548, Mean Accuracy: 0.9964, per Category IOU: [0.99967508 0.9099723 ]
2024-11-28 12:10:00 - FewShotSeg - INFO - Epoch: 5, Iteration: 38, Training Loss: 0.0025, Mean IoU: 0.9507, Mean Accuracy: 0.9943, per Category IOU: [0.99955977 0.90178571]
2024-11-28 12:10:00 - FewShotSeg - INFO - Epoch: 5, Iteration: 39, Training Loss: 0.0029, Mean IoU: 0.9486, Mean Accuracy: 0.9932, per Category IOU: [0.99952721 0.89761647]
2024-11-28 12:12:04 - FewShotSeg - INFO - Epoch : 5, Validation Results - Loss: 0.0031, Mean IoU: 0.9733, Mean Accuracy: 0.9935, per Category IOU: [0.99960676 0.512238  ]
2024-11-28 12:12:04 - FewShotSeg - INFO - Epoch: 6
2024-11-28 12:12:04 - FewShotSeg - INFO - Epoch: 6, Iteration: 0, Training Loss: 0.0036, Mean IoU: 0.9612, Mean Accuracy: 0.9915, per Category IOU: [0.99938009 0.92307692]
2024-11-28 12:12:05 - FewShotSeg - INFO - Epoch: 6, Iteration: 1, Training Loss: 0.0022, Mean IoU: 0.9456, Mean Accuracy: 0.9914, per Category IOU: [0.99964772 0.89162183]
2024-11-28 12:12:05 - FewShotSeg - INFO - Epoch: 6, Iteration: 2, Training Loss: 0.0038, Mean IoU: 0.9095, Mean Accuracy: 0.9881, per Category IOU: [0.99946809 0.81949153]
2024-11-28 12:12:05 - FewShotSeg - INFO - Epoch: 6, Iteration: 3, Training Loss: 0.0029, Mean IoU: 0.9506, Mean Accuracy: 0.9944, per Category IOU: [0.9994718  0.90167754]
2024-11-28 12:12:06 - FewShotSeg - INFO - Epoch: 6, Iteration: 4, Training Loss: 0.0033, Mean IoU: 0.9187, Mean Accuracy: 0.9932, per Category IOU: [0.99937267 0.83795997]
2024-11-28 12:12:06 - FewShotSeg - INFO - Epoch: 6, Iteration: 5, Training Loss: 0.0035, Mean IoU: 0.9400, Mean Accuracy: 0.9867, per Category IOU: [0.99950745 0.88046117]
2024-11-28 12:12:06 - FewShotSeg - INFO - Epoch: 6, Iteration: 6, Training Loss: 0.0033, Mean IoU: 0.9347, Mean Accuracy: 0.9953, per Category IOU: [0.9993771  0.87010955]
2024-11-28 12:12:07 - FewShotSeg - INFO - Epoch: 6, Iteration: 7, Training Loss: 0.0024, Mean IoU: 0.9540, Mean Accuracy: 0.9966, per Category IOU: [0.99960735 0.90845481]
2024-11-28 12:12:07 - FewShotSeg - INFO - Epoch: 6, Iteration: 8, Training Loss: 0.0034, Mean IoU: 0.9439, Mean Accuracy: 0.9909, per Category IOU: [0.99937409 0.88844266]
2024-11-28 12:12:07 - FewShotSeg - INFO - Epoch: 6, Iteration: 9, Training Loss: 0.0030, Mean IoU: 0.9358, Mean Accuracy: 0.9954, per Category IOU: [0.99940719 0.8722372 ]
2024-11-28 12:12:07 - FewShotSeg - INFO - Epoch: 6, Iteration: 10, Training Loss: 0.0032, Mean IoU: 0.9446, Mean Accuracy: 0.9885, per Category IOU: [0.99957253 0.88967742]
2024-11-28 12:12:08 - FewShotSeg - INFO - Epoch: 6, Iteration: 11, Training Loss: 0.0034, Mean IoU: 0.9162, Mean Accuracy: 0.9872, per Category IOU: [0.9994379  0.83296214]
2024-11-28 12:12:08 - FewShotSeg - INFO - Epoch: 6, Iteration: 12, Training Loss: 0.0033, Mean IoU: 0.9390, Mean Accuracy: 0.9827, per Category IOU: [0.99959023 0.87833828]
2024-11-28 12:12:08 - FewShotSeg - INFO - Epoch: 6, Iteration: 13, Training Loss: 0.0027, Mean IoU: 0.9440, Mean Accuracy: 0.9959, per Category IOU: [0.99951232 0.88844394]
2024-11-28 12:12:09 - FewShotSeg - INFO - Epoch: 6, Iteration: 14, Training Loss: 0.0031, Mean IoU: 0.9357, Mean Accuracy: 0.9954, per Category IOU: [0.99936449 0.8720403 ]
2024-11-28 12:12:09 - FewShotSeg - INFO - Epoch: 6, Iteration: 15, Training Loss: 0.0021, Mean IoU: 0.9514, Mean Accuracy: 0.9986, per Category IOU: [0.99955472 0.90320827]
2024-11-28 12:12:09 - FewShotSeg - INFO - Epoch: 6, Iteration: 16, Training Loss: 0.0020, Mean IoU: 0.9573, Mean Accuracy: 0.9946, per Category IOU: [0.99964741 0.91485507]
2024-11-28 12:12:09 - FewShotSeg - INFO - Epoch: 6, Iteration: 17, Training Loss: 0.0026, Mean IoU: 0.9391, Mean Accuracy: 0.9883, per Category IOU: [0.99956015 0.87870434]
2024-11-28 12:12:10 - FewShotSeg - INFO - Epoch: 6, Iteration: 18, Training Loss: 0.0025, Mean IoU: 0.9307, Mean Accuracy: 0.9944, per Category IOU: [0.99955533 0.86180124]
2024-11-28 12:12:10 - FewShotSeg - INFO - Epoch: 6, Iteration: 19, Training Loss: 0.0024, Mean IoU: 0.9224, Mean Accuracy: 0.9974, per Category IOU: [0.9994202  0.84543638]
2024-11-28 12:12:10 - FewShotSeg - INFO - Epoch: 6, Iteration: 20, Training Loss: 0.0035, Mean IoU: 0.9402, Mean Accuracy: 0.9957, per Category IOU: [0.99941201 0.88095238]
2024-11-28 12:12:11 - FewShotSeg - INFO - Epoch: 6, Iteration: 21, Training Loss: 0.0033, Mean IoU: 0.9221, Mean Accuracy: 0.9861, per Category IOU: [0.99947785 0.84472511]
2024-11-28 12:12:11 - FewShotSeg - INFO - Epoch: 6, Iteration: 22, Training Loss: 0.0034, Mean IoU: 0.9400, Mean Accuracy: 0.9917, per Category IOU: [0.99950243 0.88048048]
2024-11-28 12:12:11 - FewShotSeg - INFO - Epoch: 6, Iteration: 23, Training Loss: 0.0033, Mean IoU: 0.9509, Mean Accuracy: 0.9952, per Category IOU: [0.9994743  0.90223464]
2024-11-28 12:12:12 - FewShotSeg - INFO - Epoch: 6, Iteration: 24, Training Loss: 0.0033, Mean IoU: 0.9389, Mean Accuracy: 0.9916, per Category IOU: [0.99958271 0.8781911 ]
2024-11-28 12:12:12 - FewShotSeg - INFO - Epoch: 6, Iteration: 25, Training Loss: 0.0018, Mean IoU: 0.9571, Mean Accuracy: 0.9959, per Category IOU: [0.99967752 0.91456954]
2024-11-28 12:12:12 - FewShotSeg - INFO - Epoch: 6, Iteration: 26, Training Loss: 0.0027, Mean IoU: 0.9212, Mean Accuracy: 0.9903, per Category IOU: [0.99954299 0.84278351]
2024-11-28 12:12:12 - FewShotSeg - INFO - Epoch: 6, Iteration: 27, Training Loss: 0.0026, Mean IoU: 0.9322, Mean Accuracy: 0.9958, per Category IOU: [0.99946756 0.86501901]
2024-11-28 12:12:13 - FewShotSeg - INFO - Epoch: 6, Iteration: 28, Training Loss: 0.0031, Mean IoU: 0.9337, Mean Accuracy: 0.9956, per Category IOU: [0.99944995 0.86802639]
2024-11-28 12:12:13 - FewShotSeg - INFO - Epoch: 6, Iteration: 29, Training Loss: 0.0027, Mean IoU: 0.9453, Mean Accuracy: 0.9946, per Category IOU: [0.99956498 0.89111389]
2024-11-28 12:12:13 - FewShotSeg - INFO - Epoch: 6, Iteration: 30, Training Loss: 0.0030, Mean IoU: 0.9489, Mean Accuracy: 0.9918, per Category IOU: [0.99940396 0.89837746]
2024-11-28 12:12:14 - FewShotSeg - INFO - Epoch: 6, Iteration: 31, Training Loss: 0.0028, Mean IoU: 0.9375, Mean Accuracy: 0.9943, per Category IOU: [0.99961531 0.87540453]
2024-11-28 12:12:14 - FewShotSeg - INFO - Epoch: 6, Iteration: 32, Training Loss: 0.0048, Mean IoU: 0.9304, Mean Accuracy: 0.9904, per Category IOU: [0.99947263 0.86136662]
2024-11-28 12:12:14 - FewShotSeg - INFO - Epoch: 6, Iteration: 33, Training Loss: 0.0039, Mean IoU: 0.9314, Mean Accuracy: 0.9825, per Category IOU: [0.99952525 0.86330935]
2024-11-28 12:12:15 - FewShotSeg - INFO - Epoch: 6, Iteration: 34, Training Loss: 0.0027, Mean IoU: 0.9403, Mean Accuracy: 0.9917, per Category IOU: [0.99952751 0.88113208]
2024-11-28 12:12:15 - FewShotSeg - INFO - Epoch: 6, Iteration: 35, Training Loss: 0.0020, Mean IoU: 0.9471, Mean Accuracy: 0.9885, per Category IOU: [0.99969528 0.89446367]
2024-11-28 12:12:15 - FewShotSeg - INFO - Epoch: 6, Iteration: 36, Training Loss: 0.0024, Mean IoU: 0.9495, Mean Accuracy: 0.9944, per Category IOU: [0.99951209 0.89948454]
2024-11-28 12:12:15 - FewShotSeg - INFO - Epoch: 6, Iteration: 37, Training Loss: 0.0025, Mean IoU: 0.9553, Mean Accuracy: 0.9940, per Category IOU: [0.99964747 0.91104101]
2024-11-28 12:12:16 - FewShotSeg - INFO - Epoch: 6, Iteration: 38, Training Loss: 0.0020, Mean IoU: 0.9444, Mean Accuracy: 0.9943, per Category IOU: [0.99964023 0.8891455 ]
2024-11-28 12:12:16 - FewShotSeg - INFO - Epoch: 6, Iteration: 39, Training Loss: 0.0026, Mean IoU: 0.9337, Mean Accuracy: 0.9942, per Category IOU: [0.99949761 0.86793693]
2024-11-28 12:14:20 - FewShotSeg - INFO - Epoch : 6, Validation Results - Loss: 0.0030, Mean IoU: 0.9732, Mean Accuracy: 0.9938, per Category IOU: [0.99960289 0.51191795]
2024-11-28 12:14:20 - FewShotSeg - INFO - Epoch: 7
2024-11-28 12:14:20 - FewShotSeg - INFO - Epoch: 7, Iteration: 0, Training Loss: 0.0045, Mean IoU: 0.9337, Mean Accuracy: 0.9857, per Category IOU: [0.99941983 0.86788155]
2024-11-28 12:14:20 - FewShotSeg - INFO - Epoch: 7, Iteration: 1, Training Loss: 0.0028, Mean IoU: 0.9421, Mean Accuracy: 0.9886, per Category IOU: [0.99949984 0.88465975]
2024-11-28 12:14:20 - FewShotSeg - INFO - Epoch: 7, Iteration: 2, Training Loss: 0.0030, Mean IoU: 0.9539, Mean Accuracy: 0.9930, per Category IOU: [0.99942626 0.9084    ]
2024-11-28 12:14:21 - FewShotSeg - INFO - Epoch: 7, Iteration: 3, Training Loss: 0.0027, Mean IoU: 0.9318, Mean Accuracy: 0.9953, per Category IOU: [0.99942743 0.86409496]
2024-11-28 12:14:21 - FewShotSeg - INFO - Epoch: 7, Iteration: 4, Training Loss: 0.0029, Mean IoU: 0.9352, Mean Accuracy: 0.9952, per Category IOU: [0.99956275 0.87084871]
2024-11-28 12:14:21 - FewShotSeg - INFO - Epoch: 7, Iteration: 5, Training Loss: 0.0024, Mean IoU: 0.9378, Mean Accuracy: 0.9972, per Category IOU: [0.99943724 0.87616951]
2024-11-28 12:14:22 - FewShotSeg - INFO - Epoch: 7, Iteration: 6, Training Loss: 0.0025, Mean IoU: 0.9366, Mean Accuracy: 0.9960, per Category IOU: [0.99957274 0.87361419]
2024-11-28 12:14:22 - FewShotSeg - INFO - Epoch: 7, Iteration: 7, Training Loss: 0.0021, Mean IoU: 0.9576, Mean Accuracy: 0.9946, per Category IOU: [0.99972014 0.9154717 ]
2024-11-28 12:14:22 - FewShotSeg - INFO - Epoch: 7, Iteration: 8, Training Loss: 0.0028, Mean IoU: 0.9425, Mean Accuracy: 0.9935, per Category IOU: [0.99957008 0.88540973]
2024-11-28 12:14:22 - FewShotSeg - INFO - Epoch: 7, Iteration: 9, Training Loss: 0.0032, Mean IoU: 0.9351, Mean Accuracy: 0.9846, per Category IOU: [0.99951512 0.87066667]
2024-11-28 12:14:23 - FewShotSeg - INFO - Epoch: 7, Iteration: 10, Training Loss: 0.0040, Mean IoU: 0.9372, Mean Accuracy: 0.9926, per Category IOU: [0.99943476 0.87493082]
2024-11-28 12:14:23 - FewShotSeg - INFO - Epoch: 7, Iteration: 11, Training Loss: 0.0030, Mean IoU: 0.9395, Mean Accuracy: 0.9916, per Category IOU: [0.99958771 0.87947407]
2024-11-28 12:14:23 - FewShotSeg - INFO - Epoch: 7, Iteration: 12, Training Loss: 0.0028, Mean IoU: 0.9528, Mean Accuracy: 0.9950, per Category IOU: [0.99962496 0.90607389]
2024-11-28 12:14:24 - FewShotSeg - INFO - Epoch: 7, Iteration: 13, Training Loss: 0.0026, Mean IoU: 0.9202, Mean Accuracy: 0.9950, per Category IOU: [0.99946036 0.84094256]
2024-11-28 12:14:24 - FewShotSeg - INFO - Epoch: 7, Iteration: 14, Training Loss: 0.0027, Mean IoU: 0.9233, Mean Accuracy: 0.9908, per Category IOU: [0.99953043 0.84715447]
2024-11-28 12:14:24 - FewShotSeg - INFO - Epoch: 7, Iteration: 15, Training Loss: 0.0030, Mean IoU: 0.9348, Mean Accuracy: 0.9937, per Category IOU: [0.99948504 0.87011349]
2024-11-28 12:14:25 - FewShotSeg - INFO - Epoch: 7, Iteration: 16, Training Loss: 0.0021, Mean IoU: 0.9424, Mean Accuracy: 0.9978, per Category IOU: [0.99951238 0.8852266 ]
2024-11-28 12:14:25 - FewShotSeg - INFO - Epoch: 7, Iteration: 17, Training Loss: 0.0031, Mean IoU: 0.9313, Mean Accuracy: 0.9880, per Category IOU: [0.99952525 0.8630137 ]
2024-11-28 12:14:25 - FewShotSeg - INFO - Epoch: 7, Iteration: 18, Training Loss: 0.0030, Mean IoU: 0.9168, Mean Accuracy: 0.9924, per Category IOU: [0.99943538 0.83406755]
2024-11-28 12:14:25 - FewShotSeg - INFO - Epoch: 7, Iteration: 19, Training Loss: 0.0028, Mean IoU: 0.9492, Mean Accuracy: 0.9957, per Category IOU: [0.99945427 0.89898054]
2024-11-28 12:14:26 - FewShotSeg - INFO - Epoch: 7, Iteration: 20, Training Loss: 0.0023, Mean IoU: 0.9443, Mean Accuracy: 0.9903, per Category IOU: [0.99961517 0.88904899]
2024-11-28 12:14:26 - FewShotSeg - INFO - Epoch: 7, Iteration: 21, Training Loss: 0.0027, Mean IoU: 0.9226, Mean Accuracy: 0.9963, per Category IOU: [0.99940014 0.84575835]
2024-11-28 12:14:26 - FewShotSeg - INFO - Epoch: 7, Iteration: 22, Training Loss: 0.0032, Mean IoU: 0.9371, Mean Accuracy: 0.9950, per Category IOU: [0.99943476 0.87472284]
2024-11-28 12:14:27 - FewShotSeg - INFO - Epoch: 7, Iteration: 23, Training Loss: 0.0025, Mean IoU: 0.9324, Mean Accuracy: 0.9960, per Category IOU: [0.9994249  0.86533958]
2024-11-28 12:14:27 - FewShotSeg - INFO - Epoch: 7, Iteration: 24, Training Loss: 0.0022, Mean IoU: 0.9472, Mean Accuracy: 0.9937, per Category IOU: [0.99962262 0.8948468 ]
2024-11-28 12:14:27 - FewShotSeg - INFO - Epoch: 7, Iteration: 25, Training Loss: 0.0033, Mean IoU: 0.9495, Mean Accuracy: 0.9932, per Category IOU: [0.99932581 0.89970172]
2024-11-28 12:14:28 - FewShotSeg - INFO - Epoch: 7, Iteration: 26, Training Loss: 0.0033, Mean IoU: 0.9359, Mean Accuracy: 0.9957, per Category IOU: [0.99940719 0.8723748 ]
2024-11-28 12:14:28 - FewShotSeg - INFO - Epoch: 7, Iteration: 27, Training Loss: 0.0032, Mean IoU: 0.9063, Mean Accuracy: 0.9961, per Category IOU: [0.99937299 0.81324405]
2024-11-28 12:14:28 - FewShotSeg - INFO - Epoch: 7, Iteration: 28, Training Loss: 0.0023, Mean IoU: 0.9516, Mean Accuracy: 0.9940, per Category IOU: [0.99959489 0.90362879]
2024-11-28 12:14:28 - FewShotSeg - INFO - Epoch: 7, Iteration: 29, Training Loss: 0.0030, Mean IoU: 0.9416, Mean Accuracy: 0.9880, per Category IOU: [0.99955005 0.8835705 ]
2024-11-28 12:14:29 - FewShotSeg - INFO - Epoch: 7, Iteration: 30, Training Loss: 0.0032, Mean IoU: 0.9111, Mean Accuracy: 0.9964, per Category IOU: [0.999433   0.82279469]
2024-11-28 12:14:29 - FewShotSeg - INFO - Epoch: 7, Iteration: 31, Training Loss: 0.0019, Mean IoU: 0.9573, Mean Accuracy: 0.9946, per Category IOU: [0.99964741 0.91485507]
2024-11-28 12:14:29 - FewShotSeg - INFO - Epoch: 7, Iteration: 32, Training Loss: 0.0024, Mean IoU: 0.9521, Mean Accuracy: 0.9937, per Category IOU: [0.99957227 0.90468227]
2024-11-28 12:14:30 - FewShotSeg - INFO - Epoch: 7, Iteration: 33, Training Loss: 0.0019, Mean IoU: 0.9592, Mean Accuracy: 0.9959, per Category IOU: [0.99966993 0.91866913]
2024-11-28 12:14:30 - FewShotSeg - INFO - Epoch: 7, Iteration: 34, Training Loss: 0.0036, Mean IoU: 0.9215, Mean Accuracy: 0.9912, per Category IOU: [0.99952295 0.84344262]
2024-11-28 12:14:30 - FewShotSeg - INFO - Epoch: 7, Iteration: 35, Training Loss: 0.0036, Mean IoU: 0.9450, Mean Accuracy: 0.9904, per Category IOU: [0.99958255 0.89041995]
2024-11-28 12:14:30 - FewShotSeg - INFO - Epoch: 7, Iteration: 36, Training Loss: 0.0028, Mean IoU: 0.9601, Mean Accuracy: 0.9943, per Category IOU: [0.99947112 0.92067669]
2024-11-28 12:14:31 - FewShotSeg - INFO - Epoch: 7, Iteration: 37, Training Loss: 0.0034, Mean IoU: 0.9447, Mean Accuracy: 0.9875, per Category IOU: [0.99953238 0.88987044]
2024-11-28 12:14:31 - FewShotSeg - INFO - Epoch: 7, Iteration: 38, Training Loss: 0.0026, Mean IoU: 0.9279, Mean Accuracy: 0.9924, per Category IOU: [0.99949776 0.85632595]
2024-11-28 12:14:31 - FewShotSeg - INFO - Epoch: 7, Iteration: 39, Training Loss: 0.0029, Mean IoU: 0.9487, Mean Accuracy: 0.9928, per Category IOU: [0.99941405 0.89795028]
2024-11-28 12:15:20 - FewShotSeg - INFO - Config Options:
{
    "_VERSION": "203",
    "_EPOCHS": 50,
    "_N_SHOTS": 2,
    "_N_INSTANCE": 1,
    "_MODEL_SAVE": true,
    "_MODEL_VERSION": "nvidia/mit-b5",
    "_MODEL_VERSION_SAVE": "mit-b5",
    "_BATCH_SIZE": 2,
    "_DEVICE": "cuda:1"
}
2024-11-28 12:15:26 - FewShotSeg - INFO - Epoch: 0
2024-11-28 12:15:26 - FewShotSeg - INFO - Epoch: 0, Iteration: 0, Training Loss: 0.6765, Mean IoU: 0.2973, Mean Accuracy: 0.5027, per Category IOU: [0.59165145 0.00289897]
2024-11-28 12:15:27 - FewShotSeg - INFO - Epoch: 0, Iteration: 1, Training Loss: 0.5729, Mean IoU: 0.4722, Mean Accuracy: 0.5154, per Category IOU: [0.93634877 0.00800218]
2024-11-28 12:15:27 - FewShotSeg - INFO - Epoch: 0, Iteration: 2, Training Loss: 0.5225, Mean IoU: 0.4948, Mean Accuracy: 0.4963, per Category IOU: [0.98967634 0.        ]
2024-11-28 12:15:27 - FewShotSeg - INFO - Epoch: 0, Iteration: 3, Training Loss: 0.3906, Mean IoU: 0.4982, Mean Accuracy: 0.5000, per Category IOU: [0.99631298 0.        ]
2024-11-28 12:16:17 - FewShotSeg - INFO - Epoch : 0, Validation Results - Loss: 0.3500, Mean IoU: 0.5417, Mean Accuracy: 0.7176, per Category IOU: [9.95674781e-01 8.18172168e-04]
2024-11-28 12:16:17 - FewShotSeg - INFO - Model saved!
2024-11-28 12:16:17 - FewShotSeg - INFO - Epoch: 1
2024-11-28 12:16:18 - FewShotSeg - INFO - Epoch: 1, Iteration: 0, Training Loss: 0.3342, Mean IoU: 0.4970, Mean Accuracy: 0.4999, per Category IOU: [0.99399115 0.        ]
2024-11-28 12:16:18 - FewShotSeg - INFO - Epoch: 1, Iteration: 1, Training Loss: 0.3386, Mean IoU: 0.4985, Mean Accuracy: 0.5000, per Category IOU: [0.99697066 0.        ]
2024-11-28 12:16:18 - FewShotSeg - INFO - Epoch: 1, Iteration: 2, Training Loss: 0.2226, Mean IoU: 0.4988, Mean Accuracy: 0.5000, per Category IOU: [0.99750877 0.        ]
2024-11-28 12:16:19 - FewShotSeg - INFO - Epoch: 1, Iteration: 3, Training Loss: 0.2178, Mean IoU: 0.4980, Mean Accuracy: 0.5000, per Category IOU: [0.99593431 0.        ]
2024-11-28 12:17:09 - FewShotSeg - INFO - Epoch : 1, Validation Results - Loss: 0.2115, Mean IoU: 0.7072, Mean Accuracy: 0.7174, per Category IOU: [9.95959061e-01 4.18478261e-07]
2024-11-28 12:17:10 - FewShotSeg - INFO - Model saved!
2024-11-28 12:17:10 - FewShotSeg - INFO - Epoch: 2
2024-11-28 12:17:10 - FewShotSeg - INFO - Epoch: 2, Iteration: 0, Training Loss: 0.1979, Mean IoU: 0.4985, Mean Accuracy: 0.5000, per Category IOU: [0.99697565 0.        ]
2024-11-28 12:17:10 - FewShotSeg - INFO - Epoch: 2, Iteration: 1, Training Loss: 0.1802, Mean IoU: 0.4976, Mean Accuracy: 0.5000, per Category IOU: [0.99510224 0.        ]
2024-11-28 12:17:11 - FewShotSeg - INFO - Epoch: 2, Iteration: 2, Training Loss: 0.1862, Mean IoU: 0.4980, Mean Accuracy: 0.5000, per Category IOU: [0.99592933 0.        ]
2024-11-28 12:17:11 - FewShotSeg - INFO - Epoch: 2, Iteration: 3, Training Loss: 0.1269, Mean IoU: 0.4983, Mean Accuracy: 0.5000, per Category IOU: [0.99667172 0.        ]
2024-11-28 12:18:02 - FewShotSeg - INFO - Epoch : 2, Validation Results - Loss: 0.1585, Mean IoU: 0.7154, Mean Accuracy: 0.7174, per Category IOU: [9.95959630e-01 4.34782609e-07]
2024-11-28 12:18:02 - FewShotSeg - INFO - Model saved!
2024-11-28 12:18:02 - FewShotSeg - INFO - Epoch: 3
2024-11-28 12:18:02 - FewShotSeg - INFO - Epoch: 3, Iteration: 0, Training Loss: 0.1613, Mean IoU: 0.4975, Mean Accuracy: 0.5000, per Category IOU: [0.99495028 0.        ]
2024-11-28 12:18:03 - FewShotSeg - INFO - Epoch: 3, Iteration: 1, Training Loss: 0.1347, Mean IoU: 0.4981, Mean Accuracy: 0.5000, per Category IOU: [0.99628557 0.        ]
2024-11-28 12:18:03 - FewShotSeg - INFO - Epoch: 3, Iteration: 2, Training Loss: 0.0967, Mean IoU: 0.4988, Mean Accuracy: 0.5000, per Category IOU: [0.99750877 0.        ]
2024-11-28 12:18:03 - FewShotSeg - INFO - Epoch: 3, Iteration: 3, Training Loss: 0.1120, Mean IoU: 0.4980, Mean Accuracy: 0.5000, per Category IOU: [0.99593431 0.        ]
2024-11-28 12:18:54 - FewShotSeg - INFO - Epoch : 3, Validation Results - Loss: 0.1339, Mean IoU: 0.7154, Mean Accuracy: 0.7174, per Category IOU: [9.95959630e-01 4.34782609e-07]
2024-11-28 12:18:54 - FewShotSeg - INFO - Epoch: 4
2024-11-28 12:18:54 - FewShotSeg - INFO - Epoch: 4, Iteration: 0, Training Loss: 0.0848, Mean IoU: 0.4984, Mean Accuracy: 0.5000, per Category IOU: [0.996876 0.      ]
2024-11-28 12:18:55 - FewShotSeg - INFO - Epoch: 4, Iteration: 1, Training Loss: 0.1069, Mean IoU: 0.4985, Mean Accuracy: 0.5000, per Category IOU: [0.99697066 0.        ]
2024-11-28 12:18:55 - FewShotSeg - INFO - Epoch: 4, Iteration: 2, Training Loss: 0.1174, Mean IoU: 0.4974, Mean Accuracy: 0.5000, per Category IOU: [0.99489796 0.        ]
2024-11-28 12:18:55 - FewShotSeg - INFO - Epoch: 4, Iteration: 3, Training Loss: 0.0812, Mean IoU: 0.5463, Mean Accuracy: 0.5481, per Category IOU: [0.996324   0.09620098]
2024-11-28 12:19:45 - FewShotSeg - INFO - Epoch : 4, Validation Results - Loss: 0.1117, Mean IoU: 0.7129, Mean Accuracy: 0.7176, per Category IOU: [9.95962235e-01 4.86118852e-04]
2024-11-28 12:19:45 - FewShotSeg - INFO - Epoch: 5
2024-11-28 12:19:45 - FewShotSeg - INFO - Epoch: 5, Iteration: 0, Training Loss: 0.0590, Mean IoU: 0.7194, Mean Accuracy: 0.7202, per Category IOU: [0.99827622 0.44048583]
2024-11-28 12:19:46 - FewShotSeg - INFO - Epoch: 5, Iteration: 1, Training Loss: 0.1050, Mean IoU: 0.5451, Mean Accuracy: 0.5474, per Category IOU: [0.9954264  0.09472126]
2024-11-28 12:19:46 - FewShotSeg - INFO - Epoch: 5, Iteration: 2, Training Loss: 0.0656, Mean IoU: 0.7060, Mean Accuracy: 0.7077, per Category IOU: [0.99746187 0.41450777]
2024-11-28 12:19:46 - FewShotSeg - INFO - Epoch: 5, Iteration: 3, Training Loss: 0.0594, Mean IoU: 0.7035, Mean Accuracy: 0.7043, per Category IOU: [0.99829649 0.40865801]
2024-11-28 12:20:37 - FewShotSeg - INFO - Epoch : 5, Validation Results - Loss: 0.0862, Mean IoU: 0.7375, Mean Accuracy: 0.7582, per Category IOU: [0.99663361 0.08156712]
2024-11-28 12:20:37 - FewShotSeg - INFO - Model saved!
2024-11-28 12:20:37 - FewShotSeg - INFO - Epoch: 6
2024-11-28 12:20:38 - FewShotSeg - INFO - Epoch: 6, Iteration: 0, Training Loss: 0.0472, Mean IoU: 0.7712, Mean Accuracy: 0.7734, per Category IOU: [0.99849509 0.54387292]
2024-11-28 12:20:38 - FewShotSeg - INFO - Epoch: 6, Iteration: 1, Training Loss: 0.0506, Mean IoU: 0.7356, Mean Accuracy: 0.7365, per Category IOU: [0.99837335 0.47291835]
2024-11-28 12:20:38 - FewShotSeg - INFO - Epoch: 6, Iteration: 2, Training Loss: 0.0695, Mean IoU: 0.6976, Mean Accuracy: 0.6991, per Category IOU: [0.99704462 0.39806812]
2024-11-28 12:20:38 - FewShotSeg - INFO - Epoch: 6, Iteration: 3, Training Loss: 0.0375, Mean IoU: 0.8945, Mean Accuracy: 0.9028, per Category IOU: [0.9991252  0.78978979]
2024-11-28 12:21:28 - FewShotSeg - INFO - Epoch : 6, Validation Results - Loss: 0.0646, Mean IoU: 0.7949, Mean Accuracy: 0.8345, per Category IOU: [0.99777912 0.23329292]
2024-11-28 12:21:29 - FewShotSeg - INFO - Model saved!
2024-11-28 12:21:29 - FewShotSeg - INFO - Epoch: 7
2024-11-28 12:21:29 - FewShotSeg - INFO - Epoch: 7, Iteration: 0, Training Loss: 0.0735, Mean IoU: 0.7112, Mean Accuracy: 0.7131, per Category IOU: [0.99683621 0.4256573 ]
2024-11-28 12:21:29 - FewShotSeg - INFO - Epoch: 7, Iteration: 1, Training Loss: 0.0251, Mean IoU: 0.9199, Mean Accuracy: 0.9278, per Category IOU: [0.99949043 0.84025059]
2024-11-28 12:21:29 - FewShotSeg - INFO - Epoch: 7, Iteration: 2, Training Loss: 0.0193, Mean IoU: 0.9416, Mean Accuracy: 0.9611, per Category IOU: [0.99962525 0.88363072]
2024-11-28 12:21:30 - FewShotSeg - INFO - Epoch: 7, Iteration: 3, Training Loss: 0.0330, Mean IoU: 0.8693, Mean Accuracy: 0.9069, per Category IOU: [0.99895558 0.73956386]
2024-11-28 12:22:20 - FewShotSeg - INFO - Epoch : 7, Validation Results - Loss: 0.0491, Mean IoU: 0.8311, Mean Accuracy: 0.8878, per Category IOU: [0.99847717 0.33765023]
2024-11-28 12:22:20 - FewShotSeg - INFO - Model saved!
2024-11-28 12:22:20 - FewShotSeg - INFO - Epoch: 8
2024-11-28 12:22:20 - FewShotSeg - INFO - Epoch: 8, Iteration: 0, Training Loss: 0.0245, Mean IoU: 0.9123, Mean Accuracy: 0.9212, per Category IOU: [0.99934027 0.82516556]
2024-11-28 12:22:21 - FewShotSeg - INFO - Epoch: 8, Iteration: 1, Training Loss: 0.0187, Mean IoU: 0.9397, Mean Accuracy: 0.9525, per Category IOU: [0.99961276 0.87984496]
2024-11-28 12:22:21 - FewShotSeg - INFO - Epoch: 8, Iteration: 2, Training Loss: 0.0424, Mean IoU: 0.8281, Mean Accuracy: 0.8540, per Category IOU: [0.99813487 0.65811182]
2024-11-28 12:22:21 - FewShotSeg - INFO - Epoch: 8, Iteration: 3, Training Loss: 0.0243, Mean IoU: 0.9470, Mean Accuracy: 0.9686, per Category IOU: [0.9996151  0.89430336]
2024-11-28 12:23:11 - FewShotSeg - INFO - Epoch : 8, Validation Results - Loss: 0.0385, Mean IoU: 0.8551, Mean Accuracy: 0.9183, per Category IOU: [0.99886338 0.39616329]
2024-11-28 12:23:11 - FewShotSeg - INFO - Model saved!
2024-11-28 12:23:11 - FewShotSeg - INFO - Epoch: 9
2024-11-28 12:23:12 - FewShotSeg - INFO - Epoch: 9, Iteration: 0, Training Loss: 0.0386, Mean IoU: 0.8777, Mean Accuracy: 0.8856, per Category IOU: [0.99848319 0.75682183]
2024-11-28 12:23:12 - FewShotSeg - INFO - Epoch: 9, Iteration: 1, Training Loss: 0.0209, Mean IoU: 0.9486, Mean Accuracy: 0.9614, per Category IOU: [0.99960753 0.89758643]
2024-11-28 12:23:12 - FewShotSeg - INFO - Epoch: 9, Iteration: 2, Training Loss: 0.0175, Mean IoU: 0.8911, Mean Accuracy: 0.9635, per Category IOU: [0.99937079 0.78275862]
2024-11-28 12:23:13 - FewShotSeg - INFO - Epoch: 9, Iteration: 3, Training Loss: 0.0113, Mean IoU: 0.9546, Mean Accuracy: 0.9877, per Category IOU: [0.99970015 0.90943396]
2024-11-28 12:24:02 - FewShotSeg - INFO - Epoch : 9, Validation Results - Loss: 0.0307, Mean IoU: 0.8908, Mean Accuracy: 0.9387, per Category IOU: [0.99911978 0.43459077]
2024-11-28 12:24:03 - FewShotSeg - INFO - Model saved!
2024-11-28 12:24:03 - FewShotSeg - INFO - Epoch: 10
2024-11-28 12:24:03 - FewShotSeg - INFO - Epoch: 10, Iteration: 0, Training Loss: 0.0184, Mean IoU: 0.9543, Mean Accuracy: 0.9805, per Category IOU: [0.99966506 0.90884354]
2024-11-28 12:24:03 - FewShotSeg - INFO - Epoch: 10, Iteration: 1, Training Loss: 0.0150, Mean IoU: 0.9018, Mean Accuracy: 0.9676, per Category IOU: [0.99944318 0.80421422]
2024-11-28 12:24:04 - FewShotSeg - INFO - Epoch: 10, Iteration: 2, Training Loss: 0.0247, Mean IoU: 0.9328, Mean Accuracy: 0.9443, per Category IOU: [0.9991609  0.86642743]
2024-11-28 12:24:04 - FewShotSeg - INFO - Epoch: 10, Iteration: 3, Training Loss: 0.0083, Mean IoU: 0.9533, Mean Accuracy: 0.9812, per Category IOU: [0.9996701  0.90691114]
2024-11-28 12:24:54 - FewShotSeg - INFO - Epoch : 10, Validation Results - Loss: 0.0252, Mean IoU: 0.9188, Mean Accuracy: 0.9509, per Category IOU: [0.99928093 0.4579141 ]
2024-11-28 12:24:55 - FewShotSeg - INFO - Model saved!
2024-11-28 12:24:55 - FewShotSeg - INFO - Epoch: 11
2024-11-28 12:24:55 - FewShotSeg - INFO - Epoch: 11, Iteration: 0, Training Loss: 0.0148, Mean IoU: 0.9566, Mean Accuracy: 0.9862, per Category IOU: [0.99968004 0.91351351]
2024-11-28 12:24:55 - FewShotSeg - INFO - Epoch: 11, Iteration: 1, Training Loss: 0.0113, Mean IoU: 0.9362, Mean Accuracy: 0.9774, per Category IOU: [0.99954267 0.87282835]
2024-11-28 12:24:56 - FewShotSeg - INFO - Epoch: 11, Iteration: 2, Training Loss: 0.0190, Mean IoU: 0.9434, Mean Accuracy: 0.9596, per Category IOU: [0.999286  0.8874852]
2024-11-28 12:24:56 - FewShotSeg - INFO - Epoch: 11, Iteration: 3, Training Loss: 0.0078, Mean IoU: 0.9421, Mean Accuracy: 0.9824, per Category IOU: [0.99968535 0.88450962]
2024-11-28 12:25:46 - FewShotSeg - INFO - Epoch : 11, Validation Results - Loss: 0.0212, Mean IoU: 0.9316, Mean Accuracy: 0.9587, per Category IOU: [0.99938306 0.47245384]
2024-11-28 12:25:47 - FewShotSeg - INFO - Model saved!
2024-11-28 12:25:47 - FewShotSeg - INFO - Epoch: 12
2024-11-28 12:25:47 - FewShotSeg - INFO - Epoch: 12, Iteration: 0, Training Loss: 0.0105, Mean IoU: 0.9325, Mean Accuracy: 0.9870, per Category IOU: [0.99954026 0.86539868]
2024-11-28 12:25:47 - FewShotSeg - INFO - Epoch: 12, Iteration: 1, Training Loss: 0.0142, Mean IoU: 0.9571, Mean Accuracy: 0.9725, per Category IOU: [0.99949152 0.91467003]
2024-11-28 12:25:47 - FewShotSeg - INFO - Epoch: 12, Iteration: 2, Training Loss: 0.0113, Mean IoU: 0.9503, Mean Accuracy: 0.9796, per Category IOU: [0.99969523 0.90081301]
2024-11-28 12:25:48 - FewShotSeg - INFO - Epoch: 12, Iteration: 3, Training Loss: 0.0073, Mean IoU: 0.9424, Mean Accuracy: 0.9775, per Category IOU: [0.99954249 0.88533835]
2024-11-28 12:26:38 - FewShotSeg - INFO - Epoch : 12, Validation Results - Loss: 0.0182, Mean IoU: 0.9553, Mean Accuracy: 0.9640, per Category IOU: [0.9994456  0.48174847]
2024-11-28 12:26:38 - FewShotSeg - INFO - Model saved!
2024-11-28 12:26:38 - FewShotSeg - INFO - Epoch: 13
2024-11-28 12:26:39 - FewShotSeg - INFO - Epoch: 13, Iteration: 0, Training Loss: 0.0087, Mean IoU: 0.9379, Mean Accuracy: 0.9762, per Category IOU: [0.99953009 0.87623436]
2024-11-28 12:26:39 - FewShotSeg - INFO - Epoch: 13, Iteration: 1, Training Loss: 0.0072, Mean IoU: 0.9287, Mean Accuracy: 0.9805, per Category IOU: [0.99957791 0.85786375]
2024-11-28 12:26:39 - FewShotSeg - INFO - Epoch: 13, Iteration: 2, Training Loss: 0.0138, Mean IoU: 0.9593, Mean Accuracy: 0.9743, per Category IOU: [0.99953921 0.91908531]
2024-11-28 12:26:40 - FewShotSeg - INFO - Epoch: 13, Iteration: 3, Training Loss: 0.0064, Mean IoU: 0.9504, Mean Accuracy: 0.9904, per Category IOU: [0.99959995 0.9012955 ]
2024-11-28 12:27:30 - FewShotSeg - INFO - Epoch : 13, Validation Results - Loss: 0.0159, Mean IoU: 0.9612, Mean Accuracy: 0.9677, per Category IOU: [0.99948761 0.48806204]
2024-11-28 12:27:30 - FewShotSeg - INFO - Model saved!
2024-11-28 12:27:30 - FewShotSeg - INFO - Epoch: 14
2024-11-28 12:27:31 - FewShotSeg - INFO - Epoch: 14, Iteration: 0, Training Loss: 0.0062, Mean IoU: 0.9502, Mean Accuracy: 0.9904, per Category IOU: [0.99959745 0.90073983]
2024-11-28 12:27:31 - FewShotSeg - INFO - Epoch: 14, Iteration: 1, Training Loss: 0.0114, Mean IoU: 0.9478, Mean Accuracy: 0.9749, per Category IOU: [0.99944178 0.89623081]
2024-11-28 12:27:31 - FewShotSeg - INFO - Epoch: 14, Iteration: 2, Training Loss: 0.0084, Mean IoU: 0.9527, Mean Accuracy: 0.9827, per Category IOU: [0.99958983 0.90585534]
2024-11-28 12:27:32 - FewShotSeg - INFO - Epoch: 14, Iteration: 3, Training Loss: 0.0051, Mean IoU: 0.9384, Mean Accuracy: 0.9854, per Category IOU: [0.99966037 0.87714544]
2024-11-28 12:28:22 - FewShotSeg - INFO - Epoch : 14, Validation Results - Loss: 0.0143, Mean IoU: 0.9634, Mean Accuracy: 0.9703, per Category IOU: [0.9995157  0.49248904]
2024-11-28 12:28:22 - FewShotSeg - INFO - Model saved!
2024-11-28 12:28:22 - FewShotSeg - INFO - Epoch: 15
2024-11-28 12:28:23 - FewShotSeg - INFO - Epoch: 15, Iteration: 0, Training Loss: 0.0078, Mean IoU: 0.9533, Mean Accuracy: 0.9836, per Category IOU: [0.99959482 0.9070568 ]
2024-11-28 12:28:23 - FewShotSeg - INFO - Epoch: 15, Iteration: 1, Training Loss: 0.0054, Mean IoU: 0.9496, Mean Accuracy: 0.9908, per Category IOU: [0.99959244 0.89969231]
2024-11-28 12:28:23 - FewShotSeg - INFO - Epoch: 15, Iteration: 2, Training Loss: 0.0048, Mean IoU: 0.9384, Mean Accuracy: 0.9854, per Category IOU: [0.99966037 0.87714544]
2024-11-28 12:28:23 - FewShotSeg - INFO - Epoch: 15, Iteration: 3, Training Loss: 0.0094, Mean IoU: 0.9514, Mean Accuracy: 0.9794, per Category IOU: [0.9994793  0.90334572]
2024-11-28 12:29:13 - FewShotSeg - INFO - Epoch : 15, Validation Results - Loss: 0.0131, Mean IoU: 0.9651, Mean Accuracy: 0.9722, per Category IOU: [0.99953725 0.49586096]
2024-11-28 12:29:14 - FewShotSeg - INFO - Model saved!
2024-11-28 12:29:14 - FewShotSeg - INFO - Epoch: 16
2024-11-28 12:29:14 - FewShotSeg - INFO - Epoch: 16, Iteration: 0, Training Loss: 0.0054, Mean IoU: 0.9473, Mean Accuracy: 0.9906, per Category IOU: [0.99952977 0.89497207]
2024-11-28 12:29:14 - FewShotSeg - INFO - Epoch: 16, Iteration: 1, Training Loss: 0.0059, Mean IoU: 0.9395, Mean Accuracy: 0.9823, per Category IOU: [0.99956515 0.87941788]
2024-11-28 12:29:14 - FewShotSeg - INFO - Epoch: 16, Iteration: 2, Training Loss: 0.0065, Mean IoU: 0.9485, Mean Accuracy: 0.9839, per Category IOU: [0.99968023 0.89727127]
2024-11-28 12:29:15 - FewShotSeg - INFO - Epoch: 16, Iteration: 3, Training Loss: 0.0068, Mean IoU: 0.9598, Mean Accuracy: 0.9835, per Category IOU: [0.99956938 0.92011147]
2024-11-28 12:30:05 - FewShotSeg - INFO - Epoch : 16, Validation Results - Loss: 0.0122, Mean IoU: 0.9663, Mean Accuracy: 0.9737, per Category IOU: [0.99955318 0.49834168]
2024-11-28 12:30:05 - FewShotSeg - INFO - Model saved!
2024-11-28 12:30:05 - FewShotSeg - INFO - Epoch: 17
2024-11-28 12:30:06 - FewShotSeg - INFO - Epoch: 17, Iteration: 0, Training Loss: 0.0077, Mean IoU: 0.9571, Mean Accuracy: 0.9818, per Category IOU: [0.99955696 0.91457529]
2024-11-28 12:30:06 - FewShotSeg - INFO - Epoch: 17, Iteration: 1, Training Loss: 0.0067, Mean IoU: 0.9409, Mean Accuracy: 0.9830, per Category IOU: [0.99960773 0.88213213]
2024-11-28 12:30:06 - FewShotSeg - INFO - Epoch: 17, Iteration: 2, Training Loss: 0.0038, Mean IoU: 0.9444, Mean Accuracy: 0.9938, per Category IOU: [0.99962018 0.88921283]
2024-11-28 12:30:07 - FewShotSeg - INFO - Epoch: 17, Iteration: 3, Training Loss: 0.0047, Mean IoU: 0.9533, Mean Accuracy: 0.9866, per Category IOU: [0.9995672  0.90698925]
2024-11-28 12:30:57 - FewShotSeg - INFO - Epoch : 17, Validation Results - Loss: 0.0115, Mean IoU: 0.9674, Mean Accuracy: 0.9751, per Category IOU: [0.99956726 0.5005446 ]
2024-11-28 12:30:57 - FewShotSeg - INFO - Model saved!
2024-11-28 12:30:57 - FewShotSeg - INFO - Epoch: 18
2024-11-28 12:30:58 - FewShotSeg - INFO - Epoch: 18, Iteration: 0, Training Loss: 0.0055, Mean IoU: 0.9230, Mean Accuracy: 0.9809, per Category IOU: [0.999573   0.84636119]
2024-11-28 12:30:58 - FewShotSeg - INFO - Epoch: 18, Iteration: 1, Training Loss: 0.0060, Mean IoU: 0.9615, Mean Accuracy: 0.9857, per Category IOU: [0.9995869  0.92343387]
2024-11-28 12:30:58 - FewShotSeg - INFO - Epoch: 18, Iteration: 2, Training Loss: 0.0051, Mean IoU: 0.9522, Mean Accuracy: 0.9916, per Category IOU: [0.99964004 0.90469887]
2024-11-28 12:30:58 - FewShotSeg - INFO - Epoch: 18, Iteration: 3, Training Loss: 0.0044, Mean IoU: 0.9533, Mean Accuracy: 0.9866, per Category IOU: [0.9995672  0.90698925]
2024-11-28 12:31:49 - FewShotSeg - INFO - Epoch : 18, Validation Results - Loss: 0.0109, Mean IoU: 0.9682, Mean Accuracy: 0.9761, per Category IOU: [0.99957697 0.50211993]
2024-11-28 12:31:49 - FewShotSeg - INFO - Model saved!
2024-11-28 12:31:49 - FewShotSeg - INFO - Epoch: 19
2024-11-28 12:31:50 - FewShotSeg - INFO - Epoch: 19, Iteration: 0, Training Loss: 0.0058, Mean IoU: 0.9409, Mean Accuracy: 0.9834, per Category IOU: [0.99960773 0.88222056]
2024-11-28 12:31:50 - FewShotSeg - INFO - Epoch: 19, Iteration: 1, Training Loss: 0.0063, Mean IoU: 0.9593, Mean Accuracy: 0.9849, per Category IOU: [0.99957948 0.91903614]
2024-11-28 12:31:50 - FewShotSeg - INFO - Epoch: 19, Iteration: 2, Training Loss: 0.0034, Mean IoU: 0.9447, Mean Accuracy: 0.9938, per Category IOU: [0.99962268 0.88986142]
2024-11-28 12:31:50 - FewShotSeg - INFO - Epoch: 19, Iteration: 3, Training Loss: 0.0042, Mean IoU: 0.9533, Mean Accuracy: 0.9871, per Category IOU: [0.9995672  0.90708915]
2024-11-28 12:32:41 - FewShotSeg - INFO - Epoch : 19, Validation Results - Loss: 0.0104, Mean IoU: 0.9689, Mean Accuracy: 0.9770, per Category IOU: [0.99958555 0.50347788]
2024-11-28 12:32:41 - FewShotSeg - INFO - Model saved!
2024-11-28 12:32:41 - FewShotSeg - INFO - Epoch: 20
2024-11-28 12:32:41 - FewShotSeg - INFO - Epoch: 20, Iteration: 0, Training Loss: 0.0033, Mean IoU: 0.9447, Mean Accuracy: 0.9938, per Category IOU: [0.99962268 0.88986142]
2024-11-28 12:32:42 - FewShotSeg - INFO - Epoch: 20, Iteration: 1, Training Loss: 0.0041, Mean IoU: 0.9531, Mean Accuracy: 0.9871, per Category IOU: [0.99956469 0.90660225]
2024-11-28 12:32:42 - FewShotSeg - INFO - Epoch: 20, Iteration: 2, Training Loss: 0.0058, Mean IoU: 0.9596, Mean Accuracy: 0.9856, per Category IOU: [0.99958198 0.91959557]
2024-11-28 12:32:42 - FewShotSeg - INFO - Epoch: 20, Iteration: 3, Training Loss: 0.0053, Mean IoU: 0.9410, Mean Accuracy: 0.9846, per Category IOU: [0.99960772 0.88248503]
2024-11-28 12:33:32 - FewShotSeg - INFO - Epoch : 20, Validation Results - Loss: 0.0100, Mean IoU: 0.9694, Mean Accuracy: 0.9777, per Category IOU: [0.99959128 0.50444988]
2024-11-28 12:33:32 - FewShotSeg - INFO - Model saved!
2024-11-28 12:33:32 - FewShotSeg - INFO - Epoch: 21
2024-11-28 12:33:33 - FewShotSeg - INFO - Epoch: 21, Iteration: 0, Training Loss: 0.0049, Mean IoU: 0.9627, Mean Accuracy: 0.9877, per Category IOU: [0.99959941 0.92585728]
2024-11-28 12:33:33 - FewShotSeg - INFO - Epoch: 21, Iteration: 1, Training Loss: 0.0039, Mean IoU: 0.9482, Mean Accuracy: 0.9928, per Category IOU: [0.99953727 0.89687848]
2024-11-28 12:33:33 - FewShotSeg - INFO - Epoch: 21, Iteration: 2, Training Loss: 0.0044, Mean IoU: 0.9576, Mean Accuracy: 0.9865, per Category IOU: [0.99966496 0.91545741]
2024-11-28 12:33:34 - FewShotSeg - INFO - Epoch: 21, Iteration: 3, Training Loss: 0.0047, Mean IoU: 0.9228, Mean Accuracy: 0.9825, per Category IOU: [0.9995705  0.84601611]
