2024-11-27 14:31:05 - FewShotSeg - INFO - Epoch: 0
2024-11-27 14:31:06 - FewShotSeg - INFO - Epoch: 0, Iteration: 0, Training Loss: 0.7426, Mean IoU: 0.1216, Mean Accuracy: 0.3174, per Category IOU: [0.24106053 0.00206368]
2024-11-27 14:31:06 - FewShotSeg - INFO - Epoch: 0, Iteration: 1, Training Loss: 0.6357, Mean IoU: 0.3846, Mean Accuracy: 0.6412, per Category IOU: [0.75807423 0.0111397 ]
2024-11-27 14:31:06 - FewShotSeg - INFO - Epoch: 0, Iteration: 2, Training Loss: 0.5550, Mean IoU: 0.4795, Mean Accuracy: 0.5918, per Category IOU: [0.94153705 0.0175593 ]
2024-11-27 14:31:07 - FewShotSeg - INFO - Epoch: 0, Iteration: 3, Training Loss: 0.4896, Mean IoU: 0.4939, Mean Accuracy: 0.4955, per Category IOU: [0.9878976 0.       ]
2024-11-27 14:31:07 - FewShotSeg - INFO - Epoch: 0, Iteration: 4, Training Loss: 0.3977, Mean IoU: 0.4975, Mean Accuracy: 0.4995, per Category IOU: [0.99503498 0.        ]
2024-11-27 14:31:07 - FewShotSeg - INFO - Epoch: 0, Iteration: 5, Training Loss: 0.3340, Mean IoU: 0.4985, Mean Accuracy: 0.5005, per Category IOU: [0.99582219 0.00119119]
2024-11-27 14:31:07 - FewShotSeg - INFO - Epoch: 0, Iteration: 6, Training Loss: 0.3213, Mean IoU: 0.4982, Mean Accuracy: 0.4995, per Category IOU: [0.99635035 0.        ]
2024-11-27 14:31:08 - FewShotSeg - INFO - Epoch: 0, Iteration: 7, Training Loss: 0.2539, Mean IoU: 0.4980, Mean Accuracy: 0.4999, per Category IOU: [0.99603645 0.        ]
2024-11-27 14:31:08 - FewShotSeg - INFO - Epoch: 0, Iteration: 8, Training Loss: 0.2151, Mean IoU: 0.4980, Mean Accuracy: 0.4999, per Category IOU: [0.99602649 0.        ]
2024-11-27 14:31:08 - FewShotSeg - INFO - Epoch: 0, Iteration: 9, Training Loss: 0.1696, Mean IoU: 0.4985, Mean Accuracy: 0.4999, per Category IOU: [0.99709273 0.        ]
2024-11-27 14:31:09 - FewShotSeg - INFO - Epoch: 0, Iteration: 10, Training Loss: 0.1843, Mean IoU: 0.4977, Mean Accuracy: 0.5000, per Category IOU: [0.99541115 0.        ]
2024-11-27 14:31:09 - FewShotSeg - INFO - Epoch: 0, Iteration: 11, Training Loss: 0.1611, Mean IoU: 0.4987, Mean Accuracy: 0.5000, per Category IOU: [0.9974714 0.       ]
2024-11-27 14:31:09 - FewShotSeg - INFO - Epoch: 0, Iteration: 12, Training Loss: 0.1615, Mean IoU: 0.4984, Mean Accuracy: 0.5000, per Category IOU: [0.9967041 0.       ]
2024-11-27 14:31:09 - FewShotSeg - INFO - Epoch: 0, Iteration: 13, Training Loss: 0.1393, Mean IoU: 0.4987, Mean Accuracy: 0.5000, per Category IOU: [0.99731944 0.        ]
2024-11-27 14:31:10 - FewShotSeg - INFO - Epoch: 0, Iteration: 14, Training Loss: 0.1396, Mean IoU: 0.4984, Mean Accuracy: 0.5000, per Category IOU: [0.99674645 0.        ]
2024-11-27 14:31:10 - FewShotSeg - INFO - Epoch: 0, Iteration: 15, Training Loss: 0.1807, Mean IoU: 0.4983, Mean Accuracy: 0.5000, per Category IOU: [0.99655463 0.        ]
2024-11-27 14:31:10 - FewShotSeg - INFO - Epoch: 0, Iteration: 16, Training Loss: 0.1607, Mean IoU: 0.4981, Mean Accuracy: 0.5000, per Category IOU: [0.99611368 0.        ]
2024-11-27 14:31:11 - FewShotSeg - INFO - Epoch: 0, Iteration: 17, Training Loss: 0.1719, Mean IoU: 0.4977, Mean Accuracy: 0.5000, per Category IOU: [0.99547343 0.        ]
2024-11-27 14:31:11 - FewShotSeg - INFO - Epoch: 0, Iteration: 18, Training Loss: 0.1274, Mean IoU: 0.4982, Mean Accuracy: 0.5000, per Category IOU: [0.99636779 0.        ]
2024-11-27 14:31:11 - FewShotSeg - INFO - Epoch: 0, Iteration: 19, Training Loss: 0.1829, Mean IoU: 0.4974, Mean Accuracy: 0.5000, per Category IOU: [0.99475347 0.        ]
2024-11-27 14:31:11 - FewShotSeg - INFO - Epoch: 0, Iteration: 20, Training Loss: 0.1434, Mean IoU: 0.4977, Mean Accuracy: 0.5000, per Category IOU: [0.9953987 0.       ]
2024-11-27 14:31:12 - FewShotSeg - INFO - Epoch: 0, Iteration: 21, Training Loss: 0.1252, Mean IoU: 0.4978, Mean Accuracy: 0.5000, per Category IOU: [0.9956827 0.       ]
2024-11-27 14:31:12 - FewShotSeg - INFO - Epoch: 0, Iteration: 22, Training Loss: 0.1000, Mean IoU: 0.4985, Mean Accuracy: 0.5000, per Category IOU: [0.99705287 0.        ]
2024-11-27 14:31:12 - FewShotSeg - INFO - Epoch: 0, Iteration: 23, Training Loss: 0.1414, Mean IoU: 0.4975, Mean Accuracy: 0.5000, per Category IOU: [0.99496522 0.        ]
2024-11-27 14:31:12 - FewShotSeg - INFO - Epoch: 0, Iteration: 24, Training Loss: 0.1022, Mean IoU: 0.4984, Mean Accuracy: 0.5000, per Category IOU: [0.99686105 0.        ]
2024-11-27 14:31:13 - FewShotSeg - INFO - Epoch: 0, Iteration: 25, Training Loss: 0.0681, Mean IoU: 0.4987, Mean Accuracy: 0.5000, per Category IOU: [0.99741908 0.        ]
2024-11-27 14:31:13 - FewShotSeg - INFO - Epoch: 0, Iteration: 26, Training Loss: 0.0781, Mean IoU: 0.4986, Mean Accuracy: 0.5000, per Category IOU: [0.99720484 0.        ]
2024-11-27 14:31:13 - FewShotSeg - INFO - Epoch: 0, Iteration: 27, Training Loss: 0.0743, Mean IoU: 0.5076, Mean Accuracy: 0.5090, per Category IOU: [0.99702531 0.01809211]
2024-11-27 14:31:14 - FewShotSeg - INFO - Epoch: 0, Iteration: 28, Training Loss: 0.0789, Mean IoU: 0.5708, Mean Accuracy: 0.5720, per Category IOU: [0.99748279 0.1440678 ]
2024-11-27 14:31:14 - FewShotSeg - INFO - Epoch: 0, Iteration: 29, Training Loss: 0.0757, Mean IoU: 0.5040, Mean Accuracy: 0.5055, per Category IOU: [0.99708517 0.01098901]
2024-11-27 14:31:14 - FewShotSeg - INFO - Epoch: 0, Iteration: 30, Training Loss: 0.0494, Mean IoU: 0.6488, Mean Accuracy: 0.6500, per Category IOU: [0.99760846 0.3       ]
2024-11-27 14:31:14 - FewShotSeg - INFO - Epoch: 0, Iteration: 31, Training Loss: 0.0545, Mean IoU: 0.7061, Mean Accuracy: 0.7072, per Category IOU: [0.9978243  0.41437206]
2024-11-27 14:31:15 - FewShotSeg - INFO - Epoch: 0, Iteration: 32, Training Loss: 0.0540, Mean IoU: 0.7200, Mean Accuracy: 0.7213, per Category IOU: [0.99739377 0.44260545]
2024-11-27 14:31:15 - FewShotSeg - INFO - Epoch: 0, Iteration: 33, Training Loss: 0.0356, Mean IoU: 0.8437, Mean Accuracy: 0.8442, per Category IOU: [0.99909137 0.68835616]
2024-11-27 14:31:15 - FewShotSeg - INFO - Epoch: 0, Iteration: 34, Training Loss: 0.0460, Mean IoU: 0.8812, Mean Accuracy: 0.8816, per Category IOU: [0.99912561 0.7631935 ]
2024-11-27 14:31:16 - FewShotSeg - INFO - Epoch: 0, Iteration: 35, Training Loss: 0.0411, Mean IoU: 0.7980, Mean Accuracy: 0.7986, per Category IOU: [0.99869206 0.5972329 ]
2024-11-27 14:31:16 - FewShotSeg - INFO - Epoch: 0, Iteration: 36, Training Loss: 0.0361, Mean IoU: 0.8271, Mean Accuracy: 0.8279, per Category IOU: [0.99920909 0.65505985]
2024-11-27 14:31:16 - FewShotSeg - INFO - Epoch: 0, Iteration: 37, Training Loss: 0.0494, Mean IoU: 0.7279, Mean Accuracy: 0.7291, per Category IOU: [0.99839597 0.45738397]
2024-11-27 14:31:16 - FewShotSeg - INFO - Epoch: 0, Iteration: 38, Training Loss: 0.0818, Mean IoU: 0.7878, Mean Accuracy: 0.7896, per Category IOU: [0.99681981 0.57872058]
2024-11-27 14:31:17 - FewShotSeg - INFO - Epoch: 0, Iteration: 39, Training Loss: 0.0209, Mean IoU: 0.9263, Mean Accuracy: 0.9289, per Category IOU: [0.99939751 0.85313833]
2024-11-27 14:40:44 - FewShotSeg - INFO - Epoch: 0
2024-11-27 14:40:45 - FewShotSeg - INFO - Epoch: 0, Iteration: 0, Training Loss: 0.0224, Mean IoU: 0.9440, Mean Accuracy: 0.9517, per Category IOU: [0.9994269  0.88856448]
2024-11-27 14:40:45 - FewShotSeg - INFO - Epoch: 0, Iteration: 1, Training Loss: 0.0246, Mean IoU: 0.8763, Mean Accuracy: 0.8785, per Category IOU: [0.9991057  0.75344353]
2024-11-27 14:40:45 - FewShotSeg - INFO - Epoch: 0, Iteration: 2, Training Loss: 0.0242, Mean IoU: 0.9429, Mean Accuracy: 0.9589, per Category IOU: [0.99959014 0.88611111]
2024-11-27 14:40:45 - FewShotSeg - INFO - Epoch: 0, Iteration: 3, Training Loss: 0.0174, Mean IoU: 0.9427, Mean Accuracy: 0.9498, per Category IOU: [0.99966531 0.885763  ]
2024-11-27 14:40:46 - FewShotSeg - INFO - Epoch: 0, Iteration: 4, Training Loss: 0.0329, Mean IoU: 0.9166, Mean Accuracy: 0.9204, per Category IOU: [0.99945292 0.83371298]
2024-11-27 14:40:46 - FewShotSeg - INFO - Epoch: 0, Iteration: 5, Training Loss: 0.0138, Mean IoU: 0.9438, Mean Accuracy: 0.9608, per Category IOU: [0.99964776 0.88791733]
2024-11-27 14:40:46 - FewShotSeg - INFO - Epoch: 0, Iteration: 6, Training Loss: 0.0212, Mean IoU: 0.9459, Mean Accuracy: 0.9622, per Category IOU: [0.99959256 0.89219577]
2024-11-27 14:40:47 - FewShotSeg - INFO - Epoch: 0, Iteration: 7, Training Loss: 0.0128, Mean IoU: 0.9486, Mean Accuracy: 0.9775, per Category IOU: [0.99965266 0.89756817]
2024-11-27 14:40:47 - FewShotSeg - INFO - Epoch: 0, Iteration: 8, Training Loss: 0.0142, Mean IoU: 0.9498, Mean Accuracy: 0.9588, per Category IOU: [0.99959746 0.89993785]
