2024-11-27 14:45:40 - FewShotSeg - INFO - Epoch: 0
2024-11-27 14:45:40 - FewShotSeg - INFO - Epoch: 0, Iteration: 0, Training Loss: 0.7614, Mean IoU: 0.1354, Mean Accuracy: 0.4968, per Category IOU: [0.26786129 0.00283907]
2024-11-27 14:45:40 - FewShotSeg - INFO - Epoch: 0, Iteration: 1, Training Loss: 0.6669, Mean IoU: 0.3280, Mean Accuracy: 0.4684, per Category IOU: [0.65318092 0.0028106 ]
2024-11-27 14:45:41 - FewShotSeg - INFO - Epoch: 0, Iteration: 2, Training Loss: 0.5593, Mean IoU: 0.4643, Mean Accuracy: 0.5317, per Category IOU: [0.92348641 0.0051523 ]
2024-11-27 14:45:41 - FewShotSeg - INFO - Epoch: 0, Iteration: 3, Training Loss: 0.4686, Mean IoU: 0.5042, Mean Accuracy: 0.5248, per Category IOU: [0.99081332 0.01758593]
2024-11-27 14:45:41 - FewShotSeg - INFO - Epoch: 0, Iteration: 4, Training Loss: 0.4000, Mean IoU: 0.4973, Mean Accuracy: 0.4994, per Category IOU: [0.99468122 0.        ]
2024-11-27 14:45:42 - FewShotSeg - INFO - Epoch: 0, Iteration: 5, Training Loss: 0.3435, Mean IoU: 0.4984, Mean Accuracy: 0.5000, per Category IOU: [0.99688347 0.        ]
2024-11-27 14:45:42 - FewShotSeg - INFO - Epoch: 0, Iteration: 6, Training Loss: 0.3665, Mean IoU: 0.4974, Mean Accuracy: 0.4999, per Category IOU: [0.99473603 0.        ]
2024-11-27 14:45:42 - FewShotSeg - INFO - Epoch: 0, Iteration: 7, Training Loss: 0.3442, Mean IoU: 0.4979, Mean Accuracy: 0.5000, per Category IOU: [0.99578982 0.        ]
2024-11-27 14:45:42 - FewShotSeg - INFO - Epoch: 0, Iteration: 8, Training Loss: 0.2272, Mean IoU: 0.4981, Mean Accuracy: 0.5000, per Category IOU: [0.99610122 0.        ]
2024-11-27 14:45:43 - FewShotSeg - INFO - Epoch: 0, Iteration: 9, Training Loss: 0.2441, Mean IoU: 0.4981, Mean Accuracy: 0.5000, per Category IOU: [0.9961934 0.       ]
2024-11-27 14:45:43 - FewShotSeg - INFO - Epoch: 0, Iteration: 10, Training Loss: 0.2084, Mean IoU: 0.4976, Mean Accuracy: 0.5000, per Category IOU: [0.99524922 0.        ]
2024-11-27 14:45:43 - FewShotSeg - INFO - Epoch: 0, Iteration: 11, Training Loss: 0.1518, Mean IoU: 0.4986, Mean Accuracy: 0.5000, per Category IOU: [0.99717744 0.        ]
2024-11-27 14:45:44 - FewShotSeg - INFO - Epoch: 0, Iteration: 12, Training Loss: 0.1825, Mean IoU: 0.4973, Mean Accuracy: 0.5000, per Category IOU: [0.99467375 0.        ]
2024-11-27 14:45:44 - FewShotSeg - INFO - Epoch: 0, Iteration: 13, Training Loss: 0.1421, Mean IoU: 0.4981, Mean Accuracy: 0.5000, per Category IOU: [0.99621582 0.        ]
2024-11-27 14:45:44 - FewShotSeg - INFO - Epoch: 0, Iteration: 14, Training Loss: 0.1335, Mean IoU: 0.4985, Mean Accuracy: 0.5000, per Category IOU: [0.99692333 0.        ]
2024-11-27 14:45:44 - FewShotSeg - INFO - Epoch: 0, Iteration: 15, Training Loss: 0.1300, Mean IoU: 0.4981, Mean Accuracy: 0.5000, per Category IOU: [0.99625568 0.        ]
2024-11-27 14:45:45 - FewShotSeg - INFO - Epoch: 0, Iteration: 16, Training Loss: 0.1115, Mean IoU: 0.4988, Mean Accuracy: 0.5000, per Category IOU: [0.99756108 0.        ]
2024-11-27 14:45:45 - FewShotSeg - INFO - Epoch: 0, Iteration: 17, Training Loss: 0.1186, Mean IoU: 0.4984, Mean Accuracy: 0.5000, per Category IOU: [0.99686105 0.        ]
2024-11-27 14:45:45 - FewShotSeg - INFO - Epoch: 0, Iteration: 18, Training Loss: 0.1420, Mean IoU: 0.4978, Mean Accuracy: 0.5000, per Category IOU: [0.99563287 0.        ]
2024-11-27 14:45:45 - FewShotSeg - INFO - Epoch: 0, Iteration: 19, Training Loss: 0.1425, Mean IoU: 0.4980, Mean Accuracy: 0.5000, per Category IOU: [0.99608379 0.        ]
2024-11-27 14:45:46 - FewShotSeg - INFO - Epoch: 0, Iteration: 20, Training Loss: 0.1031, Mean IoU: 0.4983, Mean Accuracy: 0.5000, per Category IOU: [0.99651477 0.        ]
2024-11-27 14:45:46 - FewShotSeg - INFO - Epoch: 0, Iteration: 21, Training Loss: 0.1644, Mean IoU: 0.4974, Mean Accuracy: 0.5000, per Category IOU: [0.99487056 0.        ]
2024-11-27 14:45:46 - FewShotSeg - INFO - Epoch: 0, Iteration: 22, Training Loss: 0.0869, Mean IoU: 0.4984, Mean Accuracy: 0.5000, per Category IOU: [0.99674894 0.        ]
2024-11-27 14:45:47 - FewShotSeg - INFO - Epoch: 0, Iteration: 23, Training Loss: 0.1159, Mean IoU: 0.4977, Mean Accuracy: 0.5000, per Category IOU: [0.99533392 0.        ]
2024-11-27 14:45:47 - FewShotSeg - INFO - Epoch: 0, Iteration: 24, Training Loss: 0.0971, Mean IoU: 0.4985, Mean Accuracy: 0.5000, per Category IOU: [0.9969034 0.       ]
2024-11-27 14:45:47 - FewShotSeg - INFO - Epoch: 0, Iteration: 25, Training Loss: 0.1043, Mean IoU: 0.4981, Mean Accuracy: 0.5000, per Category IOU: [0.99614108 0.        ]
2024-11-27 14:45:47 - FewShotSeg - INFO - Epoch: 0, Iteration: 26, Training Loss: 0.0916, Mean IoU: 0.5020, Mean Accuracy: 0.5039, per Category IOU: [0.99617585 0.00775695]
2024-11-27 14:45:48 - FewShotSeg - INFO - Epoch: 0, Iteration: 27, Training Loss: 0.1000, Mean IoU: 0.4981, Mean Accuracy: 0.5000, per Category IOU: [0.99628557 0.        ]
2024-11-27 14:45:48 - FewShotSeg - INFO - Epoch: 0, Iteration: 28, Training Loss: 0.0572, Mean IoU: 0.5203, Mean Accuracy: 0.5216, per Category IOU: [0.99729918 0.04324801]
2024-11-27 14:45:48 - FewShotSeg - INFO - Epoch: 0, Iteration: 29, Training Loss: 0.0548, Mean IoU: 0.7436, Mean Accuracy: 0.7444, per Category IOU: [0.99840068 0.48883573]
2024-11-27 14:45:49 - FewShotSeg - INFO - Epoch: 0, Iteration: 30, Training Loss: 0.0634, Mean IoU: 0.5790, Mean Accuracy: 0.5805, per Category IOU: [0.99702627 0.16104079]
2024-11-27 14:45:49 - FewShotSeg - INFO - Epoch: 0, Iteration: 31, Training Loss: 0.0504, Mean IoU: 0.6494, Mean Accuracy: 0.6505, per Category IOU: [0.99788052 0.30098684]
2024-11-27 14:45:49 - FewShotSeg - INFO - Epoch: 0, Iteration: 32, Training Loss: 0.0952, Mean IoU: 0.5278, Mean Accuracy: 0.5294, per Category IOU: [0.99673084 0.05882353]
2024-11-27 14:45:49 - FewShotSeg - INFO - Epoch: 0, Iteration: 33, Training Loss: 0.0484, Mean IoU: 0.6594, Mean Accuracy: 0.6606, per Category IOU: [0.99773804 0.32110778]
2024-11-27 14:45:50 - FewShotSeg - INFO - Epoch: 0, Iteration: 34, Training Loss: 0.0405, Mean IoU: 0.7108, Mean Accuracy: 0.7118, per Category IOU: [0.99806156 0.4235905 ]
2024-11-27 14:45:50 - FewShotSeg - INFO - Epoch: 0, Iteration: 35, Training Loss: 0.0599, Mean IoU: 0.7805, Mean Accuracy: 0.7811, per Category IOU: [0.99875489 0.5622807 ]
2024-11-27 14:45:50 - FewShotSeg - INFO - Epoch: 0, Iteration: 36, Training Loss: 0.0518, Mean IoU: 0.8081, Mean Accuracy: 0.8092, per Category IOU: [0.99835391 0.61774942]
2024-11-27 14:45:51 - FewShotSeg - INFO - Epoch: 0, Iteration: 37, Training Loss: 0.0400, Mean IoU: 0.8407, Mean Accuracy: 0.8424, per Category IOU: [0.9987335  0.68272841]
2024-11-27 14:45:51 - FewShotSeg - INFO - Epoch: 0, Iteration: 38, Training Loss: 0.0401, Mean IoU: 0.8382, Mean Accuracy: 0.8424, per Category IOU: [0.99886378 0.67753366]
2024-11-27 14:45:51 - FewShotSeg - INFO - Epoch: 0, Iteration: 39, Training Loss: 0.0429, Mean IoU: 0.8544, Mean Accuracy: 0.8593, per Category IOU: [0.9983868 0.7103727]
2024-11-27 14:47:53 - FewShotSeg - INFO - Epoch : 0, Validation Results - Loss: 0.0362, Mean IoU: 0.9260, Mean Accuracy: 0.9293, per Category IOU: [0.99905575 0.42040536]
2024-11-27 14:47:53 - FewShotSeg - INFO - Model saved!
2024-11-27 14:47:53 - FewShotSeg - INFO - Epoch: 1
2024-11-27 14:47:53 - FewShotSeg - INFO - Epoch: 1, Iteration: 0, Training Loss: 0.0442, Mean IoU: 0.6998, Mean Accuracy: 0.7025, per Category IOU: [0.99842138 0.40113529]
2024-11-27 14:47:54 - FewShotSeg - INFO - Epoch: 1, Iteration: 1, Training Loss: 0.0260, Mean IoU: 0.9123, Mean Accuracy: 0.9288, per Category IOU: [0.99940292 0.82516459]
2024-11-27 14:47:54 - FewShotSeg - INFO - Epoch: 1, Iteration: 2, Training Loss: 0.0538, Mean IoU: 0.8127, Mean Accuracy: 0.8141, per Category IOU: [0.99855407 0.62693299]
2024-11-27 14:47:54 - FewShotSeg - INFO - Epoch: 1, Iteration: 3, Training Loss: 0.0231, Mean IoU: 0.9345, Mean Accuracy: 0.9521, per Category IOU: [0.99947501 0.86948415]
2024-11-27 14:47:54 - FewShotSeg - INFO - Epoch: 1, Iteration: 4, Training Loss: 0.0213, Mean IoU: 0.9156, Mean Accuracy: 0.9235, per Category IOU: [0.99946296 0.83176839]
2024-11-27 14:47:55 - FewShotSeg - INFO - Epoch: 1, Iteration: 5, Training Loss: 0.0292, Mean IoU: 0.8544, Mean Accuracy: 0.8693, per Category IOU: [0.99888588 0.710013  ]
2024-11-27 14:47:55 - FewShotSeg - INFO - Epoch: 1, Iteration: 6, Training Loss: 0.0242, Mean IoU: 0.9406, Mean Accuracy: 0.9594, per Category IOU: [0.9995927  0.88162672]
2024-11-27 14:47:55 - FewShotSeg - INFO - Epoch: 1, Iteration: 7, Training Loss: 0.0265, Mean IoU: 0.9278, Mean Accuracy: 0.9495, per Category IOU: [0.9994376  0.85613811]
2024-11-27 14:47:55 - FewShotSeg - INFO - Epoch: 1, Iteration: 8, Training Loss: 0.0144, Mean IoU: 0.9552, Mean Accuracy: 0.9736, per Category IOU: [0.99966002 0.91070256]
2024-11-27 14:47:56 - FewShotSeg - INFO - Epoch: 1, Iteration: 9, Training Loss: 0.0160, Mean IoU: 0.9483, Mean Accuracy: 0.9619, per Category IOU: [0.99964766 0.89685443]
2024-11-27 14:47:56 - FewShotSeg - INFO - Epoch: 1, Iteration: 10, Training Loss: 0.0235, Mean IoU: 0.9438, Mean Accuracy: 0.9514, per Category IOU: [0.9996227  0.88806523]
2024-11-27 14:47:56 - FewShotSeg - INFO - Epoch: 1, Iteration: 11, Training Loss: 0.0203, Mean IoU: 0.9495, Mean Accuracy: 0.9605, per Category IOU: [0.99960499 0.89949109]
2024-11-27 14:47:57 - FewShotSeg - INFO - Epoch: 1, Iteration: 12, Training Loss: 0.0144, Mean IoU: 0.9501, Mean Accuracy: 0.9683, per Category IOU: [0.99957486 0.90052662]
2024-11-27 14:47:57 - FewShotSeg - INFO - Epoch: 1, Iteration: 13, Training Loss: 0.0103, Mean IoU: 0.9522, Mean Accuracy: 0.9754, per Category IOU: [0.99963251 0.90479275]
2024-11-27 14:47:57 - FewShotSeg - INFO - Epoch: 1, Iteration: 14, Training Loss: 0.0171, Mean IoU: 0.9463, Mean Accuracy: 0.9581, per Category IOU: [0.99960007 0.89290495]
2024-11-27 14:47:57 - FewShotSeg - INFO - Epoch: 1, Iteration: 15, Training Loss: 0.0111, Mean IoU: 0.9526, Mean Accuracy: 0.9740, per Category IOU: [0.99958481 0.90557452]
2024-11-27 14:47:58 - FewShotSeg - INFO - Epoch: 1, Iteration: 16, Training Loss: 0.0233, Mean IoU: 0.9289, Mean Accuracy: 0.9445, per Category IOU: [0.99939491 0.85847953]
2024-11-27 14:47:58 - FewShotSeg - INFO - Epoch: 1, Iteration: 17, Training Loss: 0.0126, Mean IoU: 0.9503, Mean Accuracy: 0.9739, per Category IOU: [0.99966014 0.90101892]
2024-11-27 14:47:58 - FewShotSeg - INFO - Epoch: 1, Iteration: 18, Training Loss: 0.0105, Mean IoU: 0.9347, Mean Accuracy: 0.9754, per Category IOU: [0.99962288 0.86982759]
2024-11-27 14:47:59 - FewShotSeg - INFO - Epoch: 1, Iteration: 19, Training Loss: 0.0085, Mean IoU: 0.9462, Mean Accuracy: 0.9751, per Category IOU: [0.99959757 0.89280959]
2024-11-27 14:47:59 - FewShotSeg - INFO - Epoch: 1, Iteration: 20, Training Loss: 0.0076, Mean IoU: 0.9491, Mean Accuracy: 0.9785, per Category IOU: [0.99958995 0.8986403 ]
2024-11-27 14:47:59 - FewShotSeg - INFO - Epoch: 1, Iteration: 21, Training Loss: 0.0084, Mean IoU: 0.9473, Mean Accuracy: 0.9784, per Category IOU: [0.99964768 0.89485459]
2024-11-27 14:47:59 - FewShotSeg - INFO - Epoch: 1, Iteration: 22, Training Loss: 0.0088, Mean IoU: 0.9601, Mean Accuracy: 0.9764, per Category IOU: [0.99970252 0.92045455]
2024-11-27 14:48:00 - FewShotSeg - INFO - Epoch: 1, Iteration: 23, Training Loss: 0.0073, Mean IoU: 0.9429, Mean Accuracy: 0.9766, per Category IOU: [0.99957258 0.88622754]
2024-11-27 14:48:00 - FewShotSeg - INFO - Epoch: 1, Iteration: 24, Training Loss: 0.0082, Mean IoU: 0.9384, Mean Accuracy: 0.9825, per Category IOU: [0.99959024 0.87724551]
2024-11-27 14:48:00 - FewShotSeg - INFO - Epoch: 1, Iteration: 25, Training Loss: 0.0079, Mean IoU: 0.9571, Mean Accuracy: 0.9802, per Category IOU: [0.99968756 0.91450068]
2024-11-27 14:48:01 - FewShotSeg - INFO - Epoch: 1, Iteration: 26, Training Loss: 0.0148, Mean IoU: 0.9257, Mean Accuracy: 0.9491, per Category IOU: [0.99952036 0.85196608]
2024-11-27 14:48:01 - FewShotSeg - INFO - Epoch: 1, Iteration: 27, Training Loss: 0.0086, Mean IoU: 0.9525, Mean Accuracy: 0.9729, per Category IOU: [0.9995823 0.9053288]
2024-11-27 14:48:01 - FewShotSeg - INFO - Epoch: 1, Iteration: 28, Training Loss: 0.0093, Mean IoU: 0.9532, Mean Accuracy: 0.9769, per Category IOU: [0.99950938 0.90693257]
2024-11-27 14:48:01 - FewShotSeg - INFO - Epoch: 1, Iteration: 29, Training Loss: 0.0053, Mean IoU: 0.9439, Mean Accuracy: 0.9810, per Category IOU: [0.9996227  0.88814815]
2024-11-27 14:48:02 - FewShotSeg - INFO - Epoch: 1, Iteration: 30, Training Loss: 0.0117, Mean IoU: 0.9586, Mean Accuracy: 0.9778, per Category IOU: [0.99945108 0.91782364]
2024-11-27 14:48:02 - FewShotSeg - INFO - Epoch: 1, Iteration: 31, Training Loss: 0.0101, Mean IoU: 0.9646, Mean Accuracy: 0.9799, per Category IOU: [0.99959929 0.92967033]
2024-11-27 14:48:02 - FewShotSeg - INFO - Epoch: 1, Iteration: 32, Training Loss: 0.0079, Mean IoU: 0.9458, Mean Accuracy: 0.9717, per Category IOU: [0.99961513 0.89192982]
2024-11-27 14:48:02 - FewShotSeg - INFO - Epoch: 1, Iteration: 33, Training Loss: 0.0162, Mean IoU: 0.9306, Mean Accuracy: 0.9463, per Category IOU: [0.99945005 0.86180905]
2024-11-27 14:48:03 - FewShotSeg - INFO - Epoch: 1, Iteration: 34, Training Loss: 0.0075, Mean IoU: 0.9451, Mean Accuracy: 0.9656, per Category IOU: [0.99966276 0.89059968]
2024-11-27 14:48:03 - FewShotSeg - INFO - Epoch: 1, Iteration: 35, Training Loss: 0.0052, Mean IoU: 0.9693, Mean Accuracy: 0.9882, per Category IOU: [0.99973486 0.93879908]
2024-11-27 14:48:03 - FewShotSeg - INFO - Epoch: 1, Iteration: 36, Training Loss: 0.0076, Mean IoU: 0.9627, Mean Accuracy: 0.9857, per Category IOU: [0.99957424 0.92573176]
2024-11-27 14:48:04 - FewShotSeg - INFO - Epoch: 1, Iteration: 37, Training Loss: 0.0060, Mean IoU: 0.9534, Mean Accuracy: 0.9823, per Category IOU: [0.99967762 0.90712743]
2024-11-27 14:48:04 - FewShotSeg - INFO - Epoch: 1, Iteration: 38, Training Loss: 0.0054, Mean IoU: 0.9410, Mean Accuracy: 0.9720, per Category IOU: [0.99967285 0.88230009]
2024-11-27 14:48:04 - FewShotSeg - INFO - Epoch: 1, Iteration: 39, Training Loss: 0.0060, Mean IoU: 0.9490, Mean Accuracy: 0.9781, per Category IOU: [0.99962257 0.89845326]
2024-11-27 14:50:05 - FewShotSeg - INFO - Epoch : 1, Validation Results - Loss: 0.0076, Mean IoU: 0.9730, Mean Accuracy: 0.9854, per Category IOU: [0.99964724 0.51381837]
2024-11-27 14:50:06 - FewShotSeg - INFO - Model saved!
2024-11-27 14:50:06 - FewShotSeg - INFO - Epoch: 2
2024-11-27 14:50:06 - FewShotSeg - INFO - Epoch: 2, Iteration: 0, Training Loss: 0.0055, Mean IoU: 0.9395, Mean Accuracy: 0.9801, per Category IOU: [0.99956766 0.87952646]
2024-11-27 14:50:06 - FewShotSeg - INFO - Epoch: 2, Iteration: 1, Training Loss: 0.0069, Mean IoU: 0.9378, Mean Accuracy: 0.9675, per Category IOU: [0.99962783 0.87603993]
2024-11-27 14:50:06 - FewShotSeg - INFO - Epoch: 2, Iteration: 2, Training Loss: 0.0068, Mean IoU: 0.9544, Mean Accuracy: 0.9776, per Category IOU: [0.9995998  0.90929705]
2024-11-27 14:50:07 - FewShotSeg - INFO - Epoch: 2, Iteration: 3, Training Loss: 0.0054, Mean IoU: 0.9395, Mean Accuracy: 0.9758, per Category IOU: [0.99953255 0.87943262]
2024-11-27 14:50:07 - FewShotSeg - INFO - Epoch: 2, Iteration: 4, Training Loss: 0.0045, Mean IoU: 0.9635, Mean Accuracy: 0.9889, per Category IOU: [0.99968484 0.92729371]
2024-11-27 14:50:07 - FewShotSeg - INFO - Epoch: 2, Iteration: 5, Training Loss: 0.0078, Mean IoU: 0.9394, Mean Accuracy: 0.9626, per Category IOU: [0.9996253  0.87912973]
2024-11-27 14:50:08 - FewShotSeg - INFO - Epoch: 2, Iteration: 6, Training Loss: 0.0065, Mean IoU: 0.9511, Mean Accuracy: 0.9816, per Category IOU: [0.99961498 0.90253165]
2024-11-27 14:50:08 - FewShotSeg - INFO - Epoch: 2, Iteration: 7, Training Loss: 0.0085, Mean IoU: 0.9655, Mean Accuracy: 0.9843, per Category IOU: [0.9995942  0.93144308]
2024-11-27 14:50:08 - FewShotSeg - INFO - Epoch: 2, Iteration: 8, Training Loss: 0.0048, Mean IoU: 0.9442, Mean Accuracy: 0.9825, per Category IOU: [0.99960013 0.88881167]
2024-11-27 14:50:08 - FewShotSeg - INFO - Epoch: 2, Iteration: 9, Training Loss: 0.0050, Mean IoU: 0.9534, Mean Accuracy: 0.9853, per Category IOU: [0.99963247 0.90713834]
2024-11-27 14:50:09 - FewShotSeg - INFO - Epoch: 2, Iteration: 10, Training Loss: 0.0056, Mean IoU: 0.9613, Mean Accuracy: 0.9835, per Category IOU: [0.999705   0.92292619]
2024-11-27 14:50:09 - FewShotSeg - INFO - Epoch: 2, Iteration: 11, Training Loss: 0.0064, Mean IoU: 0.9595, Mean Accuracy: 0.9835, per Category IOU: [0.9995845  0.91933916]
2024-11-27 14:50:09 - FewShotSeg - INFO - Epoch: 2, Iteration: 12, Training Loss: 0.0069, Mean IoU: 0.9625, Mean Accuracy: 0.9854, per Category IOU: [0.99961452 0.92535143]
2024-11-27 14:50:10 - FewShotSeg - INFO - Epoch: 2, Iteration: 13, Training Loss: 0.0034, Mean IoU: 0.9560, Mean Accuracy: 0.9871, per Category IOU: [0.99965247 0.91235813]
2024-11-27 14:50:10 - FewShotSeg - INFO - Epoch: 2, Iteration: 14, Training Loss: 0.0049, Mean IoU: 0.9513, Mean Accuracy: 0.9847, per Category IOU: [0.99948182 0.90313524]
2024-11-27 14:50:10 - FewShotSeg - INFO - Epoch: 2, Iteration: 15, Training Loss: 0.0041, Mean IoU: 0.9502, Mean Accuracy: 0.9871, per Category IOU: [0.99963257 0.90067568]
2024-11-27 14:50:10 - FewShotSeg - INFO - Epoch: 2, Iteration: 16, Training Loss: 0.0037, Mean IoU: 0.9475, Mean Accuracy: 0.9764, per Category IOU: [0.99969778 0.89532872]
2024-11-27 14:50:11 - FewShotSeg - INFO - Epoch: 2, Iteration: 17, Training Loss: 0.0064, Mean IoU: 0.9466, Mean Accuracy: 0.9720, per Category IOU: [0.99960257 0.89364548]
2024-11-27 14:50:11 - FewShotSeg - INFO - Epoch: 2, Iteration: 18, Training Loss: 0.0060, Mean IoU: 0.9587, Mean Accuracy: 0.9779, per Category IOU: [0.99972262 0.91771683]
2024-11-27 14:50:11 - FewShotSeg - INFO - Epoch: 2, Iteration: 19, Training Loss: 0.0039, Mean IoU: 0.9684, Mean Accuracy: 0.9924, per Category IOU: [0.9996796  0.93716249]
2024-11-27 14:50:12 - FewShotSeg - INFO - Epoch: 2, Iteration: 20, Training Loss: 0.0070, Mean IoU: 0.9338, Mean Accuracy: 0.9656, per Category IOU: [0.99961288 0.86797274]
2024-11-27 14:50:12 - FewShotSeg - INFO - Epoch: 2, Iteration: 21, Training Loss: 0.0039, Mean IoU: 0.9420, Mean Accuracy: 0.9868, per Category IOU: [0.99958514 0.88448156]
2024-11-27 14:50:12 - FewShotSeg - INFO - Epoch: 2, Iteration: 22, Training Loss: 0.0069, Mean IoU: 0.9499, Mean Accuracy: 0.9695, per Category IOU: [0.99964511 0.90021082]
2024-11-27 14:50:12 - FewShotSeg - INFO - Epoch: 2, Iteration: 23, Training Loss: 0.0039, Mean IoU: 0.9453, Mean Accuracy: 0.9894, per Category IOU: [0.9996001  0.89100817]
2024-11-27 14:50:13 - FewShotSeg - INFO - Epoch: 2, Iteration: 24, Training Loss: 0.0036, Mean IoU: 0.9522, Mean Accuracy: 0.9905, per Category IOU: [0.99967013 0.90469314]
2024-11-27 14:50:13 - FewShotSeg - INFO - Epoch: 2, Iteration: 25, Training Loss: 0.0056, Mean IoU: 0.9384, Mean Accuracy: 0.9786, per Category IOU: [0.99954262 0.87718121]
2024-11-27 14:50:13 - FewShotSeg - INFO - Epoch: 2, Iteration: 26, Training Loss: 0.0039, Mean IoU: 0.9514, Mean Accuracy: 0.9854, per Category IOU: [0.99963002 0.90320471]
2024-11-27 14:50:14 - FewShotSeg - INFO - Epoch: 2, Iteration: 27, Training Loss: 0.0035, Mean IoU: 0.9461, Mean Accuracy: 0.9903, per Category IOU: [0.99961512 0.89268293]
2024-11-27 14:50:14 - FewShotSeg - INFO - Epoch: 2, Iteration: 28, Training Loss: 0.0052, Mean IoU: 0.9216, Mean Accuracy: 0.9779, per Category IOU: [0.99952545 0.8436214 ]
2024-11-27 14:50:14 - FewShotSeg - INFO - Epoch: 2, Iteration: 29, Training Loss: 0.0049, Mean IoU: 0.9601, Mean Accuracy: 0.9897, per Category IOU: [0.9996272  0.92061801]
2024-11-27 14:50:14 - FewShotSeg - INFO - Epoch: 2, Iteration: 30, Training Loss: 0.0038, Mean IoU: 0.9618, Mean Accuracy: 0.9939, per Category IOU: [0.99967486 0.92393212]
2024-11-27 14:50:15 - FewShotSeg - INFO - Epoch: 2, Iteration: 31, Training Loss: 0.0040, Mean IoU: 0.9522, Mean Accuracy: 0.9919, per Category IOU: [0.99957729 0.90478873]
2024-11-27 14:50:15 - FewShotSeg - INFO - Epoch: 2, Iteration: 32, Training Loss: 0.0054, Mean IoU: 0.9255, Mean Accuracy: 0.9761, per Category IOU: [0.99955543 0.85154295]
2024-11-27 14:50:15 - FewShotSeg - INFO - Epoch: 2, Iteration: 33, Training Loss: 0.0038, Mean IoU: 0.9533, Mean Accuracy: 0.9856, per Category IOU: [0.99966007 0.90684932]
2024-11-27 14:50:16 - FewShotSeg - INFO - Epoch: 2, Iteration: 34, Training Loss: 0.0042, Mean IoU: 0.9585, Mean Accuracy: 0.9892, per Category IOU: [0.99956694 0.91750119]
2024-11-27 14:50:16 - FewShotSeg - INFO - Epoch: 2, Iteration: 35, Training Loss: 0.0042, Mean IoU: 0.9303, Mean Accuracy: 0.9787, per Category IOU: [0.99956285 0.86111111]
2024-11-27 14:50:16 - FewShotSeg - INFO - Epoch: 2, Iteration: 36, Training Loss: 0.0048, Mean IoU: 0.9574, Mean Accuracy: 0.9902, per Category IOU: [0.99953933 0.91528545]
2024-11-27 14:50:16 - FewShotSeg - INFO - Epoch: 2, Iteration: 37, Training Loss: 0.0034, Mean IoU: 0.9257, Mean Accuracy: 0.9903, per Category IOU: [0.99943515 0.85190039]
2024-11-27 14:50:17 - FewShotSeg - INFO - Epoch: 2, Iteration: 38, Training Loss: 0.0040, Mean IoU: 0.9503, Mean Accuracy: 0.9856, per Category IOU: [0.99953969 0.90112843]
2024-11-27 14:50:17 - FewShotSeg - INFO - Epoch: 2, Iteration: 39, Training Loss: 0.0056, Mean IoU: 0.9356, Mean Accuracy: 0.9716, per Category IOU: [0.99962036 0.87162162]
2024-11-27 14:52:18 - FewShotSeg - INFO - Epoch : 2, Validation Results - Loss: 0.0046, Mean IoU: 0.9749, Mean Accuracy: 0.9897, per Category IOU: [0.99964448 0.51528635]
2024-11-27 14:52:18 - FewShotSeg - INFO - Model saved!
2024-11-27 14:52:18 - FewShotSeg - INFO - Epoch: 3
2024-11-27 14:52:19 - FewShotSeg - INFO - Epoch: 3, Iteration: 0, Training Loss: 0.0049, Mean IoU: 0.9643, Mean Accuracy: 0.9898, per Category IOU: [0.99954137 0.92904226]
2024-11-27 14:52:19 - FewShotSeg - INFO - Epoch: 3, Iteration: 1, Training Loss: 0.0034, Mean IoU: 0.9538, Mean Accuracy: 0.9852, per Category IOU: [0.99966507 0.9080302 ]
2024-11-27 14:52:19 - FewShotSeg - INFO - Epoch: 3, Iteration: 2, Training Loss: 0.0034, Mean IoU: 0.9484, Mean Accuracy: 0.9819, per Category IOU: [0.99967773 0.89721116]
2024-11-27 14:52:19 - FewShotSeg - INFO - Epoch: 3, Iteration: 3, Training Loss: 0.0043, Mean IoU: 0.9464, Mean Accuracy: 0.9843, per Category IOU: [0.99957247 0.89332502]
2024-11-27 14:52:20 - FewShotSeg - INFO - Epoch: 3, Iteration: 4, Training Loss: 0.0045, Mean IoU: 0.9661, Mean Accuracy: 0.9906, per Category IOU: [0.99959667 0.93266416]
2024-11-27 14:52:20 - FewShotSeg - INFO - Epoch: 3, Iteration: 5, Training Loss: 0.0037, Mean IoU: 0.9538, Mean Accuracy: 0.9916, per Category IOU: [0.99949677 0.90817725]
2024-11-27 14:52:20 - FewShotSeg - INFO - Epoch: 3, Iteration: 6, Training Loss: 0.0050, Mean IoU: 0.9186, Mean Accuracy: 0.9755, per Category IOU: [0.999518   0.83767872]
2024-11-27 14:52:20 - FewShotSeg - INFO - Epoch: 3, Iteration: 7, Training Loss: 0.0038, Mean IoU: 0.9401, Mean Accuracy: 0.9879, per Category IOU: [0.99959772 0.8805638 ]
2024-11-27 14:52:21 - FewShotSeg - INFO - Epoch: 3, Iteration: 8, Training Loss: 0.0038, Mean IoU: 0.9366, Mean Accuracy: 0.9851, per Category IOU: [0.99954768 0.87369156]
2024-11-27 14:52:21 - FewShotSeg - INFO - Epoch: 3, Iteration: 9, Training Loss: 0.0048, Mean IoU: 0.9381, Mean Accuracy: 0.9812, per Category IOU: [0.99953761 0.87658439]
2024-11-27 14:52:21 - FewShotSeg - INFO - Epoch: 3, Iteration: 10, Training Loss: 0.0028, Mean IoU: 0.9397, Mean Accuracy: 0.9931, per Category IOU: [0.9995501  0.87983979]
2024-11-27 14:52:22 - FewShotSeg - INFO - Epoch: 3, Iteration: 11, Training Loss: 0.0042, Mean IoU: 0.9480, Mean Accuracy: 0.9758, per Category IOU: [0.9996627  0.89631336]
2024-11-27 14:52:22 - FewShotSeg - INFO - Epoch: 3, Iteration: 12, Training Loss: 0.0041, Mean IoU: 0.9560, Mean Accuracy: 0.9843, per Category IOU: [0.99966501 0.91230366]
2024-11-27 14:52:22 - FewShotSeg - INFO - Epoch: 3, Iteration: 13, Training Loss: 0.0036, Mean IoU: 0.9623, Mean Accuracy: 0.9909, per Category IOU: [0.99972253 0.92489851]
2024-11-27 14:52:22 - FewShotSeg - INFO - Epoch: 3, Iteration: 14, Training Loss: 0.0038, Mean IoU: 0.9257, Mean Accuracy: 0.9819, per Category IOU: [0.9996155  0.85178056]
2024-11-27 14:52:23 - FewShotSeg - INFO - Epoch: 3, Iteration: 15, Training Loss: 0.0041, Mean IoU: 0.9350, Mean Accuracy: 0.9818, per Category IOU: [0.99949256 0.8704531 ]
2024-11-27 14:52:23 - FewShotSeg - INFO - Epoch: 3, Iteration: 16, Training Loss: 0.0035, Mean IoU: 0.9594, Mean Accuracy: 0.9911, per Category IOU: [0.99957696 0.91917743]
2024-11-27 14:52:23 - FewShotSeg - INFO - Epoch: 3, Iteration: 17, Training Loss: 0.0035, Mean IoU: 0.9549, Mean Accuracy: 0.9863, per Category IOU: [0.99966504 0.91006711]
2024-11-27 14:52:24 - FewShotSeg - INFO - Epoch: 3, Iteration: 18, Training Loss: 0.0044, Mean IoU: 0.9555, Mean Accuracy: 0.9858, per Category IOU: [0.99952686 0.91147541]
2024-11-27 14:52:24 - FewShotSeg - INFO - Epoch: 3, Iteration: 19, Training Loss: 0.0036, Mean IoU: 0.9566, Mean Accuracy: 0.9913, per Category IOU: [0.99952428 0.91375397]
2024-11-27 14:52:24 - FewShotSeg - INFO - Epoch: 3, Iteration: 20, Training Loss: 0.0038, Mean IoU: 0.9390, Mean Accuracy: 0.9904, per Category IOU: [0.99958772 0.87849779]
2024-11-27 14:52:24 - FewShotSeg - INFO - Epoch: 3, Iteration: 21, Training Loss: 0.0051, Mean IoU: 0.9464, Mean Accuracy: 0.9827, per Category IOU: [0.99953734 0.89331027]
2024-11-27 14:52:25 - FewShotSeg - INFO - Epoch: 3, Iteration: 22, Training Loss: 0.0030, Mean IoU: 0.9412, Mean Accuracy: 0.9916, per Category IOU: [0.99950489 0.88297872]
2024-11-27 14:52:25 - FewShotSeg - INFO - Epoch: 3, Iteration: 23, Training Loss: 0.0039, Mean IoU: 0.9415, Mean Accuracy: 0.9848, per Category IOU: [0.99960771 0.8833581 ]
2024-11-27 14:52:25 - FewShotSeg - INFO - Epoch: 3, Iteration: 24, Training Loss: 0.0029, Mean IoU: 0.9620, Mean Accuracy: 0.9882, per Category IOU: [0.99972755 0.92435808]
2024-11-27 14:52:26 - FewShotSeg - INFO - Epoch: 3, Iteration: 25, Training Loss: 0.0042, Mean IoU: 0.9549, Mean Accuracy: 0.9831, per Category IOU: [0.9996525  0.91009056]
2024-11-27 14:52:26 - FewShotSeg - INFO - Epoch: 3, Iteration: 26, Training Loss: 0.0032, Mean IoU: 0.9405, Mean Accuracy: 0.9910, per Category IOU: [0.99953001 0.88153749]
2024-11-27 14:52:26 - FewShotSeg - INFO - Epoch: 3, Iteration: 27, Training Loss: 0.0030, Mean IoU: 0.9399, Mean Accuracy: 0.9959, per Category IOU: [0.99957015 0.88030619]
2024-11-27 14:52:26 - FewShotSeg - INFO - Epoch: 3, Iteration: 28, Training Loss: 0.0050, Mean IoU: 0.9622, Mean Accuracy: 0.9921, per Category IOU: [0.99965224 0.92470206]
2024-11-27 14:52:27 - FewShotSeg - INFO - Epoch: 3, Iteration: 29, Training Loss: 0.0038, Mean IoU: 0.9580, Mean Accuracy: 0.9873, per Category IOU: [0.99969004 0.9163857 ]
2024-11-27 14:52:27 - FewShotSeg - INFO - Epoch: 3, Iteration: 30, Training Loss: 0.0031, Mean IoU: 0.9354, Mean Accuracy: 0.9828, per Category IOU: [0.99955021 0.87133667]
2024-11-27 14:52:27 - FewShotSeg - INFO - Epoch: 3, Iteration: 31, Training Loss: 0.0023, Mean IoU: 0.9459, Mean Accuracy: 0.9921, per Category IOU: [0.99965272 0.89216447]
2024-11-27 14:52:27 - FewShotSeg - INFO - Epoch: 3, Iteration: 32, Training Loss: 0.0032, Mean IoU: 0.9425, Mean Accuracy: 0.9939, per Category IOU: [0.99948476 0.88549194]
2024-11-27 14:52:28 - FewShotSeg - INFO - Epoch: 3, Iteration: 33, Training Loss: 0.0032, Mean IoU: 0.9233, Mean Accuracy: 0.9837, per Category IOU: [0.99949787 0.84714829]
2024-11-27 14:52:28 - FewShotSeg - INFO - Epoch: 3, Iteration: 34, Training Loss: 0.0033, Mean IoU: 0.9312, Mean Accuracy: 0.9900, per Category IOU: [0.99956284 0.8627451 ]
2024-11-27 14:52:28 - FewShotSeg - INFO - Epoch: 3, Iteration: 35, Training Loss: 0.0029, Mean IoU: 0.9530, Mean Accuracy: 0.9951, per Category IOU: [0.99951191 0.90642994]
2024-11-27 14:52:29 - FewShotSeg - INFO - Epoch: 3, Iteration: 36, Training Loss: 0.0041, Mean IoU: 0.9422, Mean Accuracy: 0.9886, per Category IOU: [0.99951992 0.88496105]
2024-11-27 14:52:29 - FewShotSeg - INFO - Epoch: 3, Iteration: 37, Training Loss: 0.0028, Mean IoU: 0.9493, Mean Accuracy: 0.9940, per Category IOU: [0.99956987 0.89906103]
2024-11-27 14:52:29 - FewShotSeg - INFO - Epoch: 3, Iteration: 38, Training Loss: 0.0041, Mean IoU: 0.9265, Mean Accuracy: 0.9950, per Category IOU: [0.99937241 0.85364431]
2024-11-27 14:52:29 - FewShotSeg - INFO - Epoch: 3, Iteration: 39, Training Loss: 0.0032, Mean IoU: 0.9291, Mean Accuracy: 0.9932, per Category IOU: [0.99944508 0.85877863]
2024-11-27 14:54:30 - FewShotSeg - INFO - Epoch : 3, Validation Results - Loss: 0.0037, Mean IoU: 0.9740, Mean Accuracy: 0.9919, per Category IOU: [0.99962311 0.51361192]
2024-11-27 14:54:30 - FewShotSeg - INFO - Epoch: 4
2024-11-27 14:54:31 - FewShotSeg - INFO - Epoch: 4, Iteration: 0, Training Loss: 0.0027, Mean IoU: 0.9452, Mean Accuracy: 0.9968, per Category IOU: [0.99953989 0.89080119]
2024-11-27 14:54:31 - FewShotSeg - INFO - Epoch: 4, Iteration: 1, Training Loss: 0.0026, Mean IoU: 0.9581, Mean Accuracy: 0.9949, per Category IOU: [0.99965491 0.9165659 ]
2024-11-27 14:54:31 - FewShotSeg - INFO - Epoch: 4, Iteration: 2, Training Loss: 0.0043, Mean IoU: 0.9543, Mean Accuracy: 0.9915, per Category IOU: [0.99943631 0.90920097]
2024-11-27 14:54:31 - FewShotSeg - INFO - Epoch: 4, Iteration: 3, Training Loss: 0.0024, Mean IoU: 0.9414, Mean Accuracy: 0.9947, per Category IOU: [0.99961774 0.88311688]
2024-11-27 14:54:32 - FewShotSeg - INFO - Epoch: 4, Iteration: 4, Training Loss: 0.0033, Mean IoU: 0.9364, Mean Accuracy: 0.9954, per Category IOU: [0.99937199 0.87336024]
2024-11-27 14:54:32 - FewShotSeg - INFO - Epoch: 4, Iteration: 5, Training Loss: 0.0037, Mean IoU: 0.9581, Mean Accuracy: 0.9823, per Category IOU: [0.99970007 0.91643454]
2024-11-27 14:54:32 - FewShotSeg - INFO - Epoch: 4, Iteration: 6, Training Loss: 0.0041, Mean IoU: 0.9447, Mean Accuracy: 0.9853, per Category IOU: [0.99948216 0.88983502]
2024-11-27 14:54:33 - FewShotSeg - INFO - Epoch: 4, Iteration: 7, Training Loss: 0.0031, Mean IoU: 0.9481, Mean Accuracy: 0.9834, per Category IOU: [0.99960253 0.89661899]
2024-11-27 14:54:33 - FewShotSeg - INFO - Epoch: 4, Iteration: 8, Training Loss: 0.0036, Mean IoU: 0.9294, Mean Accuracy: 0.9816, per Category IOU: [0.99955786 0.85930048]
2024-11-27 14:54:33 - FewShotSeg - INFO - Epoch: 4, Iteration: 9, Training Loss: 0.0033, Mean IoU: 0.9498, Mean Accuracy: 0.9951, per Category IOU: [0.99955981 0.90005679]
2024-11-27 14:54:33 - FewShotSeg - INFO - Epoch: 4, Iteration: 10, Training Loss: 0.0041, Mean IoU: 0.9474, Mean Accuracy: 0.9914, per Category IOU: [0.99941665 0.89532794]
2024-11-27 14:54:34 - FewShotSeg - INFO - Epoch: 4, Iteration: 11, Training Loss: 0.0024, Mean IoU: 0.9456, Mean Accuracy: 0.9930, per Category IOU: [0.99965022 0.89164087]
2024-11-27 14:54:34 - FewShotSeg - INFO - Epoch: 4, Iteration: 12, Training Loss: 0.0034, Mean IoU: 0.9284, Mean Accuracy: 0.9881, per Category IOU: [0.99951529 0.85735294]
2024-11-27 14:54:34 - FewShotSeg - INFO - Epoch: 4, Iteration: 13, Training Loss: 0.0034, Mean IoU: 0.9373, Mean Accuracy: 0.9861, per Category IOU: [0.99962033 0.875     ]
2024-11-27 14:54:35 - FewShotSeg - INFO - Epoch: 4, Iteration: 14, Training Loss: 0.0035, Mean IoU: 0.9615, Mean Accuracy: 0.9910, per Category IOU: [0.99950126 0.92349097]
2024-11-27 14:54:35 - FewShotSeg - INFO - Epoch: 4, Iteration: 15, Training Loss: 0.0026, Mean IoU: 0.9373, Mean Accuracy: 0.9961, per Category IOU: [0.99947241 0.87507401]
2024-11-27 14:54:35 - FewShotSeg - INFO - Epoch: 4, Iteration: 16, Training Loss: 0.0043, Mean IoU: 0.9158, Mean Accuracy: 0.9853, per Category IOU: [0.99947548 0.83213429]
2024-11-27 14:54:35 - FewShotSeg - INFO - Epoch: 4, Iteration: 17, Training Loss: 0.0038, Mean IoU: 0.9449, Mean Accuracy: 0.9934, per Category IOU: [0.99954994 0.89031079]
2024-11-27 14:54:36 - FewShotSeg - INFO - Epoch: 4, Iteration: 18, Training Loss: 0.0031, Mean IoU: 0.9465, Mean Accuracy: 0.9869, per Category IOU: [0.99964269 0.89336316]
2024-11-27 14:54:36 - FewShotSeg - INFO - Epoch: 4, Iteration: 19, Training Loss: 0.0036, Mean IoU: 0.9566, Mean Accuracy: 0.9916, per Category IOU: [0.99961981 0.91358727]
2024-11-27 14:54:36 - FewShotSeg - INFO - Epoch: 4, Iteration: 20, Training Loss: 0.0031, Mean IoU: 0.9403, Mean Accuracy: 0.9873, per Category IOU: [0.99954005 0.88098318]
2024-11-27 14:54:37 - FewShotSeg - INFO - Epoch: 4, Iteration: 21, Training Loss: 0.0027, Mean IoU: 0.9493, Mean Accuracy: 0.9899, per Category IOU: [0.99964012 0.8988764 ]
2024-11-27 14:54:37 - FewShotSeg - INFO - Epoch: 4, Iteration: 22, Training Loss: 0.0037, Mean IoU: 0.9520, Mean Accuracy: 0.9841, per Category IOU: [0.99964255 0.90434783]
2024-11-27 14:54:37 - FewShotSeg - INFO - Epoch: 4, Iteration: 23, Training Loss: 0.0033, Mean IoU: 0.9220, Mean Accuracy: 0.9919, per Category IOU: [0.99951292 0.84449761]
2024-11-27 14:54:37 - FewShotSeg - INFO - Epoch: 4, Iteration: 24, Training Loss: 0.0031, Mean IoU: 0.9462, Mean Accuracy: 0.9953, per Category IOU: [0.99957499 0.89274448]
2024-11-27 14:54:38 - FewShotSeg - INFO - Epoch: 4, Iteration: 25, Training Loss: 0.0028, Mean IoU: 0.9459, Mean Accuracy: 0.9938, per Category IOU: [0.99965523 0.89210321]
2024-11-27 14:54:38 - FewShotSeg - INFO - Epoch: 4, Iteration: 26, Training Loss: 0.0026, Mean IoU: 0.9486, Mean Accuracy: 0.9943, per Category IOU: [0.99956236 0.89754098]
2024-11-27 14:54:38 - FewShotSeg - INFO - Epoch: 4, Iteration: 27, Training Loss: 0.0028, Mean IoU: 0.9295, Mean Accuracy: 0.9878, per Category IOU: [0.99958541 0.85944115]
2024-11-27 14:54:38 - FewShotSeg - INFO - Epoch: 4, Iteration: 28, Training Loss: 0.0031, Mean IoU: 0.9492, Mean Accuracy: 0.9860, per Category IOU: [0.99968523 0.89879518]
2024-11-27 14:54:39 - FewShotSeg - INFO - Epoch: 4, Iteration: 29, Training Loss: 0.0032, Mean IoU: 0.9323, Mean Accuracy: 0.9966, per Category IOU: [0.99943494 0.86515513]
2024-11-27 14:54:39 - FewShotSeg - INFO - Epoch: 4, Iteration: 30, Training Loss: 0.0037, Mean IoU: 0.9467, Mean Accuracy: 0.9908, per Category IOU: [0.99949714 0.89398734]
2024-11-27 14:54:39 - FewShotSeg - INFO - Epoch: 4, Iteration: 31, Training Loss: 0.0038, Mean IoU: 0.9420, Mean Accuracy: 0.9803, per Category IOU: [0.99961522 0.88438438]
2024-11-27 14:54:40 - FewShotSeg - INFO - Epoch: 4, Iteration: 32, Training Loss: 0.0033, Mean IoU: 0.9202, Mean Accuracy: 0.9835, per Category IOU: [0.99950795 0.84087237]
2024-11-27 14:54:40 - FewShotSeg - INFO - Epoch: 4, Iteration: 33, Training Loss: 0.0039, Mean IoU: 0.9469, Mean Accuracy: 0.9931, per Category IOU: [0.99938648 0.89444205]
2024-11-27 14:54:40 - FewShotSeg - INFO - Epoch: 4, Iteration: 34, Training Loss: 0.0026, Mean IoU: 0.9483, Mean Accuracy: 0.9944, per Category IOU: [0.99955233 0.89712644]
2024-11-27 14:54:40 - FewShotSeg - INFO - Epoch: 4, Iteration: 35, Training Loss: 0.0030, Mean IoU: 0.9677, Mean Accuracy: 0.9922, per Category IOU: [0.99959151 0.93575089]
2024-11-27 14:54:41 - FewShotSeg - INFO - Epoch: 4, Iteration: 36, Training Loss: 0.0028, Mean IoU: 0.9575, Mean Accuracy: 0.9928, per Category IOU: [0.99961224 0.91530055]
2024-11-27 14:54:41 - FewShotSeg - INFO - Epoch: 4, Iteration: 37, Training Loss: 0.0025, Mean IoU: 0.9393, Mean Accuracy: 0.9895, per Category IOU: [0.99959022 0.87896679]
2024-11-27 14:54:41 - FewShotSeg - INFO - Epoch: 4, Iteration: 38, Training Loss: 0.0038, Mean IoU: 0.9401, Mean Accuracy: 0.9863, per Category IOU: [0.99951246 0.88058788]
2024-11-27 14:54:42 - FewShotSeg - INFO - Epoch: 4, Iteration: 39, Training Loss: 0.0034, Mean IoU: 0.9365, Mean Accuracy: 0.9842, per Category IOU: [0.99952762 0.87349398]
2024-11-27 14:56:42 - FewShotSeg - INFO - Epoch : 4, Validation Results - Loss: 0.0033, Mean IoU: 0.9734, Mean Accuracy: 0.9930, per Category IOU: [0.99961001 0.51243324]
2024-11-27 14:56:42 - FewShotSeg - INFO - Epoch: 5
2024-11-27 14:56:43 - FewShotSeg - INFO - Epoch: 5, Iteration: 0, Training Loss: 0.0027, Mean IoU: 0.9482, Mean Accuracy: 0.9969, per Category IOU: [0.99950461 0.89698231]
2024-11-27 14:56:43 - FewShotSeg - INFO - Epoch: 5, Iteration: 1, Training Loss: 0.0024, Mean IoU: 0.9440, Mean Accuracy: 0.9963, per Category IOU: [0.99950228 0.88857783]
2024-11-27 14:56:43 - FewShotSeg - INFO - Epoch: 5, Iteration: 2, Training Loss: 0.0025, Mean IoU: 0.9423, Mean Accuracy: 0.9952, per Category IOU: [0.9995425  0.88505025]
2024-11-27 14:56:44 - FewShotSeg - INFO - Epoch: 5, Iteration: 3, Training Loss: 0.0034, Mean IoU: 0.9161, Mean Accuracy: 0.9947, per Category IOU: [0.99945293 0.83269672]
2024-11-27 14:56:44 - FewShotSeg - INFO - Epoch: 5, Iteration: 4, Training Loss: 0.0036, Mean IoU: 0.9400, Mean Accuracy: 0.9926, per Category IOU: [0.99953254 0.88043478]
2024-11-27 14:56:44 - FewShotSeg - INFO - Epoch: 5, Iteration: 5, Training Loss: 0.0026, Mean IoU: 0.9541, Mean Accuracy: 0.9917, per Category IOU: [0.9996199  0.90865385]
2024-11-27 14:56:44 - FewShotSeg - INFO - Epoch: 5, Iteration: 6, Training Loss: 0.0038, Mean IoU: 0.9414, Mean Accuracy: 0.9883, per Category IOU: [0.99952246 0.88318043]
2024-11-27 14:56:45 - FewShotSeg - INFO - Epoch: 5, Iteration: 7, Training Loss: 0.0024, Mean IoU: 0.9444, Mean Accuracy: 0.9958, per Category IOU: [0.99961767 0.88913043]
2024-11-27 14:56:45 - FewShotSeg - INFO - Epoch: 5, Iteration: 8, Training Loss: 0.0035, Mean IoU: 0.9392, Mean Accuracy: 0.9899, per Category IOU: [0.99948991 0.87893175]
2024-11-27 14:56:45 - FewShotSeg - INFO - Epoch: 5, Iteration: 9, Training Loss: 0.0031, Mean IoU: 0.9196, Mean Accuracy: 0.9937, per Category IOU: [0.99949294 0.83965245]
2024-11-27 14:56:45 - FewShotSeg - INFO - Epoch: 5, Iteration: 10, Training Loss: 0.0041, Mean IoU: 0.9564, Mean Accuracy: 0.9927, per Category IOU: [0.99940083 0.9134685 ]
2024-11-27 14:56:46 - FewShotSeg - INFO - Epoch: 5, Iteration: 11, Training Loss: 0.0033, Mean IoU: 0.9283, Mean Accuracy: 0.9913, per Category IOU: [0.9995153  0.85703758]
2024-11-27 14:56:46 - FewShotSeg - INFO - Epoch: 5, Iteration: 12, Training Loss: 0.0029, Mean IoU: 0.9322, Mean Accuracy: 0.9842, per Category IOU: [0.99957534 0.86475736]
2024-11-27 14:56:46 - FewShotSeg - INFO - Epoch: 5, Iteration: 13, Training Loss: 0.0035, Mean IoU: 0.9494, Mean Accuracy: 0.9800, per Category IOU: [0.99962757 0.89911984]
2024-11-27 14:56:47 - FewShotSeg - INFO - Epoch: 5, Iteration: 14, Training Loss: 0.0027, Mean IoU: 0.9242, Mean Accuracy: 0.9866, per Category IOU: [0.99954043 0.84880855]
2024-11-27 14:56:47 - FewShotSeg - INFO - Epoch: 5, Iteration: 15, Training Loss: 0.0026, Mean IoU: 0.9387, Mean Accuracy: 0.9944, per Category IOU: [0.99959024 0.87779434]
2024-11-27 14:56:47 - FewShotSeg - INFO - Epoch: 5, Iteration: 16, Training Loss: 0.0020, Mean IoU: 0.9438, Mean Accuracy: 0.9939, per Category IOU: [0.99963272 0.88804265]
2024-11-27 14:56:47 - FewShotSeg - INFO - Epoch: 5, Iteration: 17, Training Loss: 0.0027, Mean IoU: 0.9448, Mean Accuracy: 0.9927, per Category IOU: [0.99952485 0.8900463 ]
2024-11-27 14:56:48 - FewShotSeg - INFO - Epoch: 5, Iteration: 18, Training Loss: 0.0038, Mean IoU: 0.9379, Mean Accuracy: 0.9847, per Category IOU: [0.99948995 0.87628866]
2024-11-27 14:56:48 - FewShotSeg - INFO - Epoch: 5, Iteration: 19, Training Loss: 0.0026, Mean IoU: 0.9411, Mean Accuracy: 0.9944, per Category IOU: [0.99960271 0.88257016]
2024-11-27 14:56:48 - FewShotSeg - INFO - Epoch: 5, Iteration: 20, Training Loss: 0.0031, Mean IoU: 0.9522, Mean Accuracy: 0.9917, per Category IOU: [0.99940372 0.9049141 ]
2024-11-27 14:56:49 - FewShotSeg - INFO - Epoch: 5, Iteration: 21, Training Loss: 0.0032, Mean IoU: 0.9158, Mean Accuracy: 0.9889, per Category IOU: [0.9994329  0.83222469]
2024-11-27 14:56:49 - FewShotSeg - INFO - Epoch: 5, Iteration: 22, Training Loss: 0.0030, Mean IoU: 0.9502, Mean Accuracy: 0.9938, per Category IOU: [0.99940135 0.9009942 ]
2024-11-27 14:56:49 - FewShotSeg - INFO - Epoch: 5, Iteration: 23, Training Loss: 0.0025, Mean IoU: 0.9479, Mean Accuracy: 0.9903, per Category IOU: [0.99961257 0.8961126 ]
2024-11-27 14:56:49 - FewShotSeg - INFO - Epoch: 5, Iteration: 24, Training Loss: 0.0039, Mean IoU: 0.9420, Mean Accuracy: 0.9915, per Category IOU: [0.9993566  0.88454627]
2024-11-27 14:56:50 - FewShotSeg - INFO - Epoch: 5, Iteration: 25, Training Loss: 0.0038, Mean IoU: 0.9246, Mean Accuracy: 0.9946, per Category IOU: [0.99936244 0.84982332]
2024-11-27 14:56:50 - FewShotSeg - INFO - Epoch: 5, Iteration: 26, Training Loss: 0.0034, Mean IoU: 0.9486, Mean Accuracy: 0.9921, per Category IOU: [0.99948951 0.89764175]
2024-11-27 14:56:50 - FewShotSeg - INFO - Epoch: 5, Iteration: 27, Training Loss: 0.0031, Mean IoU: 0.9287, Mean Accuracy: 0.9939, per Category IOU: [0.99944008 0.85786802]
2024-11-27 14:56:51 - FewShotSeg - INFO - Epoch: 5, Iteration: 28, Training Loss: 0.0025, Mean IoU: 0.9437, Mean Accuracy: 0.9961, per Category IOU: [0.99944703 0.88793103]
2024-11-27 14:56:51 - FewShotSeg - INFO - Epoch: 5, Iteration: 29, Training Loss: 0.0028, Mean IoU: 0.9544, Mean Accuracy: 0.9951, per Category IOU: [0.99960483 0.90914319]
2024-11-27 14:56:51 - FewShotSeg - INFO - Epoch: 5, Iteration: 30, Training Loss: 0.0026, Mean IoU: 0.9571, Mean Accuracy: 0.9955, per Category IOU: [0.99962984 0.91464821]
2024-11-27 14:56:51 - FewShotSeg - INFO - Epoch: 5, Iteration: 31, Training Loss: 0.0032, Mean IoU: 0.9521, Mean Accuracy: 0.9947, per Category IOU: [0.99948933 0.9046729 ]
2024-11-27 14:56:52 - FewShotSeg - INFO - Epoch: 5, Iteration: 32, Training Loss: 0.0031, Mean IoU: 0.9583, Mean Accuracy: 0.9935, per Category IOU: [0.99961221 0.91697911]
2024-11-27 14:56:52 - FewShotSeg - INFO - Epoch: 5, Iteration: 33, Training Loss: 0.0040, Mean IoU: 0.9322, Mean Accuracy: 0.9915, per Category IOU: [0.99943996 0.86489747]
2024-11-27 14:56:52 - FewShotSeg - INFO - Epoch: 5, Iteration: 34, Training Loss: 0.0025, Mean IoU: 0.9366, Mean Accuracy: 0.9949, per Category IOU: [0.99956522 0.87363834]
2024-11-27 14:56:53 - FewShotSeg - INFO - Epoch: 5, Iteration: 35, Training Loss: 0.0029, Mean IoU: 0.9481, Mean Accuracy: 0.9862, per Category IOU: [0.99965017 0.89660266]
2024-11-27 14:56:53 - FewShotSeg - INFO - Epoch: 5, Iteration: 36, Training Loss: 0.0034, Mean IoU: 0.9351, Mean Accuracy: 0.9838, per Category IOU: [0.99957528 0.87072243]
2024-11-27 14:56:53 - FewShotSeg - INFO - Epoch: 5, Iteration: 37, Training Loss: 0.0035, Mean IoU: 0.9274, Mean Accuracy: 0.9935, per Category IOU: [0.99953285 0.85526316]
2024-11-27 14:56:53 - FewShotSeg - INFO - Epoch: 5, Iteration: 38, Training Loss: 0.0028, Mean IoU: 0.9390, Mean Accuracy: 0.9950, per Category IOU: [0.9994623  0.87846241]
2024-11-27 14:56:54 - FewShotSeg - INFO - Epoch: 5, Iteration: 39, Training Loss: 0.0030, Mean IoU: 0.9210, Mean Accuracy: 0.9948, per Category IOU: [0.99953798 0.84255319]
2024-11-27 14:58:55 - FewShotSeg - INFO - Epoch : 5, Validation Results - Loss: 0.0031, Mean IoU: 0.9729, Mean Accuracy: 0.9938, per Category IOU: [0.99959887 0.51139904]
2024-11-27 14:58:55 - FewShotSeg - INFO - Epoch: 6
2024-11-27 14:58:55 - FewShotSeg - INFO - Epoch: 6, Iteration: 0, Training Loss: 0.0036, Mean IoU: 0.9216, Mean Accuracy: 0.9921, per Category IOU: [0.99952295 0.84369885]
2024-11-27 14:58:55 - FewShotSeg - INFO - Epoch: 6, Iteration: 1, Training Loss: 0.0025, Mean IoU: 0.9446, Mean Accuracy: 0.9907, per Category IOU: [0.99958507 0.88962766]
2024-11-27 14:58:55 - FewShotSeg - INFO - Epoch: 6, Iteration: 2, Training Loss: 0.0040, Mean IoU: 0.8935, Mean Accuracy: 0.9953, per Category IOU: [0.99930565 0.78762414]
2024-11-27 14:58:56 - FewShotSeg - INFO - Epoch: 6, Iteration: 3, Training Loss: 0.0030, Mean IoU: 0.9215, Mean Accuracy: 0.9834, per Category IOU: [0.99953547 0.84343434]
2024-11-27 14:58:56 - FewShotSeg - INFO - Epoch: 6, Iteration: 4, Training Loss: 0.0037, Mean IoU: 0.9395, Mean Accuracy: 0.9879, per Category IOU: [0.99942461 0.87964417]
2024-11-27 14:58:56 - FewShotSeg - INFO - Epoch: 6, Iteration: 5, Training Loss: 0.0033, Mean IoU: 0.9376, Mean Accuracy: 0.9937, per Category IOU: [0.99951003 0.87563452]
2024-11-27 14:58:57 - FewShotSeg - INFO - Epoch: 6, Iteration: 6, Training Loss: 0.0028, Mean IoU: 0.9485, Mean Accuracy: 0.9961, per Category IOU: [0.99945934 0.89758179]
2024-11-27 14:58:57 - FewShotSeg - INFO - Epoch: 6, Iteration: 7, Training Loss: 0.0032, Mean IoU: 0.9470, Mean Accuracy: 0.9915, per Category IOU: [0.99958249 0.89443742]
2024-11-27 14:58:57 - FewShotSeg - INFO - Epoch: 6, Iteration: 8, Training Loss: 0.0024, Mean IoU: 0.9509, Mean Accuracy: 0.9922, per Category IOU: [0.99965261 0.90211268]
2024-11-27 14:58:57 - FewShotSeg - INFO - Epoch: 6, Iteration: 9, Training Loss: 0.0035, Mean IoU: 0.9315, Mean Accuracy: 0.9843, per Category IOU: [0.99953026 0.86337209]
2024-11-27 14:58:58 - FewShotSeg - INFO - Epoch: 6, Iteration: 10, Training Loss: 0.0025, Mean IoU: 0.9332, Mean Accuracy: 0.9883, per Category IOU: [0.99954525 0.86676428]
2024-11-27 14:58:58 - FewShotSeg - INFO - Epoch: 6, Iteration: 11, Training Loss: 0.0026, Mean IoU: 0.9479, Mean Accuracy: 0.9943, per Category IOU: [0.99961006 0.8962766 ]
2024-11-27 14:58:58 - FewShotSeg - INFO - Epoch: 6, Iteration: 12, Training Loss: 0.0023, Mean IoU: 0.9410, Mean Accuracy: 0.9936, per Category IOU: [0.99960271 0.88239645]
2024-11-27 14:58:59 - FewShotSeg - INFO - Epoch: 6, Iteration: 13, Training Loss: 0.0034, Mean IoU: 0.9439, Mean Accuracy: 0.9942, per Category IOU: [0.99938163 0.88848758]
2024-11-27 14:58:59 - FewShotSeg - INFO - Epoch: 6, Iteration: 14, Training Loss: 0.0034, Mean IoU: 0.9408, Mean Accuracy: 0.9940, per Category IOU: [0.99938936 0.8821256 ]
2024-11-27 14:58:59 - FewShotSeg - INFO - Epoch: 6, Iteration: 15, Training Loss: 0.0033, Mean IoU: 0.9522, Mean Accuracy: 0.9918, per Category IOU: [0.99948177 0.90491502]
2024-11-27 14:58:59 - FewShotSeg - INFO - Epoch: 6, Iteration: 16, Training Loss: 0.0027, Mean IoU: 0.9276, Mean Accuracy: 0.9940, per Category IOU: [0.99949526 0.85571429]
2024-11-27 14:59:00 - FewShotSeg - INFO - Epoch: 6, Iteration: 17, Training Loss: 0.0029, Mean IoU: 0.9590, Mean Accuracy: 0.9927, per Category IOU: [0.99947122 0.91846986]
2024-11-27 14:59:00 - FewShotSeg - INFO - Epoch: 6, Iteration: 18, Training Loss: 0.0024, Mean IoU: 0.9453, Mean Accuracy: 0.9906, per Category IOU: [0.99965775 0.89092357]
2024-11-27 14:59:00 - FewShotSeg - INFO - Epoch: 6, Iteration: 19, Training Loss: 0.0020, Mean IoU: 0.9632, Mean Accuracy: 0.9954, per Category IOU: [0.99969239 0.92665474]
2024-11-27 14:59:01 - FewShotSeg - INFO - Epoch: 6, Iteration: 20, Training Loss: 0.0034, Mean IoU: 0.9308, Mean Accuracy: 0.9938, per Category IOU: [0.9995027  0.86218837]
2024-11-27 14:59:01 - FewShotSeg - INFO - Epoch: 6, Iteration: 21, Training Loss: 0.0022, Mean IoU: 0.9523, Mean Accuracy: 0.9980, per Category IOU: [0.99956473 0.90507365]
2024-11-27 14:59:01 - FewShotSeg - INFO - Epoch: 6, Iteration: 22, Training Loss: 0.0035, Mean IoU: 0.9269, Mean Accuracy: 0.9899, per Category IOU: [0.99938244 0.85436321]
2024-11-27 14:59:01 - FewShotSeg - INFO - Epoch: 6, Iteration: 23, Training Loss: 0.0031, Mean IoU: 0.9460, Mean Accuracy: 0.9929, per Category IOU: [0.99939157 0.89262042]
2024-11-27 14:59:02 - FewShotSeg - INFO - Epoch: 6, Iteration: 24, Training Loss: 0.0027, Mean IoU: 0.9610, Mean Accuracy: 0.9928, per Category IOU: [0.99955673 0.92240246]
2024-11-27 14:59:02 - FewShotSeg - INFO - Epoch: 6, Iteration: 25, Training Loss: 0.0025, Mean IoU: 0.9417, Mean Accuracy: 0.9886, per Category IOU: [0.99954252 0.88395688]
2024-11-27 14:59:02 - FewShotSeg - INFO - Epoch: 6, Iteration: 26, Training Loss: 0.0022, Mean IoU: 0.9371, Mean Accuracy: 0.9972, per Category IOU: [0.99950503 0.87476281]
2024-11-27 14:59:02 - FewShotSeg - INFO - Epoch: 6, Iteration: 27, Training Loss: 0.0048, Mean IoU: 0.9154, Mean Accuracy: 0.9936, per Category IOU: [0.9993477 0.8315042]
2024-11-27 14:59:03 - FewShotSeg - INFO - Epoch: 6, Iteration: 28, Training Loss: 0.0024, Mean IoU: 0.9477, Mean Accuracy: 0.9935, per Category IOU: [0.99954733 0.89591719]
2024-11-27 14:59:03 - FewShotSeg - INFO - Epoch: 6, Iteration: 29, Training Loss: 0.0019, Mean IoU: 0.9620, Mean Accuracy: 0.9932, per Category IOU: [0.99975764 0.9241595 ]
2024-11-27 14:59:03 - FewShotSeg - INFO - Epoch: 6, Iteration: 30, Training Loss: 0.0039, Mean IoU: 0.9394, Mean Accuracy: 0.9926, per Category IOU: [0.99945727 0.87931034]
2024-11-27 14:59:04 - FewShotSeg - INFO - Epoch: 6, Iteration: 31, Training Loss: 0.0033, Mean IoU: 0.9469, Mean Accuracy: 0.9890, per Category IOU: [0.99955991 0.89423077]
2024-11-27 14:59:04 - FewShotSeg - INFO - Epoch: 6, Iteration: 32, Training Loss: 0.0028, Mean IoU: 0.9297, Mean Accuracy: 0.9924, per Category IOU: [0.99953781 0.85995458]
2024-11-27 14:59:04 - FewShotSeg - INFO - Epoch: 6, Iteration: 33, Training Loss: 0.0023, Mean IoU: 0.9406, Mean Accuracy: 0.9961, per Category IOU: [0.99959771 0.88161765]
2024-11-27 14:59:04 - FewShotSeg - INFO - Epoch: 6, Iteration: 34, Training Loss: 0.0023, Mean IoU: 0.9496, Mean Accuracy: 0.9954, per Category IOU: [0.99965766 0.89948643]
2024-11-27 14:59:05 - FewShotSeg - INFO - Epoch: 6, Iteration: 35, Training Loss: 0.0034, Mean IoU: 0.9350, Mean Accuracy: 0.9915, per Category IOU: [0.9994248 0.8704955]
2024-11-27 14:59:05 - FewShotSeg - INFO - Epoch: 6, Iteration: 36, Training Loss: 0.0026, Mean IoU: 0.9412, Mean Accuracy: 0.9933, per Category IOU: [0.99954253 0.88276746]
2024-11-27 14:59:05 - FewShotSeg - INFO - Epoch: 6, Iteration: 37, Training Loss: 0.0032, Mean IoU: 0.9397, Mean Accuracy: 0.9950, per Category IOU: [0.99949993 0.87995198]
2024-11-27 14:59:06 - FewShotSeg - INFO - Epoch: 6, Iteration: 38, Training Loss: 0.0032, Mean IoU: 0.9344, Mean Accuracy: 0.9943, per Category IOU: [0.99945745 0.86927711]
2024-11-27 14:59:06 - FewShotSeg - INFO - Epoch: 6, Iteration: 39, Training Loss: 0.0026, Mean IoU: 0.9334, Mean Accuracy: 0.9953, per Category IOU: [0.99939725 0.86736379]
