2024-11-28 12:57:27 - FewShotSeg - INFO - Config Options:
{
    "_VERSION": "205",
    "_EPOCHS": 50,
    "_N_SHOTS": 2,
    "_N_INSTANCE": 1,
    "_MODEL_SAVE": true,
    "_MODEL_VERSION": "nvidia/mit-b5",
    "_MODEL_VERSION_SAVE": "mit-b5",
    "_BATCH_SIZE": 2,
    "_DEVICE": "cuda:1"
}
2024-11-28 12:57:33 - FewShotSeg - INFO - Epoch: 0
2024-11-28 12:57:33 - FewShotSeg - INFO - Epoch: 0, Iteration: 0, Training Loss: 0.6962, Mean IoU: 0.2505, Mean Accuracy: 0.6561, per Category IOU: [0.49511494 0.00594304]
2024-11-28 12:57:34 - FewShotSeg - INFO - Epoch: 0, Iteration: 1, Training Loss: 0.6037, Mean IoU: 0.4446, Mean Accuracy: 0.4516, per Category IOU: [8.88934563e-01 3.13936540e-04]
2024-11-28 12:57:34 - FewShotSeg - INFO - Epoch: 0, Iteration: 2, Training Loss: 0.5065, Mean IoU: 0.4973, Mean Accuracy: 0.5088, per Category IOU: [0.98538946 0.0091247 ]
2024-11-28 12:57:34 - FewShotSeg - INFO - Epoch: 0, Iteration: 3, Training Loss: 0.4331, Mean IoU: 0.4949, Mean Accuracy: 0.4968, per Category IOU: [0.98986069 0.        ]
2024-11-28 12:58:29 - FewShotSeg - INFO - Epoch : 0, Validation Results - Loss: 0.3660, Mean IoU: 0.5035, Mean Accuracy: 0.7175, per Category IOU: [0.99501853 0.00116568]
2024-11-28 12:58:29 - FewShotSeg - INFO - Model saved!
2024-11-28 12:58:29 - FewShotSeg - INFO - Epoch: 1
2024-11-28 12:58:30 - FewShotSeg - INFO - Epoch: 1, Iteration: 0, Training Loss: 0.3588, Mean IoU: 0.4978, Mean Accuracy: 0.4996, per Category IOU: [0.99552077 0.        ]
2024-11-28 12:58:30 - FewShotSeg - INFO - Epoch: 1, Iteration: 1, Training Loss: 0.2965, Mean IoU: 0.4986, Mean Accuracy: 0.4999, per Category IOU: [0.99722477 0.        ]
2024-11-28 12:58:31 - FewShotSeg - INFO - Epoch: 1, Iteration: 2, Training Loss: 0.2730, Mean IoU: 0.4979, Mean Accuracy: 0.5000, per Category IOU: [0.99588449 0.        ]
2024-11-28 12:58:31 - FewShotSeg - INFO - Epoch: 1, Iteration: 3, Training Loss: 0.2420, Mean IoU: 0.4975, Mean Accuracy: 0.4999, per Category IOU: [0.99494031 0.        ]
2024-11-28 12:59:26 - FewShotSeg - INFO - Epoch : 1, Validation Results - Loss: 0.2218, Mean IoU: 0.5850, Mean Accuracy: 0.7174, per Category IOU: [9.95856359e-01 1.66227724e-04]
2024-11-28 12:59:26 - FewShotSeg - INFO - Model saved!
2024-11-28 12:59:26 - FewShotSeg - INFO - Epoch: 2
2024-11-28 12:59:26 - FewShotSeg - INFO - Epoch: 2, Iteration: 0, Training Loss: 0.2234, Mean IoU: 0.4985, Mean Accuracy: 0.5000, per Category IOU: [0.99697565 0.        ]
2024-11-28 12:59:27 - FewShotSeg - INFO - Epoch: 2, Iteration: 1, Training Loss: 0.1836, Mean IoU: 0.4974, Mean Accuracy: 0.5000, per Category IOU: [0.99487803 0.        ]
2024-11-28 12:59:27 - FewShotSeg - INFO - Epoch: 2, Iteration: 2, Training Loss: 0.1588, Mean IoU: 0.4978, Mean Accuracy: 0.5000, per Category IOU: [0.9956827 0.       ]
2024-11-28 12:59:28 - FewShotSeg - INFO - Epoch: 2, Iteration: 3, Training Loss: 0.1590, Mean IoU: 0.4986, Mean Accuracy: 0.5000, per Category IOU: [0.99712263 0.        ]
2024-11-28 13:00:23 - FewShotSeg - INFO - Epoch : 2, Validation Results - Loss: 0.1626, Mean IoU: 0.6610, Mean Accuracy: 0.7174, per Category IOU: [9.95914463e-01 3.26086957e-07]
2024-11-28 13:00:23 - FewShotSeg - INFO - Model saved!
2024-11-28 13:00:23 - FewShotSeg - INFO - Epoch: 3
2024-11-28 13:00:23 - FewShotSeg - INFO - Epoch: 3, Iteration: 0, Training Loss: 0.1544, Mean IoU: 0.4980, Mean Accuracy: 0.5000, per Category IOU: [0.99592933 0.        ]
2024-11-28 13:00:24 - FewShotSeg - INFO - Epoch: 3, Iteration: 1, Training Loss: 0.1175, Mean IoU: 0.4983, Mean Accuracy: 0.5000, per Category IOU: [0.99667172 0.        ]
2024-11-28 13:00:24 - FewShotSeg - INFO - Epoch: 3, Iteration: 2, Training Loss: 0.1500, Mean IoU: 0.4975, Mean Accuracy: 0.5000, per Category IOU: [0.99495028 0.        ]
2024-11-28 13:00:25 - FewShotSeg - INFO - Epoch: 3, Iteration: 3, Training Loss: 0.0983, Mean IoU: 0.4986, Mean Accuracy: 0.5000, per Category IOU: [0.99712761 0.        ]
2024-11-28 13:01:19 - FewShotSeg - INFO - Epoch : 3, Validation Results - Loss: 0.1355, Mean IoU: 0.6828, Mean Accuracy: 0.7174, per Category IOU: [9.95934514e-01 5.08585875e-05]
2024-11-28 13:01:20 - FewShotSeg - INFO - Model saved!
2024-11-28 13:01:20 - FewShotSeg - INFO - Epoch: 4
2024-11-28 13:01:20 - FewShotSeg - INFO - Epoch: 4, Iteration: 0, Training Loss: 0.1180, Mean IoU: 0.4980, Mean Accuracy: 0.5000, per Category IOU: [0.99592933 0.        ]
2024-11-28 13:01:21 - FewShotSeg - INFO - Epoch: 4, Iteration: 1, Training Loss: 0.0900, Mean IoU: 0.4983, Mean Accuracy: 0.5000, per Category IOU: [0.99667172 0.        ]
2024-11-28 13:01:21 - FewShotSeg - INFO - Epoch: 4, Iteration: 2, Training Loss: 0.1163, Mean IoU: 0.4973, Mean Accuracy: 0.5000, per Category IOU: [0.9945168 0.       ]
2024-11-28 13:01:21 - FewShotSeg - INFO - Epoch: 4, Iteration: 3, Training Loss: 0.0774, Mean IoU: 0.5331, Mean Accuracy: 0.5342, per Category IOU: [0.99772762 0.06843718]
2024-11-28 13:02:16 - FewShotSeg - INFO - Epoch : 4, Validation Results - Loss: 0.1129, Mean IoU: 0.6914, Mean Accuracy: 0.7178, per Category IOU: [9.95949958e-01 9.12935447e-04]
2024-11-28 13:02:17 - FewShotSeg - INFO - Model saved!
2024-11-28 13:02:17 - FewShotSeg - INFO - Epoch: 5
2024-11-28 13:02:17 - FewShotSeg - INFO - Epoch: 5, Iteration: 0, Training Loss: 0.0650, Mean IoU: 0.5824, Mean Accuracy: 0.5837, per Category IOU: [0.99739779 0.16746411]
2024-11-28 13:02:17 - FewShotSeg - INFO - Epoch: 5, Iteration: 1, Training Loss: 0.0844, Mean IoU: 0.6076, Mean Accuracy: 0.6092, per Category IOU: [0.99681587 0.21848225]
2024-11-28 13:02:18 - FewShotSeg - INFO - Epoch: 5, Iteration: 2, Training Loss: 0.0925, Mean IoU: 0.5399, Mean Accuracy: 0.5422, per Category IOU: [0.99532693 0.08447266]
2024-11-28 13:02:18 - FewShotSeg - INFO - Epoch: 5, Iteration: 3, Training Loss: 0.0541, Mean IoU: 0.8124, Mean Accuracy: 0.8130, per Category IOU: [0.99886684 0.62602965]
2024-11-28 13:03:13 - FewShotSeg - INFO - Epoch : 5, Validation Results - Loss: 0.0887, Mean IoU: 0.6953, Mean Accuracy: 0.7461, per Category IOU: [0.99641887 0.05722657]
2024-11-28 13:03:13 - FewShotSeg - INFO - Model saved!
2024-11-28 13:03:13 - FewShotSeg - INFO - Epoch: 6
2024-11-28 13:03:14 - FewShotSeg - INFO - Epoch: 6, Iteration: 0, Training Loss: 0.0503, Mean IoU: 0.8674, Mean Accuracy: 0.8680, per Category IOU: [0.99892306 0.73590686]
2024-11-28 13:03:14 - FewShotSeg - INFO - Epoch: 6, Iteration: 1, Training Loss: 0.0520, Mean IoU: 0.7391, Mean Accuracy: 0.7398, per Category IOU: [0.9985007  0.47965368]
2024-11-28 13:03:15 - FewShotSeg - INFO - Epoch: 6, Iteration: 2, Training Loss: 0.0429, Mean IoU: 0.8183, Mean Accuracy: 0.8288, per Category IOU: [0.99877416 0.6379056 ]
2024-11-28 13:03:15 - FewShotSeg - INFO - Epoch: 6, Iteration: 3, Training Loss: 0.0632, Mean IoU: 0.6967, Mean Accuracy: 0.6982, per Category IOU: [0.9969146  0.39648438]
2024-11-28 13:04:10 - FewShotSeg - INFO - Epoch : 6, Validation Results - Loss: 0.0667, Mean IoU: 0.7639, Mean Accuracy: 0.8174, per Category IOU: [0.99751748 0.19874903]
2024-11-28 13:04:10 - FewShotSeg - INFO - Model saved!
2024-11-28 13:04:10 - FewShotSeg - INFO - Epoch: 7
2024-11-28 13:04:11 - FewShotSeg - INFO - Epoch: 7, Iteration: 0, Training Loss: 0.0334, Mean IoU: 0.8763, Mean Accuracy: 0.9125, per Category IOU: [0.99918083 0.75338346]
2024-11-28 13:04:11 - FewShotSeg - INFO - Epoch: 7, Iteration: 1, Training Loss: 0.0242, Mean IoU: 0.9055, Mean Accuracy: 0.9070, per Category IOU: [0.9995282 0.8115653]
2024-11-28 13:04:11 - FewShotSeg - INFO - Epoch: 7, Iteration: 2, Training Loss: 0.0625, Mean IoU: 0.7426, Mean Accuracy: 0.7440, per Category IOU: [0.99718235 0.48797095]
2024-11-28 13:04:12 - FewShotSeg - INFO - Epoch: 7, Iteration: 3, Training Loss: 0.0296, Mean IoU: 0.9037, Mean Accuracy: 0.9122, per Category IOU: [0.99915246 0.80825792]
2024-11-28 13:05:07 - FewShotSeg - INFO - Epoch : 7, Validation Results - Loss: 0.0501, Mean IoU: 0.8207, Mean Accuracy: 0.8748, per Category IOU: [0.9982999  0.31161287]
2024-11-28 13:05:07 - FewShotSeg - INFO - Model saved!
2024-11-28 13:05:07 - FewShotSeg - INFO - Epoch: 8
2024-11-28 13:05:07 - FewShotSeg - INFO - Epoch: 8, Iteration: 0, Training Loss: 0.0439, Mean IoU: 0.8230, Mean Accuracy: 0.8318, per Category IOU: [0.99801474 0.64789357]
2024-11-28 13:05:08 - FewShotSeg - INFO - Epoch: 8, Iteration: 1, Training Loss: 0.0168, Mean IoU: 0.9409, Mean Accuracy: 0.9487, per Category IOU: [0.99960021 0.88226637]
2024-11-28 13:05:08 - FewShotSeg - INFO - Epoch: 8, Iteration: 2, Training Loss: 0.0269, Mean IoU: 0.9272, Mean Accuracy: 0.9333, per Category IOU: [0.99957543 0.85482494]
2024-11-28 13:05:09 - FewShotSeg - INFO - Epoch: 8, Iteration: 3, Training Loss: 0.0262, Mean IoU: 0.8821, Mean Accuracy: 0.9254, per Category IOU: [0.9990479  0.76510481]
2024-11-28 13:06:03 - FewShotSeg - INFO - Epoch : 8, Validation Results - Loss: 0.0386, Mean IoU: 0.8486, Mean Accuracy: 0.9119, per Category IOU: [0.99877454 0.383275  ]
2024-11-28 13:06:04 - FewShotSeg - INFO - Model saved!
2024-11-28 13:06:04 - FewShotSeg - INFO - Epoch: 9
2024-11-28 13:06:04 - FewShotSeg - INFO - Epoch: 9, Iteration: 0, Training Loss: 0.0330, Mean IoU: 0.8907, Mean Accuracy: 0.8962, per Category IOU: [0.99891709 0.78252135]
2024-11-28 13:06:05 - FewShotSeg - INFO - Epoch: 9, Iteration: 1, Training Loss: 0.0218, Mean IoU: 0.9500, Mean Accuracy: 0.9711, per Category IOU: [0.99963759 0.90034364]
2024-11-28 13:06:05 - FewShotSeg - INFO - Epoch: 9, Iteration: 2, Training Loss: 0.0165, Mean IoU: 0.9276, Mean Accuracy: 0.9448, per Category IOU: [0.99944513 0.8556567 ]
2024-11-28 13:06:05 - FewShotSeg - INFO - Epoch: 9, Iteration: 3, Training Loss: 0.0161, Mean IoU: 0.9194, Mean Accuracy: 0.9667, per Category IOU: [0.99941276 0.83937116]
2024-11-28 13:07:00 - FewShotSeg - INFO - Epoch : 9, Validation Results - Loss: 0.0306, Mean IoU: 0.8808, Mean Accuracy: 0.9339, per Category IOU: [0.99906029 0.4255131 ]
2024-11-28 13:07:01 - FewShotSeg - INFO - Model saved!
2024-11-28 13:07:01 - FewShotSeg - INFO - Epoch: 10
2024-11-28 13:07:01 - FewShotSeg - INFO - Epoch: 10, Iteration: 0, Training Loss: 0.0112, Mean IoU: 0.9525, Mean Accuracy: 0.9873, per Category IOU: [0.99968516 0.90526316]
2024-11-28 13:07:01 - FewShotSeg - INFO - Epoch: 10, Iteration: 1, Training Loss: 0.0168, Mean IoU: 0.9553, Mean Accuracy: 0.9704, per Category IOU: [0.9996575  0.91103896]
2024-11-28 13:07:02 - FewShotSeg - INFO - Epoch: 10, Iteration: 2, Training Loss: 0.0148, Mean IoU: 0.9235, Mean Accuracy: 0.9652, per Category IOU: [0.99959051 0.84744186]
2024-11-28 13:07:02 - FewShotSeg - INFO - Epoch: 10, Iteration: 3, Training Loss: 0.0224, Mean IoU: 0.9404, Mean Accuracy: 0.9533, per Category IOU: [0.99925349 0.88151093]
2024-11-28 13:07:57 - FewShotSeg - INFO - Epoch : 10, Validation Results - Loss: 0.0253, Mean IoU: 0.9093, Mean Accuracy: 0.9465, per Category IOU: [0.99923346 0.44973231]
2024-11-28 13:07:57 - FewShotSeg - INFO - Model saved!
2024-11-28 13:07:57 - FewShotSeg - INFO - Epoch: 11
2024-11-28 13:07:58 - FewShotSeg - INFO - Epoch: 11, Iteration: 0, Training Loss: 0.0109, Mean IoU: 0.9339, Mean Accuracy: 0.9749, per Category IOU: [0.99961788 0.86821705]
2024-11-28 13:07:58 - FewShotSeg - INFO - Epoch: 11, Iteration: 1, Training Loss: 0.0118, Mean IoU: 0.9393, Mean Accuracy: 0.9641, per Category IOU: [0.99944722 0.87923497]
2024-11-28 13:07:58 - FewShotSeg - INFO - Epoch: 11, Iteration: 2, Training Loss: 0.0133, Mean IoU: 0.9553, Mean Accuracy: 0.9851, per Category IOU: [0.99967005 0.91087103]
2024-11-28 13:07:59 - FewShotSeg - INFO - Epoch: 11, Iteration: 3, Training Loss: 0.0167, Mean IoU: 0.9521, Mean Accuracy: 0.9679, per Category IOU: [0.99951448 0.90462144]
2024-11-28 13:08:54 - FewShotSeg - INFO - Epoch : 11, Validation Results - Loss: 0.0214, Mean IoU: 0.9311, Mean Accuracy: 0.9550, per Category IOU: [0.99934609 0.4660449 ]
2024-11-28 13:08:54 - FewShotSeg - INFO - Model saved!
2024-11-28 13:08:54 - FewShotSeg - INFO - Epoch: 12
2024-11-28 13:08:54 - FewShotSeg - INFO - Epoch: 12, Iteration: 0, Training Loss: 0.0154, Mean IoU: 0.9543, Mean Accuracy: 0.9771, per Category IOU: [0.99947409 0.90913025]
2024-11-28 13:08:55 - FewShotSeg - INFO - Epoch: 12, Iteration: 1, Training Loss: 0.0090, Mean IoU: 0.9483, Mean Accuracy: 0.9784, per Category IOU: [0.99965518 0.89686099]
2024-11-28 13:08:55 - FewShotSeg - INFO - Epoch: 12, Iteration: 2, Training Loss: 0.0107, Mean IoU: 0.9278, Mean Accuracy: 0.9696, per Category IOU: [0.99942505 0.85625   ]
2024-11-28 13:08:56 - FewShotSeg - INFO - Epoch: 12, Iteration: 3, Training Loss: 0.0092, Mean IoU: 0.9560, Mean Accuracy: 0.9833, per Category IOU: [0.99971265 0.9122807 ]
2024-11-28 13:09:51 - FewShotSeg - INFO - Epoch : 12, Validation Results - Loss: 0.0184, Mean IoU: 0.9476, Mean Accuracy: 0.9614, per Category IOU: [0.99942146 0.47735661]
2024-11-28 13:09:51 - FewShotSeg - INFO - Model saved!
2024-11-28 13:09:51 - FewShotSeg - INFO - Epoch: 13
2024-11-28 13:09:51 - FewShotSeg - INFO - Epoch: 13, Iteration: 0, Training Loss: 0.0108, Mean IoU: 0.9488, Mean Accuracy: 0.9772, per Category IOU: [0.99955733 0.89810017]
2024-11-28 13:09:52 - FewShotSeg - INFO - Epoch: 13, Iteration: 1, Training Loss: 0.0117, Mean IoU: 0.9604, Mean Accuracy: 0.9771, per Category IOU: [0.99952907 0.921174  ]
2024-11-28 13:09:52 - FewShotSeg - INFO - Epoch: 13, Iteration: 2, Training Loss: 0.0084, Mean IoU: 0.9316, Mean Accuracy: 0.9874, per Category IOU: [0.99953276 0.86360321]
2024-11-28 13:09:52 - FewShotSeg - INFO - Epoch: 13, Iteration: 3, Training Loss: 0.0062, Mean IoU: 0.9408, Mean Accuracy: 0.9854, per Category IOU: [0.99967535 0.88192552]
2024-11-28 13:10:47 - FewShotSeg - INFO - Epoch : 13, Validation Results - Loss: 0.0162, Mean IoU: 0.9595, Mean Accuracy: 0.9656, per Category IOU: [0.99946908 0.4847906 ]
2024-11-28 13:10:48 - FewShotSeg - INFO - Model saved!
2024-11-28 13:10:48 - FewShotSeg - INFO - Epoch: 14
2024-11-28 13:10:48 - FewShotSeg - INFO - Epoch: 14, Iteration: 0, Training Loss: 0.0086, Mean IoU: 0.9584, Mean Accuracy: 0.9821, per Category IOU: [0.99967498 0.91709184]
2024-11-28 13:10:49 - FewShotSeg - INFO - Epoch: 14, Iteration: 1, Training Loss: 0.0058, Mean IoU: 0.9404, Mean Accuracy: 0.9854, per Category IOU: [0.99967286 0.88112523]
2024-11-28 13:10:49 - FewShotSeg - INFO - Epoch: 14, Iteration: 2, Training Loss: 0.0073, Mean IoU: 0.9309, Mean Accuracy: 0.9874, per Category IOU: [0.99952776 0.86234523]
2024-11-28 13:10:49 - FewShotSeg - INFO - Epoch: 14, Iteration: 3, Training Loss: 0.0097, Mean IoU: 0.9567, Mean Accuracy: 0.9796, per Category IOU: [0.9994462  0.91390728]
2024-11-28 13:11:44 - FewShotSeg - INFO - Epoch : 14, Validation Results - Loss: 0.0146, Mean IoU: 0.9617, Mean Accuracy: 0.9682, per Category IOU: [0.99949643 0.48911088]
2024-11-28 13:11:45 - FewShotSeg - INFO - Model saved!
2024-11-28 13:11:45 - FewShotSeg - INFO - Epoch: 15
2024-11-28 13:11:45 - FewShotSeg - INFO - Epoch: 15, Iteration: 0, Training Loss: 0.0053, Mean IoU: 0.9397, Mean Accuracy: 0.9859, per Category IOU: [0.99966786 0.87963801]
2024-11-28 13:11:46 - FewShotSeg - INFO - Epoch: 15, Iteration: 1, Training Loss: 0.0073, Mean IoU: 0.9509, Mean Accuracy: 0.9905, per Category IOU: [0.99963004 0.9021164 ]
2024-11-28 13:11:46 - FewShotSeg - INFO - Epoch: 15, Iteration: 2, Training Loss: 0.0068, Mean IoU: 0.9361, Mean Accuracy: 0.9820, per Category IOU: [0.9994875  0.87274984]
2024-11-28 13:11:46 - FewShotSeg - INFO - Epoch: 15, Iteration: 3, Training Loss: 0.0083, Mean IoU: 0.9622, Mean Accuracy: 0.9810, per Category IOU: [0.99954909 0.92484342]
2024-11-28 13:12:41 - FewShotSeg - INFO - Epoch : 15, Validation Results - Loss: 0.0134, Mean IoU: 0.9634, Mean Accuracy: 0.9702, per Category IOU: [0.9995175  0.49247025]
2024-11-28 13:12:42 - FewShotSeg - INFO - Model saved!
2024-11-28 13:12:42 - FewShotSeg - INFO - Epoch: 16
2024-11-28 13:12:42 - FewShotSeg - INFO - Epoch: 16, Iteration: 0, Training Loss: 0.0064, Mean IoU: 0.9393, Mean Accuracy: 0.9805, per Category IOU: [0.99956516 0.87899861]
2024-11-28 13:12:43 - FewShotSeg - INFO - Epoch: 16, Iteration: 1, Training Loss: 0.0070, Mean IoU: 0.9599, Mean Accuracy: 0.9842, per Category IOU: [0.99956938 0.92022263]
2024-11-28 13:12:43 - FewShotSeg - INFO - Epoch: 16, Iteration: 2, Training Loss: 0.0067, Mean IoU: 0.9495, Mean Accuracy: 0.9834, per Category IOU: [0.99968773 0.89935588]
2024-11-28 13:12:43 - FewShotSeg - INFO - Epoch: 16, Iteration: 3, Training Loss: 0.0051, Mean IoU: 0.9435, Mean Accuracy: 0.9906, per Category IOU: [0.99949225 0.88753463]
2024-11-28 13:13:38 - FewShotSeg - INFO - Epoch : 16, Validation Results - Loss: 0.0124, Mean IoU: 0.9649, Mean Accuracy: 0.9721, per Category IOU: [0.99953683 0.49557574]
2024-11-28 13:13:39 - FewShotSeg - INFO - Model saved!
2024-11-28 13:13:39 - FewShotSeg - INFO - Epoch: 17
2024-11-28 13:13:39 - FewShotSeg - INFO - Epoch: 17, Iteration: 0, Training Loss: 0.0060, Mean IoU: 0.9501, Mean Accuracy: 0.9916, per Category IOU: [0.99962254 0.90052701]
2024-11-28 13:13:39 - FewShotSeg - INFO - Epoch: 17, Iteration: 1, Training Loss: 0.0071, Mean IoU: 0.9605, Mean Accuracy: 0.9853, per Category IOU: [0.99949378 0.92158385]
2024-11-28 13:13:40 - FewShotSeg - INFO - Epoch: 17, Iteration: 2, Training Loss: 0.0043, Mean IoU: 0.9365, Mean Accuracy: 0.9859, per Category IOU: [0.99964788 0.87331536]
2024-11-28 13:13:40 - FewShotSeg - INFO - Epoch: 17, Iteration: 3, Training Loss: 0.0056, Mean IoU: 0.9405, Mean Accuracy: 0.9827, per Category IOU: [0.99957265 0.88133241]
2024-11-28 13:14:35 - FewShotSeg - INFO - Epoch : 17, Validation Results - Loss: 0.0116, Mean IoU: 0.9662, Mean Accuracy: 0.9735, per Category IOU: [0.99955177 0.49800417]
2024-11-28 13:14:36 - FewShotSeg - INFO - Model saved!
2024-11-28 13:14:36 - FewShotSeg - INFO - Epoch: 18
2024-11-28 13:14:36 - FewShotSeg - INFO - Epoch: 18, Iteration: 0, Training Loss: 0.0057, Mean IoU: 0.9248, Mean Accuracy: 0.9804, per Category IOU: [0.99958548 0.85004517]
2024-11-28 13:14:36 - FewShotSeg - INFO - Epoch: 18, Iteration: 1, Training Loss: 0.0045, Mean IoU: 0.9471, Mean Accuracy: 0.9904, per Category IOU: [0.99956994 0.89467238]
2024-11-28 13:14:37 - FewShotSeg - INFO - Epoch: 18, Iteration: 2, Training Loss: 0.0056, Mean IoU: 0.9618, Mean Accuracy: 0.9872, per Category IOU: [0.9995894  0.92407407]
2024-11-28 13:14:37 - FewShotSeg - INFO - Epoch: 18, Iteration: 3, Training Loss: 0.0054, Mean IoU: 0.9521, Mean Accuracy: 0.9870, per Category IOU: [0.99957981 0.90454545]
2024-11-28 13:15:32 - FewShotSeg - INFO - Epoch : 18, Validation Results - Loss: 0.0109, Mean IoU: 0.9671, Mean Accuracy: 0.9747, per Category IOU: [0.99956399 0.4999532 ]
2024-11-28 13:15:32 - FewShotSeg - INFO - Model saved!
2024-11-28 13:15:32 - FewShotSeg - INFO - Epoch: 19
2024-11-28 13:15:33 - FewShotSeg - INFO - Epoch: 19, Iteration: 0, Training Loss: 0.0043, Mean IoU: 0.9472, Mean Accuracy: 0.9908, per Category IOU: [0.99956994 0.89473684]
2024-11-28 13:15:33 - FewShotSeg - INFO - Epoch: 19, Iteration: 1, Training Loss: 0.0061, Mean IoU: 0.9612, Mean Accuracy: 0.9856, per Category IOU: [0.9995995  0.92270531]
2024-11-28 13:15:34 - FewShotSeg - INFO - Epoch: 19, Iteration: 2, Training Loss: 0.0051, Mean IoU: 0.9521, Mean Accuracy: 0.9870, per Category IOU: [0.99957981 0.90454545]
2024-11-28 13:15:34 - FewShotSeg - INFO - Epoch: 19, Iteration: 3, Training Loss: 0.0044, Mean IoU: 0.9297, Mean Accuracy: 0.9857, per Category IOU: [0.9995804  0.85988324]
2024-11-28 13:16:29 - FewShotSeg - INFO - Epoch : 19, Validation Results - Loss: 0.0104, Mean IoU: 0.9679, Mean Accuracy: 0.9757, per Category IOU: [0.99957318 0.50145975]
2024-11-28 13:16:29 - FewShotSeg - INFO - Model saved!
2024-11-28 13:16:29 - FewShotSeg - INFO - Epoch: 20
2024-11-28 13:16:30 - FewShotSeg - INFO - Epoch: 20, Iteration: 0, Training Loss: 0.0055, Mean IoU: 0.9608, Mean Accuracy: 0.9914, per Category IOU: [0.99954163 0.92202812]
2024-11-28 13:16:30 - FewShotSeg - INFO - Epoch: 20, Iteration: 1, Training Loss: 0.0056, Mean IoU: 0.9416, Mean Accuracy: 0.9838, per Category IOU: [0.99961272 0.88363363]
2024-11-28 13:16:30 - FewShotSeg - INFO - Epoch: 20, Iteration: 2, Training Loss: 0.0044, Mean IoU: 0.9454, Mean Accuracy: 0.9831, per Category IOU: [0.99963018 0.89117647]
2024-11-28 13:16:31 - FewShotSeg - INFO - Epoch: 20, Iteration: 3, Training Loss: 0.0036, Mean IoU: 0.9425, Mean Accuracy: 0.9887, per Category IOU: [0.99953246 0.88548683]
