2024-11-28 13:20:03 - FewShotSeg - INFO - Config Options:
{
    "_VERSION": "206",
    "_EPOCHS": 50,
    "_N_SHOTS": 5,
    "_N_INSTANCE": 1,
    "_MODEL_SAVE": true,
    "_MODEL_VERSION": "nvidia/mit-b5",
    "_MODEL_VERSION_SAVE": "mit-b5",
    "_BATCH_SIZE": 2,
    "_DEVICE": "cuda:1"
}
2024-11-28 13:20:09 - FewShotSeg - INFO - Epoch: 0
2024-11-28 13:20:10 - FewShotSeg - INFO - Epoch: 0, Iteration: 0, Training Loss: 0.3499, Mean IoU: 0.4832, Mean Accuracy: 0.4986, per Category IOU: [0.96281845 0.003539  ]
2024-11-28 13:20:10 - FewShotSeg - INFO - Epoch: 0, Iteration: 1, Training Loss: 0.2217, Mean IoU: 0.4960, Mean Accuracy: 0.4974, per Category IOU: [0.99201561 0.        ]
2024-11-28 13:20:11 - FewShotSeg - INFO - Epoch: 0, Iteration: 2, Training Loss: 0.2587, Mean IoU: 0.4981, Mean Accuracy: 0.4998, per Category IOU: [0.99622828 0.        ]
2024-11-28 13:20:11 - FewShotSeg - INFO - Epoch: 0, Iteration: 3, Training Loss: 0.1605, Mean IoU: 0.4985, Mean Accuracy: 0.4999, per Category IOU: [0.9970728 0.       ]
2024-11-28 13:20:12 - FewShotSeg - INFO - Epoch: 0, Iteration: 4, Training Loss: 0.3694, Mean IoU: 0.4982, Mean Accuracy: 0.5000, per Category IOU: [0.99634038 0.        ]
2024-11-28 13:20:12 - FewShotSeg - INFO - Epoch: 0, Iteration: 5, Training Loss: 0.3006, Mean IoU: 0.4975, Mean Accuracy: 0.5000, per Category IOU: [0.9949428 0.       ]
2024-11-28 13:20:12 - FewShotSeg - INFO - Epoch: 0, Iteration: 6, Training Loss: 0.2086, Mean IoU: 0.4987, Mean Accuracy: 0.5000, per Category IOU: [0.9973867 0.       ]
2024-11-28 13:20:13 - FewShotSeg - INFO - Epoch: 0, Iteration: 7, Training Loss: 0.3030, Mean IoU: 0.4972, Mean Accuracy: 0.5000, per Category IOU: [0.99432747 0.        ]
2024-11-28 13:20:13 - FewShotSeg - INFO - Epoch: 0, Iteration: 8, Training Loss: 0.1928, Mean IoU: 0.4986, Mean Accuracy: 0.5000, per Category IOU: [0.99717744 0.        ]
2024-11-28 13:20:13 - FewShotSeg - INFO - Epoch: 0, Iteration: 9, Training Loss: 0.2277, Mean IoU: 0.4979, Mean Accuracy: 0.4995, per Category IOU: [0.99581722 0.        ]
2024-11-28 13:20:14 - FewShotSeg - INFO - Epoch: 0, Iteration: 10, Training Loss: 0.2055, Mean IoU: 0.4978, Mean Accuracy: 0.5013, per Category IOU: [0.99276283 0.00274631]
2024-11-28 13:20:14 - FewShotSeg - INFO - Epoch: 0, Iteration: 11, Training Loss: 0.2556, Mean IoU: 0.4975, Mean Accuracy: 0.5000, per Category IOU: [0.99496522 0.        ]
2024-11-28 13:20:15 - FewShotSeg - INFO - Epoch: 0, Iteration: 12, Training Loss: 0.1715, Mean IoU: 0.5044, Mean Accuracy: 0.5066, per Category IOU: [0.99566999 0.01306076]
2024-11-28 13:20:15 - FewShotSeg - INFO - Epoch: 0, Iteration: 13, Training Loss: 0.1529, Mean IoU: 0.4981, Mean Accuracy: 0.5000, per Category IOU: [0.99610122 0.        ]
2024-11-28 13:20:15 - FewShotSeg - INFO - Epoch: 0, Iteration: 14, Training Loss: 0.1646, Mean IoU: 0.4984, Mean Accuracy: 0.5000, per Category IOU: [0.99679877 0.        ]
2024-11-28 13:20:16 - FewShotSeg - INFO - Epoch: 0, Iteration: 15, Training Loss: 0.2116, Mean IoU: 0.4971, Mean Accuracy: 0.5000, per Category IOU: [0.99429259 0.        ]
2024-11-28 13:20:16 - FewShotSeg - INFO - Epoch: 0, Iteration: 16, Training Loss: 0.1399, Mean IoU: 0.4985, Mean Accuracy: 0.5000, per Category IOU: [0.99703793 0.        ]
2024-11-28 13:20:16 - FewShotSeg - INFO - Epoch: 0, Iteration: 17, Training Loss: 0.1533, Mean IoU: 0.5214, Mean Accuracy: 0.5230, per Category IOU: [0.9966961  0.04604317]
2024-11-28 13:20:17 - FewShotSeg - INFO - Epoch: 0, Iteration: 18, Training Loss: 0.1404, Mean IoU: 0.4983, Mean Accuracy: 0.4999, per Category IOU: [0.99658701 0.        ]
2024-11-28 13:20:17 - FewShotSeg - INFO - Epoch: 0, Iteration: 19, Training Loss: 0.2188, Mean IoU: 0.4986, Mean Accuracy: 0.5000, per Category IOU: [0.99713259 0.        ]
2024-11-28 13:20:18 - FewShotSeg - INFO - Epoch: 0, Iteration: 20, Training Loss: 0.1556, Mean IoU: 0.4981, Mean Accuracy: 0.5000, per Category IOU: [0.99623575 0.        ]
2024-11-28 13:20:18 - FewShotSeg - INFO - Epoch: 0, Iteration: 21, Training Loss: 0.3140, Mean IoU: 0.4977, Mean Accuracy: 0.4996, per Category IOU: [0.99540119 0.        ]
2024-11-28 13:20:18 - FewShotSeg - INFO - Epoch: 0, Iteration: 22, Training Loss: 0.1475, Mean IoU: 0.4985, Mean Accuracy: 0.5000, per Category IOU: [0.99693579 0.        ]
2024-11-28 13:20:19 - FewShotSeg - INFO - Epoch: 0, Iteration: 23, Training Loss: 0.1349, Mean IoU: 0.4984, Mean Accuracy: 0.5000, per Category IOU: [0.99684112 0.        ]
2024-11-28 13:20:19 - FewShotSeg - INFO - Epoch: 0, Iteration: 24, Training Loss: 0.1882, Mean IoU: 0.4976, Mean Accuracy: 0.4997, per Category IOU: [0.9952268 0.       ]
2024-11-28 13:20:20 - FewShotSeg - INFO - Epoch: 0, Iteration: 25, Training Loss: 0.2785, Mean IoU: 0.4978, Mean Accuracy: 0.5000, per Category IOU: [0.9956827 0.       ]
2024-11-28 13:20:20 - FewShotSeg - INFO - Epoch: 0, Iteration: 26, Training Loss: 0.1322, Mean IoU: 0.4984, Mean Accuracy: 0.5003, per Category IOU: [9.96078793e-01 6.34920635e-04]
2024-11-28 13:20:20 - FewShotSeg - INFO - Epoch: 0, Iteration: 27, Training Loss: 0.1006, Mean IoU: 0.4986, Mean Accuracy: 0.5000, per Category IOU: [0.99712263 0.        ]
2024-11-28 13:20:21 - FewShotSeg - INFO - Epoch: 0, Iteration: 28, Training Loss: 0.1438, Mean IoU: 0.4984, Mean Accuracy: 0.5000, per Category IOU: [0.9968187 0.       ]
2024-11-28 13:20:21 - FewShotSeg - INFO - Epoch: 0, Iteration: 29, Training Loss: 0.2004, Mean IoU: 0.4981, Mean Accuracy: 0.5000, per Category IOU: [0.99625568 0.        ]
2024-11-28 13:20:21 - FewShotSeg - INFO - Epoch: 0, Iteration: 30, Training Loss: 0.1279, Mean IoU: 0.4982, Mean Accuracy: 0.5000, per Category IOU: [0.99641512 0.        ]
2024-11-28 13:20:22 - FewShotSeg - INFO - Epoch: 0, Iteration: 31, Training Loss: 0.1749, Mean IoU: 0.4983, Mean Accuracy: 0.5000, per Category IOU: [0.99655463 0.        ]
2024-11-28 13:20:22 - FewShotSeg - INFO - Epoch: 0, Iteration: 32, Training Loss: 0.1487, Mean IoU: 0.4980, Mean Accuracy: 0.5000, per Category IOU: [0.99606884 0.        ]
2024-11-28 13:20:23 - FewShotSeg - INFO - Epoch: 0, Iteration: 33, Training Loss: 0.1303, Mean IoU: 0.4986, Mean Accuracy: 0.5000, per Category IOU: [0.99727708 0.        ]
2024-11-28 13:20:23 - FewShotSeg - INFO - Epoch: 0, Iteration: 34, Training Loss: 0.0985, Mean IoU: 0.4987, Mean Accuracy: 0.5000, per Category IOU: [0.99741908 0.        ]
2024-11-28 13:20:23 - FewShotSeg - INFO - Epoch: 0, Iteration: 35, Training Loss: 0.1554, Mean IoU: 0.4979, Mean Accuracy: 0.5000, per Category IOU: [0.99584214 0.        ]
2024-11-28 13:20:24 - FewShotSeg - INFO - Epoch: 0, Iteration: 36, Training Loss: 0.1280, Mean IoU: 0.5170, Mean Accuracy: 0.5232, per Category IOU: [0.99546264 0.03854277]
2024-11-28 13:20:24 - FewShotSeg - INFO - Epoch: 0, Iteration: 37, Training Loss: 0.1986, Mean IoU: 0.4974, Mean Accuracy: 0.5000, per Category IOU: [0.99487056 0.        ]
2024-11-28 13:20:24 - FewShotSeg - INFO - Epoch: 0, Iteration: 38, Training Loss: 0.1407, Mean IoU: 0.4979, Mean Accuracy: 0.4999, per Category IOU: [0.99586207 0.        ]
2024-11-28 13:20:25 - FewShotSeg - INFO - Epoch: 0, Iteration: 39, Training Loss: 0.1438, Mean IoU: 0.6208, Mean Accuracy: 0.6326, per Category IOU: [0.9966032  0.24501109]
2024-11-28 13:22:47 - FewShotSeg - INFO - Epoch : 0, Validation Results - Loss: 0.1325, Mean IoU: 0.6311, Mean Accuracy: 0.7390, per Category IOU: [0.99526836 0.03651368]
2024-11-28 13:22:48 - FewShotSeg - INFO - Model saved!
2024-11-28 13:22:48 - FewShotSeg - INFO - Epoch: 1
2024-11-28 13:22:48 - FewShotSeg - INFO - Epoch: 1, Iteration: 0, Training Loss: 0.0978, Mean IoU: 0.5748, Mean Accuracy: 0.6004, per Category IOU: [0.99692661 0.15257732]
2024-11-28 13:22:48 - FewShotSeg - INFO - Epoch: 1, Iteration: 1, Training Loss: 0.0738, Mean IoU: 0.7275, Mean Accuracy: 0.7283, per Category IOU: [0.99832603 0.45668016]
2024-11-28 13:22:49 - FewShotSeg - INFO - Epoch: 1, Iteration: 2, Training Loss: 0.0902, Mean IoU: 0.6556, Mean Accuracy: 0.6569, per Category IOU: [0.99746847 0.31372549]
2024-11-28 13:22:49 - FewShotSeg - INFO - Epoch: 1, Iteration: 3, Training Loss: 0.0890, Mean IoU: 0.5256, Mean Accuracy: 0.5275, per Category IOU: [0.99741871 0.05388128]
2024-11-28 13:22:50 - FewShotSeg - INFO - Epoch: 1, Iteration: 4, Training Loss: 0.0860, Mean IoU: 0.5380, Mean Accuracy: 0.5397, per Category IOU: [0.99653366 0.0794176 ]
2024-11-28 13:22:50 - FewShotSeg - INFO - Epoch: 1, Iteration: 5, Training Loss: 0.0930, Mean IoU: 0.5246, Mean Accuracy: 0.5263, per Category IOU: [0.99662873 0.05252101]
2024-11-28 13:22:50 - FewShotSeg - INFO - Epoch: 1, Iteration: 6, Training Loss: 0.1302, Mean IoU: 0.5779, Mean Accuracy: 0.5803, per Category IOU: [0.99520497 0.16062855]
2024-11-28 13:22:51 - FewShotSeg - INFO - Epoch: 1, Iteration: 7, Training Loss: 0.0839, Mean IoU: 0.6630, Mean Accuracy: 0.6645, per Category IOU: [0.99707359 0.32894737]
2024-11-28 13:22:51 - FewShotSeg - INFO - Epoch: 1, Iteration: 8, Training Loss: 0.0660, Mean IoU: 0.7652, Mean Accuracy: 0.7662, per Category IOU: [0.9981401  0.53232894]
2024-11-28 13:22:52 - FewShotSeg - INFO - Epoch: 1, Iteration: 9, Training Loss: 0.0580, Mean IoU: 0.6391, Mean Accuracy: 0.6399, per Category IOU: [0.99824248 0.27987743]
2024-11-28 13:22:52 - FewShotSeg - INFO - Epoch: 1, Iteration: 10, Training Loss: 0.0684, Mean IoU: 0.7849, Mean Accuracy: 0.7878, per Category IOU: [0.99811188 0.57167139]
2024-11-28 13:22:52 - FewShotSeg - INFO - Epoch: 1, Iteration: 11, Training Loss: 0.0687, Mean IoU: 0.6448, Mean Accuracy: 0.6459, per Category IOU: [0.99791804 0.29177269]
2024-11-28 13:22:53 - FewShotSeg - INFO - Epoch: 1, Iteration: 12, Training Loss: 0.0700, Mean IoU: 0.7145, Mean Accuracy: 0.7754, per Category IOU: [0.99715635 0.4319202 ]
2024-11-28 13:22:53 - FewShotSeg - INFO - Epoch: 1, Iteration: 13, Training Loss: 0.0812, Mean IoU: 0.5723, Mean Accuracy: 0.6114, per Category IOU: [0.99636299 0.14827788]
2024-11-28 13:22:53 - FewShotSeg - INFO - Epoch: 1, Iteration: 14, Training Loss: 0.0736, Mean IoU: 0.6894, Mean Accuracy: 0.6906, per Category IOU: [0.99752993 0.38125   ]
2024-11-28 13:22:54 - FewShotSeg - INFO - Epoch: 1, Iteration: 15, Training Loss: 0.0786, Mean IoU: 0.5517, Mean Accuracy: 0.5532, per Category IOU: [0.99715156 0.10633307]
2024-11-28 13:22:54 - FewShotSeg - INFO - Epoch: 1, Iteration: 16, Training Loss: 0.0867, Mean IoU: 0.5864, Mean Accuracy: 0.6246, per Category IOU: [0.99641486 0.17640321]
2024-11-28 13:22:55 - FewShotSeg - INFO - Epoch: 1, Iteration: 17, Training Loss: 0.0690, Mean IoU: 0.6137, Mean Accuracy: 0.6150, per Category IOU: [0.9974121  0.22997033]
2024-11-28 13:22:55 - FewShotSeg - INFO - Epoch: 1, Iteration: 18, Training Loss: 0.0950, Mean IoU: 0.5593, Mean Accuracy: 0.5610, per Category IOU: [0.99657542 0.12204473]
2024-11-28 13:22:55 - FewShotSeg - INFO - Epoch: 1, Iteration: 19, Training Loss: 0.0757, Mean IoU: 0.6358, Mean Accuracy: 0.6380, per Category IOU: [0.99740658 0.27424983]
2024-11-28 13:22:56 - FewShotSeg - INFO - Epoch: 1, Iteration: 20, Training Loss: 0.0383, Mean IoU: 0.8110, Mean Accuracy: 0.8116, per Category IOU: [0.99893437 0.62312445]
2024-11-28 13:22:56 - FewShotSeg - INFO - Epoch: 1, Iteration: 21, Training Loss: 0.0406, Mean IoU: 0.8058, Mean Accuracy: 0.8225, per Category IOU: [0.99876693 0.61285266]
2024-11-28 13:22:57 - FewShotSeg - INFO - Epoch: 1, Iteration: 22, Training Loss: 0.0346, Mean IoU: 0.8041, Mean Accuracy: 0.8059, per Category IOU: [0.99875196 0.609375  ]
2024-11-28 13:22:57 - FewShotSeg - INFO - Epoch: 1, Iteration: 23, Training Loss: 0.0769, Mean IoU: 0.6558, Mean Accuracy: 0.6578, per Category IOU: [0.99588166 0.31563667]
2024-11-28 13:22:57 - FewShotSeg - INFO - Epoch: 1, Iteration: 24, Training Loss: 0.0557, Mean IoU: 0.6907, Mean Accuracy: 0.6919, per Category IOU: [0.99779473 0.38354254]
2024-11-28 13:22:58 - FewShotSeg - INFO - Epoch: 1, Iteration: 25, Training Loss: 0.0701, Mean IoU: 0.7671, Mean Accuracy: 0.7695, per Category IOU: [0.99849268 0.53574174]
2024-11-28 13:22:58 - FewShotSeg - INFO - Epoch: 1, Iteration: 26, Training Loss: 0.0560, Mean IoU: 0.7877, Mean Accuracy: 0.7895, per Category IOU: [0.99859725 0.57680723]
2024-11-28 13:22:58 - FewShotSeg - INFO - Epoch: 1, Iteration: 27, Training Loss: 0.1031, Mean IoU: 0.8028, Mean Accuracy: 0.8113, per Category IOU: [0.9981437  0.60750132]
2024-11-28 13:22:59 - FewShotSeg - INFO - Epoch: 1, Iteration: 28, Training Loss: 0.0772, Mean IoU: 0.6556, Mean Accuracy: 0.6570, per Category IOU: [0.99742602 0.31382979]
2024-11-28 13:22:59 - FewShotSeg - INFO - Epoch: 1, Iteration: 29, Training Loss: 0.0499, Mean IoU: 0.7917, Mean Accuracy: 0.7926, per Category IOU: [0.99855214 0.58482462]
2024-11-28 13:23:00 - FewShotSeg - INFO - Epoch: 1, Iteration: 30, Training Loss: 0.0681, Mean IoU: 0.7978, Mean Accuracy: 0.7993, per Category IOU: [0.99771277 0.5978022 ]
2024-11-28 13:23:00 - FewShotSeg - INFO - Epoch: 1, Iteration: 31, Training Loss: 0.0555, Mean IoU: 0.8009, Mean Accuracy: 0.8040, per Category IOU: [0.99825149 0.60362401]
2024-11-28 13:23:00 - FewShotSeg - INFO - Epoch: 1, Iteration: 32, Training Loss: 0.0503, Mean IoU: 0.7368, Mean Accuracy: 0.8123, per Category IOU: [0.99789088 0.47580645]
2024-11-28 13:23:01 - FewShotSeg - INFO - Epoch: 1, Iteration: 33, Training Loss: 0.0663, Mean IoU: 0.6919, Mean Accuracy: 0.6938, per Category IOU: [0.99801451 0.38580247]
2024-11-28 13:23:01 - FewShotSeg - INFO - Epoch: 1, Iteration: 34, Training Loss: 0.0418, Mean IoU: 0.8664, Mean Accuracy: 0.8798, per Category IOU: [0.99904334 0.73384295]
2024-11-28 13:23:01 - FewShotSeg - INFO - Epoch: 1, Iteration: 35, Training Loss: 0.0856, Mean IoU: 0.7773, Mean Accuracy: 0.7970, per Category IOU: [0.99815472 0.55642257]
2024-11-28 13:23:02 - FewShotSeg - INFO - Epoch: 1, Iteration: 36, Training Loss: 0.0579, Mean IoU: 0.8135, Mean Accuracy: 0.8850, per Category IOU: [0.99772423 0.62917685]
2024-11-28 13:23:02 - FewShotSeg - INFO - Epoch: 1, Iteration: 37, Training Loss: 0.0380, Mean IoU: 0.8808, Mean Accuracy: 0.8906, per Category IOU: [0.99913564 0.76252574]
2024-11-28 13:23:03 - FewShotSeg - INFO - Epoch: 1, Iteration: 38, Training Loss: 0.0529, Mean IoU: 0.7845, Mean Accuracy: 0.7900, per Category IOU: [0.9981119  0.57094211]
2024-11-28 13:23:03 - FewShotSeg - INFO - Epoch: 1, Iteration: 39, Training Loss: 0.0470, Mean IoU: 0.7637, Mean Accuracy: 0.7667, per Category IOU: [0.9986477  0.52869565]
2024-11-28 13:25:25 - FewShotSeg - INFO - Epoch : 1, Validation Results - Loss: 0.0704, Mean IoU: 0.7640, Mean Accuracy: 0.8621, per Category IOU: [0.99696045 0.2635872 ]
2024-11-28 13:25:26 - FewShotSeg - INFO - Model saved!
2024-11-28 13:25:26 - FewShotSeg - INFO - Epoch: 2
2024-11-28 13:25:26 - FewShotSeg - INFO - Epoch: 2, Iteration: 0, Training Loss: 0.0871, Mean IoU: 0.5629, Mean Accuracy: 0.8398, per Category IOU: [0.98389377 0.14186851]
2024-11-28 13:25:26 - FewShotSeg - INFO - Epoch: 2, Iteration: 1, Training Loss: 0.0261, Mean IoU: 0.8470, Mean Accuracy: 0.9424, per Category IOU: [0.99876086 0.69514444]
2024-11-28 13:25:27 - FewShotSeg - INFO - Epoch: 2, Iteration: 2, Training Loss: 0.0501, Mean IoU: 0.7444, Mean Accuracy: 0.7455, per Category IOU: [0.99814571 0.49074709]
2024-11-28 13:25:27 - FewShotSeg - INFO - Epoch: 2, Iteration: 3, Training Loss: 0.0610, Mean IoU: 0.7466, Mean Accuracy: 0.7481, per Category IOU: [0.99785053 0.49531067]
2024-11-28 13:25:27 - FewShotSeg - INFO - Epoch: 2, Iteration: 4, Training Loss: 0.0975, Mean IoU: 0.6633, Mean Accuracy: 0.6655, per Category IOU: [0.99685619 0.32978723]
2024-11-28 13:25:28 - FewShotSeg - INFO - Epoch: 2, Iteration: 5, Training Loss: 0.0823, Mean IoU: 0.7115, Mean Accuracy: 0.7127, per Category IOU: [0.99854605 0.42448174]
2024-11-28 13:25:28 - FewShotSeg - INFO - Epoch: 2, Iteration: 6, Training Loss: 0.0199, Mean IoU: 0.9081, Mean Accuracy: 0.9154, per Category IOU: [0.99943557 0.81670722]
2024-11-28 13:25:29 - FewShotSeg - INFO - Epoch: 2, Iteration: 7, Training Loss: 0.0814, Mean IoU: 0.6079, Mean Accuracy: 0.6090, per Category IOU: [0.99775649 0.21807124]
2024-11-28 13:25:29 - FewShotSeg - INFO - Epoch: 2, Iteration: 8, Training Loss: 0.0629, Mean IoU: 0.6493, Mean Accuracy: 0.6511, per Category IOU: [0.9976434 0.3010355]
2024-11-28 13:25:29 - FewShotSeg - INFO - Epoch: 2, Iteration: 9, Training Loss: 0.0192, Mean IoU: 0.9145, Mean Accuracy: 0.9350, per Category IOU: [0.99948802 0.82959268]
2024-11-28 13:25:30 - FewShotSeg - INFO - Epoch: 2, Iteration: 10, Training Loss: 0.0302, Mean IoU: 0.8428, Mean Accuracy: 0.9420, per Category IOU: [0.998766   0.68674699]
2024-11-28 13:25:30 - FewShotSeg - INFO - Epoch: 2, Iteration: 11, Training Loss: 0.0287, Mean IoU: 0.9477, Mean Accuracy: 0.9771, per Category IOU: [0.99938894 0.89594883]
2024-11-28 13:25:31 - FewShotSeg - INFO - Epoch: 2, Iteration: 12, Training Loss: 0.0300, Mean IoU: 0.8307, Mean Accuracy: 0.9651, per Category IOU: [0.99874382 0.66264252]
2024-11-28 13:25:31 - FewShotSeg - INFO - Epoch: 2, Iteration: 13, Training Loss: 0.0730, Mean IoU: 0.6101, Mean Accuracy: 0.9534, per Category IOU: [0.98544628 0.23483752]
2024-11-28 13:25:31 - FewShotSeg - INFO - Epoch: 2, Iteration: 14, Training Loss: 0.0259, Mean IoU: 0.8683, Mean Accuracy: 0.9819, per Category IOU: [0.99883027 0.73781513]
2024-11-28 13:25:32 - FewShotSeg - INFO - Epoch: 2, Iteration: 15, Training Loss: 0.0242, Mean IoU: 0.9641, Mean Accuracy: 0.9781, per Category IOU: [0.9995565  0.92871526]
2024-11-28 13:25:32 - FewShotSeg - INFO - Epoch: 2, Iteration: 16, Training Loss: 0.0157, Mean IoU: 0.9366, Mean Accuracy: 0.9640, per Category IOU: [0.99953263 0.87373396]
2024-11-28 13:25:32 - FewShotSeg - INFO - Epoch: 2, Iteration: 17, Training Loss: 0.0250, Mean IoU: 0.8946, Mean Accuracy: 0.9063, per Category IOU: [0.99921294 0.79      ]
2024-11-28 13:25:33 - FewShotSeg - INFO - Epoch: 2, Iteration: 18, Training Loss: 0.0176, Mean IoU: 0.9378, Mean Accuracy: 0.9477, per Category IOU: [0.99942469 0.87614432]
2024-11-28 13:25:33 - FewShotSeg - INFO - Epoch: 2, Iteration: 19, Training Loss: 0.0356, Mean IoU: 0.8786, Mean Accuracy: 0.8803, per Category IOU: [0.99903046 0.75825545]
2024-11-28 13:25:34 - FewShotSeg - INFO - Epoch: 2, Iteration: 20, Training Loss: 0.0169, Mean IoU: 0.9047, Mean Accuracy: 0.9089, per Category IOU: [0.99940809 0.80994387]
2024-11-28 13:25:34 - FewShotSeg - INFO - Epoch: 2, Iteration: 21, Training Loss: 0.0390, Mean IoU: 0.7990, Mean Accuracy: 0.8040, per Category IOU: [0.99842933 0.59961808]
2024-11-28 13:25:34 - FewShotSeg - INFO - Epoch: 2, Iteration: 22, Training Loss: 0.0586, Mean IoU: 0.7847, Mean Accuracy: 0.7872, per Category IOU: [0.99753807 0.57192525]
2024-11-28 13:25:35 - FewShotSeg - INFO - Epoch: 2, Iteration: 23, Training Loss: 0.0755, Mean IoU: 0.7950, Mean Accuracy: 0.7970, per Category IOU: [0.99864211 0.59128475]
2024-11-28 13:25:35 - FewShotSeg - INFO - Epoch: 2, Iteration: 24, Training Loss: 0.0388, Mean IoU: 0.7507, Mean Accuracy: 0.7545, per Category IOU: [0.99853298 0.50295858]
2024-11-28 13:25:36 - FewShotSeg - INFO - Epoch: 2, Iteration: 25, Training Loss: 0.0500, Mean IoU: 0.8389, Mean Accuracy: 0.8428, per Category IOU: [0.99873106 0.67909033]
2024-11-28 13:25:36 - FewShotSeg - INFO - Epoch: 2, Iteration: 26, Training Loss: 0.0252, Mean IoU: 0.9099, Mean Accuracy: 0.9220, per Category IOU: [0.9992601  0.82060606]
2024-11-28 13:25:36 - FewShotSeg - INFO - Epoch: 2, Iteration: 27, Training Loss: 0.0184, Mean IoU: 0.9020, Mean Accuracy: 0.9119, per Category IOU: [0.99939312 0.80466238]
2024-11-28 13:25:37 - FewShotSeg - INFO - Epoch: 2, Iteration: 28, Training Loss: 0.0256, Mean IoU: 0.8210, Mean Accuracy: 0.8275, per Category IOU: [0.99898171 0.64304462]
2024-11-28 13:25:37 - FewShotSeg - INFO - Epoch: 2, Iteration: 29, Training Loss: 0.0156, Mean IoU: 0.9329, Mean Accuracy: 0.9549, per Category IOU: [0.99939224 0.86648352]
2024-11-28 13:25:37 - FewShotSeg - INFO - Epoch: 2, Iteration: 30, Training Loss: 0.0187, Mean IoU: 0.9178, Mean Accuracy: 0.9837, per Category IOU: [0.99939526 0.83626522]
2024-11-28 13:25:38 - FewShotSeg - INFO - Epoch: 2, Iteration: 31, Training Loss: 0.0150, Mean IoU: 0.9126, Mean Accuracy: 0.9808, per Category IOU: [0.99919225 0.82596983]
2024-11-28 13:25:38 - FewShotSeg - INFO - Epoch: 2, Iteration: 32, Training Loss: 0.0156, Mean IoU: 0.9469, Mean Accuracy: 0.9753, per Category IOU: [0.99955991 0.89423077]
2024-11-28 13:25:39 - FewShotSeg - INFO - Epoch: 2, Iteration: 33, Training Loss: 0.0248, Mean IoU: 0.9156, Mean Accuracy: 0.9428, per Category IOU: [0.99951054 0.83175966]
2024-11-28 13:25:39 - FewShotSeg - INFO - Epoch: 2, Iteration: 34, Training Loss: 0.0223, Mean IoU: 0.8877, Mean Accuracy: 0.9695, per Category IOU: [0.99897747 0.77638054]
2024-11-28 13:25:39 - FewShotSeg - INFO - Epoch: 2, Iteration: 35, Training Loss: 0.0209, Mean IoU: 0.8422, Mean Accuracy: 0.9443, per Category IOU: [0.99878355 0.68560362]
2024-11-28 13:25:40 - FewShotSeg - INFO - Epoch: 2, Iteration: 36, Training Loss: 0.0124, Mean IoU: 0.9338, Mean Accuracy: 0.9888, per Category IOU: [0.99950764 0.8680509 ]
2024-11-28 13:25:40 - FewShotSeg - INFO - Epoch: 2, Iteration: 37, Training Loss: 0.0201, Mean IoU: 0.9451, Mean Accuracy: 0.9688, per Category IOU: [0.99966777 0.890625  ]
2024-11-28 13:25:41 - FewShotSeg - INFO - Epoch: 2, Iteration: 38, Training Loss: 0.0114, Mean IoU: 0.9455, Mean Accuracy: 0.9707, per Category IOU: [0.99959257 0.89147803]
2024-11-28 13:25:41 - FewShotSeg - INFO - Epoch: 2, Iteration: 39, Training Loss: 0.0252, Mean IoU: 0.9373, Mean Accuracy: 0.9485, per Category IOU: [0.99935938 0.87524366]
2024-11-28 13:28:03 - FewShotSeg - INFO - Epoch : 2, Validation Results - Loss: 0.0384, Mean IoU: 0.8979, Mean Accuracy: 0.9148, per Category IOU: [0.99882218 0.38823607]
2024-11-28 13:28:04 - FewShotSeg - INFO - Model saved!
2024-11-28 13:28:04 - FewShotSeg - INFO - Epoch: 3
2024-11-28 13:28:04 - FewShotSeg - INFO - Epoch: 3, Iteration: 0, Training Loss: 0.0261, Mean IoU: 0.9536, Mean Accuracy: 0.9610, per Category IOU: [0.99929258 0.90787324]
2024-11-28 13:28:04 - FewShotSeg - INFO - Epoch: 3, Iteration: 1, Training Loss: 0.0233, Mean IoU: 0.9386, Mean Accuracy: 0.9519, per Category IOU: [0.99957019 0.87758007]
2024-11-28 13:28:05 - FewShotSeg - INFO - Epoch: 3, Iteration: 2, Training Loss: 0.0229, Mean IoU: 0.9312, Mean Accuracy: 0.9598, per Category IOU: [0.99936218 0.86297689]
2024-11-28 13:28:05 - FewShotSeg - INFO - Epoch: 3, Iteration: 3, Training Loss: 0.0101, Mean IoU: 0.9358, Mean Accuracy: 0.9578, per Category IOU: [0.9995928  0.87195601]
2024-11-28 13:28:06 - FewShotSeg - INFO - Epoch: 3, Iteration: 4, Training Loss: 0.1285, Mean IoU: 0.8021, Mean Accuracy: 0.8080, per Category IOU: [0.99852935 0.60575636]
2024-11-28 13:28:06 - FewShotSeg - INFO - Epoch: 3, Iteration: 5, Training Loss: 0.0139, Mean IoU: 0.9561, Mean Accuracy: 0.9633, per Category IOU: [0.99972769 0.9124498 ]
2024-11-28 13:28:06 - FewShotSeg - INFO - Epoch: 3, Iteration: 6, Training Loss: 0.0144, Mean IoU: 0.9147, Mean Accuracy: 0.9260, per Category IOU: [0.99951055 0.82986111]
2024-11-28 13:28:07 - FewShotSeg - INFO - Epoch: 3, Iteration: 7, Training Loss: 0.0374, Mean IoU: 0.8348, Mean Accuracy: 0.8503, per Category IOU: [0.9988914  0.67062315]
2024-11-28 13:28:07 - FewShotSeg - INFO - Epoch: 3, Iteration: 8, Training Loss: 0.0265, Mean IoU: 0.9026, Mean Accuracy: 0.9173, per Category IOU: [0.99921269 0.80603448]
2024-11-28 13:28:07 - FewShotSeg - INFO - Epoch: 3, Iteration: 9, Training Loss: 0.0125, Mean IoU: 0.9457, Mean Accuracy: 0.9831, per Category IOU: [0.99955493 0.89185905]
2024-11-28 13:28:08 - FewShotSeg - INFO - Epoch: 3, Iteration: 10, Training Loss: 0.0287, Mean IoU: 0.6790, Mean Accuracy: 0.9807, per Category IOU: [0.99524135 0.3626631 ]
2024-11-28 13:28:08 - FewShotSeg - INFO - Epoch: 3, Iteration: 11, Training Loss: 0.0169, Mean IoU: 0.9586, Mean Accuracy: 0.9845, per Category IOU: [0.99963732 0.91747297]
2024-11-28 13:28:09 - FewShotSeg - INFO - Epoch: 3, Iteration: 12, Training Loss: 0.0112, Mean IoU: 0.9088, Mean Accuracy: 0.9642, per Category IOU: [0.99950814 0.81809788]
2024-11-28 13:28:09 - FewShotSeg - INFO - Epoch: 3, Iteration: 13, Training Loss: 0.0207, Mean IoU: 0.9006, Mean Accuracy: 0.9123, per Category IOU: [0.99937562 0.80174465]
2024-11-28 13:28:09 - FewShotSeg - INFO - Epoch: 3, Iteration: 14, Training Loss: 0.0135, Mean IoU: 0.9521, Mean Accuracy: 0.9600, per Category IOU: [0.99963502 0.90451275]
2024-11-28 13:28:10 - FewShotSeg - INFO - Epoch: 3, Iteration: 15, Training Loss: 0.0172, Mean IoU: 0.8378, Mean Accuracy: 0.9667, per Category IOU: [0.9986359  0.67692308]
2024-11-28 13:28:10 - FewShotSeg - INFO - Epoch: 3, Iteration: 16, Training Loss: 0.0083, Mean IoU: 0.9528, Mean Accuracy: 0.9807, per Category IOU: [0.99960238 0.9059728 ]
2024-11-28 13:28:11 - FewShotSeg - INFO - Epoch: 3, Iteration: 17, Training Loss: 0.0207, Mean IoU: 0.7994, Mean Accuracy: 0.8979, per Category IOU: [0.99837675 0.6004917 ]
2024-11-28 13:28:11 - FewShotSeg - INFO - Epoch: 3, Iteration: 18, Training Loss: 0.0271, Mean IoU: 0.8135, Mean Accuracy: 0.8240, per Category IOU: [0.9983537  0.62873239]
2024-11-28 13:28:11 - FewShotSeg - INFO - Epoch: 3, Iteration: 19, Training Loss: 0.0128, Mean IoU: 0.9433, Mean Accuracy: 0.9611, per Category IOU: [0.99951988 0.88699235]
2024-11-28 13:28:12 - FewShotSeg - INFO - Epoch: 3, Iteration: 20, Training Loss: 0.0096, Mean IoU: 0.9240, Mean Accuracy: 0.9565, per Category IOU: [0.99956797 0.84851138]
2024-11-28 13:28:12 - FewShotSeg - INFO - Epoch: 3, Iteration: 21, Training Loss: 0.0087, Mean IoU: 0.9665, Mean Accuracy: 0.9806, per Category IOU: [0.99962183 0.93345086]
2024-11-28 13:28:12 - FewShotSeg - INFO - Epoch: 3, Iteration: 22, Training Loss: 0.0112, Mean IoU: 0.9209, Mean Accuracy: 0.9383, per Category IOU: [0.99957053 0.84220183]
2024-11-28 13:28:13 - FewShotSeg - INFO - Epoch: 3, Iteration: 23, Training Loss: 0.0054, Mean IoU: 0.9569, Mean Accuracy: 0.9795, per Category IOU: [0.99971263 0.91405082]
2024-11-28 13:28:13 - FewShotSeg - INFO - Epoch: 3, Iteration: 24, Training Loss: 0.0330, Mean IoU: 0.8503, Mean Accuracy: 0.8637, per Category IOU: [0.99897614 0.70160116]
2024-11-28 13:28:14 - FewShotSeg - INFO - Epoch: 3, Iteration: 25, Training Loss: 0.0187, Mean IoU: 0.9139, Mean Accuracy: 0.9247, per Category IOU: [0.99932518 0.82846252]
2024-11-28 13:28:14 - FewShotSeg - INFO - Epoch: 3, Iteration: 26, Training Loss: 0.0090, Mean IoU: 0.9456, Mean Accuracy: 0.9693, per Category IOU: [0.99957501 0.89158163]
2024-11-28 13:28:14 - FewShotSeg - INFO - Epoch: 3, Iteration: 27, Training Loss: 0.0138, Mean IoU: 0.9490, Mean Accuracy: 0.9666, per Category IOU: [0.99965516 0.89830508]
2024-11-28 13:28:15 - FewShotSeg - INFO - Epoch: 3, Iteration: 28, Training Loss: 0.0146, Mean IoU: 0.9164, Mean Accuracy: 0.9559, per Category IOU: [0.99942036 0.83345298]
2024-11-28 13:28:15 - FewShotSeg - INFO - Epoch: 3, Iteration: 29, Training Loss: 0.0137, Mean IoU: 0.8988, Mean Accuracy: 0.9702, per Category IOU: [0.99906232 0.79849543]
2024-11-28 13:28:16 - FewShotSeg - INFO - Epoch: 3, Iteration: 30, Training Loss: 0.0103, Mean IoU: 0.9416, Mean Accuracy: 0.9757, per Category IOU: [0.99950739 0.88363851]
2024-11-28 13:28:16 - FewShotSeg - INFO - Epoch: 3, Iteration: 31, Training Loss: 0.0166, Mean IoU: 0.9517, Mean Accuracy: 0.9796, per Category IOU: [0.99970522 0.90375204]
2024-11-28 13:28:16 - FewShotSeg - INFO - Epoch: 3, Iteration: 32, Training Loss: 0.0128, Mean IoU: 0.9448, Mean Accuracy: 0.9727, per Category IOU: [0.999565   0.89008212]
2024-11-28 13:28:17 - FewShotSeg - INFO - Epoch: 3, Iteration: 33, Training Loss: 0.0141, Mean IoU: 0.9394, Mean Accuracy: 0.9610, per Category IOU: [0.9995476  0.87917223]
2024-11-28 13:28:17 - FewShotSeg - INFO - Epoch: 3, Iteration: 34, Training Loss: 0.0083, Mean IoU: 0.9480, Mean Accuracy: 0.9754, per Category IOU: [0.99958999 0.89633375]
2024-11-28 13:28:18 - FewShotSeg - INFO - Epoch: 3, Iteration: 35, Training Loss: 0.0118, Mean IoU: 0.9458, Mean Accuracy: 0.9590, per Category IOU: [0.99945697 0.8922007 ]
2024-11-28 13:28:18 - FewShotSeg - INFO - Epoch: 3, Iteration: 36, Training Loss: 0.0178, Mean IoU: 0.9378, Mean Accuracy: 0.9442, per Category IOU: [0.99941212 0.87625066]
2024-11-28 13:28:18 - FewShotSeg - INFO - Epoch: 3, Iteration: 37, Training Loss: 0.0059, Mean IoU: 0.9479, Mean Accuracy: 0.9701, per Category IOU: [0.99965769 0.89621212]
2024-11-28 13:28:19 - FewShotSeg - INFO - Epoch: 3, Iteration: 38, Training Loss: 0.0097, Mean IoU: 0.9638, Mean Accuracy: 0.9823, per Category IOU: [0.99957417 0.9280271 ]
2024-11-28 13:28:19 - FewShotSeg - INFO - Epoch: 3, Iteration: 39, Training Loss: 0.0079, Mean IoU: 0.9301, Mean Accuracy: 0.9711, per Category IOU: [0.99956286 0.86066879]
2024-11-28 13:30:41 - FewShotSeg - INFO - Epoch : 3, Validation Results - Loss: 0.0236, Mean IoU: 0.8891, Mean Accuracy: 0.9481, per Category IOU: [0.99911314 0.44209798]
2024-11-28 13:30:41 - FewShotSeg - INFO - Epoch: 4
2024-11-28 13:30:42 - FewShotSeg - INFO - Epoch: 4, Iteration: 0, Training Loss: 0.0121, Mean IoU: 0.8875, Mean Accuracy: 0.9744, per Category IOU: [0.9990778  0.77595628]
2024-11-28 13:30:42 - FewShotSeg - INFO - Epoch: 4, Iteration: 1, Training Loss: 0.0123, Mean IoU: 0.8956, Mean Accuracy: 0.9464, per Category IOU: [0.99933566 0.79186228]
2024-11-28 13:30:42 - FewShotSeg - INFO - Epoch: 4, Iteration: 2, Training Loss: 0.0094, Mean IoU: 0.9290, Mean Accuracy: 0.9679, per Category IOU: [0.99948019 0.8585034 ]
2024-11-28 13:30:43 - FewShotSeg - INFO - Epoch: 4, Iteration: 3, Training Loss: 0.0064, Mean IoU: 0.9518, Mean Accuracy: 0.9822, per Category IOU: [0.99956475 0.90402648]
2024-11-28 13:30:43 - FewShotSeg - INFO - Epoch: 4, Iteration: 4, Training Loss: 0.0099, Mean IoU: 0.9536, Mean Accuracy: 0.9743, per Category IOU: [0.99958979 0.90765766]
2024-11-28 13:30:44 - FewShotSeg - INFO - Epoch: 4, Iteration: 5, Training Loss: 0.0067, Mean IoU: 0.9279, Mean Accuracy: 0.9759, per Category IOU: [0.99951531 0.8562963 ]
2024-11-28 13:30:44 - FewShotSeg - INFO - Epoch: 4, Iteration: 6, Training Loss: 0.0078, Mean IoU: 0.9367, Mean Accuracy: 0.9615, per Category IOU: [0.99962284 0.87385129]
2024-11-28 13:30:44 - FewShotSeg - INFO - Epoch: 4, Iteration: 7, Training Loss: 0.0072, Mean IoU: 0.9535, Mean Accuracy: 0.9794, per Category IOU: [0.99959984 0.90735379]
2024-11-28 13:30:45 - FewShotSeg - INFO - Epoch: 4, Iteration: 8, Training Loss: 0.0079, Mean IoU: 0.9444, Mean Accuracy: 0.9740, per Category IOU: [0.99954243 0.88922518]
2024-11-28 13:30:45 - FewShotSeg - INFO - Epoch: 4, Iteration: 9, Training Loss: 0.0088, Mean IoU: 0.9528, Mean Accuracy: 0.9748, per Category IOU: [0.99955214 0.90603675]
2024-11-28 13:30:46 - FewShotSeg - INFO - Epoch: 4, Iteration: 10, Training Loss: 0.0048, Mean IoU: 0.9619, Mean Accuracy: 0.9874, per Category IOU: [0.99967988 0.92408066]
2024-11-28 13:30:46 - FewShotSeg - INFO - Epoch: 4, Iteration: 11, Training Loss: 0.0070, Mean IoU: 0.9672, Mean Accuracy: 0.9850, per Category IOU: [0.99968218 0.93467078]
2024-11-28 13:30:46 - FewShotSeg - INFO - Epoch: 4, Iteration: 12, Training Loss: 0.0117, Mean IoU: 0.9507, Mean Accuracy: 0.9647, per Category IOU: [0.99953214 0.90178571]
2024-11-28 13:30:47 - FewShotSeg - INFO - Epoch: 4, Iteration: 13, Training Loss: 0.0067, Mean IoU: 0.9445, Mean Accuracy: 0.9659, per Category IOU: [0.99965526 0.88942308]
2024-11-28 13:30:47 - FewShotSeg - INFO - Epoch: 4, Iteration: 14, Training Loss: 0.0101, Mean IoU: 0.9181, Mean Accuracy: 0.9403, per Category IOU: [0.99938773 0.83677548]
2024-11-28 13:30:47 - FewShotSeg - INFO - Epoch: 4, Iteration: 15, Training Loss: 0.0071, Mean IoU: 0.9252, Mean Accuracy: 0.9626, per Category IOU: [0.999603   0.85070423]
2024-11-28 13:30:48 - FewShotSeg - INFO - Epoch: 4, Iteration: 16, Training Loss: 0.0066, Mean IoU: 0.9510, Mean Accuracy: 0.9776, per Category IOU: [0.99959491 0.90246839]
2024-11-28 13:30:48 - FewShotSeg - INFO - Epoch: 4, Iteration: 17, Training Loss: 0.0057, Mean IoU: 0.9136, Mean Accuracy: 0.9804, per Category IOU: [0.99930261 0.82799014]
2024-11-28 13:30:49 - FewShotSeg - INFO - Epoch: 4, Iteration: 18, Training Loss: 0.0085, Mean IoU: 0.9636, Mean Accuracy: 0.9846, per Category IOU: [0.99968484 0.92758621]
2024-11-28 13:30:49 - FewShotSeg - INFO - Epoch: 4, Iteration: 19, Training Loss: 0.0085, Mean IoU: 0.9354, Mean Accuracy: 0.9733, per Category IOU: [0.99950508 0.87126138]
2024-11-28 13:30:49 - FewShotSeg - INFO - Epoch: 4, Iteration: 20, Training Loss: 0.0105, Mean IoU: 0.9514, Mean Accuracy: 0.9758, per Category IOU: [0.99973027 0.90313901]
2024-11-28 13:30:50 - FewShotSeg - INFO - Epoch: 4, Iteration: 21, Training Loss: 0.0105, Mean IoU: 0.9608, Mean Accuracy: 0.9798, per Category IOU: [0.99953408 0.92201258]
2024-11-28 13:30:50 - FewShotSeg - INFO - Epoch: 4, Iteration: 22, Training Loss: 0.0077, Mean IoU: 0.9535, Mean Accuracy: 0.9810, per Category IOU: [0.99962243 0.90736196]
2024-11-28 13:30:51 - FewShotSeg - INFO - Epoch: 4, Iteration: 23, Training Loss: 0.0110, Mean IoU: 0.9080, Mean Accuracy: 0.9574, per Category IOU: [0.99942555 0.81658692]
2024-11-28 13:30:51 - FewShotSeg - INFO - Epoch: 4, Iteration: 24, Training Loss: 0.0063, Mean IoU: 0.9322, Mean Accuracy: 0.9824, per Category IOU: [0.99956783 0.86484375]
2024-11-28 13:30:51 - FewShotSeg - INFO - Epoch: 4, Iteration: 25, Training Loss: 0.0064, Mean IoU: 0.9576, Mean Accuracy: 0.9824, per Category IOU: [0.99954184 0.9156682 ]
2024-11-28 13:30:52 - FewShotSeg - INFO - Epoch: 4, Iteration: 26, Training Loss: 0.0044, Mean IoU: 0.9432, Mean Accuracy: 0.9862, per Category IOU: [0.99962522 0.88679245]
2024-11-28 13:30:52 - FewShotSeg - INFO - Epoch: 4, Iteration: 27, Training Loss: 0.0046, Mean IoU: 0.9621, Mean Accuracy: 0.9943, per Category IOU: [0.99955917 0.92456065]
2024-11-28 13:30:53 - FewShotSeg - INFO - Epoch: 4, Iteration: 28, Training Loss: 0.0051, Mean IoU: 0.9323, Mean Accuracy: 0.9914, per Category IOU: [0.99952272 0.86511299]
2024-11-28 13:30:53 - FewShotSeg - INFO - Epoch: 4, Iteration: 29, Training Loss: 0.0090, Mean IoU: 0.9545, Mean Accuracy: 0.9784, per Category IOU: [0.99956714 0.90951883]
2024-11-28 13:30:53 - FewShotSeg - INFO - Epoch: 4, Iteration: 30, Training Loss: 0.0091, Mean IoU: 0.8546, Mean Accuracy: 0.9850, per Category IOU: [0.9988057 0.7104785]
2024-11-28 13:30:54 - FewShotSeg - INFO - Epoch: 4, Iteration: 31, Training Loss: 0.0051, Mean IoU: 0.9560, Mean Accuracy: 0.9971, per Category IOU: [0.99960226 0.91230006]
2024-11-28 13:30:54 - FewShotSeg - INFO - Epoch: 4, Iteration: 32, Training Loss: 0.0048, Mean IoU: 0.9470, Mean Accuracy: 0.9883, per Category IOU: [0.99968777 0.89424704]
2024-11-28 13:30:54 - FewShotSeg - INFO - Epoch: 4, Iteration: 33, Training Loss: 0.0067, Mean IoU: 0.9537, Mean Accuracy: 0.9719, per Category IOU: [0.99959732 0.90778923]
2024-11-28 13:30:55 - FewShotSeg - INFO - Epoch: 4, Iteration: 34, Training Loss: 0.0115, Mean IoU: 0.9431, Mean Accuracy: 0.9556, per Category IOU: [0.99962272 0.88655147]
2024-11-28 13:30:55 - FewShotSeg - INFO - Epoch: 4, Iteration: 35, Training Loss: 0.0063, Mean IoU: 0.8854, Mean Accuracy: 0.9735, per Category IOU: [0.99921067 0.77151121]
2024-11-28 13:30:56 - FewShotSeg - INFO - Epoch: 4, Iteration: 36, Training Loss: 0.0066, Mean IoU: 0.9605, Mean Accuracy: 0.9835, per Category IOU: [0.99957689 0.92139535]
2024-11-28 13:30:56 - FewShotSeg - INFO - Epoch: 4, Iteration: 37, Training Loss: 0.0056, Mean IoU: 0.9361, Mean Accuracy: 0.9791, per Category IOU: [0.99963788 0.87258348]
2024-11-28 13:30:56 - FewShotSeg - INFO - Epoch: 4, Iteration: 38, Training Loss: 0.0062, Mean IoU: 0.9322, Mean Accuracy: 0.9725, per Category IOU: [0.99952773 0.86480687]
2024-11-28 13:30:57 - FewShotSeg - INFO - Epoch: 4, Iteration: 39, Training Loss: 0.0063, Mean IoU: 0.9584, Mean Accuracy: 0.9802, per Category IOU: [0.99966996 0.91713748]
2024-11-28 13:33:19 - FewShotSeg - INFO - Epoch : 4, Validation Results - Loss: 0.0159, Mean IoU: 0.9443, Mean Accuracy: 0.9634, per Category IOU: [0.9994083  0.47835613]
2024-11-28 13:33:20 - FewShotSeg - INFO - Model saved!
2024-11-28 13:33:20 - FewShotSeg - INFO - Epoch: 5
2024-11-28 13:33:20 - FewShotSeg - INFO - Epoch: 5, Iteration: 0, Training Loss: 0.0036, Mean IoU: 0.9629, Mean Accuracy: 0.9904, per Category IOU: [0.99969993 0.92601726]
2024-11-28 13:33:20 - FewShotSeg - INFO - Epoch: 5, Iteration: 1, Training Loss: 0.0049, Mean IoU: 0.9453, Mean Accuracy: 0.9875, per Category IOU: [0.99957502 0.89095574]
2024-11-28 13:33:21 - FewShotSeg - INFO - Epoch: 5, Iteration: 2, Training Loss: 0.0045, Mean IoU: 0.9353, Mean Accuracy: 0.9754, per Category IOU: [0.99961285 0.87104825]
2024-11-28 13:33:21 - FewShotSeg - INFO - Epoch: 5, Iteration: 3, Training Loss: 0.0047, Mean IoU: 0.9502, Mean Accuracy: 0.9837, per Category IOU: [0.99952965 0.90079156]
2024-11-28 13:33:22 - FewShotSeg - INFO - Epoch: 5, Iteration: 4, Training Loss: 0.0067, Mean IoU: 0.9565, Mean Accuracy: 0.9847, per Category IOU: [0.99961982 0.9132915 ]
2024-11-28 13:33:22 - FewShotSeg - INFO - Epoch: 5, Iteration: 5, Training Loss: 0.0071, Mean IoU: 0.9471, Mean Accuracy: 0.9818, per Category IOU: [0.99955991 0.89454763]
2024-11-28 13:33:22 - FewShotSeg - INFO - Epoch: 5, Iteration: 6, Training Loss: 0.0054, Mean IoU: 0.9639, Mean Accuracy: 0.9888, per Category IOU: [0.99968483 0.9281642 ]
2024-11-28 13:33:23 - FewShotSeg - INFO - Epoch: 5, Iteration: 7, Training Loss: 0.0046, Mean IoU: 0.9472, Mean Accuracy: 0.9751, per Category IOU: [0.99966272 0.89477786]
2024-11-28 13:33:23 - FewShotSeg - INFO - Epoch: 5, Iteration: 8, Training Loss: 0.0045, Mean IoU: 0.9417, Mean Accuracy: 0.9801, per Category IOU: [0.99959267 0.88373752]
2024-11-28 13:33:24 - FewShotSeg - INFO - Epoch: 5, Iteration: 9, Training Loss: 0.0042, Mean IoU: 0.9671, Mean Accuracy: 0.9901, per Category IOU: [0.99962179 0.93466032]
2024-11-28 13:33:24 - FewShotSeg - INFO - Epoch: 5, Iteration: 10, Training Loss: 0.0088, Mean IoU: 0.9675, Mean Accuracy: 0.9834, per Category IOU: [0.99961925 0.93529161]
2024-11-28 13:33:24 - FewShotSeg - INFO - Epoch: 5, Iteration: 11, Training Loss: 0.0043, Mean IoU: 0.9716, Mean Accuracy: 0.9918, per Category IOU: [0.99968948 0.9435337 ]
2024-11-28 13:33:25 - FewShotSeg - INFO - Epoch: 5, Iteration: 12, Training Loss: 0.0047, Mean IoU: 0.9341, Mean Accuracy: 0.9788, per Category IOU: [0.99960536 0.86855241]
2024-11-28 13:33:25 - FewShotSeg - INFO - Epoch: 5, Iteration: 13, Training Loss: 0.0062, Mean IoU: 0.9427, Mean Accuracy: 0.9682, per Category IOU: [0.99964277 0.88569145]
2024-11-28 13:33:26 - FewShotSeg - INFO - Epoch: 5, Iteration: 14, Training Loss: 0.0037, Mean IoU: 0.9450, Mean Accuracy: 0.9886, per Category IOU: [0.99962518 0.89035088]
2024-11-28 13:33:26 - FewShotSeg - INFO - Epoch: 5, Iteration: 15, Training Loss: 0.0049, Mean IoU: 0.9461, Mean Accuracy: 0.9805, per Category IOU: [0.99955241 0.89255702]
2024-11-28 13:33:26 - FewShotSeg - INFO - Epoch: 5, Iteration: 16, Training Loss: 0.0038, Mean IoU: 0.9523, Mean Accuracy: 0.9836, per Category IOU: [0.99960239 0.90496115]
2024-11-28 13:33:27 - FewShotSeg - INFO - Epoch: 5, Iteration: 17, Training Loss: 0.0046, Mean IoU: 0.9456, Mean Accuracy: 0.9871, per Category IOU: [0.9996402  0.89156627]
2024-11-28 13:33:27 - FewShotSeg - INFO - Epoch: 5, Iteration: 18, Training Loss: 0.0048, Mean IoU: 0.9485, Mean Accuracy: 0.9860, per Category IOU: [0.99962007 0.8974359 ]
2024-11-28 13:33:27 - FewShotSeg - INFO - Epoch: 5, Iteration: 19, Training Loss: 0.0043, Mean IoU: 0.9507, Mean Accuracy: 0.9842, per Category IOU: [0.99962001 0.90168176]
2024-11-28 13:33:28 - FewShotSeg - INFO - Epoch: 5, Iteration: 20, Training Loss: 0.0041, Mean IoU: 0.9674, Mean Accuracy: 0.9899, per Category IOU: [0.99972739 0.93500298]
2024-11-28 13:33:28 - FewShotSeg - INFO - Epoch: 5, Iteration: 21, Training Loss: 0.0047, Mean IoU: 0.9256, Mean Accuracy: 0.9771, per Category IOU: [0.99954291 0.85170178]
2024-11-28 13:33:29 - FewShotSeg - INFO - Epoch: 5, Iteration: 22, Training Loss: 0.0050, Mean IoU: 0.9586, Mean Accuracy: 0.9838, per Category IOU: [0.99955184 0.91758748]
2024-11-28 13:33:29 - FewShotSeg - INFO - Epoch: 5, Iteration: 23, Training Loss: 0.0039, Mean IoU: 0.9245, Mean Accuracy: 0.9871, per Category IOU: [0.99957798 0.84951024]
2024-11-28 13:33:29 - FewShotSeg - INFO - Epoch: 5, Iteration: 24, Training Loss: 0.0055, Mean IoU: 0.9540, Mean Accuracy: 0.9839, per Category IOU: [0.99954957 0.90853659]
2024-11-28 13:33:30 - FewShotSeg - INFO - Epoch: 5, Iteration: 25, Training Loss: 0.0053, Mean IoU: 0.9316, Mean Accuracy: 0.9723, per Category IOU: [0.99958036 0.86363636]
2024-11-28 13:33:30 - FewShotSeg - INFO - Epoch: 5, Iteration: 26, Training Loss: 0.0070, Mean IoU: 0.9360, Mean Accuracy: 0.9701, per Category IOU: [0.99957276 0.87238806]
2024-11-28 13:33:31 - FewShotSeg - INFO - Epoch: 5, Iteration: 27, Training Loss: 0.0048, Mean IoU: 0.9229, Mean Accuracy: 0.9815, per Category IOU: [0.99958301 0.84622468]
2024-11-28 13:33:31 - FewShotSeg - INFO - Epoch: 5, Iteration: 28, Training Loss: 0.0061, Mean IoU: 0.9392, Mean Accuracy: 0.9791, per Category IOU: [0.99956265 0.87889273]
2024-11-28 13:33:31 - FewShotSeg - INFO - Epoch: 5, Iteration: 29, Training Loss: 0.0058, Mean IoU: 0.9460, Mean Accuracy: 0.9799, per Category IOU: [0.9996452  0.89234268]
2024-11-28 13:33:32 - FewShotSeg - INFO - Epoch: 5, Iteration: 30, Training Loss: 0.0045, Mean IoU: 0.9544, Mean Accuracy: 0.9943, per Category IOU: [0.99961989 0.90909091]
2024-11-28 13:33:32 - FewShotSeg - INFO - Epoch: 5, Iteration: 31, Training Loss: 0.0044, Mean IoU: 0.9422, Mean Accuracy: 0.9895, per Category IOU: [0.99955003 0.88476312]
2024-11-28 13:33:32 - FewShotSeg - INFO - Epoch: 5, Iteration: 32, Training Loss: 0.0046, Mean IoU: 0.9439, Mean Accuracy: 0.9841, per Category IOU: [0.99948722 0.88828338]
2024-11-28 13:33:33 - FewShotSeg - INFO - Epoch: 5, Iteration: 33, Training Loss: 0.0065, Mean IoU: 0.9500, Mean Accuracy: 0.9822, per Category IOU: [0.99953719 0.90037695]
2024-11-28 13:33:33 - FewShotSeg - INFO - Epoch: 5, Iteration: 34, Training Loss: 0.0038, Mean IoU: 0.9574, Mean Accuracy: 0.9947, per Category IOU: [0.99963987 0.91509434]
2024-11-28 13:33:34 - FewShotSeg - INFO - Epoch: 5, Iteration: 35, Training Loss: 0.0035, Mean IoU: 0.9381, Mean Accuracy: 0.9942, per Category IOU: [0.99943221 0.87669745]
2024-11-28 13:33:34 - FewShotSeg - INFO - Epoch: 5, Iteration: 36, Training Loss: 0.0048, Mean IoU: 0.9497, Mean Accuracy: 0.9885, per Category IOU: [0.99965264 0.89978371]
2024-11-28 13:33:34 - FewShotSeg - INFO - Epoch: 5, Iteration: 37, Training Loss: 0.0029, Mean IoU: 0.9343, Mean Accuracy: 0.9961, per Category IOU: [0.99959534 0.86893204]
2024-11-28 13:33:35 - FewShotSeg - INFO - Epoch: 5, Iteration: 38, Training Loss: 0.0052, Mean IoU: 0.9628, Mean Accuracy: 0.9873, per Category IOU: [0.99967482 0.92601024]
2024-11-28 13:33:35 - FewShotSeg - INFO - Epoch: 5, Iteration: 39, Training Loss: 0.0043, Mean IoU: 0.9578, Mean Accuracy: 0.9920, per Category IOU: [0.99962479 0.91606044]
2024-11-28 13:35:57 - FewShotSeg - INFO - Epoch : 5, Validation Results - Loss: 0.0175, Mean IoU: 0.9451, Mean Accuracy: 0.9602, per Category IOU: [0.99935844 0.47130484]
2024-11-28 13:35:57 - FewShotSeg - INFO - Model saved!
2024-11-28 13:35:57 - FewShotSeg - INFO - Epoch: 6
2024-11-28 13:35:58 - FewShotSeg - INFO - Epoch: 6, Iteration: 0, Training Loss: 0.0035, Mean IoU: 0.9546, Mean Accuracy: 0.9877, per Category IOU: [0.99966254 0.90957803]
2024-11-28 13:35:58 - FewShotSeg - INFO - Epoch: 6, Iteration: 1, Training Loss: 0.0035, Mean IoU: 0.9446, Mean Accuracy: 0.9907, per Category IOU: [0.99954995 0.88970588]
2024-11-28 13:35:58 - FewShotSeg - INFO - Epoch: 6, Iteration: 2, Training Loss: 0.0035, Mean IoU: 0.9476, Mean Accuracy: 0.9920, per Category IOU: [0.99953729 0.89559819]
2024-11-28 13:35:59 - FewShotSeg - INFO - Epoch: 6, Iteration: 3, Training Loss: 0.0052, Mean IoU: 0.9416, Mean Accuracy: 0.9812, per Category IOU: [0.9995676  0.88365837]
2024-11-28 13:35:59 - FewShotSeg - INFO - Epoch: 6, Iteration: 4, Training Loss: 0.0041, Mean IoU: 0.9629, Mean Accuracy: 0.9908, per Category IOU: [0.99949861 0.92628087]
2024-11-28 13:36:00 - FewShotSeg - INFO - Epoch: 6, Iteration: 5, Training Loss: 0.0054, Mean IoU: 0.9477, Mean Accuracy: 0.9804, per Category IOU: [0.99964767 0.89571006]
2024-11-28 13:36:00 - FewShotSeg - INFO - Epoch: 6, Iteration: 6, Training Loss: 0.0041, Mean IoU: 0.9423, Mean Accuracy: 0.9799, per Category IOU: [0.99961772 0.88496241]
2024-11-28 13:36:00 - FewShotSeg - INFO - Epoch: 6, Iteration: 7, Training Loss: 0.0043, Mean IoU: 0.9628, Mean Accuracy: 0.9881, per Category IOU: [0.99967734 0.92590465]
2024-11-28 13:36:01 - FewShotSeg - INFO - Epoch: 6, Iteration: 8, Training Loss: 0.0048, Mean IoU: 0.9291, Mean Accuracy: 0.9747, per Category IOU: [0.99955035 0.85860173]
2024-11-28 13:36:01 - FewShotSeg - INFO - Epoch: 6, Iteration: 9, Training Loss: 0.0034, Mean IoU: 0.9469, Mean Accuracy: 0.9859, per Category IOU: [0.9996502  0.89409985]
2024-11-28 13:36:02 - FewShotSeg - INFO - Epoch: 6, Iteration: 10, Training Loss: 0.0039, Mean IoU: 0.9409, Mean Accuracy: 0.9881, per Category IOU: [0.99954003 0.8822023 ]
2024-11-28 13:36:02 - FewShotSeg - INFO - Epoch: 6, Iteration: 11, Training Loss: 0.0031, Mean IoU: 0.9612, Mean Accuracy: 0.9916, per Category IOU: [0.99976517 0.92263374]
2024-11-28 13:36:02 - FewShotSeg - INFO - Epoch: 6, Iteration: 12, Training Loss: 0.0040, Mean IoU: 0.9566, Mean Accuracy: 0.9858, per Category IOU: [0.99965746 0.91361917]
2024-11-28 13:36:03 - FewShotSeg - INFO - Epoch: 6, Iteration: 13, Training Loss: 0.0048, Mean IoU: 0.9327, Mean Accuracy: 0.9800, per Category IOU: [0.99964544 0.8657845 ]
2024-11-28 13:36:03 - FewShotSeg - INFO - Epoch: 6, Iteration: 14, Training Loss: 0.0035, Mean IoU: 0.9530, Mean Accuracy: 0.9917, per Category IOU: [0.99968765 0.90636704]
2024-11-28 13:36:03 - FewShotSeg - INFO - Epoch: 6, Iteration: 15, Training Loss: 0.0039, Mean IoU: 0.9408, Mean Accuracy: 0.9899, per Category IOU: [0.99952247 0.88209877]
2024-11-28 13:36:04 - FewShotSeg - INFO - Epoch: 6, Iteration: 16, Training Loss: 0.0027, Mean IoU: 0.9523, Mean Accuracy: 0.9922, per Category IOU: [0.99969519 0.90498442]
2024-11-28 13:36:04 - FewShotSeg - INFO - Epoch: 6, Iteration: 17, Training Loss: 0.0036, Mean IoU: 0.9535, Mean Accuracy: 0.9924, per Category IOU: [0.99949176 0.90747493]
2024-11-28 13:36:05 - FewShotSeg - INFO - Epoch: 6, Iteration: 18, Training Loss: 0.0041, Mean IoU: 0.9382, Mean Accuracy: 0.9772, per Category IOU: [0.99962281 0.87683524]
2024-11-28 13:36:05 - FewShotSeg - INFO - Epoch: 6, Iteration: 19, Training Loss: 0.0030, Mean IoU: 0.9296, Mean Accuracy: 0.9895, per Category IOU: [0.99951527 0.85972523]
2024-11-28 13:36:05 - FewShotSeg - INFO - Epoch: 6, Iteration: 20, Training Loss: 0.0030, Mean IoU: 0.9526, Mean Accuracy: 0.9939, per Category IOU: [0.99956723 0.90556769]
2024-11-28 13:36:06 - FewShotSeg - INFO - Epoch: 6, Iteration: 21, Training Loss: 0.0044, Mean IoU: 0.9594, Mean Accuracy: 0.9838, per Category IOU: [0.99971006 0.91916376]
2024-11-28 13:36:06 - FewShotSeg - INFO - Epoch: 6, Iteration: 22, Training Loss: 0.0050, Mean IoU: 0.9668, Mean Accuracy: 0.9876, per Category IOU: [0.99971234 0.93387004]
2024-11-28 13:36:07 - FewShotSeg - INFO - Epoch: 6, Iteration: 23, Training Loss: 0.0041, Mean IoU: 0.9455, Mean Accuracy: 0.9880, per Category IOU: [0.99948463 0.8914647 ]
2024-11-28 13:36:07 - FewShotSeg - INFO - Epoch: 6, Iteration: 24, Training Loss: 0.0025, Mean IoU: 0.9570, Mean Accuracy: 0.9954, per Category IOU: [0.99966498 0.91443167]
2024-11-28 13:36:07 - FewShotSeg - INFO - Epoch: 6, Iteration: 25, Training Loss: 0.0042, Mean IoU: 0.9430, Mean Accuracy: 0.9824, per Category IOU: [0.99954749 0.88644918]
2024-11-28 13:36:08 - FewShotSeg - INFO - Epoch: 6, Iteration: 26, Training Loss: 0.0047, Mean IoU: 0.9401, Mean Accuracy: 0.9747, per Category IOU: [0.9996353  0.88052373]
2024-11-28 13:36:08 - FewShotSeg - INFO - Epoch: 6, Iteration: 27, Training Loss: 0.0030, Mean IoU: 0.9370, Mean Accuracy: 0.9941, per Category IOU: [0.999495   0.87453416]
2024-11-28 13:36:08 - FewShotSeg - INFO - Epoch: 6, Iteration: 28, Training Loss: 0.0041, Mean IoU: 0.9688, Mean Accuracy: 0.9882, per Category IOU: [0.99964686 0.93791281]
2024-11-28 13:36:09 - FewShotSeg - INFO - Epoch: 6, Iteration: 29, Training Loss: 0.0044, Mean IoU: 0.9688, Mean Accuracy: 0.9922, per Category IOU: [0.99962923 0.93794549]
2024-11-28 13:36:09 - FewShotSeg - INFO - Epoch: 6, Iteration: 30, Training Loss: 0.0040, Mean IoU: 0.9542, Mean Accuracy: 0.9877, per Category IOU: [0.99962743 0.90875689]
2024-11-28 13:36:10 - FewShotSeg - INFO - Epoch: 6, Iteration: 31, Training Loss: 0.0040, Mean IoU: 0.9428, Mean Accuracy: 0.9872, per Category IOU: [0.9995776  0.88596491]
2024-11-28 13:36:10 - FewShotSeg - INFO - Epoch: 6, Iteration: 32, Training Loss: 0.0038, Mean IoU: 0.9575, Mean Accuracy: 0.9875, per Category IOU: [0.99961726 0.91546961]
2024-11-28 13:36:10 - FewShotSeg - INFO - Epoch: 6, Iteration: 33, Training Loss: 0.0036, Mean IoU: 0.9291, Mean Accuracy: 0.9928, per Category IOU: [0.99953282 0.85876133]
2024-11-28 13:36:11 - FewShotSeg - INFO - Epoch: 6, Iteration: 34, Training Loss: 0.0052, Mean IoU: 0.9551, Mean Accuracy: 0.9871, per Category IOU: [0.99945137 0.91068515]
2024-11-28 13:36:11 - FewShotSeg - INFO - Epoch: 6, Iteration: 35, Training Loss: 0.0041, Mean IoU: 0.9436, Mean Accuracy: 0.9891, per Category IOU: [0.99956754 0.88766234]
2024-11-28 13:36:12 - FewShotSeg - INFO - Epoch: 6, Iteration: 36, Training Loss: 0.0029, Mean IoU: 0.9488, Mean Accuracy: 0.9883, per Category IOU: [0.99966519 0.89802131]
2024-11-28 13:36:12 - FewShotSeg - INFO - Epoch: 6, Iteration: 37, Training Loss: 0.0028, Mean IoU: 0.9381, Mean Accuracy: 0.9960, per Category IOU: [0.99953761 0.87666667]
2024-11-28 13:36:12 - FewShotSeg - INFO - Epoch: 6, Iteration: 38, Training Loss: 0.0026, Mean IoU: 0.9502, Mean Accuracy: 0.9934, per Category IOU: [0.99962253 0.90085358]
2024-11-28 13:36:13 - FewShotSeg - INFO - Epoch: 6, Iteration: 39, Training Loss: 0.0049, Mean IoU: 0.9534, Mean Accuracy: 0.9857, per Category IOU: [0.99967511 0.90707648]
