2024-11-28 10:24:39 - FewShotSeg - INFO - Config Options:
{
    "_VERSION": "201",
    "_EPOCHS": 50,
    "_N_SHOTS": 5,
    "_N_INSTANCE": 1,
    "_MODEL_SAVE": true,
    "_MODEL_VERSION": "nvidia/mit-b5",
    "_MODEL_VERSION_SAVE": "mit-b5",
    "_BATCH_SIZE": 2,
    "_DEVICE": "cuda:1"
}
2024-11-28 10:26:34 - FewShotSeg - INFO - Config Options:
{
    "_VERSION": "201",
    "_EPOCHS": 50,
    "_N_SHOTS": 5,
    "_N_INSTANCE": 1,
    "_MODEL_SAVE": true,
    "_MODEL_VERSION": "nvidia/mit-b5",
    "_MODEL_VERSION_SAVE": "mit-b5",
    "_BATCH_SIZE": 2,
    "_DEVICE": "cuda:1"
}
2024-11-28 10:26:41 - FewShotSeg - INFO - Epoch: 0
2024-11-28 10:26:41 - FewShotSeg - INFO - Epoch: 0, Iteration: 0, Training Loss: 0.6762, Mean IoU: 0.3071, Mean Accuracy: 0.3262, per Category IOU: [6.13796162e-01 3.22464142e-04]
2024-11-28 10:26:41 - FewShotSeg - INFO - Epoch: 0, Iteration: 1, Training Loss: 0.5828, Mean IoU: 0.4668, Mean Accuracy: 0.5570, per Category IOU: [0.92538177 0.00815109]
2024-11-28 10:26:42 - FewShotSeg - INFO - Epoch: 0, Iteration: 2, Training Loss: 0.5180, Mean IoU: 0.5002, Mean Accuracy: 0.5194, per Category IOU: [0.98891259 0.01155042]
2024-11-28 10:26:42 - FewShotSeg - INFO - Epoch: 0, Iteration: 3, Training Loss: 0.4003, Mean IoU: 0.4981, Mean Accuracy: 0.4999, per Category IOU: [0.99618593 0.        ]
2024-11-28 10:26:42 - FewShotSeg - INFO - Epoch: 0, Iteration: 4, Training Loss: 0.3945, Mean IoU: 0.4980, Mean Accuracy: 0.4999, per Category IOU: [0.9960788 0.       ]
2024-11-28 10:26:42 - FewShotSeg - INFO - Epoch: 0, Iteration: 5, Training Loss: 0.2986, Mean IoU: 0.4980, Mean Accuracy: 0.4999, per Category IOU: [0.99603894 0.        ]
2024-11-28 10:26:43 - FewShotSeg - INFO - Epoch: 0, Iteration: 6, Training Loss: 0.2668, Mean IoU: 0.4981, Mean Accuracy: 0.5000, per Category IOU: [0.99628807 0.        ]
2024-11-28 10:26:43 - FewShotSeg - INFO - Epoch: 0, Iteration: 7, Training Loss: 0.2065, Mean IoU: 0.4984, Mean Accuracy: 0.5000, per Category IOU: [0.99689593 0.        ]
2024-11-28 10:26:43 - FewShotSeg - INFO - Epoch: 0, Iteration: 8, Training Loss: 0.2402, Mean IoU: 0.4981, Mean Accuracy: 0.5000, per Category IOU: [0.99611368 0.        ]
2024-11-28 10:26:44 - FewShotSeg - INFO - Epoch: 0, Iteration: 9, Training Loss: 0.2413, Mean IoU: 0.4973, Mean Accuracy: 0.5000, per Category IOU: [0.99451182 0.        ]
2024-11-28 10:26:44 - FewShotSeg - INFO - Epoch: 0, Iteration: 10, Training Loss: 0.1995, Mean IoU: 0.4979, Mean Accuracy: 0.5000, per Category IOU: [0.99581722 0.        ]
2024-11-28 10:26:44 - FewShotSeg - INFO - Epoch: 0, Iteration: 11, Training Loss: 0.1768, Mean IoU: 0.4983, Mean Accuracy: 0.5000, per Category IOU: [0.99660196 0.        ]
2024-11-28 10:26:44 - FewShotSeg - INFO - Epoch: 0, Iteration: 12, Training Loss: 0.2001, Mean IoU: 0.4976, Mean Accuracy: 0.5000, per Category IOU: [0.99510224 0.        ]
2024-11-28 10:26:45 - FewShotSeg - INFO - Epoch: 0, Iteration: 13, Training Loss: 0.1845, Mean IoU: 0.4978, Mean Accuracy: 0.5000, per Category IOU: [0.99563287 0.        ]
2024-11-28 10:26:45 - FewShotSeg - INFO - Epoch: 0, Iteration: 14, Training Loss: 0.1389, Mean IoU: 0.4981, Mean Accuracy: 0.5000, per Category IOU: [0.99623575 0.        ]
2024-11-28 10:26:45 - FewShotSeg - INFO - Epoch: 0, Iteration: 15, Training Loss: 0.2114, Mean IoU: 0.4973, Mean Accuracy: 0.5000, per Category IOU: [0.99468371 0.        ]
2024-11-28 10:26:45 - FewShotSeg - INFO - Epoch: 0, Iteration: 16, Training Loss: 0.1103, Mean IoU: 0.4984, Mean Accuracy: 0.5000, per Category IOU: [0.99682866 0.        ]
2024-11-28 10:26:46 - FewShotSeg - INFO - Epoch: 0, Iteration: 17, Training Loss: 0.1326, Mean IoU: 0.4984, Mean Accuracy: 0.5000, per Category IOU: [0.99689094 0.        ]
2024-11-28 10:26:46 - FewShotSeg - INFO - Epoch: 0, Iteration: 18, Training Loss: 0.1110, Mean IoU: 0.4986, Mean Accuracy: 0.5000, per Category IOU: [0.99714256 0.        ]
2024-11-28 10:26:46 - FewShotSeg - INFO - Epoch: 0, Iteration: 19, Training Loss: 0.0998, Mean IoU: 0.4987, Mean Accuracy: 0.5000, per Category IOU: [0.99741908 0.        ]
2024-11-28 10:26:47 - FewShotSeg - INFO - Epoch: 0, Iteration: 20, Training Loss: 0.1374, Mean IoU: 0.4981, Mean Accuracy: 0.5000, per Category IOU: [0.99623824 0.        ]
2024-11-28 10:26:47 - FewShotSeg - INFO - Epoch: 0, Iteration: 21, Training Loss: 0.1308, Mean IoU: 0.4982, Mean Accuracy: 0.5000, per Category IOU: [0.99631298 0.        ]
2024-11-28 10:26:47 - FewShotSeg - INFO - Epoch: 0, Iteration: 22, Training Loss: 0.0872, Mean IoU: 0.4982, Mean Accuracy: 0.5000, per Category IOU: [0.9964475 0.       ]
2024-11-28 10:26:47 - FewShotSeg - INFO - Epoch: 0, Iteration: 23, Training Loss: 0.0933, Mean IoU: 0.4987, Mean Accuracy: 0.5000, per Category IOU: [0.99731944 0.        ]
2024-11-28 10:26:48 - FewShotSeg - INFO - Epoch: 0, Iteration: 24, Training Loss: 0.1092, Mean IoU: 0.4984, Mean Accuracy: 0.5000, per Category IOU: [0.99689842 0.        ]
2024-11-28 10:26:48 - FewShotSeg - INFO - Epoch: 0, Iteration: 25, Training Loss: 0.0660, Mean IoU: 0.4984, Mean Accuracy: 0.5000, per Category IOU: [0.99687351 0.        ]
2024-11-28 10:26:48 - FewShotSeg - INFO - Epoch: 0, Iteration: 26, Training Loss: 0.0940, Mean IoU: 0.5030, Mean Accuracy: 0.5052, per Category IOU: [0.99569496 0.01030928]
2024-11-28 10:26:49 - FewShotSeg - INFO - Epoch: 0, Iteration: 27, Training Loss: 0.0877, Mean IoU: 0.4987, Mean Accuracy: 0.5000, per Category IOU: [0.99739168 0.        ]
2024-11-28 10:26:49 - FewShotSeg - INFO - Epoch: 0, Iteration: 28, Training Loss: 0.0876, Mean IoU: 0.4977, Mean Accuracy: 0.5000, per Category IOU: [0.99541115 0.        ]
2024-11-28 10:26:49 - FewShotSeg - INFO - Epoch: 0, Iteration: 29, Training Loss: 0.1116, Mean IoU: 0.5723, Mean Accuracy: 0.5740, per Category IOU: [0.99666979 0.14795918]
2024-11-28 10:26:49 - FewShotSeg - INFO - Epoch: 0, Iteration: 30, Training Loss: 0.0606, Mean IoU: 0.7139, Mean Accuracy: 0.7150, per Category IOU: [0.99776409 0.43002545]
2024-11-28 10:26:50 - FewShotSeg - INFO - Epoch: 0, Iteration: 31, Training Loss: 0.0486, Mean IoU: 0.7939, Mean Accuracy: 0.7947, per Category IOU: [0.99832687 0.58946078]
2024-11-28 10:26:50 - FewShotSeg - INFO - Epoch: 0, Iteration: 32, Training Loss: 0.0472, Mean IoU: 0.8271, Mean Accuracy: 0.8277, per Category IOU: [0.99871888 0.65547347]
2024-11-28 10:26:50 - FewShotSeg - INFO - Epoch: 0, Iteration: 33, Training Loss: 0.0478, Mean IoU: 0.6887, Mean Accuracy: 0.6895, per Category IOU: [0.99845148 0.379     ]
2024-11-28 10:26:50 - FewShotSeg - INFO - Epoch: 0, Iteration: 34, Training Loss: 0.0694, Mean IoU: 0.5624, Mean Accuracy: 0.5643, per Category IOU: [0.99633342 0.1285545 ]
2024-11-28 10:26:51 - FewShotSeg - INFO - Epoch: 0, Iteration: 35, Training Loss: 0.0863, Mean IoU: 0.7035, Mean Accuracy: 0.7053, per Category IOU: [0.99645121 0.410618  ]
2024-11-28 10:26:51 - FewShotSeg - INFO - Epoch: 0, Iteration: 36, Training Loss: 0.0263, Mean IoU: 0.9340, Mean Accuracy: 0.9342, per Category IOU: [0.99955025 0.86842105]
2024-11-28 10:26:51 - FewShotSeg - INFO - Epoch: 0, Iteration: 37, Training Loss: 0.0479, Mean IoU: 0.8290, Mean Accuracy: 0.8300, per Category IOU: [0.99888652 0.65902141]
2024-11-28 10:26:52 - FewShotSeg - INFO - Epoch: 0, Iteration: 38, Training Loss: 0.0261, Mean IoU: 0.9230, Mean Accuracy: 0.9248, per Category IOU: [0.99947282 0.84654545]
2024-11-28 10:26:52 - FewShotSeg - INFO - Epoch: 0, Iteration: 39, Training Loss: 0.0332, Mean IoU: 0.8681, Mean Accuracy: 0.8725, per Category IOU: [0.99914346 0.73696319]
2024-11-28 10:28:53 - FewShotSeg - INFO - Epoch : 0, Validation Results - Loss: 0.0360, Mean IoU: 0.9025, Mean Accuracy: 0.9298, per Category IOU: [0.99905859 0.42124289]
2024-11-28 10:28:54 - FewShotSeg - INFO - Model saved!
2024-11-28 10:28:54 - FewShotSeg - INFO - Epoch: 1
2024-11-28 10:28:54 - FewShotSeg - INFO - Epoch: 1, Iteration: 0, Training Loss: 0.0173, Mean IoU: 0.9344, Mean Accuracy: 0.9443, per Category IOU: [0.99962538 0.86922406]
2024-11-28 10:28:54 - FewShotSeg - INFO - Epoch: 1, Iteration: 1, Training Loss: 0.0307, Mean IoU: 0.9251, Mean Accuracy: 0.9413, per Category IOU: [0.99943517 0.85072655]
2024-11-28 10:28:54 - FewShotSeg - INFO - Epoch: 1, Iteration: 2, Training Loss: 0.0205, Mean IoU: 0.9313, Mean Accuracy: 0.9396, per Category IOU: [0.99945504 0.86323714]
2024-11-28 10:28:55 - FewShotSeg - INFO - Epoch: 1, Iteration: 3, Training Loss: 0.0275, Mean IoU: 0.9532, Mean Accuracy: 0.9649, per Category IOU: [0.99968264 0.90668626]
2024-11-28 10:28:55 - FewShotSeg - INFO - Epoch: 1, Iteration: 4, Training Loss: 0.0394, Mean IoU: 0.8578, Mean Accuracy: 0.8615, per Category IOU: [0.99924372 0.71629213]
2024-11-28 10:28:55 - FewShotSeg - INFO - Epoch: 1, Iteration: 5, Training Loss: 0.0204, Mean IoU: 0.9175, Mean Accuracy: 0.9300, per Category IOU: [0.99958559 0.83531746]
2024-11-28 10:28:56 - FewShotSeg - INFO - Epoch: 1, Iteration: 6, Training Loss: 0.0412, Mean IoU: 0.9121, Mean Accuracy: 0.9168, per Category IOU: [0.99933526 0.82488479]
2024-11-28 10:28:56 - FewShotSeg - INFO - Epoch: 1, Iteration: 7, Training Loss: 0.0216, Mean IoU: 0.9515, Mean Accuracy: 0.9643, per Category IOU: [0.99943651 0.90364026]
2024-11-28 10:28:56 - FewShotSeg - INFO - Epoch: 1, Iteration: 8, Training Loss: 0.0147, Mean IoU: 0.9547, Mean Accuracy: 0.9700, per Category IOU: [0.99954451 0.90994557]
2024-11-28 10:28:56 - FewShotSeg - INFO - Epoch: 1, Iteration: 9, Training Loss: 0.0188, Mean IoU: 0.9266, Mean Accuracy: 0.9398, per Category IOU: [0.99955541 0.85361842]
2024-11-28 10:28:57 - FewShotSeg - INFO - Epoch: 1, Iteration: 10, Training Loss: 0.0121, Mean IoU: 0.9516, Mean Accuracy: 0.9655, per Category IOU: [0.99969019 0.90357698]
2024-11-28 10:28:57 - FewShotSeg - INFO - Epoch: 1, Iteration: 11, Training Loss: 0.0201, Mean IoU: 0.9397, Mean Accuracy: 0.9597, per Category IOU: [0.99936428 0.88007554]
2024-11-28 10:28:57 - FewShotSeg - INFO - Epoch: 1, Iteration: 12, Training Loss: 0.0123, Mean IoU: 0.9400, Mean Accuracy: 0.9651, per Category IOU: [0.99966035 0.88038698]
2024-11-28 10:28:58 - FewShotSeg - INFO - Epoch: 1, Iteration: 13, Training Loss: 0.0217, Mean IoU: 0.9568, Mean Accuracy: 0.9728, per Category IOU: [0.9995444  0.91411043]
2024-11-28 10:28:58 - FewShotSeg - INFO - Epoch: 1, Iteration: 14, Training Loss: 0.0245, Mean IoU: 0.8810, Mean Accuracy: 0.8903, per Category IOU: [0.99935843 0.76269621]
2024-11-28 10:28:58 - FewShotSeg - INFO - Epoch: 1, Iteration: 15, Training Loss: 0.0117, Mean IoU: 0.9468, Mean Accuracy: 0.9694, per Category IOU: [0.99966273 0.8939513 ]
2024-11-28 10:28:58 - FewShotSeg - INFO - Epoch: 1, Iteration: 16, Training Loss: 0.0198, Mean IoU: 0.9455, Mean Accuracy: 0.9591, per Category IOU: [0.99950975 0.89147287]
2024-11-28 10:28:59 - FewShotSeg - INFO - Epoch: 1, Iteration: 17, Training Loss: 0.0091, Mean IoU: 0.9543, Mean Accuracy: 0.9798, per Category IOU: [0.99970768 0.90880748]
2024-11-28 10:28:59 - FewShotSeg - INFO - Epoch: 1, Iteration: 18, Training Loss: 0.0108, Mean IoU: 0.9387, Mean Accuracy: 0.9681, per Category IOU: [0.99958021 0.87790698]
2024-11-28 10:28:59 - FewShotSeg - INFO - Epoch: 1, Iteration: 19, Training Loss: 0.0098, Mean IoU: 0.9498, Mean Accuracy: 0.9712, per Category IOU: [0.99958993 0.89993899]
2024-11-28 10:29:00 - FewShotSeg - INFO - Epoch: 1, Iteration: 20, Training Loss: 0.0108, Mean IoU: 0.9458, Mean Accuracy: 0.9753, per Category IOU: [0.99947205 0.89218191]
2024-11-28 10:29:00 - FewShotSeg - INFO - Epoch: 1, Iteration: 21, Training Loss: 0.0083, Mean IoU: 0.9531, Mean Accuracy: 0.9764, per Category IOU: [0.99965004 0.9066044 ]
2024-11-28 10:29:00 - FewShotSeg - INFO - Epoch: 1, Iteration: 22, Training Loss: 0.0126, Mean IoU: 0.9593, Mean Accuracy: 0.9792, per Category IOU: [0.9996624  0.91891892]
2024-11-28 10:29:00 - FewShotSeg - INFO - Epoch: 1, Iteration: 23, Training Loss: 0.0096, Mean IoU: 0.9333, Mean Accuracy: 0.9725, per Category IOU: [0.99961539 0.86689715]
2024-11-28 10:29:01 - FewShotSeg - INFO - Epoch: 1, Iteration: 24, Training Loss: 0.0088, Mean IoU: 0.9512, Mean Accuracy: 0.9750, per Category IOU: [0.99952709 0.90277778]
2024-11-28 10:29:01 - FewShotSeg - INFO - Epoch: 1, Iteration: 25, Training Loss: 0.0130, Mean IoU: 0.9190, Mean Accuracy: 0.9335, per Category IOU: [0.99945037 0.83847283]
2024-11-28 10:29:01 - FewShotSeg - INFO - Epoch: 1, Iteration: 26, Training Loss: 0.0102, Mean IoU: 0.9480, Mean Accuracy: 0.9678, per Category IOU: [0.99960002 0.89644013]
2024-11-28 10:29:01 - FewShotSeg - INFO - Epoch: 1, Iteration: 27, Training Loss: 0.0087, Mean IoU: 0.9547, Mean Accuracy: 0.9790, per Category IOU: [0.99958472 0.90983161]
2024-11-28 10:29:02 - FewShotSeg - INFO - Epoch: 1, Iteration: 28, Training Loss: 0.0093, Mean IoU: 0.9699, Mean Accuracy: 0.9817, per Category IOU: [0.99972227 0.94009714]
2024-11-28 10:29:02 - FewShotSeg - INFO - Epoch: 1, Iteration: 29, Training Loss: 0.0069, Mean IoU: 0.9514, Mean Accuracy: 0.9888, per Category IOU: [0.9995723  0.90322581]
2024-11-28 10:29:02 - FewShotSeg - INFO - Epoch: 1, Iteration: 30, Training Loss: 0.0099, Mean IoU: 0.9329, Mean Accuracy: 0.9542, per Category IOU: [0.99961289 0.86614853]
2024-11-28 10:29:03 - FewShotSeg - INFO - Epoch: 1, Iteration: 31, Training Loss: 0.0068, Mean IoU: 0.9320, Mean Accuracy: 0.9760, per Category IOU: [0.99957034 0.86435331]
2024-11-28 10:29:03 - FewShotSeg - INFO - Epoch: 1, Iteration: 32, Training Loss: 0.0049, Mean IoU: 0.9635, Mean Accuracy: 0.9874, per Category IOU: [0.99969489 0.9272944 ]
2024-11-28 10:29:03 - FewShotSeg - INFO - Epoch: 1, Iteration: 33, Training Loss: 0.0043, Mean IoU: 0.9470, Mean Accuracy: 0.9856, per Category IOU: [0.99960758 0.89434724]
2024-11-28 10:29:03 - FewShotSeg - INFO - Epoch: 1, Iteration: 34, Training Loss: 0.0055, Mean IoU: 0.9372, Mean Accuracy: 0.9822, per Category IOU: [0.99959027 0.87490465]
2024-11-28 10:29:04 - FewShotSeg - INFO - Epoch: 1, Iteration: 35, Training Loss: 0.0065, Mean IoU: 0.9300, Mean Accuracy: 0.9678, per Category IOU: [0.99951526 0.86053199]
2024-11-28 10:29:04 - FewShotSeg - INFO - Epoch: 1, Iteration: 36, Training Loss: 0.0059, Mean IoU: 0.9628, Mean Accuracy: 0.9835, per Category IOU: [0.99968236 0.92599068]
2024-11-28 10:29:04 - FewShotSeg - INFO - Epoch: 1, Iteration: 37, Training Loss: 0.0078, Mean IoU: 0.9534, Mean Accuracy: 0.9815, per Category IOU: [0.99964502 0.90706806]
2024-11-28 10:29:05 - FewShotSeg - INFO - Epoch: 1, Iteration: 38, Training Loss: 0.0083, Mean IoU: 0.9629, Mean Accuracy: 0.9855, per Category IOU: [0.99952635 0.92628705]
2024-11-28 10:29:05 - FewShotSeg - INFO - Epoch: 1, Iteration: 39, Training Loss: 0.0058, Mean IoU: 0.9501, Mean Accuracy: 0.9768, per Category IOU: [0.99967017 0.90060241]
2024-11-28 10:31:06 - FewShotSeg - INFO - Epoch : 1, Validation Results - Loss: 0.0070, Mean IoU: 0.9746, Mean Accuracy: 0.9860, per Category IOU: [0.99965173 0.51478392]
2024-11-28 10:31:06 - FewShotSeg - INFO - Model saved!
2024-11-28 10:31:06 - FewShotSeg - INFO - Epoch: 2
2024-11-28 10:31:07 - FewShotSeg - INFO - Epoch: 2, Iteration: 0, Training Loss: 0.0074, Mean IoU: 0.9496, Mean Accuracy: 0.9816, per Category IOU: [0.99960248 0.89968454]
2024-11-28 10:31:07 - FewShotSeg - INFO - Epoch: 2, Iteration: 1, Training Loss: 0.0047, Mean IoU: 0.9383, Mean Accuracy: 0.9826, per Category IOU: [0.99959776 0.87700535]
2024-11-28 10:31:07 - FewShotSeg - INFO - Epoch: 2, Iteration: 2, Training Loss: 0.0054, Mean IoU: 0.9622, Mean Accuracy: 0.9886, per Category IOU: [0.99959189 0.92471132]
2024-11-28 10:31:08 - FewShotSeg - INFO - Epoch: 2, Iteration: 3, Training Loss: 0.0048, Mean IoU: 0.9534, Mean Accuracy: 0.9796, per Category IOU: [0.99964251 0.90714286]
2024-11-28 10:31:08 - FewShotSeg - INFO - Epoch: 2, Iteration: 4, Training Loss: 0.0064, Mean IoU: 0.9407, Mean Accuracy: 0.9750, per Category IOU: [0.99950742 0.88182364]
2024-11-28 10:31:08 - FewShotSeg - INFO - Epoch: 2, Iteration: 5, Training Loss: 0.0049, Mean IoU: 0.9524, Mean Accuracy: 0.9832, per Category IOU: [0.99957477 0.90518684]
2024-11-28 10:31:08 - FewShotSeg - INFO - Epoch: 2, Iteration: 6, Training Loss: 0.0048, Mean IoU: 0.9671, Mean Accuracy: 0.9898, per Category IOU: [0.99970228 0.93454345]
2024-11-28 10:31:09 - FewShotSeg - INFO - Epoch: 2, Iteration: 7, Training Loss: 0.0057, Mean IoU: 0.9516, Mean Accuracy: 0.9859, per Category IOU: [0.99958233 0.90369089]
2024-11-28 10:31:09 - FewShotSeg - INFO - Epoch: 2, Iteration: 8, Training Loss: 0.0093, Mean IoU: 0.9284, Mean Accuracy: 0.9579, per Category IOU: [0.99958292 0.85714286]
2024-11-28 10:31:09 - FewShotSeg - INFO - Epoch: 2, Iteration: 9, Training Loss: 0.0060, Mean IoU: 0.9435, Mean Accuracy: 0.9718, per Category IOU: [0.99963273 0.88726994]
2024-11-28 10:31:10 - FewShotSeg - INFO - Epoch: 2, Iteration: 10, Training Loss: 0.0034, Mean IoU: 0.9590, Mean Accuracy: 0.9919, per Category IOU: [0.99966994 0.9184178 ]
2024-11-28 10:31:10 - FewShotSeg - INFO - Epoch: 2, Iteration: 11, Training Loss: 0.0055, Mean IoU: 0.9653, Mean Accuracy: 0.9937, per Category IOU: [0.99964455 0.93093385]
2024-11-28 10:31:10 - FewShotSeg - INFO - Epoch: 2, Iteration: 12, Training Loss: 0.0039, Mean IoU: 0.9465, Mean Accuracy: 0.9839, per Category IOU: [0.99954737 0.89352941]
2024-11-28 10:31:10 - FewShotSeg - INFO - Epoch: 2, Iteration: 13, Training Loss: 0.0055, Mean IoU: 0.9644, Mean Accuracy: 0.9912, per Category IOU: [0.99958672 0.92912371]
2024-11-28 10:31:11 - FewShotSeg - INFO - Epoch: 2, Iteration: 14, Training Loss: 0.0042, Mean IoU: 0.9414, Mean Accuracy: 0.9759, per Category IOU: [0.99967284 0.88314005]
2024-11-28 10:31:11 - FewShotSeg - INFO - Epoch: 2, Iteration: 15, Training Loss: 0.0060, Mean IoU: 0.9572, Mean Accuracy: 0.9776, per Category IOU: [0.99966498 0.91464968]
2024-11-28 10:31:11 - FewShotSeg - INFO - Epoch: 2, Iteration: 16, Training Loss: 0.0075, Mean IoU: 0.9404, Mean Accuracy: 0.9618, per Category IOU: [0.99964531 0.88117155]
2024-11-28 10:31:11 - FewShotSeg - INFO - Epoch: 2, Iteration: 17, Training Loss: 0.0070, Mean IoU: 0.9603, Mean Accuracy: 0.9780, per Category IOU: [0.99957691 0.92095416]
2024-11-28 10:31:12 - FewShotSeg - INFO - Epoch: 2, Iteration: 18, Training Loss: 0.0044, Mean IoU: 0.9321, Mean Accuracy: 0.9814, per Category IOU: [0.99955029 0.86466165]
2024-11-28 10:31:12 - FewShotSeg - INFO - Epoch: 2, Iteration: 19, Training Loss: 0.0032, Mean IoU: 0.9444, Mean Accuracy: 0.9861, per Category IOU: [0.99966027 0.88916055]
2024-11-28 10:31:12 - FewShotSeg - INFO - Epoch: 2, Iteration: 20, Training Loss: 0.0076, Mean IoU: 0.9442, Mean Accuracy: 0.9721, per Category IOU: [0.99953742 0.88895558]
2024-11-28 10:31:13 - FewShotSeg - INFO - Epoch: 2, Iteration: 21, Training Loss: 0.0054, Mean IoU: 0.9636, Mean Accuracy: 0.9882, per Category IOU: [0.99953386 0.92773893]
2024-11-28 10:31:13 - FewShotSeg - INFO - Epoch: 2, Iteration: 22, Training Loss: 0.0039, Mean IoU: 0.9517, Mean Accuracy: 0.9848, per Category IOU: [0.99958986 0.9038687 ]
2024-11-28 10:31:13 - FewShotSeg - INFO - Epoch: 2, Iteration: 23, Training Loss: 0.0050, Mean IoU: 0.9435, Mean Accuracy: 0.9812, per Category IOU: [0.99960767 0.88737446]
2024-11-28 10:31:13 - FewShotSeg - INFO - Epoch: 2, Iteration: 24, Training Loss: 0.0034, Mean IoU: 0.9434, Mean Accuracy: 0.9815, per Category IOU: [0.9996678  0.88719254]
2024-11-28 10:31:14 - FewShotSeg - INFO - Epoch: 2, Iteration: 25, Training Loss: 0.0043, Mean IoU: 0.9574, Mean Accuracy: 0.9842, per Category IOU: [0.99964991 0.91520291]
2024-11-28 10:31:14 - FewShotSeg - INFO - Epoch: 2, Iteration: 26, Training Loss: 0.0039, Mean IoU: 0.9553, Mean Accuracy: 0.9879, per Category IOU: [0.99960982 0.91090805]
2024-11-28 10:31:14 - FewShotSeg - INFO - Epoch: 2, Iteration: 27, Training Loss: 0.0037, Mean IoU: 0.9526, Mean Accuracy: 0.9857, per Category IOU: [0.99967012 0.90544413]
2024-11-28 10:31:15 - FewShotSeg - INFO - Epoch: 2, Iteration: 28, Training Loss: 0.0038, Mean IoU: 0.9562, Mean Accuracy: 0.9830, per Category IOU: [0.99968507 0.91268191]
2024-11-28 10:31:15 - FewShotSeg - INFO - Epoch: 2, Iteration: 29, Training Loss: 0.0046, Mean IoU: 0.9370, Mean Accuracy: 0.9880, per Category IOU: [0.99944983 0.87464387]
2024-11-28 10:31:15 - FewShotSeg - INFO - Epoch: 2, Iteration: 30, Training Loss: 0.0030, Mean IoU: 0.9396, Mean Accuracy: 0.9937, per Category IOU: [0.99949742 0.87978469]
2024-11-28 10:31:15 - FewShotSeg - INFO - Epoch: 2, Iteration: 31, Training Loss: 0.0043, Mean IoU: 0.9483, Mean Accuracy: 0.9760, per Category IOU: [0.99968525 0.89689034]
2024-11-28 10:31:16 - FewShotSeg - INFO - Epoch: 2, Iteration: 32, Training Loss: 0.0061, Mean IoU: 0.9495, Mean Accuracy: 0.9844, per Category IOU: [0.9995799  0.89934092]
2024-11-28 10:31:16 - FewShotSeg - INFO - Epoch: 2, Iteration: 33, Training Loss: 0.0040, Mean IoU: 0.9384, Mean Accuracy: 0.9920, per Category IOU: [0.99939953 0.87748851]
2024-11-28 10:31:16 - FewShotSeg - INFO - Epoch: 2, Iteration: 34, Training Loss: 0.0033, Mean IoU: 0.9333, Mean Accuracy: 0.9841, per Category IOU: [0.99955026 0.86706056]
2024-11-28 10:31:16 - FewShotSeg - INFO - Epoch: 2, Iteration: 35, Training Loss: 0.0043, Mean IoU: 0.9306, Mean Accuracy: 0.9812, per Category IOU: [0.99955533 0.86158631]
2024-11-28 10:31:17 - FewShotSeg - INFO - Epoch: 2, Iteration: 36, Training Loss: 0.0027, Mean IoU: 0.9605, Mean Accuracy: 0.9920, per Category IOU: [0.99970753 0.92131809]
2024-11-28 10:31:17 - FewShotSeg - INFO - Epoch: 2, Iteration: 37, Training Loss: 0.0032, Mean IoU: 0.9452, Mean Accuracy: 0.9825, per Category IOU: [0.99964272 0.8907563 ]
2024-11-28 10:31:17 - FewShotSeg - INFO - Epoch: 2, Iteration: 38, Training Loss: 0.0040, Mean IoU: 0.9537, Mean Accuracy: 0.9868, per Category IOU: [0.99961992 0.90771099]
2024-11-28 10:31:18 - FewShotSeg - INFO - Epoch: 2, Iteration: 39, Training Loss: 0.0046, Mean IoU: 0.9255, Mean Accuracy: 0.9716, per Category IOU: [0.999608   0.85146641]
2024-11-28 10:33:19 - FewShotSeg - INFO - Epoch : 2, Validation Results - Loss: 0.0045, Mean IoU: 0.9748, Mean Accuracy: 0.9900, per Category IOU: [0.99964247 0.51521906]
2024-11-28 10:33:19 - FewShotSeg - INFO - Model saved!
2024-11-28 10:33:19 - FewShotSeg - INFO - Epoch: 3
2024-11-28 10:33:20 - FewShotSeg - INFO - Epoch: 3, Iteration: 0, Training Loss: 0.0037, Mean IoU: 0.9499, Mean Accuracy: 0.9914, per Category IOU: [0.99952966 0.90026525]
2024-11-28 10:33:20 - FewShotSeg - INFO - Epoch: 3, Iteration: 1, Training Loss: 0.0028, Mean IoU: 0.9417, Mean Accuracy: 0.9964, per Category IOU: [0.99945717 0.88389513]
2024-11-28 10:33:20 - FewShotSeg - INFO - Epoch: 3, Iteration: 2, Training Loss: 0.0043, Mean IoU: 0.9495, Mean Accuracy: 0.9905, per Category IOU: [0.99945426 0.89958544]
2024-11-28 10:33:21 - FewShotSeg - INFO - Epoch: 3, Iteration: 3, Training Loss: 0.0034, Mean IoU: 0.9484, Mean Accuracy: 0.9834, per Category IOU: [0.99968023 0.89718876]
2024-11-28 10:33:21 - FewShotSeg - INFO - Epoch: 3, Iteration: 4, Training Loss: 0.0034, Mean IoU: 0.9503, Mean Accuracy: 0.9878, per Category IOU: [0.99969022 0.9008793 ]
2024-11-28 10:33:21 - FewShotSeg - INFO - Epoch: 3, Iteration: 5, Training Loss: 0.0029, Mean IoU: 0.9502, Mean Accuracy: 0.9918, per Category IOU: [0.99957988 0.90076787]
2024-11-28 10:33:21 - FewShotSeg - INFO - Epoch: 3, Iteration: 6, Training Loss: 0.0045, Mean IoU: 0.9547, Mean Accuracy: 0.9834, per Category IOU: [0.99963494 0.90970934]
2024-11-28 10:33:22 - FewShotSeg - INFO - Epoch: 3, Iteration: 7, Training Loss: 0.0048, Mean IoU: 0.9578, Mean Accuracy: 0.9854, per Category IOU: [0.9995544  0.91611687]
2024-11-28 10:33:22 - FewShotSeg - INFO - Epoch: 3, Iteration: 8, Training Loss: 0.0042, Mean IoU: 0.9409, Mean Accuracy: 0.9851, per Category IOU: [0.99963779 0.88220959]
2024-11-28 10:33:22 - FewShotSeg - INFO - Epoch: 3, Iteration: 9, Training Loss: 0.0032, Mean IoU: 0.9269, Mean Accuracy: 0.9873, per Category IOU: [0.99956793 0.85425442]
2024-11-28 10:33:23 - FewShotSeg - INFO - Epoch: 3, Iteration: 10, Training Loss: 0.0054, Mean IoU: 0.9349, Mean Accuracy: 0.9766, per Category IOU: [0.99952516 0.87021858]
2024-11-28 10:33:23 - FewShotSeg - INFO - Epoch: 3, Iteration: 11, Training Loss: 0.0029, Mean IoU: 0.9515, Mean Accuracy: 0.9856, per Category IOU: [0.9996551  0.90329362]
2024-11-28 10:33:23 - FewShotSeg - INFO - Epoch: 3, Iteration: 12, Training Loss: 0.0041, Mean IoU: 0.9367, Mean Accuracy: 0.9851, per Category IOU: [0.99948999 0.87399629]
2024-11-28 10:33:23 - FewShotSeg - INFO - Epoch: 3, Iteration: 13, Training Loss: 0.0031, Mean IoU: 0.9437, Mean Accuracy: 0.9906, per Category IOU: [0.99959513 0.88781163]
2024-11-28 10:33:24 - FewShotSeg - INFO - Epoch: 3, Iteration: 14, Training Loss: 0.0032, Mean IoU: 0.9491, Mean Accuracy: 0.9890, per Category IOU: [0.99955481 0.8985755 ]
2024-11-28 10:33:24 - FewShotSeg - INFO - Epoch: 3, Iteration: 15, Training Loss: 0.0043, Mean IoU: 0.9536, Mean Accuracy: 0.9902, per Category IOU: [0.99949427 0.90776256]
2024-11-28 10:33:24 - FewShotSeg - INFO - Epoch: 3, Iteration: 16, Training Loss: 0.0029, Mean IoU: 0.9534, Mean Accuracy: 0.9919, per Category IOU: [0.99957222 0.90721649]
2024-11-28 10:33:25 - FewShotSeg - INFO - Epoch: 3, Iteration: 17, Training Loss: 0.0045, Mean IoU: 0.9537, Mean Accuracy: 0.9839, per Category IOU: [0.99958477 0.90777778]
2024-11-28 10:33:25 - FewShotSeg - INFO - Epoch: 3, Iteration: 18, Training Loss: 0.0036, Mean IoU: 0.9466, Mean Accuracy: 0.9854, per Category IOU: [0.99960006 0.89354624]
2024-11-28 10:33:25 - FewShotSeg - INFO - Epoch: 3, Iteration: 19, Training Loss: 0.0036, Mean IoU: 0.9581, Mean Accuracy: 0.9921, per Category IOU: [0.99953174 0.91662951]
2024-11-28 10:33:25 - FewShotSeg - INFO - Epoch: 3, Iteration: 20, Training Loss: 0.0029, Mean IoU: 0.9194, Mean Accuracy: 0.9977, per Category IOU: [0.99939271 0.83939194]
2024-11-28 10:33:26 - FewShotSeg - INFO - Epoch: 3, Iteration: 21, Training Loss: 0.0033, Mean IoU: 0.9602, Mean Accuracy: 0.9903, per Category IOU: [0.9996473  0.92069741]
2024-11-28 10:33:26 - FewShotSeg - INFO - Epoch: 3, Iteration: 22, Training Loss: 0.0030, Mean IoU: 0.9537, Mean Accuracy: 0.9899, per Category IOU: [0.99960988 0.90769231]
2024-11-28 10:33:26 - FewShotSeg - INFO - Epoch: 3, Iteration: 23, Training Loss: 0.0031, Mean IoU: 0.9489, Mean Accuracy: 0.9859, per Category IOU: [0.99959498 0.89811321]
2024-11-28 10:33:27 - FewShotSeg - INFO - Epoch: 3, Iteration: 24, Training Loss: 0.0044, Mean IoU: 0.9359, Mean Accuracy: 0.9679, per Category IOU: [0.99962536 0.87223169]
2024-11-28 10:33:27 - FewShotSeg - INFO - Epoch: 3, Iteration: 25, Training Loss: 0.0037, Mean IoU: 0.9603, Mean Accuracy: 0.9948, per Category IOU: [0.99960206 0.92101341]
2024-11-28 10:33:27 - FewShotSeg - INFO - Epoch: 3, Iteration: 26, Training Loss: 0.0026, Mean IoU: 0.9441, Mean Accuracy: 0.9951, per Category IOU: [0.99963773 0.88863287]
2024-11-28 10:33:27 - FewShotSeg - INFO - Epoch: 3, Iteration: 27, Training Loss: 0.0034, Mean IoU: 0.9553, Mean Accuracy: 0.9942, per Category IOU: [0.99968008 0.91086351]
2024-11-28 10:33:28 - FewShotSeg - INFO - Epoch: 3, Iteration: 28, Training Loss: 0.0030, Mean IoU: 0.9464, Mean Accuracy: 0.9942, per Category IOU: [0.99963517 0.89319678]
2024-11-28 10:33:28 - FewShotSeg - INFO - Epoch: 3, Iteration: 29, Training Loss: 0.0035, Mean IoU: 0.9261, Mean Accuracy: 0.9829, per Category IOU: [0.99953038 0.85266458]
2024-11-28 10:33:28 - FewShotSeg - INFO - Epoch: 3, Iteration: 30, Training Loss: 0.0032, Mean IoU: 0.9608, Mean Accuracy: 0.9910, per Category IOU: [0.99957436 0.92208983]
2024-11-28 10:33:28 - FewShotSeg - INFO - Epoch: 3, Iteration: 31, Training Loss: 0.0047, Mean IoU: 0.9404, Mean Accuracy: 0.9913, per Category IOU: [0.9993919  0.88134766]
2024-11-28 10:33:29 - FewShotSeg - INFO - Epoch: 3, Iteration: 32, Training Loss: 0.0033, Mean IoU: 0.9423, Mean Accuracy: 0.9851, per Category IOU: [0.99960519 0.88509091]
2024-11-28 10:33:29 - FewShotSeg - INFO - Epoch: 3, Iteration: 33, Training Loss: 0.0031, Mean IoU: 0.9493, Mean Accuracy: 0.9873, per Category IOU: [0.99961754 0.8989432 ]
2024-11-28 10:33:29 - FewShotSeg - INFO - Epoch: 3, Iteration: 34, Training Loss: 0.0038, Mean IoU: 0.9451, Mean Accuracy: 0.9835, per Category IOU: [0.9996001  0.89063568]
2024-11-28 10:33:30 - FewShotSeg - INFO - Epoch: 3, Iteration: 35, Training Loss: 0.0036, Mean IoU: 0.9460, Mean Accuracy: 0.9947, per Category IOU: [0.99956496 0.89245983]
2024-11-28 10:33:30 - FewShotSeg - INFO - Epoch: 3, Iteration: 36, Training Loss: 0.0045, Mean IoU: 0.9322, Mean Accuracy: 0.9862, per Category IOU: [0.99941236 0.86494253]
2024-11-28 10:33:30 - FewShotSeg - INFO - Epoch: 3, Iteration: 37, Training Loss: 0.0031, Mean IoU: 0.9568, Mean Accuracy: 0.9893, per Category IOU: [0.99971765 0.91393755]
2024-11-28 10:33:30 - FewShotSeg - INFO - Epoch: 3, Iteration: 38, Training Loss: 0.0031, Mean IoU: 0.9383, Mean Accuracy: 0.9887, per Category IOU: [0.99955265 0.87697595]
2024-11-28 10:33:31 - FewShotSeg - INFO - Epoch: 3, Iteration: 39, Training Loss: 0.0045, Mean IoU: 0.9217, Mean Accuracy: 0.9760, per Category IOU: [0.99952796 0.84380165]
2024-11-28 10:35:32 - FewShotSeg - INFO - Epoch : 3, Validation Results - Loss: 0.0037, Mean IoU: 0.9740, Mean Accuracy: 0.9917, per Category IOU: [0.99962418 0.51365948]
2024-11-28 10:35:32 - FewShotSeg - INFO - Epoch: 4
2024-11-28 10:35:32 - FewShotSeg - INFO - Epoch: 4, Iteration: 0, Training Loss: 0.0033, Mean IoU: 0.9402, Mean Accuracy: 0.9957, per Category IOU: [0.99941453 0.8809766 ]
2024-11-28 10:35:33 - FewShotSeg - INFO - Epoch: 4, Iteration: 1, Training Loss: 0.0036, Mean IoU: 0.9363, Mean Accuracy: 0.9869, per Category IOU: [0.99949252 0.87304565]
2024-11-28 10:35:33 - FewShotSeg - INFO - Epoch: 4, Iteration: 2, Training Loss: 0.0034, Mean IoU: 0.9489, Mean Accuracy: 0.9903, per Category IOU: [0.99957741 0.89825406]
2024-11-28 10:35:33 - FewShotSeg - INFO - Epoch: 4, Iteration: 3, Training Loss: 0.0023, Mean IoU: 0.9553, Mean Accuracy: 0.9919, per Category IOU: [0.99965249 0.91095452]
2024-11-28 10:35:33 - FewShotSeg - INFO - Epoch: 4, Iteration: 4, Training Loss: 0.0037, Mean IoU: 0.9332, Mean Accuracy: 0.9843, per Category IOU: [0.99950765 0.86698177]
2024-11-28 10:35:34 - FewShotSeg - INFO - Epoch: 4, Iteration: 5, Training Loss: 0.0030, Mean IoU: 0.9339, Mean Accuracy: 0.9866, per Category IOU: [0.99955275 0.8682855 ]
2024-11-28 10:35:34 - FewShotSeg - INFO - Epoch: 4, Iteration: 6, Training Loss: 0.0029, Mean IoU: 0.9186, Mean Accuracy: 0.9977, per Category IOU: [0.99938521 0.83773087]
2024-11-28 10:35:34 - FewShotSeg - INFO - Epoch: 4, Iteration: 7, Training Loss: 0.0028, Mean IoU: 0.9509, Mean Accuracy: 0.9867, per Category IOU: [0.9996501  0.90223464]
2024-11-28 10:35:35 - FewShotSeg - INFO - Epoch: 4, Iteration: 8, Training Loss: 0.0037, Mean IoU: 0.9367, Mean Accuracy: 0.9784, per Category IOU: [0.99962284 0.87385129]
2024-11-28 10:35:35 - FewShotSeg - INFO - Epoch: 4, Iteration: 9, Training Loss: 0.0049, Mean IoU: 0.9341, Mean Accuracy: 0.9835, per Category IOU: [0.99942734 0.86884307]
2024-11-28 10:35:35 - FewShotSeg - INFO - Epoch: 4, Iteration: 10, Training Loss: 0.0033, Mean IoU: 0.9560, Mean Accuracy: 0.9920, per Category IOU: [0.99948405 0.91245219]
2024-11-28 10:35:35 - FewShotSeg - INFO - Epoch: 4, Iteration: 11, Training Loss: 0.0039, Mean IoU: 0.9466, Mean Accuracy: 0.9958, per Category IOU: [0.99940411 0.89389211]
2024-11-28 10:35:36 - FewShotSeg - INFO - Epoch: 4, Iteration: 12, Training Loss: 0.0037, Mean IoU: 0.9209, Mean Accuracy: 0.9875, per Category IOU: [0.99955301 0.84215168]
2024-11-28 10:35:36 - FewShotSeg - INFO - Epoch: 4, Iteration: 13, Training Loss: 0.0032, Mean IoU: 0.9432, Mean Accuracy: 0.9925, per Category IOU: [0.99952239 0.88684834]
2024-11-28 10:35:36 - FewShotSeg - INFO - Epoch: 4, Iteration: 14, Training Loss: 0.0031, Mean IoU: 0.9274, Mean Accuracy: 0.9846, per Category IOU: [0.99952784 0.85517241]
2024-11-28 10:35:37 - FewShotSeg - INFO - Epoch: 4, Iteration: 15, Training Loss: 0.0044, Mean IoU: 0.9337, Mean Accuracy: 0.9843, per Category IOU: [0.99953522 0.86780384]
2024-11-28 10:35:37 - FewShotSeg - INFO - Epoch: 4, Iteration: 16, Training Loss: 0.0036, Mean IoU: 0.9203, Mean Accuracy: 0.9918, per Category IOU: [0.99944532 0.84108805]
2024-11-28 10:35:37 - FewShotSeg - INFO - Epoch: 4, Iteration: 17, Training Loss: 0.0030, Mean IoU: 0.9459, Mean Accuracy: 0.9956, per Category IOU: [0.99957249 0.89224953]
2024-11-28 10:35:37 - FewShotSeg - INFO - Epoch: 4, Iteration: 18, Training Loss: 0.0031, Mean IoU: 0.9632, Mean Accuracy: 0.9923, per Category IOU: [0.99958428 0.92680776]
2024-11-28 10:35:38 - FewShotSeg - INFO - Epoch: 4, Iteration: 19, Training Loss: 0.0031, Mean IoU: 0.9510, Mean Accuracy: 0.9931, per Category IOU: [0.99955976 0.90249307]
2024-11-28 10:35:38 - FewShotSeg - INFO - Epoch: 4, Iteration: 20, Training Loss: 0.0030, Mean IoU: 0.9543, Mean Accuracy: 0.9950, per Category IOU: [0.99963746 0.9089196 ]
2024-11-28 10:35:38 - FewShotSeg - INFO - Epoch: 4, Iteration: 21, Training Loss: 0.0024, Mean IoU: 0.9452, Mean Accuracy: 0.9946, per Category IOU: [0.99962517 0.89082969]
2024-11-28 10:35:38 - FewShotSeg - INFO - Epoch: 4, Iteration: 22, Training Loss: 0.0027, Mean IoU: 0.9509, Mean Accuracy: 0.9944, per Category IOU: [0.9995271  0.90227508]
2024-11-28 10:35:39 - FewShotSeg - INFO - Epoch: 4, Iteration: 23, Training Loss: 0.0028, Mean IoU: 0.9455, Mean Accuracy: 0.9931, per Category IOU: [0.99952984 0.89145497]
2024-11-28 10:35:39 - FewShotSeg - INFO - Epoch: 4, Iteration: 24, Training Loss: 0.0027, Mean IoU: 0.9284, Mean Accuracy: 0.9932, per Category IOU: [0.99950276 0.85734767]
2024-11-28 10:35:39 - FewShotSeg - INFO - Epoch: 4, Iteration: 25, Training Loss: 0.0031, Mean IoU: 0.9622, Mean Accuracy: 0.9925, per Category IOU: [0.99951633 0.92487349]
2024-11-28 10:35:40 - FewShotSeg - INFO - Epoch: 4, Iteration: 26, Training Loss: 0.0024, Mean IoU: 0.9433, Mean Accuracy: 0.9879, per Category IOU: [0.99966279 0.88702929]
2024-11-28 10:35:40 - FewShotSeg - INFO - Epoch: 4, Iteration: 27, Training Loss: 0.0034, Mean IoU: 0.9426, Mean Accuracy: 0.9852, per Category IOU: [0.99960518 0.88559015]
2024-11-28 10:35:40 - FewShotSeg - INFO - Epoch: 4, Iteration: 28, Training Loss: 0.0036, Mean IoU: 0.9386, Mean Accuracy: 0.9748, per Category IOU: [0.99963783 0.87753378]
2024-11-28 10:35:40 - FewShotSeg - INFO - Epoch: 4, Iteration: 29, Training Loss: 0.0026, Mean IoU: 0.9273, Mean Accuracy: 0.9939, per Category IOU: [0.99942758 0.85515497]
2024-11-28 10:35:41 - FewShotSeg - INFO - Epoch: 4, Iteration: 30, Training Loss: 0.0025, Mean IoU: 0.9485, Mean Accuracy: 0.9893, per Category IOU: [0.99960252 0.89748549]
2024-11-28 10:35:41 - FewShotSeg - INFO - Epoch: 4, Iteration: 31, Training Loss: 0.0030, Mean IoU: 0.9511, Mean Accuracy: 0.9936, per Category IOU: [0.99947932 0.90280374]
2024-11-28 10:35:41 - FewShotSeg - INFO - Epoch: 4, Iteration: 32, Training Loss: 0.0028, Mean IoU: 0.9423, Mean Accuracy: 0.9941, per Category IOU: [0.99952242 0.88514732]
2024-11-28 10:35:42 - FewShotSeg - INFO - Epoch: 4, Iteration: 33, Training Loss: 0.0037, Mean IoU: 0.9501, Mean Accuracy: 0.9904, per Category IOU: [0.9994517  0.90081522]
2024-11-28 10:35:42 - FewShotSeg - INFO - Epoch: 4, Iteration: 34, Training Loss: 0.0030, Mean IoU: 0.9499, Mean Accuracy: 0.9932, per Category IOU: [0.99962756 0.90026774]
2024-11-28 10:35:42 - FewShotSeg - INFO - Epoch: 4, Iteration: 35, Training Loss: 0.0036, Mean IoU: 0.9408, Mean Accuracy: 0.9894, per Category IOU: [0.99951244 0.88210399]
2024-11-28 10:35:42 - FewShotSeg - INFO - Epoch: 4, Iteration: 36, Training Loss: 0.0035, Mean IoU: 0.9408, Mean Accuracy: 0.9783, per Category IOU: [0.99960773 0.88195489]
2024-11-28 10:35:43 - FewShotSeg - INFO - Epoch: 4, Iteration: 37, Training Loss: 0.0043, Mean IoU: 0.9443, Mean Accuracy: 0.9911, per Category IOU: [0.99952486 0.88901869]
2024-11-28 10:35:43 - FewShotSeg - INFO - Epoch: 4, Iteration: 38, Training Loss: 0.0025, Mean IoU: 0.9590, Mean Accuracy: 0.9877, per Category IOU: [0.99969754 0.91829845]
2024-11-28 10:35:43 - FewShotSeg - INFO - Epoch: 4, Iteration: 39, Training Loss: 0.0024, Mean IoU: 0.9602, Mean Accuracy: 0.9922, per Category IOU: [0.99972509 0.92057762]
